<log>
 <error level="error" id="err_pp_macro_not_identifier" file="&lt;command line&gt;" line="6" col="9" msg="macro name must be an identifier" />
 <error level="error" id="err_ref_non_value" file="c:\program files (x86)\microsoft visual studio 14.0\vc\include\type_traits" line="524" col="45" msg="&apos;_To&apos; does not refer to a value" />
 <error level="error" id="err_ref_non_value" file="c:\program files (x86)\microsoft visual studio 14.0\vc\include\type_traits" line="524" col="50" msg="&apos;_From&apos; does not refer to a value" />
 <error level="error" id="err_expected_class_name" file="c:\program files (x86)\microsoft visual studio 14.0\vc\include\type_traits" line="525" col="2" msg="expected class name" />
 <error level="error" id="err_expected_after" file="c:\program files (x86)\microsoft visual studio 14.0\vc\include\type_traits" line="1245" col="50" msg="expected &apos;;&apos; after alias declaration" />
 <error level="error" id="err_no_template_suggest" file="c:\program files (x86)\microsoft visual studio 14.0\vc\include\type_traits" line="1252" col="30" msg="no template named &apos;make_integer_sequence&apos;; did you mean &apos;integer_sequence&apos;?" />
 <error level="error" id="err_unexpected_typedef" file="c:\program files (x86)\microsoft visual studio 14.0\vc\include\tuple" line="368" col="26" msg="unexpected type name &apos;size_t&apos;: expected expression" />
 <error level="error" id="err_init_list_bin_op" file="c:\program files (x86)\microsoft visual studio 14.0\vc\include\tuple" line="368" col="77" msg="initializer list cannot be used on the right hand side of operator &apos;&gt;&apos;" />
 <error level="error" id="err_no_template_suggest" file="c:\program files (x86)\microsoft visual studio 14.0\vc\include\tuple" line="1096" col="5" msg="no template named &apos;make_integer_sequence&apos;; did you mean &apos;make_index_sequence&apos;?" />
 <error level="error" id="err_template_arg_must_be_expr" file="c:\program files (x86)\microsoft visual studio 14.0\vc\include\tuple" line="1096" col="27" msg="template argument for non-type template parameter must be an expression" />
 <error level="error" id="err_expected_class_name" file="c:\program files (x86)\microsoft visual studio 14.0\vc\include\tuple" line="1098" col="35" msg="expected class name" />
 <error level="error" id="err_expected_class_name" file="c:\program files (x86)\microsoft visual studio 14.0\vc\include\tuple" line="1099" col="4" msg="expected class name" />
 <error level="error" id="err_expected_lbrace_after_base_specifiers" file="c:\program files (x86)\microsoft visual studio 14.0\vc\include\tuple" line="1100" col="12" msg="expected &apos;{&apos; after base class list" />
 <error level="error" id="err_expected_after" file="c:\program files (x86)\microsoft visual studio 14.0\vc\include\tuple" line="1100" col="12" msg="expected &apos;;&apos; after struct" />
 <error level="error" id="err_expected_unqualified_id" file="c:\program files (x86)\microsoft visual studio 14.0\vc\include\tuple" line="1100" col="12" msg="expected unqualified-id" />
 <error level="error" id="err_no_template_suggest" file="c:\program files (x86)\microsoft visual studio 14.0\vc\include\tuple" line="1161" col="3" msg="no template named &apos;make_integer_sequence&apos;; did you mean &apos;make_index_sequence&apos;?" />
 <error level="error" id="err_template_arg_must_be_expr" file="c:\program files (x86)\microsoft visual studio 14.0\vc\include\tuple" line="1161" col="25" msg="template argument for non-type template parameter must be an expression" />
 <error level="error" id="err_undeclared_var_use" file="c:\program files (x86)\microsoft visual studio 14.0\vc\include\tuple" line="1194" col="4" msg="use of undeclared identifier &apos;make_integer_sequence&apos;" />
 <error level="error" id="err_unexpected_typedef" file="c:\program files (x86)\microsoft visual studio 14.0\vc\include\tuple" line="1194" col="26" msg="unexpected type name &apos;size_t&apos;: expected expression" />
 <error level="error" id="err_expected_expression" file="c:\program files (x86)\microsoft visual studio 14.0\vc\include\tuple" line="1194" col="54" msg="expected expression" />
 <error level="error" id="err_undeclared_var_use" file="c:\program files (x86)\microsoft visual studio 14.0\vc\include\tuple" line="1195" col="4" msg="use of undeclared identifier &apos;make_integer_sequence&apos;" />
 <error level="error" id="err_unexpected_typedef" file="c:\program files (x86)\microsoft visual studio 14.0\vc\include\tuple" line="1195" col="26" msg="unexpected type name &apos;size_t&apos;: expected expression" />
 <error level="error" id="err_expected_expression" file="c:\program files (x86)\microsoft visual studio 14.0\vc\include\tuple" line="1195" col="54" msg="expected expression" />
 <error level="error" id="err_no_template_suggest" file="c:\program files (x86)\microsoft visual studio 14.0\vc\include\functional" line="773" col="4" msg="no template named &apos;make_integer_sequence&apos;; did you mean &apos;make_index_sequence&apos;?" />
 <error level="error" id="err_template_arg_must_be_expr" file="c:\program files (x86)\microsoft visual studio 14.0\vc\include\functional" line="773" col="26" msg="template argument for non-type template parameter must be an expression" />
 <error level="error" id="err_undeclared_var_use" file="c:\program files (x86)\microsoft visual studio 14.0\vc\include\functional" line="776" col="4" msg="use of undeclared identifier &apos;make_integer_sequence&apos;" />
 <error level="error" id="err_unexpected_typedef" file="c:\program files (x86)\microsoft visual studio 14.0\vc\include\functional" line="776" col="26" msg="unexpected type name &apos;size_t&apos;: expected expression" />
 <error level="error" id="err_expected_expression" file="c:\program files (x86)\microsoft visual studio 14.0\vc\include\functional" line="776" col="63" msg="expected expression" />
 <error level="error" id="err_no_template_suggest" file="c:\program files (x86)\microsoft visual studio 14.0\vc\include\functional" line="856" col="10" msg="no template named &apos;make_integer_sequence&apos;; did you mean &apos;make_index_sequence&apos;?" />
 <error level="error" id="err_template_arg_must_be_expr" file="c:\program files (x86)\microsoft visual studio 14.0\vc\include\functional" line="856" col="32" msg="template argument for non-type template parameter must be an expression" />
 <error level="error" id="err_undeclared_var_use" file="c:\program files (x86)\microsoft visual studio 14.0\vc\include\thr/xthread" line="248" col="4" msg="use of undeclared identifier &apos;make_integer_sequence&apos;" />
 <error level="error" id="err_unexpected_typedef" file="c:\program files (x86)\microsoft visual studio 14.0\vc\include\thr/xthread" line="248" col="26" msg="unexpected type name &apos;size_t&apos;: expected expression" />
 <error level="error" id="err_expected_expression" file="c:\program files (x86)\microsoft visual studio 14.0\vc\include\thr/xthread" line="249" col="56" msg="expected expression" />
 <error level="error" id="err_no_template_suggest" file="c:\program files (x86)\microsoft visual studio 14.0\vc\include\mutex" line="476" col="58" msg="no template named &apos;make_integer_sequence&apos;; did you mean &apos;make_index_sequence&apos;?" />
 <error level="error" id="err_template_arg_must_be_expr" file="c:\program files (x86)\microsoft visual studio 14.0\vc\include\mutex" line="476" col="80" msg="template argument for non-type template parameter must be an expression" />
 <error level="error" id="err_no_template_suggest" file="c:\program files (x86)\microsoft visual studio 14.0\vc\include\mutex" line="478" col="53" msg="no template named &apos;make_integer_sequence&apos;; did you mean &apos;make_index_sequence&apos;?" />
 <error level="error" id="err_template_arg_must_be_expr" file="c:\program files (x86)\microsoft visual studio 14.0\vc\include\mutex" line="478" col="75" msg="template argument for non-type template parameter must be an expression" />
 <error level="error" id="err_no_template_suggest" file="c:\program files (x86)\microsoft visual studio 14.0\vc\include\mutex" line="512" col="10" msg="no template named &apos;make_integer_sequence&apos;; did you mean &apos;make_index_sequence&apos;?" />
 <error level="error" id="err_template_arg_must_be_expr" file="c:\program files (x86)\microsoft visual studio 14.0\vc\include\mutex" line="512" col="32" msg="template argument for non-type template parameter must be an expression" />
 <error level="error" id="err_expected_expression" file="C:\Users\Andre\Documents\GitHub\TextVenturer\SoftwareEngineering\TextVenturer/Texture.h" line="5" col="1" msg="expected expression" />
 <error level="error" id="err_typecheck_decl_incomplete_type" file="C:\Users\Andre\Documents\GitHub\TextVenturer\SoftwareEngineering\TextVenturer/Texture.h" line="3" col="15" msg="variable has incomplete type &apos;class Texture&apos;" />
 <error level="error" id="err_incomplete_base_class" file="C:\Users\Andre\Documents\GitHub\TextVenturer\SoftwareEngineering\TextVenturer/Texture.h" line="25" col="30" msg="base class has incomplete type" />
 <error level="error" id="err_redefinition" file="C:\Users\Andre\Documents\GitHub\TextVenturer\SoftwareEngineering\TextVenturer/GUIBase.h" line="5" col="15" msg="redefinition of &apos;abstract&apos;" />
 <error level="error" id="err_expected_expression" file="C:\Users\Andre\Documents\GitHub\TextVenturer\SoftwareEngineering\TextVenturer/GUIBase.h" line="7" col="1" msg="expected expression" />
 <error level="error" id="err_redefinition" file="C:\Users\Andre\Documents\GitHub\TextVenturer\SoftwareEngineering\TextVenturer/DynamicGUIBase.h" line="5" col="22" msg="redefinition of &apos;abstract&apos;" />
 <error level="error" id="err_invalid_token_after_toplevel_declarator" file="C:\Users\Andre\Documents\GitHub\TextVenturer\SoftwareEngineering\TextVenturer/DynamicGUIBase.h" line="5" col="31" msg="expected &apos;;&apos; after top level declarator" />
 <error level="error" id="err_expected_unqualified_id" file="C:\Users\Andre\Documents\GitHub\TextVenturer\SoftwareEngineering\TextVenturer/DynamicGUIBase.h" line="5" col="33" msg="expected unqualified-id" />
 <error level="error" id="err_incomplete_base_class" file="C:\Users\Andre\Documents\GitHub\TextVenturer\SoftwareEngineering\TextVenturer/ListSelection.h" line="5" col="30" msg="base class has incomplete type" />
 <error level="error" id="err_undeclared_var_use" file="C:\Users\Andre\Documents\GitHub\TextVenturer\SoftwareEngineering\TextVenturer\ListSelection.cpp" line="10" col="10" msg="use of undeclared identifier &apos;hasChanged&apos;" />
 <error level="error" id="err_undeclared_var_use" file="C:\Users\Andre\Documents\GitHub\TextVenturer\SoftwareEngineering\TextVenturer\ListSelection.cpp" line="13" col="5" msg="use of undeclared identifier &apos;notifyChanges&apos;" />
 <error level="error" id="err_undeclared_var_use" file="C:\Users\Andre\Documents\GitHub\TextVenturer\SoftwareEngineering\TextVenturer\ListSelection.cpp" line="18" col="5" msg="use of undeclared identifier &apos;getTextDisplay&apos;" />
 <error level="error" id="err_undeclared_var_use" file="C:\Users\Andre\Documents\GitHub\TextVenturer\SoftwareEngineering\TextVenturer\ListSelection.cpp" line="18" col="33" msg="use of undeclared identifier &apos;getPos&apos;" />
 <error level="error" id="err_undeclared_var_use" file="C:\Users\Andre\Documents\GitHub\TextVenturer\SoftwareEngineering\TextVenturer\ListSelection.cpp" line="18" col="45" msg="use of undeclared identifier &apos;getPos&apos;" />
 <error level="error" id="err_undeclared_var_use" file="C:\Users\Andre\Documents\GitHub\TextVenturer\SoftwareEngineering\TextVenturer\ListSelection.cpp" line="19" col="5" msg="use of undeclared identifier &apos;getTextDisplay&apos;" />
 <error level="error" id="err_undeclared_var_use" file="C:\Users\Andre\Documents\GitHub\TextVenturer\SoftwareEngineering\TextVenturer\ListSelection.cpp" line="19" col="33" msg="use of undeclared identifier &apos;getPos&apos;" />
 <error level="error" id="err_undeclared_var_use" file="C:\Users\Andre\Documents\GitHub\TextVenturer\SoftwareEngineering\TextVenturer\ListSelection.cpp" line="19" col="57" msg="use of undeclared identifier &apos;getPos&apos;" />
 <error level="error" id="err_undeclared_var_use" file="C:\Users\Andre\Documents\GitHub\TextVenturer\SoftwareEngineering\TextVenturer\ListSelection.cpp" line="21" col="9" msg="use of undeclared identifier &apos;getTextDisplay&apos;" />
 <error level="error" id="err_undeclared_var_use" file="C:\Users\Andre\Documents\GitHub\TextVenturer\SoftwareEngineering\TextVenturer\ListSelection.cpp" line="21" col="37" msg="use of undeclared identifier &apos;getPos&apos;" />
 <error level="error" id="err_undeclared_var_use" file="C:\Users\Andre\Documents\GitHub\TextVenturer\SoftwareEngineering\TextVenturer\ListSelection.cpp" line="21" col="61" msg="use of undeclared identifier &apos;getPos&apos;" />
 <error level="error" id="err_not_direct_base_or_virtual" file="C:\Users\Andre\Documents\GitHub\TextVenturer\SoftwareEngineering\TextVenturer\ListSelection.cpp" line="25" col="7" msg="type &apos;DynamicGUIBase&apos; is not a direct or virtual base of &apos;ListSelection&apos;" />
 <error level="error" id="err_undeclared_var_use" file="C:\Users\Andre\Documents\GitHub\TextVenturer\SoftwareEngineering\TextVenturer\ListSelection.cpp" line="104" col="13" msg="use of undeclared identifier &apos;notifyChanges&apos;" />
 <error level="error" id="err_undeclared_var_use" file="C:\Users\Andre\Documents\GitHub\TextVenturer\SoftwareEngineering\TextVenturer\ListSelection.cpp" line="124" col="5" msg="use of undeclared identifier &apos;notifyChanges&apos;" />
 <error level="error" id="err_undeclared_var_use" file="C:\Users\Andre\Documents\GitHub\TextVenturer\SoftwareEngineering\TextVenturer\ListSelection.cpp" line="130" col="5" msg="use of undeclared identifier &apos;notifyChanges&apos;" />
 <error level="error" id="err_undeclared_var_use" file="C:\Users\Andre\Documents\GitHub\TextVenturer\SoftwareEngineering\TextVenturer\ListSelection.cpp" line="154" col="5" msg="use of undeclared identifier &apos;notifyChanges&apos;" />
 <error level="error" id="err_undeclared_var_use" file="C:\Users\Andre\Documents\GitHub\TextVenturer\SoftwareEngineering\TextVenturer\ListSelection.cpp" line="168" col="5" msg="use of undeclared identifier &apos;notifyChanges&apos;" />
 <error level="error" id="err_undeclared_var_use" file="C:\Users\Andre\Documents\GitHub\TextVenturer\SoftwareEngineering\TextVenturer\ListSelection.cpp" line="173" col="9" msg="use of undeclared identifier &apos;hasChanged&apos;" />
 <error level="error" id="err_undeclared_var_use" file="C:\Users\Andre\Documents\GitHub\TextVenturer\SoftwareEngineering\TextVenturer\ListSelection.cpp" line="187" col="21" msg="use of undeclared identifier &apos;getPos&apos;" />
 <error level="error" id="err_undeclared_var_use" file="C:\Users\Andre\Documents\GitHub\TextVenturer\SoftwareEngineering\TextVenturer\ListSelection.cpp" line="189" col="13" msg="use of undeclared identifier &apos;getTextDisplay&apos;" />
 <error level="error" id="err_undeclared_var_use" file="C:\Users\Andre\Documents\GitHub\TextVenturer\SoftwareEngineering\TextVenturer\ListSelection.cpp" line="189" col="44" msg="use of undeclared identifier &apos;getPos&apos;" />
 <error level="warning" id="warn_logical_and_in_logical_or" file="C:\Users\Andre\Documents\GitHub\TextVenturer\SoftwareEngineering\TextVenturer\ListSelection.cpp" line="195" col="49" msg="&apos;&amp;&amp;&apos; within &apos;||&apos;" />
 <error level="note" id="note_precedence_silence" file="C:\Users\Andre\Documents\GitHub\TextVenturer\SoftwareEngineering\TextVenturer\ListSelection.cpp" line="195" col="49" msg="place parentheses around the &apos;&amp;&amp;&apos; expression to silence this warning" />
 <error level="error" id="err_undeclared_var_use" file="C:\Users\Andre\Documents\GitHub\TextVenturer\SoftwareEngineering\TextVenturer\ListSelection.cpp" line="201" col="17" msg="use of undeclared identifier &apos;getTextDisplay&apos;" />
 <error level="error" id="err_undeclared_var_use" file="C:\Users\Andre\Documents\GitHub\TextVenturer\SoftwareEngineering\TextVenturer\ListSelection.cpp" line="201" col="41" msg="use of undeclared identifier &apos;getPos&apos;" />
 <error level="error" id="err_undeclared_var_use" file="C:\Users\Andre\Documents\GitHub\TextVenturer\SoftwareEngineering\TextVenturer\ListSelection.cpp" line="204" col="21" msg="use of undeclared identifier &apos;getTextDisplay&apos;" />
 <error level="error" id="err_undeclared_var_use" file="C:\Users\Andre\Documents\GitHub\TextVenturer\SoftwareEngineering\TextVenturer\ListSelection.cpp" line="204" col="45" msg="use of undeclared identifier &apos;getPos&apos;" />
 <error level="error" id="err_undeclared_var_use" file="C:\Users\Andre\Documents\GitHub\TextVenturer\SoftwareEngineering\TextVenturer\ListSelection.cpp" line="205" col="21" msg="use of undeclared identifier &apos;getTextDisplay&apos;" />
 <error level="error" id="err_undeclared_var_use" file="C:\Users\Andre\Documents\GitHub\TextVenturer\SoftwareEngineering\TextVenturer\ListSelection.cpp" line="205" col="45" msg="use of undeclared identifier &apos;getPos&apos;" />
 <error level="error" id="err_undeclared_var_use" file="C:\Users\Andre\Documents\GitHub\TextVenturer\SoftwareEngineering\TextVenturer\ListSelection.cpp" line="211" col="13" msg="use of undeclared identifier &apos;getTextDisplay&apos;" />
 <error level="error" id="err_undeclared_var_use" file="C:\Users\Andre\Documents\GitHub\TextVenturer\SoftwareEngineering\TextVenturer\ListSelection.cpp" line="211" col="37" msg="use of undeclared identifier &apos;getPos&apos;" />
 <error level="error" id="err_undeclared_var_use" file="C:\Users\Andre\Documents\GitHub\TextVenturer\SoftwareEngineering\TextVenturer\ListSelection.cpp" line="211" col="65" msg="use of undeclared identifier &apos;getPos&apos;" />
 <error level="error" id="err_undeclared_var_use" file="C:\Users\Andre\Documents\GitHub\TextVenturer\SoftwareEngineering\TextVenturer\ListSelection.cpp" line="213" col="13" msg="use of undeclared identifier &apos;getTextDisplay&apos;" />
 <error level="error" id="err_undeclared_var_use" file="C:\Users\Andre\Documents\GitHub\TextVenturer\SoftwareEngineering\TextVenturer\ListSelection.cpp" line="213" col="41" msg="use of undeclared identifier &apos;getPos&apos;" />
 <error level="error" id="err_undeclared_var_use" file="C:\Users\Andre\Documents\GitHub\TextVenturer\SoftwareEngineering\TextVenturer\ListSelection.cpp" line="213" col="53" msg="use of undeclared identifier &apos;getPos&apos;" />
 <error level="error" id="err_undeclared_var_use" file="C:\Users\Andre\Documents\GitHub\TextVenturer\SoftwareEngineering\TextVenturer\ListSelection.cpp" line="216" col="13" msg="use of undeclared identifier &apos;getTextDisplay&apos;" />
 <error level="error" id="err_undeclared_var_use" file="C:\Users\Andre\Documents\GitHub\TextVenturer\SoftwareEngineering\TextVenturer\ListSelection.cpp" line="216" col="37" msg="use of undeclared identifier &apos;getPos&apos;" />
 <error level="error" id="err_undeclared_var_use" file="C:\Users\Andre\Documents\GitHub\TextVenturer\SoftwareEngineering\TextVenturer\ListSelection.cpp" line="216" col="65" msg="use of undeclared identifier &apos;getPos&apos;" />
 <error level="error" id="err_undeclared_var_use" file="C:\Users\Andre\Documents\GitHub\TextVenturer\SoftwareEngineering\TextVenturer\ListSelection.cpp" line="218" col="13" msg="use of undeclared identifier &apos;getTextDisplay&apos;" />
 <error level="error" id="err_undeclared_var_use" file="C:\Users\Andre\Documents\GitHub\TextVenturer\SoftwareEngineering\TextVenturer\ListSelection.cpp" line="218" col="41" msg="use of undeclared identifier &apos;getPos&apos;" />
 <error level="error" id="err_undeclared_var_use" file="C:\Users\Andre\Documents\GitHub\TextVenturer\SoftwareEngineering\TextVenturer\ListSelection.cpp" line="218" col="65" msg="use of undeclared identifier &apos;getPos&apos;" />
 <error level="error" id="err_incomplete_nested_name_spec" file="C:\Users\Andre\Documents\GitHub\TextVenturer\SoftwareEngineering\TextVenturer\ListSelection.cpp" line="220" col="9" msg="incomplete type &apos;DynamicGUIBase&apos; named in nested name specifier" />
 <error level="note" id="note_previous_declaration" file="C:\Users\Andre\Documents\GitHub\TextVenturer\SoftwareEngineering\TextVenturer\ListSelection.cpp" line="171" col="34" msg="previous declaration is here" />
 <error level="warning" id="warn_unused_parameter" file="C:\Users\Andre\Documents\GitHub\TextVenturer\SoftwareEngineering\TextVenturer\ListSelection.cpp" line="171" col="34" msg="unused parameter &apos;deltaTime&apos;" />
 <error level="note" id="note_template_member_function_here" file="C:\Users\Andre\Documents\GitHub\TextVenturer\SoftwareEngineering\TextVenturer\ListSelection.cpp" line="11" col="21" msg="in instantiation of member function &apos;std::_List_const_iterator&lt;std::_List_val&lt;std::_List_simple_types&lt;GenericEventFunc&lt;void (*)(void *, void *)&gt; &gt; &gt; &gt;::operator++&apos; requested here" />
 <error level="note" id="note_template_member_function_here" file="C:\Users\Andre\Documents\GitHub\TextVenturer\SoftwareEngineering\TextVenturer\ListSelection.cpp" line="11" col="21" msg="in instantiation of member function &apos;std::_List_const_iterator&lt;std::_List_val&lt;std::_List_simple_types&lt;GenericEventFunc&lt;void (*)(void *, void *)&gt; &gt; &gt; &gt;::operator*&apos; requested here" />
 <error level="note" id="note_template_member_function_here" file="C:\Users\Andre\Documents\GitHub\TextVenturer\SoftwareEngineering\TextVenturer\ListSelection.cpp" line="36" col="11" msg="in instantiation of member function &apos;std::vector&lt;ListSelection::Entry, std::allocator&lt;ListSelection::Entry&gt; &gt;::push_back&apos; requested here" />
 <error level="note" id="note_template_member_function_here" file="C:\Users\Andre\Documents\GitHub\TextVenturer\SoftwareEngineering\TextVenturer\ListSelection.cpp" line="36" col="11" msg="in instantiation of member function &apos;std::vector&lt;ListSelection::Entry, std::allocator&lt;ListSelection::Entry&gt; &gt;::push_back&apos; requested here" />
 <error level="note" id="note_template_member_function_here" file="C:\Users\Andre\Documents\GitHub\TextVenturer\SoftwareEngineering\TextVenturer\ListSelection.cpp" line="36" col="11" msg="in instantiation of member function &apos;std::vector&lt;ListSelection::Entry, std::allocator&lt;ListSelection::Entry&gt; &gt;::push_back&apos; requested here" />
 <error level="note" id="note_template_member_function_here" file="C:\Users\Andre\Documents\GitHub\TextVenturer\SoftwareEngineering\TextVenturer\ListSelection.cpp" line="36" col="11" msg="in instantiation of member function &apos;std::vector&lt;ListSelection::Entry, std::allocator&lt;ListSelection::Entry&gt; &gt;::push_back&apos; requested here" />
 <error level="note" id="note_template_member_function_here" file="C:\Users\Andre\Documents\GitHub\TextVenturer\SoftwareEngineering\TextVenturer\ListSelection.cpp" line="60" col="34" msg="in instantiation of member function &apos;std::vector&lt;ListSelection::Entry, std::allocator&lt;ListSelection::Entry&gt; &gt;::size&apos; requested here" />
 <error level="note" id="note_template_member_function_here" file="C:\Users\Andre\Documents\GitHub\TextVenturer\SoftwareEngineering\TextVenturer\ListSelection.cpp" line="200" col="26" msg="in instantiation of member function &apos;std::basic_string&lt;char, std::char_traits&lt;char&gt;, std::allocator&lt;char&gt; &gt;::operator=&apos; requested here" />
 <error level="note" id="note_template_member_function_here" file="C:\Users\Andre\Documents\GitHub\TextVenturer\SoftwareEngineering\TextVenturer\ListSelection.cpp" line="200" col="26" msg="in instantiation of member function &apos;std::basic_string&lt;char, std::char_traits&lt;char&gt;, std::allocator&lt;char&gt; &gt;::operator=&apos; requested here" />
 <error level="note" id="note_template_member_function_here" file="C:\Users\Andre\Documents\GitHub\TextVenturer\SoftwareEngineering\TextVenturer\ListSelection.cpp" line="200" col="26" msg="in instantiation of member function &apos;std::basic_string&lt;char, std::char_traits&lt;char&gt;, std::allocator&lt;char&gt; &gt;::operator=&apos; requested here" />
 <error level="note" id="note_function_template_spec_here" file="C:\Users\Andre\Documents\GitHub\TextVenturer\SoftwareEngineering\TextVenturer\ListSelection.cpp" line="226" col="14" msg="in instantiation of function template specialization &apos;std::_Hash&lt;std::_Uset_traits&lt;GenericEventFunc&lt;void (*)(void *, void *)&gt;, std::_Uhash_compare&lt;GenericEventFunc&lt;void (*)(void *, void *)&gt;, EventHasher&lt;void (*)(void *, void *)&gt;, std::equal_to&lt;GenericEventFunc&lt;void (*)(void *, void *)&gt; &gt; &gt;, std::allocator&lt;GenericEventFunc&lt;void (*)(void *, void *)&gt; &gt;, false&gt; &gt;::insert&lt;false, 0&gt;&apos; requested here" />
 <error level="note" id="note_function_template_spec_here" file="C:\Users\Andre\Documents\GitHub\TextVenturer\SoftwareEngineering\TextVenturer\ListSelection.cpp" line="226" col="14" msg="in instantiation of function template specialization &apos;std::_Hash&lt;std::_Uset_traits&lt;GenericEventFunc&lt;void (*)(void *, void *)&gt;, std::_Uhash_compare&lt;GenericEventFunc&lt;void (*)(void *, void *)&gt;, EventHasher&lt;void (*)(void *, void *)&gt;, std::equal_to&lt;GenericEventFunc&lt;void (*)(void *, void *)&gt; &gt; &gt;, std::allocator&lt;GenericEventFunc&lt;void (*)(void *, void *)&gt; &gt;, false&gt; &gt;::insert&lt;false, 0&gt;&apos; requested here" />
 <error level="note" id="note_function_template_spec_here" file="C:\Users\Andre\Documents\GitHub\TextVenturer\SoftwareEngineering\TextVenturer\ListSelection.cpp" line="226" col="14" msg="in instantiation of function template specialization &apos;std::_Hash&lt;std::_Uset_traits&lt;GenericEventFunc&lt;void (*)(void *, void *)&gt;, std::_Uhash_compare&lt;GenericEventFunc&lt;void (*)(void *, void *)&gt;, EventHasher&lt;void (*)(void *, void *)&gt;, std::equal_to&lt;GenericEventFunc&lt;void (*)(void *, void *)&gt; &gt; &gt;, std::allocator&lt;GenericEventFunc&lt;void (*)(void *, void *)&gt; &gt;, false&gt; &gt;::insert&lt;false, 0&gt;&apos; requested here" />
 <error level="note" id="note_function_template_spec_here" file="C:\Users\Andre\Documents\GitHub\TextVenturer\SoftwareEngineering\TextVenturer\ListSelection.cpp" line="226" col="14" msg="in instantiation of function template specialization &apos;std::_Hash&lt;std::_Uset_traits&lt;GenericEventFunc&lt;void (*)(void *, void *)&gt;, std::_Uhash_compare&lt;GenericEventFunc&lt;void (*)(void *, void *)&gt;, EventHasher&lt;void (*)(void *, void *)&gt;, std::equal_to&lt;GenericEventFunc&lt;void (*)(void *, void *)&gt; &gt; &gt;, std::allocator&lt;GenericEventFunc&lt;void (*)(void *, void *)&gt; &gt;, false&gt; &gt;::insert&lt;false, 0&gt;&apos; requested here" />
 <error level="note" id="note_function_template_spec_here" file="C:\Users\Andre\Documents\GitHub\TextVenturer\SoftwareEngineering\TextVenturer\ListSelection.cpp" line="226" col="14" msg="in instantiation of function template specialization &apos;std::_Hash&lt;std::_Uset_traits&lt;GenericEventFunc&lt;void (*)(void *, void *)&gt;, std::_Uhash_compare&lt;GenericEventFunc&lt;void (*)(void *, void *)&gt;, EventHasher&lt;void (*)(void *, void *)&gt;, std::equal_to&lt;GenericEventFunc&lt;void (*)(void *, void *)&gt; &gt; &gt;, std::allocator&lt;GenericEventFunc&lt;void (*)(void *, void *)&gt; &gt;, false&gt; &gt;::insert&lt;false, 0&gt;&apos; requested here" />
 <error level="note" id="note_function_template_spec_here" file="C:\Users\Andre\Documents\GitHub\TextVenturer\SoftwareEngineering\TextVenturer\ListSelection.cpp" line="226" col="14" msg="in instantiation of function template specialization &apos;std::_Hash&lt;std::_Uset_traits&lt;GenericEventFunc&lt;void (*)(void *, void *)&gt;, std::_Uhash_compare&lt;GenericEventFunc&lt;void (*)(void *, void *)&gt;, EventHasher&lt;void (*)(void *, void *)&gt;, std::equal_to&lt;GenericEventFunc&lt;void (*)(void *, void *)&gt; &gt; &gt;, std::allocator&lt;GenericEventFunc&lt;void (*)(void *, void *)&gt; &gt;, false&gt; &gt;::insert&lt;false, 0&gt;&apos; requested here" />
 <error level="note" id="note_function_template_spec_here" file="C:\Users\Andre\Documents\GitHub\TextVenturer\SoftwareEngineering\TextVenturer\ListSelection.cpp" line="226" col="14" msg="in instantiation of function template specialization &apos;std::_Hash&lt;std::_Uset_traits&lt;GenericEventFunc&lt;void (*)(void *, void *)&gt;, std::_Uhash_compare&lt;GenericEventFunc&lt;void (*)(void *, void *)&gt;, EventHasher&lt;void (*)(void *, void *)&gt;, std::equal_to&lt;GenericEventFunc&lt;void (*)(void *, void *)&gt; &gt; &gt;, std::allocator&lt;GenericEventFunc&lt;void (*)(void *, void *)&gt; &gt;, false&gt; &gt;::insert&lt;false, 0&gt;&apos; requested here" />
 <error level="note" id="note_function_template_spec_here" file="C:\Users\Andre\Documents\GitHub\TextVenturer\SoftwareEngineering\TextVenturer\ListSelection.cpp" line="226" col="14" msg="in instantiation of function template specialization &apos;std::_Hash&lt;std::_Uset_traits&lt;GenericEventFunc&lt;void (*)(void *, void *)&gt;, std::_Uhash_compare&lt;GenericEventFunc&lt;void (*)(void *, void *)&gt;, EventHasher&lt;void (*)(void *, void *)&gt;, std::equal_to&lt;GenericEventFunc&lt;void (*)(void *, void *)&gt; &gt; &gt;, std::allocator&lt;GenericEventFunc&lt;void (*)(void *, void *)&gt; &gt;, false&gt; &gt;::insert&lt;false, 0&gt;&apos; requested here" />
 <error level="note" id="note_function_template_spec_here" file="C:\Users\Andre\Documents\GitHub\TextVenturer\SoftwareEngineering\TextVenturer\ListSelection.cpp" line="226" col="14" msg="in instantiation of function template specialization &apos;std::_Hash&lt;std::_Uset_traits&lt;GenericEventFunc&lt;void (*)(void *, void *)&gt;, std::_Uhash_compare&lt;GenericEventFunc&lt;void (*)(void *, void *)&gt;, EventHasher&lt;void (*)(void *, void *)&gt;, std::equal_to&lt;GenericEventFunc&lt;void (*)(void *, void *)&gt; &gt; &gt;, std::allocator&lt;GenericEventFunc&lt;void (*)(void *, void *)&gt; &gt;, false&gt; &gt;::insert&lt;false, 0&gt;&apos; requested here" />
 <error level="note" id="note_function_template_spec_here" file="C:\Users\Andre\Documents\GitHub\TextVenturer\SoftwareEngineering\TextVenturer\ListSelection.cpp" line="226" col="14" msg="in instantiation of function template specialization &apos;std::_Hash&lt;std::_Uset_traits&lt;GenericEventFunc&lt;void (*)(void *, void *)&gt;, std::_Uhash_compare&lt;GenericEventFunc&lt;void (*)(void *, void *)&gt;, EventHasher&lt;void (*)(void *, void *)&gt;, std::equal_to&lt;GenericEventFunc&lt;void (*)(void *, void *)&gt; &gt; &gt;, std::allocator&lt;GenericEventFunc&lt;void (*)(void *, void *)&gt; &gt;, false&gt; &gt;::insert&lt;false, 0&gt;&apos; requested here" />
 <error level="note" id="note_template_member_function_here" file="C:\Users\Andre\Documents\GitHub\TextVenturer\SoftwareEngineering\TextVenturer\ListSelection.cpp" line="231" col="14" msg="in instantiation of member function &apos;std::_Hash&lt;std::_Uset_traits&lt;GenericEventFunc&lt;void (*)(void *, void *)&gt;, std::_Uhash_compare&lt;GenericEventFunc&lt;void (*)(void *, void *)&gt;, EventHasher&lt;void (*)(void *, void *)&gt;, std::equal_to&lt;GenericEventFunc&lt;void (*)(void *, void *)&gt; &gt; &gt;, std::allocator&lt;GenericEventFunc&lt;void (*)(void *, void *)&gt; &gt;, false&gt; &gt;::erase&apos; requested here" />
</log>