<log>
 <error level="error" id="err_pp_macro_not_identifier" file="&lt;command line&gt;" line="6" col="9" msg="macro name must be an identifier" />
 <error level="error" id="err_ref_non_value" file="c:\program files (x86)\microsoft visual studio 14.0\vc\include\type_traits" line="524" col="45" msg="&apos;_To&apos; does not refer to a value" />
 <error level="error" id="err_ref_non_value" file="c:\program files (x86)\microsoft visual studio 14.0\vc\include\type_traits" line="524" col="50" msg="&apos;_From&apos; does not refer to a value" />
 <error level="error" id="err_expected_class_name" file="c:\program files (x86)\microsoft visual studio 14.0\vc\include\type_traits" line="525" col="2" msg="expected class name" />
 <error level="error" id="err_expected_after" file="c:\program files (x86)\microsoft visual studio 14.0\vc\include\type_traits" line="1245" col="50" msg="expected &apos;;&apos; after alias declaration" />
 <error level="error" id="err_no_template_suggest" file="c:\program files (x86)\microsoft visual studio 14.0\vc\include\type_traits" line="1252" col="30" msg="no template named &apos;make_integer_sequence&apos;; did you mean &apos;integer_sequence&apos;?" />
 <error level="error" id="err_unexpected_typedef" file="c:\program files (x86)\microsoft visual studio 14.0\vc\include\tuple" line="368" col="26" msg="unexpected type name &apos;size_t&apos;: expected expression" />
 <error level="error" id="err_init_list_bin_op" file="c:\program files (x86)\microsoft visual studio 14.0\vc\include\tuple" line="368" col="77" msg="initializer list cannot be used on the right hand side of operator &apos;&gt;&apos;" />
 <error level="error" id="err_no_template_suggest" file="c:\program files (x86)\microsoft visual studio 14.0\vc\include\tuple" line="1096" col="5" msg="no template named &apos;make_integer_sequence&apos;; did you mean &apos;make_index_sequence&apos;?" />
 <error level="error" id="err_template_arg_must_be_expr" file="c:\program files (x86)\microsoft visual studio 14.0\vc\include\tuple" line="1096" col="27" msg="template argument for non-type template parameter must be an expression" />
 <error level="error" id="err_expected_class_name" file="c:\program files (x86)\microsoft visual studio 14.0\vc\include\tuple" line="1098" col="35" msg="expected class name" />
 <error level="error" id="err_expected_class_name" file="c:\program files (x86)\microsoft visual studio 14.0\vc\include\tuple" line="1099" col="4" msg="expected class name" />
 <error level="error" id="err_expected_lbrace_after_base_specifiers" file="c:\program files (x86)\microsoft visual studio 14.0\vc\include\tuple" line="1100" col="12" msg="expected &apos;{&apos; after base class list" />
 <error level="error" id="err_expected_after" file="c:\program files (x86)\microsoft visual studio 14.0\vc\include\tuple" line="1100" col="12" msg="expected &apos;;&apos; after struct" />
 <error level="error" id="err_expected_unqualified_id" file="c:\program files (x86)\microsoft visual studio 14.0\vc\include\tuple" line="1100" col="12" msg="expected unqualified-id" />
 <error level="error" id="err_no_template_suggest" file="c:\program files (x86)\microsoft visual studio 14.0\vc\include\tuple" line="1161" col="3" msg="no template named &apos;make_integer_sequence&apos;; did you mean &apos;make_index_sequence&apos;?" />
 <error level="error" id="err_template_arg_must_be_expr" file="c:\program files (x86)\microsoft visual studio 14.0\vc\include\tuple" line="1161" col="25" msg="template argument for non-type template parameter must be an expression" />
 <error level="error" id="err_undeclared_var_use" file="c:\program files (x86)\microsoft visual studio 14.0\vc\include\tuple" line="1194" col="4" msg="use of undeclared identifier &apos;make_integer_sequence&apos;" />
 <error level="error" id="err_unexpected_typedef" file="c:\program files (x86)\microsoft visual studio 14.0\vc\include\tuple" line="1194" col="26" msg="unexpected type name &apos;size_t&apos;: expected expression" />
 <error level="error" id="err_expected_expression" file="c:\program files (x86)\microsoft visual studio 14.0\vc\include\tuple" line="1194" col="54" msg="expected expression" />
 <error level="error" id="err_undeclared_var_use" file="c:\program files (x86)\microsoft visual studio 14.0\vc\include\tuple" line="1195" col="4" msg="use of undeclared identifier &apos;make_integer_sequence&apos;" />
 <error level="error" id="err_unexpected_typedef" file="c:\program files (x86)\microsoft visual studio 14.0\vc\include\tuple" line="1195" col="26" msg="unexpected type name &apos;size_t&apos;: expected expression" />
 <error level="error" id="err_expected_expression" file="c:\program files (x86)\microsoft visual studio 14.0\vc\include\tuple" line="1195" col="54" msg="expected expression" />
 <error level="error" id="err_no_template_suggest" file="c:\program files (x86)\microsoft visual studio 14.0\vc\include\functional" line="773" col="4" msg="no template named &apos;make_integer_sequence&apos;; did you mean &apos;make_index_sequence&apos;?" />
 <error level="error" id="err_template_arg_must_be_expr" file="c:\program files (x86)\microsoft visual studio 14.0\vc\include\functional" line="773" col="26" msg="template argument for non-type template parameter must be an expression" />
 <error level="error" id="err_undeclared_var_use" file="c:\program files (x86)\microsoft visual studio 14.0\vc\include\functional" line="776" col="4" msg="use of undeclared identifier &apos;make_integer_sequence&apos;" />
 <error level="error" id="err_unexpected_typedef" file="c:\program files (x86)\microsoft visual studio 14.0\vc\include\functional" line="776" col="26" msg="unexpected type name &apos;size_t&apos;: expected expression" />
 <error level="error" id="err_expected_expression" file="c:\program files (x86)\microsoft visual studio 14.0\vc\include\functional" line="776" col="63" msg="expected expression" />
 <error level="error" id="err_no_template_suggest" file="c:\program files (x86)\microsoft visual studio 14.0\vc\include\functional" line="856" col="10" msg="no template named &apos;make_integer_sequence&apos;; did you mean &apos;make_index_sequence&apos;?" />
 <error level="error" id="err_template_arg_must_be_expr" file="c:\program files (x86)\microsoft visual studio 14.0\vc\include\functional" line="856" col="32" msg="template argument for non-type template parameter must be an expression" />
 <error level="error" id="err_undeclared_var_use" file="c:\program files (x86)\microsoft visual studio 14.0\vc\include\thr/xthread" line="248" col="4" msg="use of undeclared identifier &apos;make_integer_sequence&apos;" />
 <error level="error" id="err_unexpected_typedef" file="c:\program files (x86)\microsoft visual studio 14.0\vc\include\thr/xthread" line="248" col="26" msg="unexpected type name &apos;size_t&apos;: expected expression" />
 <error level="error" id="err_expected_expression" file="c:\program files (x86)\microsoft visual studio 14.0\vc\include\thr/xthread" line="249" col="56" msg="expected expression" />
 <error level="error" id="err_no_template_suggest" file="c:\program files (x86)\microsoft visual studio 14.0\vc\include\mutex" line="476" col="58" msg="no template named &apos;make_integer_sequence&apos;; did you mean &apos;make_index_sequence&apos;?" />
 <error level="error" id="err_template_arg_must_be_expr" file="c:\program files (x86)\microsoft visual studio 14.0\vc\include\mutex" line="476" col="80" msg="template argument for non-type template parameter must be an expression" />
 <error level="error" id="err_no_template_suggest" file="c:\program files (x86)\microsoft visual studio 14.0\vc\include\mutex" line="478" col="53" msg="no template named &apos;make_integer_sequence&apos;; did you mean &apos;make_index_sequence&apos;?" />
 <error level="error" id="err_template_arg_must_be_expr" file="c:\program files (x86)\microsoft visual studio 14.0\vc\include\mutex" line="478" col="75" msg="template argument for non-type template parameter must be an expression" />
 <error level="error" id="err_no_template_suggest" file="c:\program files (x86)\microsoft visual studio 14.0\vc\include\mutex" line="512" col="10" msg="no template named &apos;make_integer_sequence&apos;; did you mean &apos;make_index_sequence&apos;?" />
 <error level="error" id="err_template_arg_must_be_expr" file="c:\program files (x86)\microsoft visual studio 14.0\vc\include\mutex" line="512" col="32" msg="template argument for non-type template parameter must be an expression" />
 <error level="error" id="err_expected_expression" file="C:\Users\Andre\Documents\GitHub\TextVenturer\SoftwareEngineering\TextVenturer/Texture.h" line="5" col="1" msg="expected expression" />
 <error level="error" id="err_typecheck_decl_incomplete_type" file="C:\Users\Andre\Documents\GitHub\TextVenturer\SoftwareEngineering\TextVenturer/Texture.h" line="3" col="15" msg="variable has incomplete type &apos;class Texture&apos;" />
 <error level="error" id="err_incomplete_base_class" file="C:\Users\Andre\Documents\GitHub\TextVenturer\SoftwareEngineering\TextVenturer/Texture.h" line="25" col="30" msg="base class has incomplete type" />
 <error level="error" id="err_redefinition" file="C:\Users\Andre\Documents\GitHub\TextVenturer\SoftwareEngineering\TextVenturer/AdventureObject.h" line="10" col="23" msg="redefinition of &apos;abstract&apos;" />
 <error level="error" id="err_expected_expression" file="C:\Users\Andre\Documents\GitHub\TextVenturer\SoftwareEngineering\TextVenturer/AdventureObject.h" line="12" col="1" msg="expected expression" />
 <error level="error" id="err_incomplete_base_class" file="C:\Users\Andre\Documents\GitHub\TextVenturer\SoftwareEngineering\TextVenturer/Room.h" line="11" col="21" msg="base class has incomplete type" />
 <error level="error" id="err_incomplete_base_class" file="C:\Users\Andre\Documents\GitHub\TextVenturer\SoftwareEngineering\TextVenturer/Location.h" line="13" col="25" msg="base class has incomplete type" />
 <error level="warning" id="warn_delete_non_virtual_dtor" file="C:\Users\Andre\Documents\GitHub\TextVenturer\SoftwareEngineering\TextVenturer\Player.cpp" line="41" col="5" msg="delete called on &apos;Inventory&apos; that has virtual functions but non-virtual destructor" />
 <error level="error" id="err_ovl_no_viable_subscript" file="C:\Users\Andre\Documents\GitHub\TextVenturer\SoftwareEngineering\TextVenturer\Player.cpp" line="128" col="27" msg="no viable overloaded operator[] for type &apos;idlist&lt;AdventureObject *&gt;&apos; (aka &apos;std::unordered_map&lt;AdventureObject *, unsigned int, std::hash&lt;AdventureObject *&gt;, std::equal_to&lt;AdventureObject *&gt;, std::allocator&lt;std::pair&lt;AdventureObject *const, unsigned int&gt; &gt; &gt;&apos;)" />
 <error level="error" id="err_ovl_no_viable_subscript" file="C:\Users\Andre\Documents\GitHub\TextVenturer\SoftwareEngineering\TextVenturer\Player.cpp" line="131" col="31" msg="no viable overloaded operator[] for type &apos;idlist&lt;AdventureObject *&gt;&apos; (aka &apos;std::unordered_map&lt;AdventureObject *, unsigned int, std::hash&lt;AdventureObject *&gt;, std::equal_to&lt;AdventureObject *&gt;, std::allocator&lt;std::pair&lt;AdventureObject *const, unsigned int&gt; &gt; &gt;&apos;)" />
 <error level="note" id="note_template_member_function_here" file="C:\Users\Andre\Documents\GitHub\TextVenturer\SoftwareEngineering\TextVenturer\Player.cpp" line="12" col="97" msg="in instantiation of member function &apos;std::vector&lt;AdventureObject *, std::allocator&lt;AdventureObject *&gt; &gt;::~vector&apos; requested here" />
 <error level="note" id="note_template_member_function_here" file="C:\Users\Andre\Documents\GitHub\TextVenturer\SoftwareEngineering\TextVenturer\Player.cpp" line="12" col="9" msg="in instantiation of member function &apos;std::unordered_set&lt;AdventureObject *, std::hash&lt;AdventureObject *&gt;, std::equal_to&lt;AdventureObject *&gt;, std::allocator&lt;AdventureObject *&gt; &gt;::unordered_set&apos; requested here" />
 <error level="note" id="note_template_member_function_here" file="C:\Users\Andre\Documents\GitHub\TextVenturer\SoftwareEngineering\TextVenturer\Player.cpp" line="12" col="9" msg="in instantiation of member function &apos;std::unordered_set&lt;AdventureObject *, std::hash&lt;AdventureObject *&gt;, std::equal_to&lt;AdventureObject *&gt;, std::allocator&lt;AdventureObject *&gt; &gt;::unordered_set&apos; requested here" />
 <error level="note" id="note_template_member_function_here" file="C:\Users\Andre\Documents\GitHub\TextVenturer\SoftwareEngineering\TextVenturer\Player.cpp" line="12" col="9" msg="in instantiation of member function &apos;std::unordered_set&lt;AdventureObject *, std::hash&lt;AdventureObject *&gt;, std::equal_to&lt;AdventureObject *&gt;, std::allocator&lt;AdventureObject *&gt; &gt;::unordered_set&apos; requested here" />
 <error level="note" id="note_template_member_function_here" file="C:\Users\Andre\Documents\GitHub\TextVenturer\SoftwareEngineering\TextVenturer\Player.cpp" line="12" col="9" msg="in instantiation of member function &apos;std::unordered_set&lt;AdventureObject *, std::hash&lt;AdventureObject *&gt;, std::equal_to&lt;AdventureObject *&gt;, std::allocator&lt;AdventureObject *&gt; &gt;::unordered_set&apos; requested here" />
 <error level="note" id="note_template_member_function_here" file="C:\Users\Andre\Documents\GitHub\TextVenturer\SoftwareEngineering\TextVenturer\Player.cpp" line="12" col="9" msg="in instantiation of member function &apos;std::unordered_set&lt;AdventureObject *, std::hash&lt;AdventureObject *&gt;, std::equal_to&lt;AdventureObject *&gt;, std::allocator&lt;AdventureObject *&gt; &gt;::unordered_set&apos; requested here" />
 <error level="note" id="note_template_member_function_here" file="C:\Users\Andre\Documents\GitHub\TextVenturer\SoftwareEngineering\TextVenturer\Player.cpp" line="12" col="9" msg="in instantiation of member function &apos;std::unordered_set&lt;AdventureObject *, std::hash&lt;AdventureObject *&gt;, std::equal_to&lt;AdventureObject *&gt;, std::allocator&lt;AdventureObject *&gt; &gt;::unordered_set&apos; requested here" />
 <error level="note" id="note_template_member_function_here" file="C:\Users\Andre\Documents\GitHub\TextVenturer\SoftwareEngineering\TextVenturer\Player.cpp" line="12" col="9" msg="in instantiation of member function &apos;std::unordered_set&lt;AdventureObject *, std::hash&lt;AdventureObject *&gt;, std::equal_to&lt;AdventureObject *&gt;, std::allocator&lt;AdventureObject *&gt; &gt;::unordered_set&apos; requested here" />
 <error level="note" id="note_template_member_function_here" file="C:\Users\Andre\Documents\GitHub\TextVenturer\SoftwareEngineering\TextVenturer\Player.cpp" line="12" col="9" msg="in instantiation of member function &apos;std::unordered_set&lt;AdventureObject *, std::hash&lt;AdventureObject *&gt;, std::equal_to&lt;AdventureObject *&gt;, std::allocator&lt;AdventureObject *&gt; &gt;::unordered_set&apos; requested here" />
 <error level="note" id="note_template_member_function_here" file="C:\Users\Andre\Documents\GitHub\TextVenturer\SoftwareEngineering\TextVenturer\Player.cpp" line="12" col="9" msg="in instantiation of member function &apos;std::unordered_set&lt;AdventureObject *, std::hash&lt;AdventureObject *&gt;, std::equal_to&lt;AdventureObject *&gt;, std::allocator&lt;AdventureObject *&gt; &gt;::unordered_set&apos; requested here" />
 <error level="note" id="note_template_member_function_here" file="C:\Users\Andre\Documents\GitHub\TextVenturer\SoftwareEngineering\TextVenturer\Player.cpp" line="12" col="9" msg="in instantiation of member function &apos;std::unordered_set&lt;AdventureObject *, std::hash&lt;AdventureObject *&gt;, std::equal_to&lt;AdventureObject *&gt;, std::allocator&lt;AdventureObject *&gt; &gt;::unordered_set&apos; requested here" />
 <error level="note" id="note_template_member_function_here" file="C:\Users\Andre\Documents\GitHub\TextVenturer\SoftwareEngineering\TextVenturer\Player.cpp" line="12" col="9" msg="in instantiation of member function &apos;std::unordered_set&lt;AdventureObject *, std::hash&lt;AdventureObject *&gt;, std::equal_to&lt;AdventureObject *&gt;, std::allocator&lt;AdventureObject *&gt; &gt;::unordered_set&apos; requested here" />
 <error level="note" id="note_template_member_function_here" file="C:\Users\Andre\Documents\GitHub\TextVenturer\SoftwareEngineering\TextVenturer\Player.cpp" line="16" col="41" msg="in instantiation of member function &apos;std::vector&lt;AdventureObject *, std::allocator&lt;AdventureObject *&gt; &gt;::operator[]&apos; requested here" />
 <error level="note" id="note_template_member_function_here" file="C:\Users\Andre\Documents\GitHub\TextVenturer\SoftwareEngineering\TextVenturer\Player.cpp" line="107" col="19" msg="in instantiation of member function &apos;std::_Hash&lt;std::_Uset_traits&lt;AdventureObject *, std::_Uhash_compare&lt;AdventureObject *, std::hash&lt;AdventureObject *&gt;, std::equal_to&lt;AdventureObject *&gt; &gt;, std::allocator&lt;AdventureObject *&gt;, false&gt; &gt;::erase&apos; requested here" />
 <error level="note" id="note_template_member_function_here" file="C:\Users\Andre\Documents\GitHub\TextVenturer\SoftwareEngineering\TextVenturer\Player.cpp" line="134" col="35" msg="in instantiation of member function &apos;std::_List_const_iterator&lt;std::_List_val&lt;std::_List_simple_types&lt;AdventureObject *&gt; &gt; &gt;::operator++&apos; requested here" />
 <error level="note" id="note_template_member_function_here" file="C:\Users\Andre\Documents\GitHub\TextVenturer\SoftwareEngineering\TextVenturer\Player.cpp" line="134" col="35" msg="in instantiation of member function &apos;std::_List_const_iterator&lt;std::_List_val&lt;std::_List_simple_types&lt;AdventureObject *&gt; &gt; &gt;::operator*&apos; requested here" />
 <error level="note" id="note_template_member_function_here" file="C:\Users\Andre\Documents\GitHub\TextVenturer\SoftwareEngineering\TextVenturer\Player.cpp" line="135" col="31" msg="in instantiation of member function &apos;std::unordered_map&lt;AdventureObject *, unsigned int, std::hash&lt;AdventureObject *&gt;, std::equal_to&lt;AdventureObject *&gt;, std::allocator&lt;std::pair&lt;AdventureObject *const, unsigned int&gt; &gt; &gt;::operator[]&apos; requested here" />
 <error level="note" id="note_template_member_function_here" file="C:\Users\Andre\Documents\GitHub\TextVenturer\SoftwareEngineering\TextVenturer\Player.cpp" line="135" col="31" msg="in instantiation of member function &apos;std::unordered_map&lt;AdventureObject *, unsigned int, std::hash&lt;AdventureObject *&gt;, std::equal_to&lt;AdventureObject *&gt;, std::allocator&lt;std::pair&lt;AdventureObject *const, unsigned int&gt; &gt; &gt;::operator[]&apos; requested here" />
 <error level="note" id="note_template_member_function_here" file="C:\Users\Andre\Documents\GitHub\TextVenturer\SoftwareEngineering\TextVenturer\Player.cpp" line="135" col="31" msg="in instantiation of member function &apos;std::unordered_map&lt;AdventureObject *, unsigned int, std::hash&lt;AdventureObject *&gt;, std::equal_to&lt;AdventureObject *&gt;, std::allocator&lt;std::pair&lt;AdventureObject *const, unsigned int&gt; &gt; &gt;::operator[]&apos; requested here" />
 <error level="note" id="note_template_member_function_here" file="C:\Users\Andre\Documents\GitHub\TextVenturer\SoftwareEngineering\TextVenturer\Player.cpp" line="135" col="31" msg="in instantiation of member function &apos;std::unordered_map&lt;AdventureObject *, unsigned int, std::hash&lt;AdventureObject *&gt;, std::equal_to&lt;AdventureObject *&gt;, std::allocator&lt;std::pair&lt;AdventureObject *const, unsigned int&gt; &gt; &gt;::operator[]&apos; requested here" />
 <error level="note" id="note_template_member_function_here" file="C:\Users\Andre\Documents\GitHub\TextVenturer\SoftwareEngineering\TextVenturer\Player.cpp" line="135" col="31" msg="in instantiation of member function &apos;std::unordered_map&lt;AdventureObject *, unsigned int, std::hash&lt;AdventureObject *&gt;, std::equal_to&lt;AdventureObject *&gt;, std::allocator&lt;std::pair&lt;AdventureObject *const, unsigned int&gt; &gt; &gt;::operator[]&apos; requested here" />
 <error level="note" id="note_template_member_function_here" file="C:\Users\Andre\Documents\GitHub\TextVenturer\SoftwareEngineering\TextVenturer\Player.cpp" line="135" col="31" msg="in instantiation of member function &apos;std::unordered_map&lt;AdventureObject *, unsigned int, std::hash&lt;AdventureObject *&gt;, std::equal_to&lt;AdventureObject *&gt;, std::allocator&lt;std::pair&lt;AdventureObject *const, unsigned int&gt; &gt; &gt;::operator[]&apos; requested here" />
 <error level="note" id="note_template_member_function_here" file="C:\Users\Andre\Documents\GitHub\TextVenturer\SoftwareEngineering\TextVenturer\Player.cpp" line="135" col="31" msg="in instantiation of member function &apos;std::unordered_map&lt;AdventureObject *, unsigned int, std::hash&lt;AdventureObject *&gt;, std::equal_to&lt;AdventureObject *&gt;, std::allocator&lt;std::pair&lt;AdventureObject *const, unsigned int&gt; &gt; &gt;::operator[]&apos; requested here" />
 <error level="note" id="note_template_member_function_here" file="C:\Users\Andre\Documents\GitHub\TextVenturer\SoftwareEngineering\TextVenturer\Player.cpp" line="135" col="31" msg="in instantiation of member function &apos;std::unordered_map&lt;AdventureObject *, unsigned int, std::hash&lt;AdventureObject *&gt;, std::equal_to&lt;AdventureObject *&gt;, std::allocator&lt;std::pair&lt;AdventureObject *const, unsigned int&gt; &gt; &gt;::operator[]&apos; requested here" />
 <error level="note" id="note_template_member_function_here" file="C:\Users\Andre\Documents\GitHub\TextVenturer\SoftwareEngineering\TextVenturer\Player.cpp" line="135" col="31" msg="in instantiation of member function &apos;std::unordered_map&lt;AdventureObject *, unsigned int, std::hash&lt;AdventureObject *&gt;, std::equal_to&lt;AdventureObject *&gt;, std::allocator&lt;std::pair&lt;AdventureObject *const, unsigned int&gt; &gt; &gt;::operator[]&apos; requested here" />
 <error level="note" id="note_template_member_function_here" file="C:\Users\Andre\Documents\GitHub\TextVenturer\SoftwareEngineering\TextVenturer\Player.cpp" line="135" col="31" msg="in instantiation of member function &apos;std::unordered_map&lt;AdventureObject *, unsigned int, std::hash&lt;AdventureObject *&gt;, std::equal_to&lt;AdventureObject *&gt;, std::allocator&lt;std::pair&lt;AdventureObject *const, unsigned int&gt; &gt; &gt;::operator[]&apos; requested here" />
 <error level="note" id="note_template_member_function_here" file="C:\Users\Andre\Documents\GitHub\TextVenturer\SoftwareEngineering\TextVenturer\Player.cpp" line="135" col="31" msg="in instantiation of member function &apos;std::unordered_map&lt;AdventureObject *, unsigned int, std::hash&lt;AdventureObject *&gt;, std::equal_to&lt;AdventureObject *&gt;, std::allocator&lt;std::pair&lt;AdventureObject *const, unsigned int&gt; &gt; &gt;::operator[]&apos; requested here" />
</log>