<log>
 <error level="error" id="err_pp_macro_not_identifier" file="&lt;command line&gt;" line="6" col="9" msg="macro name must be an identifier" />
 <error level="error" id="err_ref_non_value" file="c:\program files (x86)\microsoft visual studio 14.0\vc\include\type_traits" line="524" col="45" msg="&apos;_To&apos; does not refer to a value" />
 <error level="error" id="err_ref_non_value" file="c:\program files (x86)\microsoft visual studio 14.0\vc\include\type_traits" line="524" col="50" msg="&apos;_From&apos; does not refer to a value" />
 <error level="error" id="err_expected_class_name" file="c:\program files (x86)\microsoft visual studio 14.0\vc\include\type_traits" line="525" col="2" msg="expected class name" />
 <error level="error" id="err_expected_after" file="c:\program files (x86)\microsoft visual studio 14.0\vc\include\type_traits" line="1245" col="50" msg="expected &apos;;&apos; after alias declaration" />
 <error level="error" id="err_no_template_suggest" file="c:\program files (x86)\microsoft visual studio 14.0\vc\include\type_traits" line="1252" col="30" msg="no template named &apos;make_integer_sequence&apos;; did you mean &apos;integer_sequence&apos;?" />
 <error level="error" id="err_unexpected_typedef" file="c:\program files (x86)\microsoft visual studio 14.0\vc\include\tuple" line="368" col="26" msg="unexpected type name &apos;size_t&apos;: expected expression" />
 <error level="error" id="err_init_list_bin_op" file="c:\program files (x86)\microsoft visual studio 14.0\vc\include\tuple" line="368" col="77" msg="initializer list cannot be used on the right hand side of operator &apos;&gt;&apos;" />
 <error level="error" id="err_no_template_suggest" file="c:\program files (x86)\microsoft visual studio 14.0\vc\include\tuple" line="1096" col="5" msg="no template named &apos;make_integer_sequence&apos;; did you mean &apos;make_index_sequence&apos;?" />
 <error level="error" id="err_template_arg_must_be_expr" file="c:\program files (x86)\microsoft visual studio 14.0\vc\include\tuple" line="1096" col="27" msg="template argument for non-type template parameter must be an expression" />
 <error level="error" id="err_expected_class_name" file="c:\program files (x86)\microsoft visual studio 14.0\vc\include\tuple" line="1098" col="35" msg="expected class name" />
 <error level="error" id="err_expected_class_name" file="c:\program files (x86)\microsoft visual studio 14.0\vc\include\tuple" line="1099" col="4" msg="expected class name" />
 <error level="error" id="err_expected_lbrace_after_base_specifiers" file="c:\program files (x86)\microsoft visual studio 14.0\vc\include\tuple" line="1100" col="12" msg="expected &apos;{&apos; after base class list" />
 <error level="error" id="err_expected_after" file="c:\program files (x86)\microsoft visual studio 14.0\vc\include\tuple" line="1100" col="12" msg="expected &apos;;&apos; after struct" />
 <error level="error" id="err_expected_unqualified_id" file="c:\program files (x86)\microsoft visual studio 14.0\vc\include\tuple" line="1100" col="12" msg="expected unqualified-id" />
 <error level="error" id="err_no_template_suggest" file="c:\program files (x86)\microsoft visual studio 14.0\vc\include\tuple" line="1161" col="3" msg="no template named &apos;make_integer_sequence&apos;; did you mean &apos;make_index_sequence&apos;?" />
 <error level="error" id="err_template_arg_must_be_expr" file="c:\program files (x86)\microsoft visual studio 14.0\vc\include\tuple" line="1161" col="25" msg="template argument for non-type template parameter must be an expression" />
 <error level="error" id="err_undeclared_var_use" file="c:\program files (x86)\microsoft visual studio 14.0\vc\include\tuple" line="1194" col="4" msg="use of undeclared identifier &apos;make_integer_sequence&apos;" />
 <error level="error" id="err_unexpected_typedef" file="c:\program files (x86)\microsoft visual studio 14.0\vc\include\tuple" line="1194" col="26" msg="unexpected type name &apos;size_t&apos;: expected expression" />
 <error level="error" id="err_expected_expression" file="c:\program files (x86)\microsoft visual studio 14.0\vc\include\tuple" line="1194" col="54" msg="expected expression" />
 <error level="error" id="err_undeclared_var_use" file="c:\program files (x86)\microsoft visual studio 14.0\vc\include\tuple" line="1195" col="4" msg="use of undeclared identifier &apos;make_integer_sequence&apos;" />
 <error level="error" id="err_unexpected_typedef" file="c:\program files (x86)\microsoft visual studio 14.0\vc\include\tuple" line="1195" col="26" msg="unexpected type name &apos;size_t&apos;: expected expression" />
 <error level="error" id="err_expected_expression" file="c:\program files (x86)\microsoft visual studio 14.0\vc\include\tuple" line="1195" col="54" msg="expected expression" />
 <error level="error" id="err_no_template_suggest" file="c:\program files (x86)\microsoft visual studio 14.0\vc\include\functional" line="773" col="4" msg="no template named &apos;make_integer_sequence&apos;; did you mean &apos;make_index_sequence&apos;?" />
 <error level="error" id="err_template_arg_must_be_expr" file="c:\program files (x86)\microsoft visual studio 14.0\vc\include\functional" line="773" col="26" msg="template argument for non-type template parameter must be an expression" />
 <error level="error" id="err_undeclared_var_use" file="c:\program files (x86)\microsoft visual studio 14.0\vc\include\functional" line="776" col="4" msg="use of undeclared identifier &apos;make_integer_sequence&apos;" />
 <error level="error" id="err_unexpected_typedef" file="c:\program files (x86)\microsoft visual studio 14.0\vc\include\functional" line="776" col="26" msg="unexpected type name &apos;size_t&apos;: expected expression" />
 <error level="error" id="err_expected_expression" file="c:\program files (x86)\microsoft visual studio 14.0\vc\include\functional" line="776" col="63" msg="expected expression" />
 <error level="error" id="err_no_template_suggest" file="c:\program files (x86)\microsoft visual studio 14.0\vc\include\functional" line="856" col="10" msg="no template named &apos;make_integer_sequence&apos;; did you mean &apos;make_index_sequence&apos;?" />
 <error level="error" id="err_template_arg_must_be_expr" file="c:\program files (x86)\microsoft visual studio 14.0\vc\include\functional" line="856" col="32" msg="template argument for non-type template parameter must be an expression" />
 <error level="error" id="err_undeclared_var_use" file="c:\program files (x86)\microsoft visual studio 14.0\vc\include\thr/xthread" line="248" col="4" msg="use of undeclared identifier &apos;make_integer_sequence&apos;" />
 <error level="error" id="err_unexpected_typedef" file="c:\program files (x86)\microsoft visual studio 14.0\vc\include\thr/xthread" line="248" col="26" msg="unexpected type name &apos;size_t&apos;: expected expression" />
 <error level="error" id="err_expected_expression" file="c:\program files (x86)\microsoft visual studio 14.0\vc\include\thr/xthread" line="249" col="56" msg="expected expression" />
 <error level="error" id="err_no_template_suggest" file="c:\program files (x86)\microsoft visual studio 14.0\vc\include\mutex" line="476" col="58" msg="no template named &apos;make_integer_sequence&apos;; did you mean &apos;make_index_sequence&apos;?" />
 <error level="error" id="err_template_arg_must_be_expr" file="c:\program files (x86)\microsoft visual studio 14.0\vc\include\mutex" line="476" col="80" msg="template argument for non-type template parameter must be an expression" />
 <error level="error" id="err_no_template_suggest" file="c:\program files (x86)\microsoft visual studio 14.0\vc\include\mutex" line="478" col="53" msg="no template named &apos;make_integer_sequence&apos;; did you mean &apos;make_index_sequence&apos;?" />
 <error level="error" id="err_template_arg_must_be_expr" file="c:\program files (x86)\microsoft visual studio 14.0\vc\include\mutex" line="478" col="75" msg="template argument for non-type template parameter must be an expression" />
 <error level="error" id="err_no_template_suggest" file="c:\program files (x86)\microsoft visual studio 14.0\vc\include\mutex" line="512" col="10" msg="no template named &apos;make_integer_sequence&apos;; did you mean &apos;make_index_sequence&apos;?" />
 <error level="error" id="err_template_arg_must_be_expr" file="c:\program files (x86)\microsoft visual studio 14.0\vc\include\mutex" line="512" col="32" msg="template argument for non-type template parameter must be an expression" />
 <error level="error" id="err_expected_expression" file="C:\Users\Andre\Documents\GitHub\TextVenturer\SoftwareEngineering\TextVenturer/Texture.h" line="5" col="1" msg="expected expression" />
 <error level="error" id="err_typecheck_decl_incomplete_type" file="C:\Users\Andre\Documents\GitHub\TextVenturer\SoftwareEngineering\TextVenturer/Texture.h" line="3" col="15" msg="variable has incomplete type &apos;class Texture&apos;" />
 <error level="error" id="err_incomplete_base_class" file="C:\Users\Andre\Documents\GitHub\TextVenturer\SoftwareEngineering\TextVenturer/Texture.h" line="25" col="30" msg="base class has incomplete type" />
 <error level="error" id="err_expected_expression" file="C:\Users\Andre\Documents\GitHub\TextVenturer\SoftwareEngineering\TextVenturer/AdventureStructure.h" line="14" col="5" msg="expected expression" />
 <error level="error" id="err_typecheck_decl_incomplete_type" file="C:\Users\Andre\Documents\GitHub\TextVenturer\SoftwareEngineering\TextVenturer/AdventureStructure.h" line="12" col="20" msg="variable has incomplete type &apos;class BaseNode&apos;" />
 <error level="error" id="err_incomplete_base_class" file="C:\Users\Andre\Documents\GitHub\TextVenturer\SoftwareEngineering\TextVenturer/AdventureStructure.h" line="36" col="34" msg="base class has incomplete type" />
 <error level="error" id="err_incomplete_base_class" file="C:\Users\Andre\Documents\GitHub\TextVenturer\SoftwareEngineering\TextVenturer/AdventureStructure.h" line="45" col="29" msg="base class has incomplete type" />
 <error level="error" id="err_incomplete_base_class" file="C:\Users\Andre\Documents\GitHub\TextVenturer\SoftwareEngineering\TextVenturer/AdventureStructure.h" line="68" col="31" msg="base class has incomplete type" />
 <error level="error" id="err_incomplete_base_class" file="C:\Users\Andre\Documents\GitHub\TextVenturer\SoftwareEngineering\TextVenturer/AdventureStructure.h" line="92" col="35" msg="base class has incomplete type" />
 <error level="error" id="err_incomplete_nested_name_spec" file="C:\Users\Andre\Documents\GitHub\TextVenturer\SoftwareEngineering\TextVenturer\AdventureStructure.cpp" line="7" col="1" msg="incomplete type &apos;AdventureStructure::BaseNode&apos; named in nested name specifier" />
 <error level="error" id="err_incomplete_nested_name_spec" file="C:\Users\Andre\Documents\GitHub\TextVenturer\SoftwareEngineering\TextVenturer\AdventureStructure.cpp" line="7" col="1" msg="incomplete type &apos;AdventureStructure::BaseNode&apos; named in nested name specifier" />
 <error level="error" id="err_incomplete_nested_name_spec" file="C:\Users\Andre\Documents\GitHub\TextVenturer\SoftwareEngineering\TextVenturer\AdventureStructure.cpp" line="15" col="1" msg="incomplete type &apos;AdventureStructure::BaseNode&apos; named in nested name specifier" />
 <error level="error" id="err_incomplete_nested_name_spec" file="C:\Users\Andre\Documents\GitHub\TextVenturer\SoftwareEngineering\TextVenturer\AdventureStructure.cpp" line="21" col="13" msg="incomplete type &apos;AdventureStructure::BaseNode&apos; named in nested name specifier" />
 <error level="error" id="err_incomplete_nested_name_spec" file="C:\Users\Andre\Documents\GitHub\TextVenturer\SoftwareEngineering\TextVenturer\AdventureStructure.cpp" line="26" col="12" msg="incomplete type &apos;AdventureStructure::BaseNode&apos; named in nested name specifier" />
 <error level="error" id="err_incomplete_nested_name_spec" file="C:\Users\Andre\Documents\GitHub\TextVenturer\SoftwareEngineering\TextVenturer\AdventureStructure.cpp" line="31" col="26" msg="incomplete type &apos;AdventureStructure::BaseNode&apos; named in nested name specifier" />
 <error level="error" id="err_incomplete_nested_name_spec" file="C:\Users\Andre\Documents\GitHub\TextVenturer\SoftwareEngineering\TextVenturer\AdventureStructure.cpp" line="36" col="33" msg="incomplete type &apos;AdventureStructure::BaseNode&apos; named in nested name specifier" />
 <error level="error" id="err_incomplete_nested_name_spec" file="C:\Users\Andre\Documents\GitHub\TextVenturer\SoftwareEngineering\TextVenturer\AdventureStructure.cpp" line="44" col="28" msg="incomplete type &apos;AdventureStructure::BaseNode&apos; named in nested name specifier" />
 <error level="error" id="err_incomplete_nested_name_spec" file="C:\Users\Andre\Documents\GitHub\TextVenturer\SoftwareEngineering\TextVenturer\AdventureStructure.cpp" line="52" col="1" msg="incomplete type &apos;AdventureStructure::BaseNode&apos; named in nested name specifier" />
 <error level="error" id="err_incomplete_nested_name_spec" file="C:\Users\Andre\Documents\GitHub\TextVenturer\SoftwareEngineering\TextVenturer\AdventureStructure.cpp" line="57" col="1" msg="incomplete type &apos;AdventureStructure::BaseNode&apos; named in nested name specifier" />
 <error level="error" id="err_incomplete_nested_name_spec" file="C:\Users\Andre\Documents\GitHub\TextVenturer\SoftwareEngineering\TextVenturer\AdventureStructure.cpp" line="62" col="1" msg="incomplete type &apos;AdventureStructure::BaseNode&apos; named in nested name specifier" />
 <error level="error" id="err_incomplete_nested_name_spec" file="C:\Users\Andre\Documents\GitHub\TextVenturer\SoftwareEngineering\TextVenturer\AdventureStructure.cpp" line="67" col="1" msg="incomplete type &apos;AdventureStructure::BaseNode&apos; named in nested name specifier" />
 <error level="error" id="err_incomplete_nested_name_spec" file="C:\Users\Andre\Documents\GitHub\TextVenturer\SoftwareEngineering\TextVenturer\AdventureStructure.cpp" line="72" col="21" msg="incomplete type &apos;AdventureStructure::BaseNode&apos; named in nested name specifier" />
 <error level="error" id="err_incomplete_nested_name_spec" file="C:\Users\Andre\Documents\GitHub\TextVenturer\SoftwareEngineering\TextVenturer\AdventureStructure.cpp" line="77" col="33" msg="incomplete type &apos;AdventureStructure::BaseNode&apos; named in nested name specifier" />
 <error level="error" id="err_not_direct_base_or_virtual" file="C:\Users\Andre\Documents\GitHub\TextVenturer\SoftwareEngineering\TextVenturer\AdventureStructure.cpp" line="97" col="7" msg="type &apos;AdventureStructure::BaseNode&apos; is not a direct or virtual base of &apos;AdventureStructure::ListNode&apos;" />
 <error level="warning" id="ext_mismatched_exception_spec" file="C:\Users\Andre\Documents\GitHub\TextVenturer\SoftwareEngineering\TextVenturer\AdventureStructure.cpp" line="101" col="11" msg="exception specification in declaration does not match previous declaration" />
 <error level="warning" id="warn_delete_incomplete" file="C:\Users\Andre\Documents\GitHub\TextVenturer\SoftwareEngineering\TextVenturer\AdventureStructure.cpp" line="104" col="9" msg="deleting pointer to incomplete type &apos;AdventureStructure::BaseNode&apos; may cause undefined behavior" />
 <error level="error" id="err_incomplete_member_access" file="C:\Users\Andre\Documents\GitHub\TextVenturer\SoftwareEngineering\TextVenturer\AdventureStructure.cpp" line="109" col="23" msg="member access into incomplete type &apos;AdventureStructure::BaseNode&apos;" />
 <error level="error" id="err_incomplete_member_access" file="C:\Users\Andre\Documents\GitHub\TextVenturer\SoftwareEngineering\TextVenturer\AdventureStructure.cpp" line="118" col="23" msg="member access into incomplete type &apos;AdventureStructure::BaseNode&apos;" />
 <error level="warning" id="warn_unused_parameter" file="C:\Users\Andre\Documents\GitHub\TextVenturer\SoftwareEngineering\TextVenturer\AdventureStructure.cpp" line="115" col="38" msg="unused parameter &apos;name&apos;" />
 <error level="error" id="err_not_direct_base_or_virtual" file="C:\Users\Andre\Documents\GitHub\TextVenturer\SoftwareEngineering\TextVenturer\AdventureStructure.cpp" line="154" col="7" msg="type &apos;AdventureStructure::BaseNode&apos; is not a direct or virtual base of &apos;AdventureStructure::StringListNode&apos;" />
 <error level="error" id="err_not_direct_base_or_virtual" file="C:\Users\Andre\Documents\GitHub\TextVenturer\SoftwareEngineering\TextVenturer\AdventureStructure.cpp" line="202" col="7" msg="type &apos;AdventureStructure::BaseNode&apos; is not a direct or virtual base of &apos;AdventureStructure::StringNode&apos;" />
 <error level="warning" id="warn_unreachable_default" file="C:\Users\Andre\Documents\GitHub\TextVenturer\SoftwareEngineering\TextVenturer\AdventureStructure.cpp" line="239" col="5" msg="default label in switch which covers all enumeration values" />
 <error level="note" id="note_previous_declaration" file="C:\Users\Andre\Documents\GitHub\TextVenturer\SoftwareEngineering\TextVenturer\AdventureStructure.cpp" line="249" col="43" msg="previous declaration is here" />
 <error level="warning" id="warn_logical_and_in_logical_or" file="C:\Users\Andre\Documents\GitHub\TextVenturer\SoftwareEngineering\TextVenturer\AdventureStructure.cpp" line="341" col="31" msg="&apos;&amp;&amp;&apos; within &apos;||&apos;" />
 <error level="note" id="note_precedence_silence" file="C:\Users\Andre\Documents\GitHub\TextVenturer\SoftwareEngineering\TextVenturer\AdventureStructure.cpp" line="341" col="31" msg="place parentheses around the &apos;&amp;&amp;&apos; expression to silence this warning" />
 <error level="warning" id="warn_logical_and_in_logical_or" file="C:\Users\Andre\Documents\GitHub\TextVenturer\SoftwareEngineering\TextVenturer\AdventureStructure.cpp" line="342" col="28" msg="&apos;&amp;&amp;&apos; within &apos;||&apos;" />
 <error level="note" id="note_precedence_silence" file="C:\Users\Andre\Documents\GitHub\TextVenturer\SoftwareEngineering\TextVenturer\AdventureStructure.cpp" line="342" col="28" msg="place parentheses around the &apos;&amp;&amp;&apos; expression to silence this warning" />
 <error level="warning" id="warn_logical_and_in_logical_or" file="C:\Users\Andre\Documents\GitHub\TextVenturer\SoftwareEngineering\TextVenturer\AdventureStructure.cpp" line="343" col="28" msg="&apos;&amp;&amp;&apos; within &apos;||&apos;" />
 <error level="note" id="note_precedence_silence" file="C:\Users\Andre\Documents\GitHub\TextVenturer\SoftwareEngineering\TextVenturer\AdventureStructure.cpp" line="343" col="28" msg="place parentheses around the &apos;&amp;&amp;&apos; expression to silence this warning" />
 <error level="warning" id="warn_logical_and_in_logical_or" file="C:\Users\Andre\Documents\GitHub\TextVenturer\SoftwareEngineering\TextVenturer\AdventureStructure.cpp" line="354" col="31" msg="&apos;&amp;&amp;&apos; within &apos;||&apos;" />
 <error level="note" id="note_precedence_silence" file="C:\Users\Andre\Documents\GitHub\TextVenturer\SoftwareEngineering\TextVenturer\AdventureStructure.cpp" line="354" col="31" msg="place parentheses around the &apos;&amp;&amp;&apos; expression to silence this warning" />
 <error level="warning" id="warn_logical_and_in_logical_or" file="C:\Users\Andre\Documents\GitHub\TextVenturer\SoftwareEngineering\TextVenturer\AdventureStructure.cpp" line="355" col="28" msg="&apos;&amp;&amp;&apos; within &apos;||&apos;" />
 <error level="note" id="note_precedence_silence" file="C:\Users\Andre\Documents\GitHub\TextVenturer\SoftwareEngineering\TextVenturer\AdventureStructure.cpp" line="355" col="28" msg="place parentheses around the &apos;&amp;&amp;&apos; expression to silence this warning" />
 <error level="warning" id="warn_logical_and_in_logical_or" file="C:\Users\Andre\Documents\GitHub\TextVenturer\SoftwareEngineering\TextVenturer\AdventureStructure.cpp" line="356" col="28" msg="&apos;&amp;&amp;&apos; within &apos;||&apos;" />
 <error level="note" id="note_precedence_silence" file="C:\Users\Andre\Documents\GitHub\TextVenturer\SoftwareEngineering\TextVenturer\AdventureStructure.cpp" line="356" col="28" msg="place parentheses around the &apos;&amp;&amp;&apos; expression to silence this warning" />
 <error level="note" id="note_previous_declaration" file="C:\Users\Andre\Documents\GitHub\TextVenturer\SoftwareEngineering\TextVenturer\AdventureStructure.cpp" line="262" col="23" msg="previous declaration is here" />
 <error level="error" id="err_not_direct_base_or_virtual" file="C:\Users\Andre\Documents\GitHub\TextVenturer\SoftwareEngineering\TextVenturer\AdventureStructure.cpp" line="709" col="7" msg="type &apos;AdventureStructure::BaseNode&apos; is not a direct or virtual base of &apos;AdventureStructure::EmptyListNode&apos;" />
 <error level="note" id="note_template_member_function_here" file="C:\Users\Andre\Documents\GitHub\TextVenturer\SoftwareEngineering\TextVenturer\AdventureStructure.cpp" line="87" col="11" msg="in instantiation of member function &apos;std::vector&lt;AdventureStructure::BaseNode *, std::allocator&lt;AdventureStructure::BaseNode *&gt; &gt;::erase&apos; requested here" />
 <error level="note" id="note_template_member_function_here" file="C:\Users\Andre\Documents\GitHub\TextVenturer\SoftwareEngineering\TextVenturer\AdventureStructure.cpp" line="87" col="11" msg="in instantiation of member function &apos;std::vector&lt;AdventureStructure::BaseNode *, std::allocator&lt;AdventureStructure::BaseNode *&gt; &gt;::erase&apos; requested here" />
 <error level="note" id="note_template_member_function_here" file="C:\Users\Andre\Documents\GitHub\TextVenturer\SoftwareEngineering\TextVenturer\AdventureStructure.cpp" line="103" col="39" msg="in instantiation of member function &apos;std::vector&lt;AdventureStructure::BaseNode *, std::allocator&lt;AdventureStructure::BaseNode *&gt; &gt;::size&apos; requested here" />
 <error level="note" id="note_template_member_function_here" file="C:\Users\Andre\Documents\GitHub\TextVenturer\SoftwareEngineering\TextVenturer\AdventureStructure.cpp" line="101" col="11" msg="in instantiation of member function &apos;std::vector&lt;AdventureStructure::BaseNode *, std::allocator&lt;AdventureStructure::BaseNode *&gt; &gt;::~vector&apos; requested here" />
 <error level="note" id="note_template_member_function_here" file="C:\Users\Andre\Documents\GitHub\TextVenturer\SoftwareEngineering\TextVenturer\AdventureStructure.cpp" line="111" col="11" msg="in instantiation of member function &apos;std::vector&lt;AdventureStructure::BaseNode *, std::allocator&lt;AdventureStructure::BaseNode *&gt; &gt;::push_back&apos; requested here" />
 <error level="note" id="note_template_member_function_here" file="C:\Users\Andre\Documents\GitHub\TextVenturer\SoftwareEngineering\TextVenturer\AdventureStructure.cpp" line="111" col="11" msg="in instantiation of member function &apos;std::vector&lt;AdventureStructure::BaseNode *, std::allocator&lt;AdventureStructure::BaseNode *&gt; &gt;::push_back&apos; requested here" />
 <error level="note" id="note_template_member_function_here" file="C:\Users\Andre\Documents\GitHub\TextVenturer\SoftwareEngineering\TextVenturer\AdventureStructure.cpp" line="111" col="11" msg="in instantiation of member function &apos;std::vector&lt;AdventureStructure::BaseNode *, std::allocator&lt;AdventureStructure::BaseNode *&gt; &gt;::push_back&apos; requested here" />
 <error level="note" id="note_template_member_function_here" file="C:\Users\Andre\Documents\GitHub\TextVenturer\SoftwareEngineering\TextVenturer\AdventureStructure.cpp" line="111" col="11" msg="in instantiation of member function &apos;std::vector&lt;AdventureStructure::BaseNode *, std::allocator&lt;AdventureStructure::BaseNode *&gt; &gt;::push_back&apos; requested here" />
 <error level="note" id="note_template_member_function_here" file="C:\Users\Andre\Documents\GitHub\TextVenturer\SoftwareEngineering\TextVenturer\AdventureStructure.cpp" line="117" col="105" msg="in instantiation of member function &apos;std::_Vector_const_iterator&lt;std::_Vector_val&lt;std::_Simple_types&lt;AdventureStructure::BaseNode *&gt; &gt; &gt;::operator++&apos; requested here" />
 <error level="note" id="note_template_member_function_here" file="C:\Users\Andre\Documents\GitHub\TextVenturer\SoftwareEngineering\TextVenturer\AdventureStructure.cpp" line="161" col="11" msg="in instantiation of member function &apos;std::vector&lt;std::basic_string&lt;char, std::char_traits&lt;char&gt;, std::allocator&lt;char&gt; &gt;, std::allocator&lt;std::basic_string&lt;char, std::char_traits&lt;char&gt;, std::allocator&lt;char&gt; &gt; &gt; &gt;::push_back&apos; requested here" />
 <error level="note" id="note_template_member_function_here" file="C:\Users\Andre\Documents\GitHub\TextVenturer\SoftwareEngineering\TextVenturer\AdventureStructure.cpp" line="161" col="11" msg="in instantiation of member function &apos;std::vector&lt;std::basic_string&lt;char, std::char_traits&lt;char&gt;, std::allocator&lt;char&gt; &gt;, std::allocator&lt;std::basic_string&lt;char, std::char_traits&lt;char&gt;, std::allocator&lt;char&gt; &gt; &gt; &gt;::push_back&apos; requested here" />
 <error level="note" id="note_template_member_function_here" file="C:\Users\Andre\Documents\GitHub\TextVenturer\SoftwareEngineering\TextVenturer\AdventureStructure.cpp" line="161" col="11" msg="in instantiation of member function &apos;std::vector&lt;std::basic_string&lt;char, std::char_traits&lt;char&gt;, std::allocator&lt;char&gt; &gt;, std::allocator&lt;std::basic_string&lt;char, std::char_traits&lt;char&gt;, std::allocator&lt;char&gt; &gt; &gt; &gt;::push_back&apos; requested here" />
 <error level="note" id="note_template_member_function_here" file="C:\Users\Andre\Documents\GitHub\TextVenturer\SoftwareEngineering\TextVenturer\AdventureStructure.cpp" line="161" col="11" msg="in instantiation of member function &apos;std::vector&lt;std::basic_string&lt;char, std::char_traits&lt;char&gt;, std::allocator&lt;char&gt; &gt;, std::allocator&lt;std::basic_string&lt;char, std::char_traits&lt;char&gt;, std::allocator&lt;char&gt; &gt; &gt; &gt;::push_back&apos; requested here" />
 <error level="note" id="note_template_member_function_here" file="C:\Users\Andre\Documents\GitHub\TextVenturer\SoftwareEngineering\TextVenturer\AdventureStructure.cpp" line="176" col="18" msg="in instantiation of member function &apos;std::vector&lt;std::basic_string&lt;char, std::char_traits&lt;char&gt;, std::allocator&lt;char&gt; &gt;, std::allocator&lt;std::basic_string&lt;char, std::char_traits&lt;char&gt;, std::allocator&lt;char&gt; &gt; &gt; &gt;::size&apos; requested here" />
 <error level="note" id="note_template_member_function_here" file="C:\Users\Andre\Documents\GitHub\TextVenturer\SoftwareEngineering\TextVenturer\AdventureStructure.cpp" line="280" col="24" msg="in instantiation of member function &apos;std::basic_string&lt;char, std::char_traits&lt;char&gt;, std::allocator&lt;char&gt; &gt;::operator=&apos; requested here" />
 <error level="note" id="note_template_member_function_here" file="C:\Users\Andre\Documents\GitHub\TextVenturer\SoftwareEngineering\TextVenturer\AdventureStructure.cpp" line="280" col="24" msg="in instantiation of member function &apos;std::basic_string&lt;char, std::char_traits&lt;char&gt;, std::allocator&lt;char&gt; &gt;::operator=&apos; requested here" />
 <error level="note" id="note_template_member_function_here" file="C:\Users\Andre\Documents\GitHub\TextVenturer\SoftwareEngineering\TextVenturer\AdventureStructure.cpp" line="280" col="24" msg="in instantiation of member function &apos;std::basic_string&lt;char, std::char_traits&lt;char&gt;, std::allocator&lt;char&gt; &gt;::operator=&apos; requested here" />
 <error level="note" id="note_template_member_function_here" file="C:\Users\Andre\Documents\GitHub\TextVenturer\SoftwareEngineering\TextVenturer\AdventureStructure.cpp" line="289" col="35" msg="in instantiation of member function &apos;std::basic_string&lt;char, std::char_traits&lt;char&gt;, std::allocator&lt;char&gt; &gt;::find_last_of&apos; requested here" />
 <error level="note" id="note_template_member_function_here" file="C:\Users\Andre\Documents\GitHub\TextVenturer\SoftwareEngineering\TextVenturer\AdventureStructure.cpp" line="450" col="28" msg="in instantiation of member function &apos;std::basic_string&lt;char, std::char_traits&lt;char&gt;, std::allocator&lt;char&gt; &gt;::find&apos; requested here" />
 <error level="note" id="note_template_member_function_here" file="C:\Users\Andre\Documents\GitHub\TextVenturer\SoftwareEngineering\TextVenturer\AdventureStructure.cpp" line="524" col="41" msg="in instantiation of member function &apos;std::basic_string&lt;char, std::char_traits&lt;char&gt;, std::allocator&lt;char&gt; &gt;::find_first_not_of&apos; requested here" />
 <error level="note" id="note_template_member_function_here" file="C:\Users\Andre\Documents\GitHub\TextVenturer\SoftwareEngineering\TextVenturer\AdventureStructure.cpp" line="526" col="56" msg="in instantiation of member function &apos;std::basic_string&lt;char, std::char_traits&lt;char&gt;, std::allocator&lt;char&gt; &gt;::find_last_not_of&apos; requested here" />
 <error level="note" id="note_template_member_function_here" file="C:\Users\Andre\Documents\GitHub\TextVenturer\SoftwareEngineering\TextVenturer\AdventureStructure.cpp" line="656" col="30" msg="in instantiation of member function &apos;std::match_results&lt;std::_String_const_iterator&lt;std::_String_val&lt;std::_Simple_types&lt;char&gt; &gt; &gt;, std::allocator&lt;std::sub_match&lt;std::_String_const_iterator&lt;std::_String_val&lt;std::_Simple_types&lt;char&gt; &gt; &gt; &gt; &gt; &gt;::size&apos; requested here" />
 <error level="note" id="note_template_member_function_here" file="C:\Users\Andre\Documents\GitHub\TextVenturer\SoftwareEngineering\TextVenturer\AdventureStructure.cpp" line="692" col="19" msg="in instantiation of member function &apos;std::basic_ifstream&lt;char, std::char_traits&lt;char&gt; &gt;::basic_ifstream&apos; requested here" />
 <error level="note" id="note_template_member_function_here" file="C:\Users\Andre\Documents\GitHub\TextVenturer\SoftwareEngineering\TextVenturer\AdventureStructure.cpp" line="692" col="19" msg="in instantiation of member function &apos;std::basic_ifstream&lt;char, std::char_traits&lt;char&gt; &gt;::basic_ifstream&apos; requested here" />
 <error level="note" id="note_template_member_function_here" file="C:\Users\Andre\Documents\GitHub\TextVenturer\SoftwareEngineering\TextVenturer\AdventureStructure.cpp" line="692" col="19" msg="in instantiation of member function &apos;std::basic_ifstream&lt;char, std::char_traits&lt;char&gt; &gt;::basic_ifstream&apos; requested here" />
 <error level="note" id="note_template_member_function_here" file="C:\Users\Andre\Documents\GitHub\TextVenturer\SoftwareEngineering\TextVenturer\AdventureStructure.cpp" line="692" col="19" msg="in instantiation of member function &apos;std::basic_ifstream&lt;char, std::char_traits&lt;char&gt; &gt;::basic_ifstream&apos; requested here" />
 <error level="note" id="note_template_member_function_here" file="C:\Users\Andre\Documents\GitHub\TextVenturer\SoftwareEngineering\TextVenturer\AdventureStructure.cpp" line="692" col="19" msg="in instantiation of member function &apos;std::basic_ifstream&lt;char, std::char_traits&lt;char&gt; &gt;::basic_ifstream&apos; requested here" />
 <error level="note" id="note_function_template_spec_here" file="C:\Users\Andre\Documents\GitHub\TextVenturer\SoftwareEngineering\TextVenturer\AdventureStructure.cpp" line="695" col="47" msg="in instantiation of function template specialization &apos;std::operator+&lt;wchar_t, std::char_traits&lt;wchar_t&gt;, std::allocator&lt;wchar_t&gt; &gt;&apos; requested here" />
 <error level="note" id="note_template_member_function_here" file="C:\Users\Andre\Documents\GitHub\TextVenturer\SoftwareEngineering\TextVenturer\AdventureStructure.cpp" line="698" col="23" msg="in instantiation of member function &apos;std::basic_stringstream&lt;char, std::char_traits&lt;char&gt;, std::allocator&lt;char&gt; &gt;::basic_stringstream&apos; requested here" />
 <error level="note" id="note_template_member_function_here" file="C:\Users\Andre\Documents\GitHub\TextVenturer\SoftwareEngineering\TextVenturer\AdventureStructure.cpp" line="698" col="23" msg="in instantiation of member function &apos;std::basic_stringstream&lt;char, std::char_traits&lt;char&gt;, std::allocator&lt;char&gt; &gt;::basic_stringstream&apos; requested here" />
 <error level="note" id="note_template_member_function_here" file="C:\Users\Andre\Documents\GitHub\TextVenturer\SoftwareEngineering\TextVenturer\AdventureStructure.cpp" line="700" col="34" msg="in instantiation of member function &apos;std::basic_stringstream&lt;char, std::char_traits&lt;char&gt;, std::allocator&lt;char&gt; &gt;::str&apos; requested here" />
</log>