<log>
 <error level="error" id="err_pp_macro_not_identifier" file="&lt;command line&gt;" line="6" col="9" msg="macro name must be an identifier" />
 <error level="error" id="err_ref_non_value" file="c:\program files (x86)\microsoft visual studio 14.0\vc\include\type_traits" line="524" col="45" msg="&apos;_To&apos; does not refer to a value" />
 <error level="error" id="err_ref_non_value" file="c:\program files (x86)\microsoft visual studio 14.0\vc\include\type_traits" line="524" col="50" msg="&apos;_From&apos; does not refer to a value" />
 <error level="error" id="err_expected_class_name" file="c:\program files (x86)\microsoft visual studio 14.0\vc\include\type_traits" line="525" col="2" msg="expected class name" />
 <error level="error" id="err_expected_after" file="c:\program files (x86)\microsoft visual studio 14.0\vc\include\type_traits" line="1245" col="50" msg="expected &apos;;&apos; after alias declaration" />
 <error level="error" id="err_no_template_suggest" file="c:\program files (x86)\microsoft visual studio 14.0\vc\include\type_traits" line="1252" col="30" msg="no template named &apos;make_integer_sequence&apos;; did you mean &apos;integer_sequence&apos;?" />
 <error level="error" id="err_unexpected_typedef" file="c:\program files (x86)\microsoft visual studio 14.0\vc\include\tuple" line="368" col="26" msg="unexpected type name &apos;size_t&apos;: expected expression" />
 <error level="error" id="err_init_list_bin_op" file="c:\program files (x86)\microsoft visual studio 14.0\vc\include\tuple" line="368" col="77" msg="initializer list cannot be used on the right hand side of operator &apos;&gt;&apos;" />
 <error level="error" id="err_no_template_suggest" file="c:\program files (x86)\microsoft visual studio 14.0\vc\include\tuple" line="1096" col="5" msg="no template named &apos;make_integer_sequence&apos;; did you mean &apos;make_index_sequence&apos;?" />
 <error level="error" id="err_template_arg_must_be_expr" file="c:\program files (x86)\microsoft visual studio 14.0\vc\include\tuple" line="1096" col="27" msg="template argument for non-type template parameter must be an expression" />
 <error level="error" id="err_expected_class_name" file="c:\program files (x86)\microsoft visual studio 14.0\vc\include\tuple" line="1098" col="35" msg="expected class name" />
 <error level="error" id="err_expected_class_name" file="c:\program files (x86)\microsoft visual studio 14.0\vc\include\tuple" line="1099" col="4" msg="expected class name" />
 <error level="error" id="err_expected_lbrace_after_base_specifiers" file="c:\program files (x86)\microsoft visual studio 14.0\vc\include\tuple" line="1100" col="12" msg="expected &apos;{&apos; after base class list" />
 <error level="error" id="err_expected_after" file="c:\program files (x86)\microsoft visual studio 14.0\vc\include\tuple" line="1100" col="12" msg="expected &apos;;&apos; after struct" />
 <error level="error" id="err_expected_unqualified_id" file="c:\program files (x86)\microsoft visual studio 14.0\vc\include\tuple" line="1100" col="12" msg="expected unqualified-id" />
 <error level="error" id="err_no_template_suggest" file="c:\program files (x86)\microsoft visual studio 14.0\vc\include\tuple" line="1161" col="3" msg="no template named &apos;make_integer_sequence&apos;; did you mean &apos;make_index_sequence&apos;?" />
 <error level="error" id="err_template_arg_must_be_expr" file="c:\program files (x86)\microsoft visual studio 14.0\vc\include\tuple" line="1161" col="25" msg="template argument for non-type template parameter must be an expression" />
 <error level="error" id="err_undeclared_var_use" file="c:\program files (x86)\microsoft visual studio 14.0\vc\include\tuple" line="1194" col="4" msg="use of undeclared identifier &apos;make_integer_sequence&apos;" />
 <error level="error" id="err_unexpected_typedef" file="c:\program files (x86)\microsoft visual studio 14.0\vc\include\tuple" line="1194" col="26" msg="unexpected type name &apos;size_t&apos;: expected expression" />
 <error level="error" id="err_expected_expression" file="c:\program files (x86)\microsoft visual studio 14.0\vc\include\tuple" line="1194" col="54" msg="expected expression" />
 <error level="error" id="err_undeclared_var_use" file="c:\program files (x86)\microsoft visual studio 14.0\vc\include\tuple" line="1195" col="4" msg="use of undeclared identifier &apos;make_integer_sequence&apos;" />
 <error level="error" id="err_unexpected_typedef" file="c:\program files (x86)\microsoft visual studio 14.0\vc\include\tuple" line="1195" col="26" msg="unexpected type name &apos;size_t&apos;: expected expression" />
 <error level="error" id="err_expected_expression" file="c:\program files (x86)\microsoft visual studio 14.0\vc\include\tuple" line="1195" col="54" msg="expected expression" />
 <error level="error" id="err_no_template_suggest" file="c:\program files (x86)\microsoft visual studio 14.0\vc\include\functional" line="773" col="4" msg="no template named &apos;make_integer_sequence&apos;; did you mean &apos;make_index_sequence&apos;?" />
 <error level="error" id="err_template_arg_must_be_expr" file="c:\program files (x86)\microsoft visual studio 14.0\vc\include\functional" line="773" col="26" msg="template argument for non-type template parameter must be an expression" />
 <error level="error" id="err_undeclared_var_use" file="c:\program files (x86)\microsoft visual studio 14.0\vc\include\functional" line="776" col="4" msg="use of undeclared identifier &apos;make_integer_sequence&apos;" />
 <error level="error" id="err_unexpected_typedef" file="c:\program files (x86)\microsoft visual studio 14.0\vc\include\functional" line="776" col="26" msg="unexpected type name &apos;size_t&apos;: expected expression" />
 <error level="error" id="err_expected_expression" file="c:\program files (x86)\microsoft visual studio 14.0\vc\include\functional" line="776" col="63" msg="expected expression" />
 <error level="error" id="err_no_template_suggest" file="c:\program files (x86)\microsoft visual studio 14.0\vc\include\functional" line="856" col="10" msg="no template named &apos;make_integer_sequence&apos;; did you mean &apos;make_index_sequence&apos;?" />
 <error level="error" id="err_template_arg_must_be_expr" file="c:\program files (x86)\microsoft visual studio 14.0\vc\include\functional" line="856" col="32" msg="template argument for non-type template parameter must be an expression" />
 <error level="error" id="err_undeclared_var_use" file="c:\program files (x86)\microsoft visual studio 14.0\vc\include\thr/xthread" line="248" col="4" msg="use of undeclared identifier &apos;make_integer_sequence&apos;" />
 <error level="error" id="err_unexpected_typedef" file="c:\program files (x86)\microsoft visual studio 14.0\vc\include\thr/xthread" line="248" col="26" msg="unexpected type name &apos;size_t&apos;: expected expression" />
 <error level="error" id="err_expected_expression" file="c:\program files (x86)\microsoft visual studio 14.0\vc\include\thr/xthread" line="249" col="56" msg="expected expression" />
 <error level="error" id="err_no_template_suggest" file="c:\program files (x86)\microsoft visual studio 14.0\vc\include\mutex" line="476" col="58" msg="no template named &apos;make_integer_sequence&apos;; did you mean &apos;make_index_sequence&apos;?" />
 <error level="error" id="err_template_arg_must_be_expr" file="c:\program files (x86)\microsoft visual studio 14.0\vc\include\mutex" line="476" col="80" msg="template argument for non-type template parameter must be an expression" />
 <error level="error" id="err_no_template_suggest" file="c:\program files (x86)\microsoft visual studio 14.0\vc\include\mutex" line="478" col="53" msg="no template named &apos;make_integer_sequence&apos;; did you mean &apos;make_index_sequence&apos;?" />
 <error level="error" id="err_template_arg_must_be_expr" file="c:\program files (x86)\microsoft visual studio 14.0\vc\include\mutex" line="478" col="75" msg="template argument for non-type template parameter must be an expression" />
 <error level="error" id="err_no_template_suggest" file="c:\program files (x86)\microsoft visual studio 14.0\vc\include\mutex" line="512" col="10" msg="no template named &apos;make_integer_sequence&apos;; did you mean &apos;make_index_sequence&apos;?" />
 <error level="error" id="err_template_arg_must_be_expr" file="c:\program files (x86)\microsoft visual studio 14.0\vc\include\mutex" line="512" col="32" msg="template argument for non-type template parameter must be an expression" />
 <error level="error" id="err_expected_expression" file="C:\Users\Andre\Documents\GitHub\TextVenturer\SoftwareEngineering\TextVenturer/Texture.h" line="5" col="1" msg="expected expression" />
 <error level="error" id="err_typecheck_decl_incomplete_type" file="C:\Users\Andre\Documents\GitHub\TextVenturer\SoftwareEngineering\TextVenturer/Texture.h" line="3" col="15" msg="variable has incomplete type &apos;class Texture&apos;" />
 <error level="error" id="err_incomplete_base_class" file="C:\Users\Andre\Documents\GitHub\TextVenturer\SoftwareEngineering\TextVenturer/Texture.h" line="25" col="30" msg="base class has incomplete type" />
 <error level="error" id="err_redefinition" file="C:\Users\Andre\Documents\GitHub\TextVenturer\SoftwareEngineering\TextVenturer/AdventureObject.h" line="10" col="23" msg="redefinition of &apos;abstract&apos;" />
 <error level="error" id="err_expected_expression" file="C:\Users\Andre\Documents\GitHub\TextVenturer\SoftwareEngineering\TextVenturer/AdventureObject.h" line="12" col="1" msg="expected expression" />
 <error level="error" id="err_incomplete_base_class" file="C:\Users\Andre\Documents\GitHub\TextVenturer\SoftwareEngineering\TextVenturer/Location.h" line="13" col="25" msg="base class has incomplete type" />
 <error level="error" id="err_expected_expression" file="C:\Users\Andre\Documents\GitHub\TextVenturer\SoftwareEngineering\TextVenturer/CustomScript.h" line="46" col="5" msg="expected expression" />
 <error level="error" id="err_typecheck_decl_incomplete_type" file="C:\Users\Andre\Documents\GitHub\TextVenturer\SoftwareEngineering\TextVenturer/CustomScript.h" line="44" col="22" msg="variable has incomplete type &apos;class Expression&apos;" />
 <error level="error" id="err_redefinition_different_kind" file="C:\Users\Andre\Documents\GitHub\TextVenturer\SoftwareEngineering\TextVenturer/CustomScript.h" line="61" col="27" msg="redefinition of &apos;abstract&apos; as different kind of symbol" />
 <error level="error" id="err_expected_semi_declaration" file="C:\Users\Andre\Documents\GitHub\TextVenturer\SoftwareEngineering\TextVenturer/CustomScript.h" line="61" col="36" msg="expected &apos;;&apos; at end of declaration" />
 <error level="error" id="err_expected_unqualified_id" file="C:\Users\Andre\Documents\GitHub\TextVenturer\SoftwareEngineering\TextVenturer/CustomScript.h" line="61" col="38" msg="expected unqualified-id" />
 <error level="error" id="err_redefinition" file="C:\Users\Andre\Documents\GitHub\TextVenturer\SoftwareEngineering\TextVenturer/CustomScript.h" line="70" col="28" msg="redefinition of &apos;abstract&apos;" />
 <error level="error" id="err_invalid_token_after_toplevel_declarator" file="C:\Users\Andre\Documents\GitHub\TextVenturer\SoftwareEngineering\TextVenturer/CustomScript.h" line="70" col="37" msg="expected &apos;;&apos; after top level declarator" />
 <error level="error" id="err_expected_unqualified_id" file="C:\Users\Andre\Documents\GitHub\TextVenturer\SoftwareEngineering\TextVenturer/CustomScript.h" line="70" col="39" msg="expected unqualified-id" />
 <error level="error" id="err_redefinition" file="C:\Users\Andre\Documents\GitHub\TextVenturer\SoftwareEngineering\TextVenturer/CustomScript.h" line="92" col="28" msg="redefinition of &apos;abstract&apos;" />
 <error level="error" id="err_invalid_token_after_toplevel_declarator" file="C:\Users\Andre\Documents\GitHub\TextVenturer\SoftwareEngineering\TextVenturer/CustomScript.h" line="92" col="37" msg="expected &apos;;&apos; after top level declarator" />
 <error level="error" id="err_expected_unqualified_id" file="C:\Users\Andre\Documents\GitHub\TextVenturer\SoftwareEngineering\TextVenturer/CustomScript.h" line="92" col="39" msg="expected unqualified-id" />
 <error level="error" id="err_redefinition" file="C:\Users\Andre\Documents\GitHub\TextVenturer\SoftwareEngineering\TextVenturer/CustomScript.h" line="118" col="26" msg="redefinition of &apos;abstract&apos;" />
 <error level="error" id="err_invalid_token_after_toplevel_declarator" file="C:\Users\Andre\Documents\GitHub\TextVenturer\SoftwareEngineering\TextVenturer/CustomScript.h" line="118" col="35" msg="expected &apos;;&apos; after top level declarator" />
 <error level="error" id="err_expected_unqualified_id" file="C:\Users\Andre\Documents\GitHub\TextVenturer\SoftwareEngineering\TextVenturer/CustomScript.h" line="118" col="37" msg="expected unqualified-id" />
 <error level="error" id="err_incomplete_base_class" file="C:\Users\Andre\Documents\GitHub\TextVenturer\SoftwareEngineering\TextVenturer/CustomScript.h" line="149" col="36" msg="base class has incomplete type" />
 <error level="error" id="err_not_direct_base_or_virtual" file="C:\Users\Andre\Documents\GitHub\TextVenturer\SoftwareEngineering\TextVenturer/CustomScript.h" line="158" col="43" msg="type &apos;CustomScript::ObjectExpression&apos; is not a direct or virtual base of &apos;CustomScript::IdentExpression&apos;" />
 <error level="error" id="err_incomplete_base_class" file="C:\Users\Andre\Documents\GitHub\TextVenturer\SoftwareEngineering\TextVenturer/CustomScript.h" line="168" col="45" msg="base class has incomplete type" />
 <error level="error" id="err_incomplete_base_class" file="C:\Users\Andre\Documents\GitHub\TextVenturer\SoftwareEngineering\TextVenturer/CustomScript.h" line="197" col="42" msg="base class has incomplete type" />
 <error level="error" id="err_not_direct_base_or_virtual" file="C:\Users\Andre\Documents\GitHub\TextVenturer\SoftwareEngineering\TextVenturer/CustomScript.h" line="206" col="49" msg="type &apos;CustomScript::StringExpression&apos; is not a direct or virtual base of &apos;CustomScript::ConstStringExpression&apos;" />
 <error level="error" id="err_incomplete_base_class" file="C:\Users\Andre\Documents\GitHub\TextVenturer\SoftwareEngineering\TextVenturer/CustomScript.h" line="215" col="43" msg="base class has incomplete type" />
 <error level="error" id="err_not_direct_base_or_virtual" file="C:\Users\Andre\Documents\GitHub\TextVenturer\SoftwareEngineering\TextVenturer/CustomScript.h" line="224" col="50" msg="type &apos;CustomScript::StringExpression&apos; is not a direct or virtual base of &apos;CustomScript::StringConcatExpression&apos;" />
 <error level="error" id="err_incomplete_base_class" file="C:\Users\Andre\Documents\GitHub\TextVenturer\SoftwareEngineering\TextVenturer/CustomScript.h" line="234" col="36" msg="base class has incomplete type" />
 <error level="error" id="err_not_direct_base_or_virtual" file="C:\Users\Andre\Documents\GitHub\TextVenturer\SoftwareEngineering\TextVenturer/CustomScript.h" line="243" col="43" msg="type &apos;CustomScript::StringExpression&apos; is not a direct or virtual base of &apos;CustomScript::ParamExpression&apos;" />
 <error level="error" id="err_incomplete_base_class" file="C:\Users\Andre\Documents\GitHub\TextVenturer\SoftwareEngineering\TextVenturer/CustomScript.h" line="252" col="44" msg="base class has incomplete type" />
 <error level="error" id="err_not_direct_base_or_virtual" file="C:\Users\Andre\Documents\GitHub\TextVenturer\SoftwareEngineering\TextVenturer/CustomScript.h" line="261" col="51" msg="type &apos;CustomScript::StringExpression&apos; is not a direct or virtual base of &apos;CustomScript::IdentAsStringExpression&apos;" />
 <error level="error" id="err_incomplete_base_class" file="C:\Users\Andre\Documents\GitHub\TextVenturer\SoftwareEngineering\TextVenturer/CustomScript.h" line="271" col="43" msg="base class has incomplete type" />
 <error level="error" id="err_incomplete_base_class" file="C:\Users\Andre\Documents\GitHub\TextVenturer\SoftwareEngineering\TextVenturer/CustomScript.h" line="291" col="40" msg="base class has incomplete type" />
 <error level="error" id="err_not_direct_base_or_virtual" file="C:\Users\Andre\Documents\GitHub\TextVenturer\SoftwareEngineering\TextVenturer/CustomScript.h" line="300" col="47" msg="type &apos;CustomScript::BoolExpression&apos; is not a direct or virtual base of &apos;CustomScript::ConstBoolExpression&apos;" />
 <error level="error" id="err_incomplete_base_class" file="C:\Users\Andre\Documents\GitHub\TextVenturer\SoftwareEngineering\TextVenturer/CustomScript.h" line="309" col="44" msg="base class has incomplete type" />
 <error level="error" id="err_incomplete_base_class" file="C:\Users\Andre\Documents\GitHub\TextVenturer\SoftwareEngineering\TextVenturer/CustomScript.h" line="328" col="38" msg="base class has incomplete type" />
 <error level="error" id="err_incomplete_base_class" file="C:\Users\Andre\Documents\GitHub\TextVenturer\SoftwareEngineering\TextVenturer/CustomScript.h" line="347" col="39" msg="base class has incomplete type" />
 <error level="error" id="err_incomplete_base_class" file="C:\Users\Andre\Documents\GitHub\TextVenturer\SoftwareEngineering\TextVenturer/CustomScript.h" line="366" col="38" msg="base class has incomplete type" />
 <error level="error" id="err_incomplete_base_class" file="C:\Users\Andre\Documents\GitHub\TextVenturer\SoftwareEngineering\TextVenturer/CustomScript.h" line="394" col="46" msg="base class has incomplete type" />
 <error level="error" id="err_incomplete_base_class" file="C:\Users\Andre\Documents\GitHub\TextVenturer\SoftwareEngineering\TextVenturer/CustomScript.h" line="415" col="45" msg="base class has incomplete type" />
 <error level="error" id="err_incomplete_base_class" file="C:\Users\Andre\Documents\GitHub\TextVenturer\SoftwareEngineering\TextVenturer/CustomScript.h" line="435" col="45" msg="base class has incomplete type" />
 <error level="error" id="err_redefinition" file="C:\Users\Andre\Documents\GitHub\TextVenturer\SoftwareEngineering\TextVenturer/CustomScript.h" line="507" col="28" msg="redefinition of &apos;abstract&apos;" />
 <error level="error" id="err_invalid_token_after_toplevel_declarator" file="C:\Users\Andre\Documents\GitHub\TextVenturer\SoftwareEngineering\TextVenturer/CustomScript.h" line="507" col="37" msg="expected &apos;;&apos; after top level declarator" />
 <error level="error" id="err_expected_unqualified_id" file="C:\Users\Andre\Documents\GitHub\TextVenturer\SoftwareEngineering\TextVenturer/CustomScript.h" line="507" col="39" msg="expected unqualified-id" />
 <error level="error" id="err_redefinition" file="C:\Users\Andre\Documents\GitHub\TextVenturer\SoftwareEngineering\TextVenturer/CustomScript.h" line="521" col="32" msg="redefinition of &apos;abstract&apos;" />
 <error level="error" id="err_invalid_token_after_toplevel_declarator" file="C:\Users\Andre\Documents\GitHub\TextVenturer\SoftwareEngineering\TextVenturer/CustomScript.h" line="521" col="41" msg="expected &apos;;&apos; after top level declarator" />
 <error level="error" id="err_expected_unqualified_id" file="C:\Users\Andre\Documents\GitHub\TextVenturer\SoftwareEngineering\TextVenturer/CustomScript.h" line="521" col="43" msg="expected unqualified-id" />
 <error level="error" id="err_incomplete_base_class" file="C:\Users\Andre\Documents\GitHub\TextVenturer\SoftwareEngineering\TextVenturer/CustomScript.h" line="535" col="32" msg="base class has incomplete type" />
 <error level="error" id="err_incomplete_base_class" file="C:\Users\Andre\Documents\GitHub\TextVenturer\SoftwareEngineering\TextVenturer/CustomScript.h" line="552" col="36" msg="base class has incomplete type" />
 <error level="error" id="err_redefinition" file="C:\Users\Andre\Documents\GitHub\TextVenturer\SoftwareEngineering\TextVenturer/CustomScript.h" line="578" col="25" msg="redefinition of &apos;abstract&apos;" />
 <error level="error" id="err_invalid_token_after_toplevel_declarator" file="C:\Users\Andre\Documents\GitHub\TextVenturer\SoftwareEngineering\TextVenturer/CustomScript.h" line="578" col="34" msg="expected &apos;;&apos; after top level declarator" />
 <error level="error" id="err_expected_unqualified_id" file="C:\Users\Andre\Documents\GitHub\TextVenturer\SoftwareEngineering\TextVenturer/CustomScript.h" line="578" col="36" msg="expected unqualified-id" />
 <error level="error" id="err_incomplete_base_class" file="C:\Users\Andre\Documents\GitHub\TextVenturer\SoftwareEngineering\TextVenturer/CustomScript.h" line="600" col="35" msg="base class has incomplete type" />
 <error level="error" id="err_incomplete_base_class" file="C:\Users\Andre\Documents\GitHub\TextVenturer\SoftwareEngineering\TextVenturer/CustomScript.h" line="609" col="41" msg="base class has incomplete type" />
 <error level="note" id="note_function_template_deduction_instantiation_here" file="C:\Users\Andre\Documents\GitHub\TextVenturer\SoftwareEngineering\TextVenturer\CommandSystem.cpp" line="101" col="9" msg="while substituting deduced template arguments into function template &apos;thread&apos; [with _Fn = (lambda at C:\Users\Andre\Documents\GitHub\TextVenturer\SoftwareEngineering\TextVenturer\CommandSystem.cpp:101:21), _Args = &lt;&gt;, $2 = (no value)]" />
 <error level="note" id="note_function_template_deduction_instantiation_here" file="C:\Users\Andre\Documents\GitHub\TextVenturer\SoftwareEngineering\TextVenturer\CommandSystem.cpp" line="101" col="9" msg="while substituting deduced template arguments into function template &apos;thread&apos; [with _Fn = (lambda at C:\Users\Andre\Documents\GitHub\TextVenturer\SoftwareEngineering\TextVenturer\CommandSystem.cpp:101:21), _Args = &lt;&gt;, $2 = (no value)]" />
 <error level="note" id="note_function_template_deduction_instantiation_here" file="C:\Users\Andre\Documents\GitHub\TextVenturer\SoftwareEngineering\TextVenturer\CommandSystem.cpp" line="101" col="9" msg="while substituting deduced template arguments into function template &apos;thread&apos; [with _Fn = (lambda at C:\Users\Andre\Documents\GitHub\TextVenturer\SoftwareEngineering\TextVenturer\CommandSystem.cpp:101:21), _Args = &lt;&gt;, $2 = (no value)]" />
 <error level="note" id="note_function_template_deduction_instantiation_here" file="C:\Users\Andre\Documents\GitHub\TextVenturer\SoftwareEngineering\TextVenturer\CommandSystem.cpp" line="101" col="9" msg="while substituting deduced template arguments into function template &apos;thread&apos; [with _Fn = (lambda at C:\Users\Andre\Documents\GitHub\TextVenturer\SoftwareEngineering\TextVenturer\CommandSystem.cpp:101:21), _Args = &lt;&gt;, $2 = (no value)]" />
 <error level="note" id="note_function_template_deduction_instantiation_here" file="C:\Users\Andre\Documents\GitHub\TextVenturer\SoftwareEngineering\TextVenturer\CommandSystem.cpp" line="101" col="9" msg="while substituting deduced template arguments into function template &apos;thread&apos; [with _Fn = (lambda at C:\Users\Andre\Documents\GitHub\TextVenturer\SoftwareEngineering\TextVenturer\CommandSystem.cpp:101:21), _Args = &lt;&gt;, $2 = (no value)]" />
 <error level="note" id="note_function_template_deduction_instantiation_here" file="C:\Users\Andre\Documents\GitHub\TextVenturer\SoftwareEngineering\TextVenturer\CommandSystem.cpp" line="101" col="9" msg="while substituting deduced template arguments into function template &apos;thread&apos; [with _Fn = (lambda at C:\Users\Andre\Documents\GitHub\TextVenturer\SoftwareEngineering\TextVenturer\CommandSystem.cpp:101:21), _Args = &lt;&gt;, $2 = (no value)]" />
 <error level="note" id="note_function_template_deduction_instantiation_here" file="C:\Users\Andre\Documents\GitHub\TextVenturer\SoftwareEngineering\TextVenturer\CommandSystem.cpp" line="101" col="9" msg="while substituting deduced template arguments into function template &apos;thread&apos; [with _Fn = (lambda at C:\Users\Andre\Documents\GitHub\TextVenturer\SoftwareEngineering\TextVenturer\CommandSystem.cpp:101:21), _Args = &lt;&gt;, $2 = (no value)]" />
 <error level="note" id="note_function_template_deduction_instantiation_here" file="C:\Users\Andre\Documents\GitHub\TextVenturer\SoftwareEngineering\TextVenturer\CommandSystem.cpp" line="101" col="9" msg="while substituting deduced template arguments into function template &apos;thread&apos; [with _Fn = (lambda at C:\Users\Andre\Documents\GitHub\TextVenturer\SoftwareEngineering\TextVenturer\CommandSystem.cpp:101:21), _Args = &lt;&gt;, $2 = (no value)]" />
 <error level="note" id="note_function_template_deduction_instantiation_here" file="C:\Users\Andre\Documents\GitHub\TextVenturer\SoftwareEngineering\TextVenturer\CommandSystem.cpp" line="101" col="9" msg="while substituting deduced template arguments into function template &apos;thread&apos; [with _Fn = (lambda at C:\Users\Andre\Documents\GitHub\TextVenturer\SoftwareEngineering\TextVenturer\CommandSystem.cpp:101:21), _Args = &lt;&gt;, $2 = (no value)]" />
 <error level="note" id="note_template_member_function_here" file="C:\Users\Andre\Documents\GitHub\TextVenturer\SoftwareEngineering\TextVenturer\CommandSystem.cpp" line="30" col="25" msg="in instantiation of member function &apos;std::_Tree_const_iterator&lt;std::_Tree_val&lt;std::_Tree_simple_types&lt;std::basic_string&lt;char, std::char_traits&lt;char&gt;, std::allocator&lt;char&gt; &gt; &gt; &gt; &gt;::operator++&apos; requested here" />
 <error level="note" id="note_template_member_function_here" file="C:\Users\Andre\Documents\GitHub\TextVenturer\SoftwareEngineering\TextVenturer\CommandSystem.cpp" line="30" col="25" msg="in instantiation of member function &apos;std::_Tree_const_iterator&lt;std::_Tree_val&lt;std::_Tree_simple_types&lt;std::basic_string&lt;char, std::char_traits&lt;char&gt;, std::allocator&lt;char&gt; &gt; &gt; &gt; &gt;::operator*&apos; requested here" />
 <error level="note" id="note_template_member_function_here" file="C:\Users\Andre\Documents\GitHub\TextVenturer\SoftwareEngineering\TextVenturer\CommandSystem.cpp" line="37" col="16" msg="in instantiation of member function &apos;std::vector&lt;CommandArray *, std::allocator&lt;CommandArray *&gt; &gt;::~vector&apos; requested here" />
 <error level="note" id="note_template_member_function_here" file="C:\Users\Andre\Documents\GitHub\TextVenturer\SoftwareEngineering\TextVenturer\CommandSystem.cpp" line="65" col="19" msg="in instantiation of member function &apos;std::vector&lt;CommandArray *, std::allocator&lt;CommandArray *&gt; &gt;::push_back&apos; requested here" />
 <error level="note" id="note_template_member_function_here" file="C:\Users\Andre\Documents\GitHub\TextVenturer\SoftwareEngineering\TextVenturer\CommandSystem.cpp" line="65" col="19" msg="in instantiation of member function &apos;std::vector&lt;CommandArray *, std::allocator&lt;CommandArray *&gt; &gt;::push_back&apos; requested here" />
 <error level="note" id="note_template_member_function_here" file="C:\Users\Andre\Documents\GitHub\TextVenturer\SoftwareEngineering\TextVenturer\CommandSystem.cpp" line="65" col="19" msg="in instantiation of member function &apos;std::vector&lt;CommandArray *, std::allocator&lt;CommandArray *&gt; &gt;::push_back&apos; requested here" />
 <error level="note" id="note_template_member_function_here" file="C:\Users\Andre\Documents\GitHub\TextVenturer\SoftwareEngineering\TextVenturer\CommandSystem.cpp" line="65" col="19" msg="in instantiation of member function &apos;std::vector&lt;CommandArray *, std::allocator&lt;CommandArray *&gt; &gt;::push_back&apos; requested here" />
 <error level="note" id="note_template_member_function_here" file="C:\Users\Andre\Documents\GitHub\TextVenturer\SoftwareEngineering\TextVenturer\CommandSystem.cpp" line="65" col="19" msg="in instantiation of member function &apos;std::vector&lt;CommandArray *, std::allocator&lt;CommandArray *&gt; &gt;::push_back&apos; requested here" />
 <error level="note" id="note_template_member_function_here" file="C:\Users\Andre\Documents\GitHub\TextVenturer\SoftwareEngineering\TextVenturer\CommandSystem.cpp" line="65" col="19" msg="in instantiation of member function &apos;std::vector&lt;CommandArray *, std::allocator&lt;CommandArray *&gt; &gt;::push_back&apos; requested here" />
 <error level="note" id="note_template_member_function_here" file="C:\Users\Andre\Documents\GitHub\TextVenturer\SoftwareEngineering\TextVenturer\CommandSystem.cpp" line="66" col="28" msg="in instantiation of member function &apos;std::_Vector_iterator&lt;std::_Vector_val&lt;std::_Simple_types&lt;CommandAction&gt; &gt; &gt;::operator++&apos; requested here" />
 <error level="note" id="note_function_template_spec_here" file="C:\Users\Andre\Documents\GitHub\TextVenturer\SoftwareEngineering\TextVenturer\CommandSystem.cpp" line="84" col="18" msg="in instantiation of function template specialization &apos;std::_Tree&lt;std::_Tset_traits&lt;std::basic_string&lt;char, std::char_traits&lt;char&gt;, std::allocator&lt;char&gt; &gt;, CommandSystem::sortStrRevLen, std::allocator&lt;std::basic_string&lt;char, std::char_traits&lt;char&gt;, std::allocator&lt;char&gt; &gt; &gt;, false&gt; &gt;::insert&lt;false, 0&gt;&apos; requested here" />
 <error level="note" id="note_template_member_function_here" file="C:\Users\Andre\Documents\GitHub\TextVenturer\SoftwareEngineering\TextVenturer\CommandSystem.cpp" line="90" col="18" msg="in instantiation of member function &apos;std::queue&lt;std::basic_string&lt;char, std::char_traits&lt;char&gt;, std::allocator&lt;char&gt; &gt;, std::deque&lt;std::basic_string&lt;char, std::char_traits&lt;char&gt;, std::allocator&lt;char&gt; &gt;, std::allocator&lt;std::basic_string&lt;char, std::char_traits&lt;char&gt;, std::allocator&lt;char&gt; &gt; &gt; &gt; &gt;::push&apos; requested here" />
 <error level="note" id="note_template_member_function_here" file="C:\Users\Andre\Documents\GitHub\TextVenturer\SoftwareEngineering\TextVenturer\CommandSystem.cpp" line="90" col="18" msg="in instantiation of member function &apos;std::queue&lt;std::basic_string&lt;char, std::char_traits&lt;char&gt;, std::allocator&lt;char&gt; &gt;, std::deque&lt;std::basic_string&lt;char, std::char_traits&lt;char&gt;, std::allocator&lt;char&gt; &gt;, std::allocator&lt;std::basic_string&lt;char, std::char_traits&lt;char&gt;, std::allocator&lt;char&gt; &gt; &gt; &gt; &gt;::push&apos; requested here" />
 <error level="note" id="note_template_member_function_here" file="C:\Users\Andre\Documents\GitHub\TextVenturer\SoftwareEngineering\TextVenturer\CommandSystem.cpp" line="103" col="45" msg="in instantiation of member function &apos;std::_Vector_iterator&lt;std::_Vector_val&lt;std::_Simple_types&lt;CommandArray *&gt; &gt; &gt;::operator++&apos; requested here" />
 <error level="note" id="note_function_template_spec_here" file="C:\Users\Andre\Documents\GitHub\TextVenturer\SoftwareEngineering\TextVenturer\CommandSystem.cpp" line="101" col="9" msg="in instantiation of function template specialization &apos;std::thread::thread&lt;(lambda at C:\Users\Andre\Documents\GitHub\TextVenturer\SoftwareEngineering\TextVenturer\CommandSystem.cpp:101:21), void&gt;&apos; requested here" />
 <error level="note" id="note_function_template_spec_here" file="C:\Users\Andre\Documents\GitHub\TextVenturer\SoftwareEngineering\TextVenturer\CommandSystem.cpp" line="101" col="9" msg="in instantiation of function template specialization &apos;std::thread::thread&lt;(lambda at C:\Users\Andre\Documents\GitHub\TextVenturer\SoftwareEngineering\TextVenturer\CommandSystem.cpp:101:21), void&gt;&apos; requested here" />
 <error level="note" id="note_function_template_spec_here" file="C:\Users\Andre\Documents\GitHub\TextVenturer\SoftwareEngineering\TextVenturer\CommandSystem.cpp" line="101" col="9" msg="in instantiation of function template specialization &apos;std::thread::thread&lt;(lambda at C:\Users\Andre\Documents\GitHub\TextVenturer\SoftwareEngineering\TextVenturer\CommandSystem.cpp:101:21), void&gt;&apos; requested here" />
 <error level="note" id="note_function_template_spec_here" file="C:\Users\Andre\Documents\GitHub\TextVenturer\SoftwareEngineering\TextVenturer\CommandSystem.cpp" line="101" col="9" msg="in instantiation of function template specialization &apos;std::thread::thread&lt;(lambda at C:\Users\Andre\Documents\GitHub\TextVenturer\SoftwareEngineering\TextVenturer\CommandSystem.cpp:101:21), void&gt;&apos; requested here" />
 <error level="note" id="note_function_template_spec_here" file="C:\Users\Andre\Documents\GitHub\TextVenturer\SoftwareEngineering\TextVenturer\CommandSystem.cpp" line="101" col="9" msg="in instantiation of function template specialization &apos;std::thread::thread&lt;(lambda at C:\Users\Andre\Documents\GitHub\TextVenturer\SoftwareEngineering\TextVenturer\CommandSystem.cpp:101:21), void&gt;&apos; requested here" />
 <error level="note" id="note_function_template_spec_here" file="C:\Users\Andre\Documents\GitHub\TextVenturer\SoftwareEngineering\TextVenturer\CommandSystem.cpp" line="101" col="9" msg="in instantiation of function template specialization &apos;std::thread::thread&lt;(lambda at C:\Users\Andre\Documents\GitHub\TextVenturer\SoftwareEngineering\TextVenturer\CommandSystem.cpp:101:21), void&gt;&apos; requested here" />
 <error level="note" id="note_function_template_spec_here" file="C:\Users\Andre\Documents\GitHub\TextVenturer\SoftwareEngineering\TextVenturer\CommandSystem.cpp" line="101" col="9" msg="in instantiation of function template specialization &apos;std::thread::thread&lt;(lambda at C:\Users\Andre\Documents\GitHub\TextVenturer\SoftwareEngineering\TextVenturer\CommandSystem.cpp:101:21), void&gt;&apos; requested here" />
 <error level="note" id="note_function_template_spec_here" file="C:\Users\Andre\Documents\GitHub\TextVenturer\SoftwareEngineering\TextVenturer\CommandSystem.cpp" line="101" col="9" msg="in instantiation of function template specialization &apos;std::thread::thread&lt;(lambda at C:\Users\Andre\Documents\GitHub\TextVenturer\SoftwareEngineering\TextVenturer\CommandSystem.cpp:101:21), void&gt;&apos; requested here" />
 <error level="note" id="note_function_template_spec_here" file="C:\Users\Andre\Documents\GitHub\TextVenturer\SoftwareEngineering\TextVenturer\CommandSystem.cpp" line="101" col="9" msg="in instantiation of function template specialization &apos;std::thread::thread&lt;(lambda at C:\Users\Andre\Documents\GitHub\TextVenturer\SoftwareEngineering\TextVenturer\CommandSystem.cpp:101:21), void&gt;&apos; requested here" />
 <error level="note" id="note_function_template_spec_here" file="C:\Users\Andre\Documents\GitHub\TextVenturer\SoftwareEngineering\TextVenturer\CommandSystem.cpp" line="101" col="9" msg="in instantiation of function template specialization &apos;std::thread::thread&lt;(lambda at C:\Users\Andre\Documents\GitHub\TextVenturer\SoftwareEngineering\TextVenturer\CommandSystem.cpp:101:21), void&gt;&apos; requested here" />
 <error level="note" id="note_function_template_spec_here" file="C:\Users\Andre\Documents\GitHub\TextVenturer\SoftwareEngineering\TextVenturer\CommandSystem.cpp" line="101" col="9" msg="in instantiation of function template specialization &apos;std::thread::thread&lt;(lambda at C:\Users\Andre\Documents\GitHub\TextVenturer\SoftwareEngineering\TextVenturer\CommandSystem.cpp:101:21), void&gt;&apos; requested here" />
 <error level="note" id="note_function_template_spec_here" file="C:\Users\Andre\Documents\GitHub\TextVenturer\SoftwareEngineering\TextVenturer\CommandSystem.cpp" line="101" col="9" msg="in instantiation of function template specialization &apos;std::thread::thread&lt;(lambda at C:\Users\Andre\Documents\GitHub\TextVenturer\SoftwareEngineering\TextVenturer\CommandSystem.cpp:101:21), void&gt;&apos; requested here" />
 <error level="note" id="note_function_template_spec_here" file="C:\Users\Andre\Documents\GitHub\TextVenturer\SoftwareEngineering\TextVenturer\CommandSystem.cpp" line="101" col="9" msg="in instantiation of function template specialization &apos;std::thread::thread&lt;(lambda at C:\Users\Andre\Documents\GitHub\TextVenturer\SoftwareEngineering\TextVenturer\CommandSystem.cpp:101:21), void&gt;&apos; requested here" />
 <error level="note" id="note_function_template_spec_here" file="C:\Users\Andre\Documents\GitHub\TextVenturer\SoftwareEngineering\TextVenturer\CommandSystem.cpp" line="101" col="9" msg="in instantiation of function template specialization &apos;std::thread::thread&lt;(lambda at C:\Users\Andre\Documents\GitHub\TextVenturer\SoftwareEngineering\TextVenturer\CommandSystem.cpp:101:21), void&gt;&apos; requested here" />
 <error level="note" id="note_function_template_spec_here" file="C:\Users\Andre\Documents\GitHub\TextVenturer\SoftwareEngineering\TextVenturer\CommandSystem.cpp" line="101" col="9" msg="in instantiation of function template specialization &apos;std::thread::thread&lt;(lambda at C:\Users\Andre\Documents\GitHub\TextVenturer\SoftwareEngineering\TextVenturer\CommandSystem.cpp:101:21), void&gt;&apos; requested here" />
 <error level="note" id="note_function_template_spec_here" file="C:\Users\Andre\Documents\GitHub\TextVenturer\SoftwareEngineering\TextVenturer\CommandSystem.cpp" line="101" col="9" msg="in instantiation of function template specialization &apos;std::thread::thread&lt;(lambda at C:\Users\Andre\Documents\GitHub\TextVenturer\SoftwareEngineering\TextVenturer\CommandSystem.cpp:101:21), void&gt;&apos; requested here" />
 <error level="note" id="note_function_template_spec_here" file="C:\Users\Andre\Documents\GitHub\TextVenturer\SoftwareEngineering\TextVenturer\CommandSystem.cpp" line="101" col="9" msg="in instantiation of function template specialization &apos;std::thread::thread&lt;(lambda at C:\Users\Andre\Documents\GitHub\TextVenturer\SoftwareEngineering\TextVenturer\CommandSystem.cpp:101:21), void&gt;&apos; requested here" />
 <error level="note" id="note_function_template_spec_here" file="C:\Users\Andre\Documents\GitHub\TextVenturer\SoftwareEngineering\TextVenturer\CommandSystem.cpp" line="101" col="9" msg="in instantiation of function template specialization &apos;std::thread::thread&lt;(lambda at C:\Users\Andre\Documents\GitHub\TextVenturer\SoftwareEngineering\TextVenturer\CommandSystem.cpp:101:21), void&gt;&apos; requested here" />
 <error level="note" id="note_function_template_spec_here" file="C:\Users\Andre\Documents\GitHub\TextVenturer\SoftwareEngineering\TextVenturer\CommandSystem.cpp" line="101" col="9" msg="in instantiation of function template specialization &apos;std::thread::thread&lt;(lambda at C:\Users\Andre\Documents\GitHub\TextVenturer\SoftwareEngineering\TextVenturer\CommandSystem.cpp:101:21), void&gt;&apos; requested here" />
 <error level="note" id="note_function_template_spec_here" file="C:\Users\Andre\Documents\GitHub\TextVenturer\SoftwareEngineering\TextVenturer\CommandSystem.cpp" line="101" col="9" msg="in instantiation of function template specialization &apos;std::thread::thread&lt;(lambda at C:\Users\Andre\Documents\GitHub\TextVenturer\SoftwareEngineering\TextVenturer\CommandSystem.cpp:101:21), void&gt;&apos; requested here" />
 <error level="note" id="note_function_template_spec_here" file="C:\Users\Andre\Documents\GitHub\TextVenturer\SoftwareEngineering\TextVenturer\CommandSystem.cpp" line="101" col="9" msg="in instantiation of function template specialization &apos;std::thread::thread&lt;(lambda at C:\Users\Andre\Documents\GitHub\TextVenturer\SoftwareEngineering\TextVenturer\CommandSystem.cpp:101:21), void&gt;&apos; requested here" />
 <error level="note" id="note_template_member_function_here" file="C:\Users\Andre\Documents\GitHub\TextVenturer\SoftwareEngineering\TextVenturer\CommandSystem.cpp" line="122" col="50" msg="in instantiation of member function &apos;std::vector&lt;CommandArray *, std::allocator&lt;CommandArray *&gt; &gt;::size&apos; requested here" />
 <error level="note" id="note_template_member_function_here" file="C:\Users\Andre\Documents\GitHub\TextVenturer\SoftwareEngineering\TextVenturer\CommandSystem.cpp" line="124" col="37" msg="in instantiation of member function &apos;std::unordered_map&lt;CommandArray *, unsigned int, std::hash&lt;CommandArray *&gt;, std::equal_to&lt;CommandArray *&gt;, std::allocator&lt;std::pair&lt;CommandArray *const, unsigned int&gt; &gt; &gt;::operator[]&apos; requested here" />
 <error level="note" id="note_template_member_function_here" file="C:\Users\Andre\Documents\GitHub\TextVenturer\SoftwareEngineering\TextVenturer\CommandSystem.cpp" line="124" col="37" msg="in instantiation of member function &apos;std::unordered_map&lt;CommandArray *, unsigned int, std::hash&lt;CommandArray *&gt;, std::equal_to&lt;CommandArray *&gt;, std::allocator&lt;std::pair&lt;CommandArray *const, unsigned int&gt; &gt; &gt;::operator[]&apos; requested here" />
 <error level="note" id="note_template_member_function_here" file="C:\Users\Andre\Documents\GitHub\TextVenturer\SoftwareEngineering\TextVenturer\CommandSystem.cpp" line="124" col="37" msg="in instantiation of member function &apos;std::unordered_map&lt;CommandArray *, unsigned int, std::hash&lt;CommandArray *&gt;, std::equal_to&lt;CommandArray *&gt;, std::allocator&lt;std::pair&lt;CommandArray *const, unsigned int&gt; &gt; &gt;::operator[]&apos; requested here" />
 <error level="note" id="note_template_member_function_here" file="C:\Users\Andre\Documents\GitHub\TextVenturer\SoftwareEngineering\TextVenturer\CommandSystem.cpp" line="124" col="37" msg="in instantiation of member function &apos;std::unordered_map&lt;CommandArray *, unsigned int, std::hash&lt;CommandArray *&gt;, std::equal_to&lt;CommandArray *&gt;, std::allocator&lt;std::pair&lt;CommandArray *const, unsigned int&gt; &gt; &gt;::operator[]&apos; requested here" />
 <error level="note" id="note_template_member_function_here" file="C:\Users\Andre\Documents\GitHub\TextVenturer\SoftwareEngineering\TextVenturer\CommandSystem.cpp" line="124" col="37" msg="in instantiation of member function &apos;std::unordered_map&lt;CommandArray *, unsigned int, std::hash&lt;CommandArray *&gt;, std::equal_to&lt;CommandArray *&gt;, std::allocator&lt;std::pair&lt;CommandArray *const, unsigned int&gt; &gt; &gt;::operator[]&apos; requested here" />
 <error level="note" id="note_template_member_function_here" file="C:\Users\Andre\Documents\GitHub\TextVenturer\SoftwareEngineering\TextVenturer\CommandSystem.cpp" line="124" col="37" msg="in instantiation of member function &apos;std::unordered_map&lt;CommandArray *, unsigned int, std::hash&lt;CommandArray *&gt;, std::equal_to&lt;CommandArray *&gt;, std::allocator&lt;std::pair&lt;CommandArray *const, unsigned int&gt; &gt; &gt;::operator[]&apos; requested here" />
 <error level="note" id="note_template_member_function_here" file="C:\Users\Andre\Documents\GitHub\TextVenturer\SoftwareEngineering\TextVenturer\CommandSystem.cpp" line="124" col="37" msg="in instantiation of member function &apos;std::unordered_map&lt;CommandArray *, unsigned int, std::hash&lt;CommandArray *&gt;, std::equal_to&lt;CommandArray *&gt;, std::allocator&lt;std::pair&lt;CommandArray *const, unsigned int&gt; &gt; &gt;::operator[]&apos; requested here" />
 <error level="note" id="note_template_member_function_here" file="C:\Users\Andre\Documents\GitHub\TextVenturer\SoftwareEngineering\TextVenturer\CommandSystem.cpp" line="124" col="37" msg="in instantiation of member function &apos;std::unordered_map&lt;CommandArray *, unsigned int, std::hash&lt;CommandArray *&gt;, std::equal_to&lt;CommandArray *&gt;, std::allocator&lt;std::pair&lt;CommandArray *const, unsigned int&gt; &gt; &gt;::operator[]&apos; requested here" />
 <error level="note" id="note_template_member_function_here" file="C:\Users\Andre\Documents\GitHub\TextVenturer\SoftwareEngineering\TextVenturer\CommandSystem.cpp" line="124" col="37" msg="in instantiation of member function &apos;std::unordered_map&lt;CommandArray *, unsigned int, std::hash&lt;CommandArray *&gt;, std::equal_to&lt;CommandArray *&gt;, std::allocator&lt;std::pair&lt;CommandArray *const, unsigned int&gt; &gt; &gt;::operator[]&apos; requested here" />
 <error level="note" id="note_template_member_function_here" file="C:\Users\Andre\Documents\GitHub\TextVenturer\SoftwareEngineering\TextVenturer\CommandSystem.cpp" line="124" col="37" msg="in instantiation of member function &apos;std::unordered_map&lt;CommandArray *, unsigned int, std::hash&lt;CommandArray *&gt;, std::equal_to&lt;CommandArray *&gt;, std::allocator&lt;std::pair&lt;CommandArray *const, unsigned int&gt; &gt; &gt;::operator[]&apos; requested here" />
 <error level="note" id="note_template_member_function_here" file="C:\Users\Andre\Documents\GitHub\TextVenturer\SoftwareEngineering\TextVenturer\CommandSystem.cpp" line="124" col="37" msg="in instantiation of member function &apos;std::unordered_map&lt;CommandArray *, unsigned int, std::hash&lt;CommandArray *&gt;, std::equal_to&lt;CommandArray *&gt;, std::allocator&lt;std::pair&lt;CommandArray *const, unsigned int&gt; &gt; &gt;::operator[]&apos; requested here" />
 <error level="note" id="note_template_member_function_here" file="C:\Users\Andre\Documents\GitHub\TextVenturer\SoftwareEngineering\TextVenturer\CommandSystem.cpp" line="124" col="37" msg="in instantiation of member function &apos;std::unordered_map&lt;CommandArray *, unsigned int, std::hash&lt;CommandArray *&gt;, std::equal_to&lt;CommandArray *&gt;, std::allocator&lt;std::pair&lt;CommandArray *const, unsigned int&gt; &gt; &gt;::operator[]&apos; requested here" />
 <error level="note" id="note_template_member_function_here" file="C:\Users\Andre\Documents\GitHub\TextVenturer\SoftwareEngineering\TextVenturer\CommandSystem.cpp" line="143" col="15" msg="in instantiation of member function &apos;std::vector&lt;CommandAction, std::allocator&lt;CommandAction&gt; &gt;::~vector&apos; requested here" />
 <error level="note" id="note_template_member_function_here" file="C:\Users\Andre\Documents\GitHub\TextVenturer\SoftwareEngineering\TextVenturer\CommandSystem.cpp" line="165" col="28" msg="in instantiation of member function &apos;std::_List_const_iterator&lt;std::_List_val&lt;std::_List_simple_types&lt;std::basic_string&lt;char, std::char_traits&lt;char&gt;, std::allocator&lt;char&gt; &gt; &gt; &gt; &gt;::operator++&apos; requested here" />
 <error level="note" id="note_template_member_function_here" file="C:\Users\Andre\Documents\GitHub\TextVenturer\SoftwareEngineering\TextVenturer\CommandSystem.cpp" line="165" col="28" msg="in instantiation of member function &apos;std::_List_const_iterator&lt;std::_List_val&lt;std::_List_simple_types&lt;std::basic_string&lt;char, std::char_traits&lt;char&gt;, std::allocator&lt;char&gt; &gt; &gt; &gt; &gt;::operator*&apos; requested here" />
 <error level="note" id="note_template_member_function_here" file="C:\Users\Andre\Documents\GitHub\TextVenturer\SoftwareEngineering\TextVenturer\CommandSystem.cpp" line="166" col="23" msg="in instantiation of member function &apos;std::_Hash&lt;std::_Uset_traits&lt;std::basic_string&lt;char, std::char_traits&lt;char&gt;, std::allocator&lt;char&gt; &gt;, std::_Uhash_compare&lt;std::basic_string&lt;char, std::char_traits&lt;char&gt;, std::allocator&lt;char&gt; &gt;, std::hash&lt;std::basic_string&lt;char, std::char_traits&lt;char&gt;, std::allocator&lt;char&gt; &gt; &gt;, std::equal_to&lt;std::basic_string&lt;char, std::char_traits&lt;char&gt;, std::allocator&lt;char&gt; &gt; &gt; &gt;, std::allocator&lt;std::basic_string&lt;char, std::char_traits&lt;char&gt;, std::allocator&lt;char&gt; &gt; &gt;, false&gt; &gt;::erase&apos; requested here" />
 <error level="note" id="note_function_template_spec_here" file="C:\Users\Andre\Documents\GitHub\TextVenturer\SoftwareEngineering\TextVenturer\CommandSystem.cpp" line="172" col="34" msg="in instantiation of function template specialization &apos;std::operator+&lt;char, std::char_traits&lt;char&gt;, std::allocator&lt;char&gt; &gt;&apos; requested here" />
 <error level="note" id="note_template_member_function_here" file="C:\Users\Andre\Documents\GitHub\TextVenturer\SoftwareEngineering\TextVenturer\CommandSystem.cpp" line="177" col="18" msg="in instantiation of member function &apos;std::vector&lt;CommandAction, std::allocator&lt;CommandAction&gt; &gt;::push_back&apos; requested here" />
 <error level="note" id="note_template_member_function_here" file="C:\Users\Andre\Documents\GitHub\TextVenturer\SoftwareEngineering\TextVenturer\CommandSystem.cpp" line="177" col="18" msg="in instantiation of member function &apos;std::vector&lt;CommandAction, std::allocator&lt;CommandAction&gt; &gt;::push_back&apos; requested here" />
 <error level="note" id="note_template_member_function_here" file="C:\Users\Andre\Documents\GitHub\TextVenturer\SoftwareEngineering\TextVenturer\CommandSystem.cpp" line="177" col="18" msg="in instantiation of member function &apos;std::vector&lt;CommandAction, std::allocator&lt;CommandAction&gt; &gt;::push_back&apos; requested here" />
 <error level="note" id="note_template_member_function_here" file="C:\Users\Andre\Documents\GitHub\TextVenturer\SoftwareEngineering\TextVenturer\CommandSystem.cpp" line="177" col="18" msg="in instantiation of member function &apos;std::vector&lt;CommandAction, std::allocator&lt;CommandAction&gt; &gt;::push_back&apos; requested here" />
 <error level="note" id="note_template_member_function_here" file="C:\Users\Andre\Documents\GitHub\TextVenturer\SoftwareEngineering\TextVenturer\CommandSystem.cpp" line="177" col="18" msg="in instantiation of member function &apos;std::vector&lt;CommandAction, std::allocator&lt;CommandAction&gt; &gt;::push_back&apos; requested here" />
 <error level="note" id="note_template_member_function_here" file="C:\Users\Andre\Documents\GitHub\TextVenturer\SoftwareEngineering\TextVenturer\CommandSystem.cpp" line="189" col="18" msg="in instantiation of member function &apos;std::vector&lt;CommandAction, std::allocator&lt;CommandAction&gt; &gt;::erase&apos; requested here" />
 <error level="note" id="note_template_member_function_here" file="C:\Users\Andre\Documents\GitHub\TextVenturer\SoftwareEngineering\TextVenturer\CommandSystem.cpp" line="213" col="45" msg="in instantiation of member function &apos;std::vector&lt;CommandAction, std::allocator&lt;CommandAction&gt; &gt;::size&apos; requested here" />
</log>