<log>
 <error level="error" id="err_pp_macro_not_identifier" file="&lt;command line&gt;" line="6" col="9" msg="macro name must be an identifier" />
 <error level="error" id="err_ref_non_value" file="c:\program files (x86)\microsoft visual studio 14.0\vc\include\type_traits" line="524" col="45" msg="&apos;_To&apos; does not refer to a value" />
 <error level="error" id="err_ref_non_value" file="c:\program files (x86)\microsoft visual studio 14.0\vc\include\type_traits" line="524" col="50" msg="&apos;_From&apos; does not refer to a value" />
 <error level="error" id="err_expected_class_name" file="c:\program files (x86)\microsoft visual studio 14.0\vc\include\type_traits" line="525" col="2" msg="expected class name" />
 <error level="error" id="err_expected_after" file="c:\program files (x86)\microsoft visual studio 14.0\vc\include\type_traits" line="1245" col="50" msg="expected &apos;;&apos; after alias declaration" />
 <error level="error" id="err_no_template_suggest" file="c:\program files (x86)\microsoft visual studio 14.0\vc\include\type_traits" line="1252" col="30" msg="no template named &apos;make_integer_sequence&apos;; did you mean &apos;integer_sequence&apos;?" />
 <error level="error" id="err_unexpected_typedef" file="c:\program files (x86)\microsoft visual studio 14.0\vc\include\tuple" line="368" col="26" msg="unexpected type name &apos;size_t&apos;: expected expression" />
 <error level="error" id="err_init_list_bin_op" file="c:\program files (x86)\microsoft visual studio 14.0\vc\include\tuple" line="368" col="77" msg="initializer list cannot be used on the right hand side of operator &apos;&gt;&apos;" />
 <error level="error" id="err_no_template_suggest" file="c:\program files (x86)\microsoft visual studio 14.0\vc\include\tuple" line="1096" col="5" msg="no template named &apos;make_integer_sequence&apos;; did you mean &apos;make_index_sequence&apos;?" />
 <error level="error" id="err_template_arg_must_be_expr" file="c:\program files (x86)\microsoft visual studio 14.0\vc\include\tuple" line="1096" col="27" msg="template argument for non-type template parameter must be an expression" />
 <error level="error" id="err_expected_class_name" file="c:\program files (x86)\microsoft visual studio 14.0\vc\include\tuple" line="1098" col="35" msg="expected class name" />
 <error level="error" id="err_expected_class_name" file="c:\program files (x86)\microsoft visual studio 14.0\vc\include\tuple" line="1099" col="4" msg="expected class name" />
 <error level="error" id="err_expected_lbrace_after_base_specifiers" file="c:\program files (x86)\microsoft visual studio 14.0\vc\include\tuple" line="1100" col="12" msg="expected &apos;{&apos; after base class list" />
 <error level="error" id="err_expected_after" file="c:\program files (x86)\microsoft visual studio 14.0\vc\include\tuple" line="1100" col="12" msg="expected &apos;;&apos; after struct" />
 <error level="error" id="err_expected_unqualified_id" file="c:\program files (x86)\microsoft visual studio 14.0\vc\include\tuple" line="1100" col="12" msg="expected unqualified-id" />
 <error level="error" id="err_no_template_suggest" file="c:\program files (x86)\microsoft visual studio 14.0\vc\include\tuple" line="1161" col="3" msg="no template named &apos;make_integer_sequence&apos;; did you mean &apos;make_index_sequence&apos;?" />
 <error level="error" id="err_template_arg_must_be_expr" file="c:\program files (x86)\microsoft visual studio 14.0\vc\include\tuple" line="1161" col="25" msg="template argument for non-type template parameter must be an expression" />
 <error level="error" id="err_undeclared_var_use" file="c:\program files (x86)\microsoft visual studio 14.0\vc\include\tuple" line="1194" col="4" msg="use of undeclared identifier &apos;make_integer_sequence&apos;" />
 <error level="error" id="err_unexpected_typedef" file="c:\program files (x86)\microsoft visual studio 14.0\vc\include\tuple" line="1194" col="26" msg="unexpected type name &apos;size_t&apos;: expected expression" />
 <error level="error" id="err_expected_expression" file="c:\program files (x86)\microsoft visual studio 14.0\vc\include\tuple" line="1194" col="54" msg="expected expression" />
 <error level="error" id="err_undeclared_var_use" file="c:\program files (x86)\microsoft visual studio 14.0\vc\include\tuple" line="1195" col="4" msg="use of undeclared identifier &apos;make_integer_sequence&apos;" />
 <error level="error" id="err_unexpected_typedef" file="c:\program files (x86)\microsoft visual studio 14.0\vc\include\tuple" line="1195" col="26" msg="unexpected type name &apos;size_t&apos;: expected expression" />
 <error level="error" id="err_expected_expression" file="c:\program files (x86)\microsoft visual studio 14.0\vc\include\tuple" line="1195" col="54" msg="expected expression" />
 <error level="error" id="err_no_template_suggest" file="c:\program files (x86)\microsoft visual studio 14.0\vc\include\functional" line="773" col="4" msg="no template named &apos;make_integer_sequence&apos;; did you mean &apos;make_index_sequence&apos;?" />
 <error level="error" id="err_template_arg_must_be_expr" file="c:\program files (x86)\microsoft visual studio 14.0\vc\include\functional" line="773" col="26" msg="template argument for non-type template parameter must be an expression" />
 <error level="error" id="err_undeclared_var_use" file="c:\program files (x86)\microsoft visual studio 14.0\vc\include\functional" line="776" col="4" msg="use of undeclared identifier &apos;make_integer_sequence&apos;" />
 <error level="error" id="err_unexpected_typedef" file="c:\program files (x86)\microsoft visual studio 14.0\vc\include\functional" line="776" col="26" msg="unexpected type name &apos;size_t&apos;: expected expression" />
 <error level="error" id="err_expected_expression" file="c:\program files (x86)\microsoft visual studio 14.0\vc\include\functional" line="776" col="63" msg="expected expression" />
 <error level="error" id="err_no_template_suggest" file="c:\program files (x86)\microsoft visual studio 14.0\vc\include\functional" line="856" col="10" msg="no template named &apos;make_integer_sequence&apos;; did you mean &apos;make_index_sequence&apos;?" />
 <error level="error" id="err_template_arg_must_be_expr" file="c:\program files (x86)\microsoft visual studio 14.0\vc\include\functional" line="856" col="32" msg="template argument for non-type template parameter must be an expression" />
 <error level="error" id="err_undeclared_var_use" file="c:\program files (x86)\microsoft visual studio 14.0\vc\include\thr/xthread" line="248" col="4" msg="use of undeclared identifier &apos;make_integer_sequence&apos;" />
 <error level="error" id="err_unexpected_typedef" file="c:\program files (x86)\microsoft visual studio 14.0\vc\include\thr/xthread" line="248" col="26" msg="unexpected type name &apos;size_t&apos;: expected expression" />
 <error level="error" id="err_expected_expression" file="c:\program files (x86)\microsoft visual studio 14.0\vc\include\thr/xthread" line="249" col="56" msg="expected expression" />
 <error level="error" id="err_no_template_suggest" file="c:\program files (x86)\microsoft visual studio 14.0\vc\include\mutex" line="476" col="58" msg="no template named &apos;make_integer_sequence&apos;; did you mean &apos;make_index_sequence&apos;?" />
 <error level="error" id="err_template_arg_must_be_expr" file="c:\program files (x86)\microsoft visual studio 14.0\vc\include\mutex" line="476" col="80" msg="template argument for non-type template parameter must be an expression" />
 <error level="error" id="err_no_template_suggest" file="c:\program files (x86)\microsoft visual studio 14.0\vc\include\mutex" line="478" col="53" msg="no template named &apos;make_integer_sequence&apos;; did you mean &apos;make_index_sequence&apos;?" />
 <error level="error" id="err_template_arg_must_be_expr" file="c:\program files (x86)\microsoft visual studio 14.0\vc\include\mutex" line="478" col="75" msg="template argument for non-type template parameter must be an expression" />
 <error level="error" id="err_no_template_suggest" file="c:\program files (x86)\microsoft visual studio 14.0\vc\include\mutex" line="512" col="10" msg="no template named &apos;make_integer_sequence&apos;; did you mean &apos;make_index_sequence&apos;?" />
 <error level="error" id="err_template_arg_must_be_expr" file="c:\program files (x86)\microsoft visual studio 14.0\vc\include\mutex" line="512" col="32" msg="template argument for non-type template parameter must be an expression" />
 <error level="error" id="err_expected_expression" file="C:\Users\Andre\Documents\GitHub\TextVenturer\SoftwareEngineering\TextVenturer/Texture.h" line="5" col="1" msg="expected expression" />
 <error level="error" id="err_typecheck_decl_incomplete_type" file="C:\Users\Andre\Documents\GitHub\TextVenturer\SoftwareEngineering\TextVenturer/Texture.h" line="3" col="15" msg="variable has incomplete type &apos;class Texture&apos;" />
 <error level="error" id="err_incomplete_base_class" file="C:\Users\Andre\Documents\GitHub\TextVenturer\SoftwareEngineering\TextVenturer/Texture.h" line="25" col="30" msg="base class has incomplete type" />
 <error level="error" id="err_redefinition" file="C:\Users\Andre\Documents\GitHub\TextVenturer\SoftwareEngineering\TextVenturer/GUIBase.h" line="5" col="15" msg="redefinition of &apos;abstract&apos;" />
 <error level="error" id="err_expected_expression" file="C:\Users\Andre\Documents\GitHub\TextVenturer\SoftwareEngineering\TextVenturer/GUIBase.h" line="7" col="1" msg="expected expression" />
 <error level="error" id="err_redefinition" file="C:\Users\Andre\Documents\GitHub\TextVenturer\SoftwareEngineering\TextVenturer/DynamicGUIBase.h" line="5" col="22" msg="redefinition of &apos;abstract&apos;" />
 <error level="error" id="err_invalid_token_after_toplevel_declarator" file="C:\Users\Andre\Documents\GitHub\TextVenturer\SoftwareEngineering\TextVenturer/DynamicGUIBase.h" line="5" col="31" msg="expected &apos;;&apos; after top level declarator" />
 <error level="error" id="err_expected_unqualified_id" file="C:\Users\Andre\Documents\GitHub\TextVenturer\SoftwareEngineering\TextVenturer/DynamicGUIBase.h" line="5" col="33" msg="expected unqualified-id" />
 <error level="error" id="err_incomplete_base_class" file="C:\Users\Andre\Documents\GitHub\TextVenturer\SoftwareEngineering\TextVenturer/LineInput.h" line="5" col="26" msg="base class has incomplete type" />
 <error level="error" id="err_undeclared_var_use" file="C:\Users\Andre\Documents\GitHub\TextVenturer\SoftwareEngineering\TextVenturer\LineInput.cpp" line="23" col="5" msg="use of undeclared identifier &apos;notifyChanges&apos;" />
 <error level="error" id="err_undeclared_var_use" file="C:\Users\Andre\Documents\GitHub\TextVenturer\SoftwareEngineering\TextVenturer\LineInput.cpp" line="28" col="5" msg="use of undeclared identifier &apos;getTextDisplay&apos;" />
 <error level="error" id="err_undeclared_var_use" file="C:\Users\Andre\Documents\GitHub\TextVenturer\SoftwareEngineering\TextVenturer\LineInput.cpp" line="28" col="33" msg="use of undeclared identifier &apos;getPos&apos;" />
 <error level="error" id="err_undeclared_var_use" file="C:\Users\Andre\Documents\GitHub\TextVenturer\SoftwareEngineering\TextVenturer\LineInput.cpp" line="28" col="45" msg="use of undeclared identifier &apos;getPos&apos;" />
 <error level="error" id="err_undeclared_var_use" file="C:\Users\Andre\Documents\GitHub\TextVenturer\SoftwareEngineering\TextVenturer\LineInput.cpp" line="37" col="5" msg="use of undeclared identifier &apos;notifyChanges&apos;" />
 <error level="error" id="err_not_direct_base_or_virtual" file="C:\Users\Andre\Documents\GitHub\TextVenturer\SoftwareEngineering\TextVenturer\LineInput.cpp" line="46" col="7" msg="type &apos;DynamicGUIBase&apos; is not a direct or virtual base of &apos;LineInput&apos;" />
 <error level="warning" id="ext_mismatched_exception_spec" file="C:\Users\Andre\Documents\GitHub\TextVenturer\SoftwareEngineering\TextVenturer\LineInput.cpp" line="53" col="12" msg="exception specification in declaration does not match previous declaration" />
 <error level="error" id="err_undeclared_var_use" file="C:\Users\Andre\Documents\GitHub\TextVenturer\SoftwareEngineering\TextVenturer\LineInput.cpp" line="59" col="9" msg="use of undeclared identifier &apos;hasChanged&apos;" />
 <error level="error" id="err_undeclared_var_use" file="C:\Users\Andre\Documents\GitHub\TextVenturer\SoftwareEngineering\TextVenturer\LineInput.cpp" line="66" col="9" msg="use of undeclared identifier &apos;getTextDisplay&apos;" />
 <error level="error" id="err_undeclared_var_use" file="C:\Users\Andre\Documents\GitHub\TextVenturer\SoftwareEngineering\TextVenturer\LineInput.cpp" line="66" col="37" msg="use of undeclared identifier &apos;getPos&apos;" />
 <error level="error" id="err_undeclared_var_use" file="C:\Users\Andre\Documents\GitHub\TextVenturer\SoftwareEngineering\TextVenturer\LineInput.cpp" line="66" col="49" msg="use of undeclared identifier &apos;getPos&apos;" />
 <error level="error" id="err_undeclared_var_use" file="C:\Users\Andre\Documents\GitHub\TextVenturer\SoftwareEngineering\TextVenturer\LineInput.cpp" line="67" col="9" msg="use of undeclared identifier &apos;getTextDisplay&apos;" />
 <error level="error" id="err_undeclared_var_use" file="C:\Users\Andre\Documents\GitHub\TextVenturer\SoftwareEngineering\TextVenturer\LineInput.cpp" line="67" col="33" msg="use of undeclared identifier &apos;getPos&apos;" />
 <error level="error" id="err_undeclared_var_use" file="C:\Users\Andre\Documents\GitHub\TextVenturer\SoftwareEngineering\TextVenturer\LineInput.cpp" line="67" col="45" msg="use of undeclared identifier &apos;getPos&apos;" />
 <error level="error" id="err_undeclared_var_use" file="C:\Users\Andre\Documents\GitHub\TextVenturer\SoftwareEngineering\TextVenturer\LineInput.cpp" line="68" col="9" msg="use of undeclared identifier &apos;getTextDisplay&apos;" />
 <error level="error" id="err_undeclared_var_use" file="C:\Users\Andre\Documents\GitHub\TextVenturer\SoftwareEngineering\TextVenturer\LineInput.cpp" line="68" col="33" msg="use of undeclared identifier &apos;getPos&apos;" />
 <error level="error" id="err_undeclared_var_use" file="C:\Users\Andre\Documents\GitHub\TextVenturer\SoftwareEngineering\TextVenturer\LineInput.cpp" line="68" col="49" msg="use of undeclared identifier &apos;getPos&apos;" />
 <error level="error" id="err_undeclared_var_use" file="C:\Users\Andre\Documents\GitHub\TextVenturer\SoftwareEngineering\TextVenturer\LineInput.cpp" line="69" col="9" msg="use of undeclared identifier &apos;getTextDisplay&apos;" />
 <error level="error" id="err_undeclared_var_use" file="C:\Users\Andre\Documents\GitHub\TextVenturer\SoftwareEngineering\TextVenturer\LineInput.cpp" line="69" col="40" msg="use of undeclared identifier &apos;getPos&apos;" />
 <error level="error" id="err_undeclared_var_use" file="C:\Users\Andre\Documents\GitHub\TextVenturer\SoftwareEngineering\TextVenturer\LineInput.cpp" line="69" col="81" msg="use of undeclared identifier &apos;getPos&apos;" />
 <error level="error" id="err_incomplete_nested_name_spec" file="C:\Users\Andre\Documents\GitHub\TextVenturer\SoftwareEngineering\TextVenturer\LineInput.cpp" line="72" col="9" msg="incomplete type &apos;GUIBase&apos; named in nested name specifier" />
 <error level="note" id="note_previous_declaration" file="C:\Users\Andre\Documents\GitHub\TextVenturer\SoftwareEngineering\TextVenturer\LineInput.cpp" line="57" col="30" msg="previous declaration is here" />
 <error level="warning" id="warn_unused_parameter" file="C:\Users\Andre\Documents\GitHub\TextVenturer\SoftwareEngineering\TextVenturer\LineInput.cpp" line="57" col="30" msg="unused parameter &apos;deltaTime&apos;" />
 <error level="error" id="err_undeclared_var_use" file="C:\Users\Andre\Documents\GitHub\TextVenturer\SoftwareEngineering\TextVenturer\LineInput.cpp" line="83" col="5" msg="use of undeclared identifier &apos;getTextDisplay&apos;" />
 <error level="error" id="err_undeclared_var_use" file="C:\Users\Andre\Documents\GitHub\TextVenturer\SoftwareEngineering\TextVenturer\LineInput.cpp" line="111" col="17" msg="use of undeclared identifier &apos;getTextDisplay&apos;" />
 <error level="error" id="err_undeclared_var_use" file="C:\Users\Andre\Documents\GitHub\TextVenturer\SoftwareEngineering\TextVenturer\LineInput.cpp" line="133" col="17" msg="use of undeclared identifier &apos;getTextDisplay&apos;" />
 <error level="error" id="err_undeclared_var_use" file="C:\Users\Andre\Documents\GitHub\TextVenturer\SoftwareEngineering\TextVenturer\LineInput.cpp" line="155" col="17" msg="use of undeclared identifier &apos;getTextDisplay&apos;" />
 <error level="error" id="err_undeclared_var_use" file="C:\Users\Andre\Documents\GitHub\TextVenturer\SoftwareEngineering\TextVenturer\LineInput.cpp" line="177" col="17" msg="use of undeclared identifier &apos;getTextDisplay&apos;" />
 <error level="error" id="err_undeclared_var_use" file="C:\Users\Andre\Documents\GitHub\TextVenturer\SoftwareEngineering\TextVenturer\LineInput.cpp" line="203" col="5" msg="use of undeclared identifier &apos;getTextDisplay&apos;" />
 <error level="error" id="err_undeclared_var_use" file="C:\Users\Andre\Documents\GitHub\TextVenturer\SoftwareEngineering\TextVenturer\LineInput.cpp" line="209" col="5" msg="use of undeclared identifier &apos;getTextDisplay&apos;" />
 <error level="error" id="err_implicit_object_parameter_init" file="C:\Users\Andre\Documents\GitHub\TextVenturer\SoftwareEngineering\TextVenturer\LineInput.cpp" line="222" col="10" msg="cannot initialize object parameter of type &apos;LineInput&apos; with an expression of type &apos;LineInputAdventure&apos;" />
 <error level="error" id="err_implicit_object_parameter_init" file="C:\Users\Andre\Documents\GitHub\TextVenturer\SoftwareEngineering\TextVenturer\LineInput.cpp" line="229" col="13" msg="cannot initialize object parameter of type &apos;LineInput&apos; with an expression of type &apos;LineInputAdventure&apos;" />
 <error level="error" id="err_implicit_object_parameter_init" file="C:\Users\Andre\Documents\GitHub\TextVenturer\SoftwareEngineering\TextVenturer\LineInput.cpp" line="232" col="32" msg="cannot initialize object parameter of type &apos;LineInput&apos; with an expression of type &apos;LineInputAdventure&apos;" />
 <error level="error" id="err_implicit_object_parameter_init" file="C:\Users\Andre\Documents\GitHub\TextVenturer\SoftwareEngineering\TextVenturer\LineInput.cpp" line="239" col="41" msg="cannot initialize object parameter of type &apos;LineInput&apos; with an expression of type &apos;LineInputAdventure&apos;" />
 <error level="error" id="err_implicit_object_parameter_init" file="C:\Users\Andre\Documents\GitHub\TextVenturer\SoftwareEngineering\TextVenturer\LineInput.cpp" line="242" col="9" msg="cannot initialize object parameter of type &apos;LineInput&apos; with an expression of type &apos;LineInputAdventure&apos;" />
 <error level="error" id="err_implicit_object_parameter_init" file="C:\Users\Andre\Documents\GitHub\TextVenturer\SoftwareEngineering\TextVenturer\LineInput.cpp" line="243" col="9" msg="cannot initialize object parameter of type &apos;LineInput&apos; with an expression of type &apos;LineInputAdventure&apos;" />
 <error level="error" id="err_undeclared_var_use" file="C:\Users\Andre\Documents\GitHub\TextVenturer\SoftwareEngineering\TextVenturer\LineInput.cpp" line="244" col="9" msg="use of undeclared identifier &apos;getTextDisplay&apos;" />
 <error level="error" id="err_implicit_object_parameter_init" file="C:\Users\Andre\Documents\GitHub\TextVenturer\SoftwareEngineering\TextVenturer\LineInput.cpp" line="254" col="49" msg="cannot initialize object parameter of type &apos;LineInput&apos; with an expression of type &apos;LineInputAdventure&apos;" />
 <error level="error" id="err_implicit_object_parameter_init" file="C:\Users\Andre\Documents\GitHub\TextVenturer\SoftwareEngineering\TextVenturer\LineInput.cpp" line="255" col="17" msg="cannot initialize object parameter of type &apos;LineInput&apos; with an expression of type &apos;LineInputAdventure&apos;" />
 <error level="error" id="err_implicit_object_parameter_init" file="C:\Users\Andre\Documents\GitHub\TextVenturer\SoftwareEngineering\TextVenturer\LineInput.cpp" line="256" col="35" msg="cannot initialize object parameter of type &apos;LineInput&apos; with an expression of type &apos;LineInputAdventure&apos;" />
 <error level="error" id="err_undeclared_var_use" file="C:\Users\Andre\Documents\GitHub\TextVenturer\SoftwareEngineering\TextVenturer\LineInput.cpp" line="257" col="17" msg="use of undeclared identifier &apos;getTextDisplay&apos;" />
 <error level="error" id="err_implicit_object_parameter_init" file="C:\Users\Andre\Documents\GitHub\TextVenturer\SoftwareEngineering\TextVenturer\LineInput.cpp" line="265" col="13" msg="cannot initialize object parameter of type &apos;LineInput&apos; with an expression of type &apos;LineInputAdventure&apos;" />
 <error level="error" id="err_implicit_object_parameter_init" file="C:\Users\Andre\Documents\GitHub\TextVenturer\SoftwareEngineering\TextVenturer\LineInput.cpp" line="266" col="31" msg="cannot initialize object parameter of type &apos;LineInput&apos; with an expression of type &apos;LineInputAdventure&apos;" />
 <error level="error" id="err_undeclared_var_use" file="C:\Users\Andre\Documents\GitHub\TextVenturer\SoftwareEngineering\TextVenturer\LineInput.cpp" line="267" col="13" msg="use of undeclared identifier &apos;getTextDisplay&apos;" />
 <error level="error" id="err_implicit_object_parameter_init" file="C:\Users\Andre\Documents\GitHub\TextVenturer\SoftwareEngineering\TextVenturer\LineInput.cpp" line="276" col="13" msg="cannot initialize object parameter of type &apos;LineInput&apos; with an expression of type &apos;LineInputAdventure&apos;" />
 <error level="error" id="err_implicit_object_parameter_init" file="C:\Users\Andre\Documents\GitHub\TextVenturer\SoftwareEngineering\TextVenturer\LineInput.cpp" line="277" col="31" msg="cannot initialize object parameter of type &apos;LineInput&apos; with an expression of type &apos;LineInputAdventure&apos;" />
 <error level="error" id="err_undeclared_var_use" file="C:\Users\Andre\Documents\GitHub\TextVenturer\SoftwareEngineering\TextVenturer\LineInput.cpp" line="278" col="13" msg="use of undeclared identifier &apos;getTextDisplay&apos;" />
 <error level="error" id="err_implicit_object_parameter_init" file="C:\Users\Andre\Documents\GitHub\TextVenturer\SoftwareEngineering\TextVenturer\LineInput.cpp" line="283" col="13" msg="cannot initialize object parameter of type &apos;LineInput&apos; with an expression of type &apos;LineInputAdventure&apos;" />
 <error level="error" id="err_implicit_object_parameter_init" file="C:\Users\Andre\Documents\GitHub\TextVenturer\SoftwareEngineering\TextVenturer\LineInput.cpp" line="285" col="31" msg="cannot initialize object parameter of type &apos;LineInput&apos; with an expression of type &apos;LineInputAdventure&apos;" />
 <error level="error" id="err_undeclared_var_use" file="C:\Users\Andre\Documents\GitHub\TextVenturer\SoftwareEngineering\TextVenturer\LineInput.cpp" line="286" col="13" msg="use of undeclared identifier &apos;getTextDisplay&apos;" />
 <error level="error" id="err_implicit_object_parameter_init" file="C:\Users\Andre\Documents\GitHub\TextVenturer\SoftwareEngineering\TextVenturer\LineInput.cpp" line="292" col="20" msg="cannot initialize object parameter of type &apos;LineInput&apos; with an expression of type &apos;LineInputAdventure&apos;" />
 <error level="note" id="note_template_member_function_here" file="C:\Users\Andre\Documents\GitHub\TextVenturer\SoftwareEngineering\TextVenturer\LineInput.cpp" line="20" col="20" msg="in instantiation of member function &apos;std::_List_const_iterator&lt;std::_List_val&lt;std::_List_simple_types&lt;GenericEventFunc&lt;void (*)(void *, void *)&gt; &gt; &gt; &gt;::operator++&apos; requested here" />
 <error level="note" id="note_template_member_function_here" file="C:\Users\Andre\Documents\GitHub\TextVenturer\SoftwareEngineering\TextVenturer\LineInput.cpp" line="20" col="20" msg="in instantiation of member function &apos;std::_List_const_iterator&lt;std::_List_val&lt;std::_List_simple_types&lt;GenericEventFunc&lt;void (*)(void *, void *)&gt; &gt; &gt; &gt;::operator*&apos; requested here" />
 <error level="note" id="note_function_template_spec_here" file="C:\Users\Andre\Documents\GitHub\TextVenturer\SoftwareEngineering\TextVenturer\LineInput.cpp" line="187" col="14" msg="in instantiation of function template specialization &apos;std::_Hash&lt;std::_Uset_traits&lt;GenericEventFunc&lt;void (*)(void *, void *)&gt;, std::_Uhash_compare&lt;GenericEventFunc&lt;void (*)(void *, void *)&gt;, EventHasher&lt;void (*)(void *, void *)&gt;, std::equal_to&lt;GenericEventFunc&lt;void (*)(void *, void *)&gt; &gt; &gt;, std::allocator&lt;GenericEventFunc&lt;void (*)(void *, void *)&gt; &gt;, false&gt; &gt;::insert&lt;false, 0&gt;&apos; requested here" />
 <error level="note" id="note_function_template_spec_here" file="C:\Users\Andre\Documents\GitHub\TextVenturer\SoftwareEngineering\TextVenturer\LineInput.cpp" line="187" col="14" msg="in instantiation of function template specialization &apos;std::_Hash&lt;std::_Uset_traits&lt;GenericEventFunc&lt;void (*)(void *, void *)&gt;, std::_Uhash_compare&lt;GenericEventFunc&lt;void (*)(void *, void *)&gt;, EventHasher&lt;void (*)(void *, void *)&gt;, std::equal_to&lt;GenericEventFunc&lt;void (*)(void *, void *)&gt; &gt; &gt;, std::allocator&lt;GenericEventFunc&lt;void (*)(void *, void *)&gt; &gt;, false&gt; &gt;::insert&lt;false, 0&gt;&apos; requested here" />
 <error level="note" id="note_function_template_spec_here" file="C:\Users\Andre\Documents\GitHub\TextVenturer\SoftwareEngineering\TextVenturer\LineInput.cpp" line="187" col="14" msg="in instantiation of function template specialization &apos;std::_Hash&lt;std::_Uset_traits&lt;GenericEventFunc&lt;void (*)(void *, void *)&gt;, std::_Uhash_compare&lt;GenericEventFunc&lt;void (*)(void *, void *)&gt;, EventHasher&lt;void (*)(void *, void *)&gt;, std::equal_to&lt;GenericEventFunc&lt;void (*)(void *, void *)&gt; &gt; &gt;, std::allocator&lt;GenericEventFunc&lt;void (*)(void *, void *)&gt; &gt;, false&gt; &gt;::insert&lt;false, 0&gt;&apos; requested here" />
 <error level="note" id="note_function_template_spec_here" file="C:\Users\Andre\Documents\GitHub\TextVenturer\SoftwareEngineering\TextVenturer\LineInput.cpp" line="187" col="14" msg="in instantiation of function template specialization &apos;std::_Hash&lt;std::_Uset_traits&lt;GenericEventFunc&lt;void (*)(void *, void *)&gt;, std::_Uhash_compare&lt;GenericEventFunc&lt;void (*)(void *, void *)&gt;, EventHasher&lt;void (*)(void *, void *)&gt;, std::equal_to&lt;GenericEventFunc&lt;void (*)(void *, void *)&gt; &gt; &gt;, std::allocator&lt;GenericEventFunc&lt;void (*)(void *, void *)&gt; &gt;, false&gt; &gt;::insert&lt;false, 0&gt;&apos; requested here" />
 <error level="note" id="note_function_template_spec_here" file="C:\Users\Andre\Documents\GitHub\TextVenturer\SoftwareEngineering\TextVenturer\LineInput.cpp" line="187" col="14" msg="in instantiation of function template specialization &apos;std::_Hash&lt;std::_Uset_traits&lt;GenericEventFunc&lt;void (*)(void *, void *)&gt;, std::_Uhash_compare&lt;GenericEventFunc&lt;void (*)(void *, void *)&gt;, EventHasher&lt;void (*)(void *, void *)&gt;, std::equal_to&lt;GenericEventFunc&lt;void (*)(void *, void *)&gt; &gt; &gt;, std::allocator&lt;GenericEventFunc&lt;void (*)(void *, void *)&gt; &gt;, false&gt; &gt;::insert&lt;false, 0&gt;&apos; requested here" />
 <error level="note" id="note_function_template_spec_here" file="C:\Users\Andre\Documents\GitHub\TextVenturer\SoftwareEngineering\TextVenturer\LineInput.cpp" line="187" col="14" msg="in instantiation of function template specialization &apos;std::_Hash&lt;std::_Uset_traits&lt;GenericEventFunc&lt;void (*)(void *, void *)&gt;, std::_Uhash_compare&lt;GenericEventFunc&lt;void (*)(void *, void *)&gt;, EventHasher&lt;void (*)(void *, void *)&gt;, std::equal_to&lt;GenericEventFunc&lt;void (*)(void *, void *)&gt; &gt; &gt;, std::allocator&lt;GenericEventFunc&lt;void (*)(void *, void *)&gt; &gt;, false&gt; &gt;::insert&lt;false, 0&gt;&apos; requested here" />
 <error level="note" id="note_function_template_spec_here" file="C:\Users\Andre\Documents\GitHub\TextVenturer\SoftwareEngineering\TextVenturer\LineInput.cpp" line="187" col="14" msg="in instantiation of function template specialization &apos;std::_Hash&lt;std::_Uset_traits&lt;GenericEventFunc&lt;void (*)(void *, void *)&gt;, std::_Uhash_compare&lt;GenericEventFunc&lt;void (*)(void *, void *)&gt;, EventHasher&lt;void (*)(void *, void *)&gt;, std::equal_to&lt;GenericEventFunc&lt;void (*)(void *, void *)&gt; &gt; &gt;, std::allocator&lt;GenericEventFunc&lt;void (*)(void *, void *)&gt; &gt;, false&gt; &gt;::insert&lt;false, 0&gt;&apos; requested here" />
 <error level="note" id="note_function_template_spec_here" file="C:\Users\Andre\Documents\GitHub\TextVenturer\SoftwareEngineering\TextVenturer\LineInput.cpp" line="187" col="14" msg="in instantiation of function template specialization &apos;std::_Hash&lt;std::_Uset_traits&lt;GenericEventFunc&lt;void (*)(void *, void *)&gt;, std::_Uhash_compare&lt;GenericEventFunc&lt;void (*)(void *, void *)&gt;, EventHasher&lt;void (*)(void *, void *)&gt;, std::equal_to&lt;GenericEventFunc&lt;void (*)(void *, void *)&gt; &gt; &gt;, std::allocator&lt;GenericEventFunc&lt;void (*)(void *, void *)&gt; &gt;, false&gt; &gt;::insert&lt;false, 0&gt;&apos; requested here" />
 <error level="note" id="note_function_template_spec_here" file="C:\Users\Andre\Documents\GitHub\TextVenturer\SoftwareEngineering\TextVenturer\LineInput.cpp" line="187" col="14" msg="in instantiation of function template specialization &apos;std::_Hash&lt;std::_Uset_traits&lt;GenericEventFunc&lt;void (*)(void *, void *)&gt;, std::_Uhash_compare&lt;GenericEventFunc&lt;void (*)(void *, void *)&gt;, EventHasher&lt;void (*)(void *, void *)&gt;, std::equal_to&lt;GenericEventFunc&lt;void (*)(void *, void *)&gt; &gt; &gt;, std::allocator&lt;GenericEventFunc&lt;void (*)(void *, void *)&gt; &gt;, false&gt; &gt;::insert&lt;false, 0&gt;&apos; requested here" />
 <error level="note" id="note_template_member_function_here" file="C:\Users\Andre\Documents\GitHub\TextVenturer\SoftwareEngineering\TextVenturer\LineInput.cpp" line="192" col="14" msg="in instantiation of member function &apos;std::_Hash&lt;std::_Uset_traits&lt;GenericEventFunc&lt;void (*)(void *, void *)&gt;, std::_Uhash_compare&lt;GenericEventFunc&lt;void (*)(void *, void *)&gt;, EventHasher&lt;void (*)(void *, void *)&gt;, std::equal_to&lt;GenericEventFunc&lt;void (*)(void *, void *)&gt; &gt; &gt;, std::allocator&lt;GenericEventFunc&lt;void (*)(void *, void *)&gt; &gt;, false&gt; &gt;::erase&apos; requested here" />
 <error level="note" id="note_template_member_function_here" file="C:\Users\Andre\Documents\GitHub\TextVenturer\SoftwareEngineering\TextVenturer\LineInput.cpp" line="212" col="21" msg="in instantiation of member function &apos;std::vector&lt;std::basic_string&lt;char, std::char_traits&lt;char&gt;, std::allocator&lt;char&gt; &gt;, std::allocator&lt;std::basic_string&lt;char, std::char_traits&lt;char&gt;, std::allocator&lt;char&gt; &gt; &gt; &gt;::~vector&apos; requested here" />
 <error level="note" id="note_template_member_function_here" file="C:\Users\Andre\Documents\GitHub\TextVenturer\SoftwareEngineering\TextVenturer\LineInput.cpp" line="236" col="21" msg="in instantiation of member function &apos;std::vector&lt;std::basic_string&lt;char, std::char_traits&lt;char&gt;, std::allocator&lt;char&gt; &gt;, std::allocator&lt;std::basic_string&lt;char, std::char_traits&lt;char&gt;, std::allocator&lt;char&gt; &gt; &gt; &gt;::erase&apos; requested here" />
 <error level="note" id="note_template_member_function_here" file="C:\Users\Andre\Documents\GitHub\TextVenturer\SoftwareEngineering\TextVenturer\LineInput.cpp" line="236" col="21" msg="in instantiation of member function &apos;std::vector&lt;std::basic_string&lt;char, std::char_traits&lt;char&gt;, std::allocator&lt;char&gt; &gt;, std::allocator&lt;std::basic_string&lt;char, std::char_traits&lt;char&gt;, std::allocator&lt;char&gt; &gt; &gt; &gt;::erase&apos; requested here" />
 <error level="note" id="note_template_member_function_here" file="C:\Users\Andre\Documents\GitHub\TextVenturer\SoftwareEngineering\TextVenturer\LineInput.cpp" line="236" col="21" msg="in instantiation of member function &apos;std::vector&lt;std::basic_string&lt;char, std::char_traits&lt;char&gt;, std::allocator&lt;char&gt; &gt;, std::allocator&lt;std::basic_string&lt;char, std::char_traits&lt;char&gt;, std::allocator&lt;char&gt; &gt; &gt; &gt;::erase&apos; requested here" />
 <error level="note" id="note_template_member_function_here" file="C:\Users\Andre\Documents\GitHub\TextVenturer\SoftwareEngineering\TextVenturer\LineInput.cpp" line="252" col="25" msg="in instantiation of member function &apos;std::vector&lt;std::basic_string&lt;char, std::char_traits&lt;char&gt;, std::allocator&lt;char&gt; &gt;, std::allocator&lt;std::basic_string&lt;char, std::char_traits&lt;char&gt;, std::allocator&lt;char&gt; &gt; &gt; &gt;::size&apos; requested here" />
</log>