<log>
 <error level="error" id="err_pp_macro_not_identifier" file="&lt;command line&gt;" line="6" col="9" msg="macro name must be an identifier" />
 <error level="error" id="err_ref_non_value" file="c:\program files (x86)\microsoft visual studio 14.0\vc\include\type_traits" line="524" col="45" msg="&apos;_To&apos; does not refer to a value" />
 <error level="error" id="err_ref_non_value" file="c:\program files (x86)\microsoft visual studio 14.0\vc\include\type_traits" line="524" col="50" msg="&apos;_From&apos; does not refer to a value" />
 <error level="error" id="err_expected_class_name" file="c:\program files (x86)\microsoft visual studio 14.0\vc\include\type_traits" line="525" col="2" msg="expected class name" />
 <error level="error" id="err_expected_after" file="c:\program files (x86)\microsoft visual studio 14.0\vc\include\type_traits" line="1245" col="50" msg="expected &apos;;&apos; after alias declaration" />
 <error level="error" id="err_no_template_suggest" file="c:\program files (x86)\microsoft visual studio 14.0\vc\include\type_traits" line="1252" col="30" msg="no template named &apos;make_integer_sequence&apos;; did you mean &apos;integer_sequence&apos;?" />
 <error level="error" id="err_unexpected_typedef" file="c:\program files (x86)\microsoft visual studio 14.0\vc\include\tuple" line="368" col="26" msg="unexpected type name &apos;size_t&apos;: expected expression" />
 <error level="error" id="err_init_list_bin_op" file="c:\program files (x86)\microsoft visual studio 14.0\vc\include\tuple" line="368" col="77" msg="initializer list cannot be used on the right hand side of operator &apos;&gt;&apos;" />
 <error level="error" id="err_no_template_suggest" file="c:\program files (x86)\microsoft visual studio 14.0\vc\include\tuple" line="1096" col="5" msg="no template named &apos;make_integer_sequence&apos;; did you mean &apos;make_index_sequence&apos;?" />
 <error level="error" id="err_template_arg_must_be_expr" file="c:\program files (x86)\microsoft visual studio 14.0\vc\include\tuple" line="1096" col="27" msg="template argument for non-type template parameter must be an expression" />
 <error level="error" id="err_expected_class_name" file="c:\program files (x86)\microsoft visual studio 14.0\vc\include\tuple" line="1098" col="35" msg="expected class name" />
 <error level="error" id="err_expected_class_name" file="c:\program files (x86)\microsoft visual studio 14.0\vc\include\tuple" line="1099" col="4" msg="expected class name" />
 <error level="error" id="err_expected_lbrace_after_base_specifiers" file="c:\program files (x86)\microsoft visual studio 14.0\vc\include\tuple" line="1100" col="12" msg="expected &apos;{&apos; after base class list" />
 <error level="error" id="err_expected_after" file="c:\program files (x86)\microsoft visual studio 14.0\vc\include\tuple" line="1100" col="12" msg="expected &apos;;&apos; after struct" />
 <error level="error" id="err_expected_unqualified_id" file="c:\program files (x86)\microsoft visual studio 14.0\vc\include\tuple" line="1100" col="12" msg="expected unqualified-id" />
 <error level="error" id="err_no_template_suggest" file="c:\program files (x86)\microsoft visual studio 14.0\vc\include\tuple" line="1161" col="3" msg="no template named &apos;make_integer_sequence&apos;; did you mean &apos;make_index_sequence&apos;?" />
 <error level="error" id="err_template_arg_must_be_expr" file="c:\program files (x86)\microsoft visual studio 14.0\vc\include\tuple" line="1161" col="25" msg="template argument for non-type template parameter must be an expression" />
 <error level="error" id="err_undeclared_var_use" file="c:\program files (x86)\microsoft visual studio 14.0\vc\include\tuple" line="1194" col="4" msg="use of undeclared identifier &apos;make_integer_sequence&apos;" />
 <error level="error" id="err_unexpected_typedef" file="c:\program files (x86)\microsoft visual studio 14.0\vc\include\tuple" line="1194" col="26" msg="unexpected type name &apos;size_t&apos;: expected expression" />
 <error level="error" id="err_expected_expression" file="c:\program files (x86)\microsoft visual studio 14.0\vc\include\tuple" line="1194" col="54" msg="expected expression" />
 <error level="error" id="err_undeclared_var_use" file="c:\program files (x86)\microsoft visual studio 14.0\vc\include\tuple" line="1195" col="4" msg="use of undeclared identifier &apos;make_integer_sequence&apos;" />
 <error level="error" id="err_unexpected_typedef" file="c:\program files (x86)\microsoft visual studio 14.0\vc\include\tuple" line="1195" col="26" msg="unexpected type name &apos;size_t&apos;: expected expression" />
 <error level="error" id="err_expected_expression" file="c:\program files (x86)\microsoft visual studio 14.0\vc\include\tuple" line="1195" col="54" msg="expected expression" />
 <error level="error" id="err_no_template_suggest" file="c:\program files (x86)\microsoft visual studio 14.0\vc\include\functional" line="773" col="4" msg="no template named &apos;make_integer_sequence&apos;; did you mean &apos;make_index_sequence&apos;?" />
 <error level="error" id="err_template_arg_must_be_expr" file="c:\program files (x86)\microsoft visual studio 14.0\vc\include\functional" line="773" col="26" msg="template argument for non-type template parameter must be an expression" />
 <error level="error" id="err_undeclared_var_use" file="c:\program files (x86)\microsoft visual studio 14.0\vc\include\functional" line="776" col="4" msg="use of undeclared identifier &apos;make_integer_sequence&apos;" />
 <error level="error" id="err_unexpected_typedef" file="c:\program files (x86)\microsoft visual studio 14.0\vc\include\functional" line="776" col="26" msg="unexpected type name &apos;size_t&apos;: expected expression" />
 <error level="error" id="err_expected_expression" file="c:\program files (x86)\microsoft visual studio 14.0\vc\include\functional" line="776" col="63" msg="expected expression" />
 <error level="error" id="err_no_template_suggest" file="c:\program files (x86)\microsoft visual studio 14.0\vc\include\functional" line="856" col="10" msg="no template named &apos;make_integer_sequence&apos;; did you mean &apos;make_index_sequence&apos;?" />
 <error level="error" id="err_template_arg_must_be_expr" file="c:\program files (x86)\microsoft visual studio 14.0\vc\include\functional" line="856" col="32" msg="template argument for non-type template parameter must be an expression" />
 <error level="error" id="err_undeclared_var_use" file="c:\program files (x86)\microsoft visual studio 14.0\vc\include\thr/xthread" line="248" col="4" msg="use of undeclared identifier &apos;make_integer_sequence&apos;" />
 <error level="error" id="err_unexpected_typedef" file="c:\program files (x86)\microsoft visual studio 14.0\vc\include\thr/xthread" line="248" col="26" msg="unexpected type name &apos;size_t&apos;: expected expression" />
 <error level="error" id="err_expected_expression" file="c:\program files (x86)\microsoft visual studio 14.0\vc\include\thr/xthread" line="249" col="56" msg="expected expression" />
 <error level="error" id="err_no_template_suggest" file="c:\program files (x86)\microsoft visual studio 14.0\vc\include\mutex" line="476" col="58" msg="no template named &apos;make_integer_sequence&apos;; did you mean &apos;make_index_sequence&apos;?" />
 <error level="error" id="err_template_arg_must_be_expr" file="c:\program files (x86)\microsoft visual studio 14.0\vc\include\mutex" line="476" col="80" msg="template argument for non-type template parameter must be an expression" />
 <error level="error" id="err_no_template_suggest" file="c:\program files (x86)\microsoft visual studio 14.0\vc\include\mutex" line="478" col="53" msg="no template named &apos;make_integer_sequence&apos;; did you mean &apos;make_index_sequence&apos;?" />
 <error level="error" id="err_template_arg_must_be_expr" file="c:\program files (x86)\microsoft visual studio 14.0\vc\include\mutex" line="478" col="75" msg="template argument for non-type template parameter must be an expression" />
 <error level="error" id="err_no_template_suggest" file="c:\program files (x86)\microsoft visual studio 14.0\vc\include\mutex" line="512" col="10" msg="no template named &apos;make_integer_sequence&apos;; did you mean &apos;make_index_sequence&apos;?" />
 <error level="error" id="err_template_arg_must_be_expr" file="c:\program files (x86)\microsoft visual studio 14.0\vc\include\mutex" line="512" col="32" msg="template argument for non-type template parameter must be an expression" />
 <error level="error" id="err_expected_expression" file="C:\Users\Andre\Documents\GitHub\TextVenturer\SoftwareEngineering\TextVenturer/Texture.h" line="5" col="1" msg="expected expression" />
 <error level="error" id="err_typecheck_decl_incomplete_type" file="C:\Users\Andre\Documents\GitHub\TextVenturer\SoftwareEngineering\TextVenturer/Texture.h" line="3" col="15" msg="variable has incomplete type &apos;class Texture&apos;" />
 <error level="error" id="err_incomplete_base_class" file="C:\Users\Andre\Documents\GitHub\TextVenturer\SoftwareEngineering\TextVenturer/Texture.h" line="25" col="30" msg="base class has incomplete type" />
 <error level="error" id="err_redefinition" file="C:\Users\Andre\Documents\GitHub\TextVenturer\SoftwareEngineering\TextVenturer/AdventureObject.h" line="10" col="23" msg="redefinition of &apos;abstract&apos;" />
 <error level="error" id="err_expected_expression" file="C:\Users\Andre\Documents\GitHub\TextVenturer\SoftwareEngineering\TextVenturer/AdventureObject.h" line="12" col="1" msg="expected expression" />
 <error level="error" id="err_incomplete_base_class" file="C:\Users\Andre\Documents\GitHub\TextVenturer\SoftwareEngineering\TextVenturer/Location.h" line="13" col="25" msg="base class has incomplete type" />
 <error level="error" id="err_incomplete_base_class" file="C:\Users\Andre\Documents\GitHub\TextVenturer\SoftwareEngineering\TextVenturer/Room.h" line="11" col="21" msg="base class has incomplete type" />
 <error level="error" id="err_incomplete_base_class" file="C:\Users\Andre\Documents\GitHub\TextVenturer\SoftwareEngineering\TextVenturer/Item.h" line="7" col="21" msg="base class has incomplete type" />
 <error level="error" id="err_expected_expression" file="C:\Users\Andre\Documents\GitHub\TextVenturer\SoftwareEngineering\TextVenturer/CustomScript.h" line="46" col="5" msg="expected expression" />
 <error level="error" id="err_typecheck_decl_incomplete_type" file="C:\Users\Andre\Documents\GitHub\TextVenturer\SoftwareEngineering\TextVenturer/CustomScript.h" line="44" col="22" msg="variable has incomplete type &apos;class Expression&apos;" />
 <error level="error" id="err_redefinition_different_kind" file="C:\Users\Andre\Documents\GitHub\TextVenturer\SoftwareEngineering\TextVenturer/CustomScript.h" line="61" col="27" msg="redefinition of &apos;abstract&apos; as different kind of symbol" />
 <error level="error" id="err_expected_semi_declaration" file="C:\Users\Andre\Documents\GitHub\TextVenturer\SoftwareEngineering\TextVenturer/CustomScript.h" line="61" col="36" msg="expected &apos;;&apos; at end of declaration" />
 <error level="error" id="err_expected_unqualified_id" file="C:\Users\Andre\Documents\GitHub\TextVenturer\SoftwareEngineering\TextVenturer/CustomScript.h" line="61" col="38" msg="expected unqualified-id" />
 <error level="error" id="err_redefinition" file="C:\Users\Andre\Documents\GitHub\TextVenturer\SoftwareEngineering\TextVenturer/CustomScript.h" line="70" col="28" msg="redefinition of &apos;abstract&apos;" />
 <error level="error" id="err_invalid_token_after_toplevel_declarator" file="C:\Users\Andre\Documents\GitHub\TextVenturer\SoftwareEngineering\TextVenturer/CustomScript.h" line="70" col="37" msg="expected &apos;;&apos; after top level declarator" />
 <error level="error" id="err_expected_unqualified_id" file="C:\Users\Andre\Documents\GitHub\TextVenturer\SoftwareEngineering\TextVenturer/CustomScript.h" line="70" col="39" msg="expected unqualified-id" />
 <error level="error" id="err_redefinition" file="C:\Users\Andre\Documents\GitHub\TextVenturer\SoftwareEngineering\TextVenturer/CustomScript.h" line="92" col="28" msg="redefinition of &apos;abstract&apos;" />
 <error level="error" id="err_invalid_token_after_toplevel_declarator" file="C:\Users\Andre\Documents\GitHub\TextVenturer\SoftwareEngineering\TextVenturer/CustomScript.h" line="92" col="37" msg="expected &apos;;&apos; after top level declarator" />
 <error level="error" id="err_expected_unqualified_id" file="C:\Users\Andre\Documents\GitHub\TextVenturer\SoftwareEngineering\TextVenturer/CustomScript.h" line="92" col="39" msg="expected unqualified-id" />
 <error level="error" id="err_redefinition" file="C:\Users\Andre\Documents\GitHub\TextVenturer\SoftwareEngineering\TextVenturer/CustomScript.h" line="118" col="26" msg="redefinition of &apos;abstract&apos;" />
 <error level="error" id="err_invalid_token_after_toplevel_declarator" file="C:\Users\Andre\Documents\GitHub\TextVenturer\SoftwareEngineering\TextVenturer/CustomScript.h" line="118" col="35" msg="expected &apos;;&apos; after top level declarator" />
 <error level="error" id="err_expected_unqualified_id" file="C:\Users\Andre\Documents\GitHub\TextVenturer\SoftwareEngineering\TextVenturer/CustomScript.h" line="118" col="37" msg="expected unqualified-id" />
 <error level="error" id="err_incomplete_base_class" file="C:\Users\Andre\Documents\GitHub\TextVenturer\SoftwareEngineering\TextVenturer/CustomScript.h" line="149" col="36" msg="base class has incomplete type" />
 <error level="error" id="err_not_direct_base_or_virtual" file="C:\Users\Andre\Documents\GitHub\TextVenturer\SoftwareEngineering\TextVenturer/CustomScript.h" line="158" col="43" msg="type &apos;CustomScript::ObjectExpression&apos; is not a direct or virtual base of &apos;CustomScript::IdentExpression&apos;" />
 <error level="error" id="err_incomplete_base_class" file="C:\Users\Andre\Documents\GitHub\TextVenturer\SoftwareEngineering\TextVenturer/CustomScript.h" line="168" col="45" msg="base class has incomplete type" />
 <error level="error" id="err_incomplete_base_class" file="C:\Users\Andre\Documents\GitHub\TextVenturer\SoftwareEngineering\TextVenturer/CustomScript.h" line="197" col="42" msg="base class has incomplete type" />
 <error level="error" id="err_not_direct_base_or_virtual" file="C:\Users\Andre\Documents\GitHub\TextVenturer\SoftwareEngineering\TextVenturer/CustomScript.h" line="206" col="49" msg="type &apos;CustomScript::StringExpression&apos; is not a direct or virtual base of &apos;CustomScript::ConstStringExpression&apos;" />
 <error level="error" id="err_incomplete_base_class" file="C:\Users\Andre\Documents\GitHub\TextVenturer\SoftwareEngineering\TextVenturer/CustomScript.h" line="215" col="43" msg="base class has incomplete type" />
 <error level="error" id="err_not_direct_base_or_virtual" file="C:\Users\Andre\Documents\GitHub\TextVenturer\SoftwareEngineering\TextVenturer/CustomScript.h" line="224" col="50" msg="type &apos;CustomScript::StringExpression&apos; is not a direct or virtual base of &apos;CustomScript::StringConcatExpression&apos;" />
 <error level="error" id="err_incomplete_base_class" file="C:\Users\Andre\Documents\GitHub\TextVenturer\SoftwareEngineering\TextVenturer/CustomScript.h" line="234" col="36" msg="base class has incomplete type" />
 <error level="error" id="err_not_direct_base_or_virtual" file="C:\Users\Andre\Documents\GitHub\TextVenturer\SoftwareEngineering\TextVenturer/CustomScript.h" line="243" col="43" msg="type &apos;CustomScript::StringExpression&apos; is not a direct or virtual base of &apos;CustomScript::ParamExpression&apos;" />
 <error level="error" id="err_incomplete_base_class" file="C:\Users\Andre\Documents\GitHub\TextVenturer\SoftwareEngineering\TextVenturer/CustomScript.h" line="252" col="44" msg="base class has incomplete type" />
 <error level="error" id="err_not_direct_base_or_virtual" file="C:\Users\Andre\Documents\GitHub\TextVenturer\SoftwareEngineering\TextVenturer/CustomScript.h" line="261" col="51" msg="type &apos;CustomScript::StringExpression&apos; is not a direct or virtual base of &apos;CustomScript::IdentAsStringExpression&apos;" />
 <error level="error" id="err_incomplete_base_class" file="C:\Users\Andre\Documents\GitHub\TextVenturer\SoftwareEngineering\TextVenturer/CustomScript.h" line="271" col="43" msg="base class has incomplete type" />
 <error level="error" id="err_incomplete_base_class" file="C:\Users\Andre\Documents\GitHub\TextVenturer\SoftwareEngineering\TextVenturer/CustomScript.h" line="291" col="40" msg="base class has incomplete type" />
 <error level="error" id="err_not_direct_base_or_virtual" file="C:\Users\Andre\Documents\GitHub\TextVenturer\SoftwareEngineering\TextVenturer/CustomScript.h" line="300" col="47" msg="type &apos;CustomScript::BoolExpression&apos; is not a direct or virtual base of &apos;CustomScript::ConstBoolExpression&apos;" />
 <error level="error" id="err_incomplete_base_class" file="C:\Users\Andre\Documents\GitHub\TextVenturer\SoftwareEngineering\TextVenturer/CustomScript.h" line="309" col="44" msg="base class has incomplete type" />
 <error level="error" id="err_incomplete_base_class" file="C:\Users\Andre\Documents\GitHub\TextVenturer\SoftwareEngineering\TextVenturer/CustomScript.h" line="328" col="38" msg="base class has incomplete type" />
 <error level="error" id="err_incomplete_base_class" file="C:\Users\Andre\Documents\GitHub\TextVenturer\SoftwareEngineering\TextVenturer/CustomScript.h" line="347" col="39" msg="base class has incomplete type" />
 <error level="error" id="err_incomplete_base_class" file="C:\Users\Andre\Documents\GitHub\TextVenturer\SoftwareEngineering\TextVenturer/CustomScript.h" line="366" col="38" msg="base class has incomplete type" />
 <error level="error" id="err_incomplete_base_class" file="C:\Users\Andre\Documents\GitHub\TextVenturer\SoftwareEngineering\TextVenturer/CustomScript.h" line="394" col="46" msg="base class has incomplete type" />
 <error level="error" id="err_incomplete_base_class" file="C:\Users\Andre\Documents\GitHub\TextVenturer\SoftwareEngineering\TextVenturer/CustomScript.h" line="415" col="45" msg="base class has incomplete type" />
 <error level="error" id="err_incomplete_base_class" file="C:\Users\Andre\Documents\GitHub\TextVenturer\SoftwareEngineering\TextVenturer/CustomScript.h" line="435" col="45" msg="base class has incomplete type" />
 <error level="error" id="err_redefinition" file="C:\Users\Andre\Documents\GitHub\TextVenturer\SoftwareEngineering\TextVenturer/CustomScript.h" line="507" col="28" msg="redefinition of &apos;abstract&apos;" />
 <error level="error" id="err_invalid_token_after_toplevel_declarator" file="C:\Users\Andre\Documents\GitHub\TextVenturer\SoftwareEngineering\TextVenturer/CustomScript.h" line="507" col="37" msg="expected &apos;;&apos; after top level declarator" />
 <error level="error" id="err_expected_unqualified_id" file="C:\Users\Andre\Documents\GitHub\TextVenturer\SoftwareEngineering\TextVenturer/CustomScript.h" line="507" col="39" msg="expected unqualified-id" />
 <error level="error" id="err_redefinition" file="C:\Users\Andre\Documents\GitHub\TextVenturer\SoftwareEngineering\TextVenturer/CustomScript.h" line="521" col="32" msg="redefinition of &apos;abstract&apos;" />
 <error level="error" id="err_invalid_token_after_toplevel_declarator" file="C:\Users\Andre\Documents\GitHub\TextVenturer\SoftwareEngineering\TextVenturer/CustomScript.h" line="521" col="41" msg="expected &apos;;&apos; after top level declarator" />
 <error level="error" id="err_expected_unqualified_id" file="C:\Users\Andre\Documents\GitHub\TextVenturer\SoftwareEngineering\TextVenturer/CustomScript.h" line="521" col="43" msg="expected unqualified-id" />
 <error level="error" id="err_incomplete_base_class" file="C:\Users\Andre\Documents\GitHub\TextVenturer\SoftwareEngineering\TextVenturer/CustomScript.h" line="535" col="32" msg="base class has incomplete type" />
 <error level="error" id="err_incomplete_base_class" file="C:\Users\Andre\Documents\GitHub\TextVenturer\SoftwareEngineering\TextVenturer/CustomScript.h" line="552" col="36" msg="base class has incomplete type" />
 <error level="error" id="err_redefinition" file="C:\Users\Andre\Documents\GitHub\TextVenturer\SoftwareEngineering\TextVenturer/CustomScript.h" line="578" col="25" msg="redefinition of &apos;abstract&apos;" />
 <error level="error" id="err_invalid_token_after_toplevel_declarator" file="C:\Users\Andre\Documents\GitHub\TextVenturer\SoftwareEngineering\TextVenturer/CustomScript.h" line="578" col="34" msg="expected &apos;;&apos; after top level declarator" />
 <error level="error" id="err_expected_unqualified_id" file="C:\Users\Andre\Documents\GitHub\TextVenturer\SoftwareEngineering\TextVenturer/CustomScript.h" line="578" col="36" msg="expected unqualified-id" />
 <error level="error" id="err_incomplete_base_class" file="C:\Users\Andre\Documents\GitHub\TextVenturer\SoftwareEngineering\TextVenturer/CustomScript.h" line="600" col="35" msg="base class has incomplete type" />
 <error level="error" id="err_incomplete_base_class" file="C:\Users\Andre\Documents\GitHub\TextVenturer\SoftwareEngineering\TextVenturer/CustomScript.h" line="609" col="41" msg="base class has incomplete type" />
 <error level="error" id="err_incomplete_nested_name_spec" file="C:\Users\Andre\Documents\GitHub\TextVenturer\SoftwareEngineering\TextVenturer\CustomScript.cpp" line="46" col="10" msg="incomplete type &apos;CustomScript::Expression&apos; named in nested name specifier" />
 <error level="error" id="err_incomplete_nested_name_spec" file="C:\Users\Andre\Documents\GitHub\TextVenturer\SoftwareEngineering\TextVenturer\CustomScript.cpp" line="51" col="25" msg="incomplete type &apos;CustomScript::Expression&apos; named in nested name specifier" />
 <error level="error" id="err_incomplete_nested_name_spec" file="C:\Users\Andre\Documents\GitHub\TextVenturer\SoftwareEngineering\TextVenturer\CustomScript.cpp" line="56" col="25" msg="incomplete type &apos;CustomScript::Expression&apos; named in nested name specifier" />
 <error level="error" id="err_incomplete_nested_name_spec" file="C:\Users\Andre\Documents\GitHub\TextVenturer\SoftwareEngineering\TextVenturer\CustomScript.cpp" line="61" col="28" msg="incomplete type &apos;CustomScript::Expression&apos; named in nested name specifier" />
 <error level="error" id="err_incomplete_nested_name_spec" file="C:\Users\Andre\Documents\GitHub\TextVenturer\SoftwareEngineering\TextVenturer\CustomScript.cpp" line="78" col="7" msg="incomplete type &apos;CustomScript::ObjectExpression&apos; named in nested name specifier" />
 <error level="error" id="err_incomplete_nested_name_spec" file="C:\Users\Andre\Documents\GitHub\TextVenturer\SoftwareEngineering\TextVenturer\CustomScript.cpp" line="78" col="38" msg="incomplete type &apos;CustomScript::ObjectExpression&apos; named in nested name specifier" />
 <error level="error" id="err_incomplete_nested_name_spec" file="C:\Users\Andre\Documents\GitHub\TextVenturer\SoftwareEngineering\TextVenturer\CustomScript.cpp" line="82" col="20" msg="incomplete type &apos;CustomScript::ObjectExpression&apos; named in nested name specifier" />
 <error level="error" id="err_incomplete_nested_name_spec" file="C:\Users\Andre\Documents\GitHub\TextVenturer\SoftwareEngineering\TextVenturer\CustomScript.cpp" line="104" col="16" msg="incomplete type &apos;CustomScript::ObjectExpression&apos; named in nested name specifier" />
 <error level="error" id="err_incomplete_nested_name_spec" file="C:\Users\Andre\Documents\GitHub\TextVenturer\SoftwareEngineering\TextVenturer\CustomScript.cpp" line="109" col="34" msg="incomplete type &apos;CustomScript::ObjectExpression&apos; named in nested name specifier" />
 <error level="error" id="err_incomplete_nested_name_spec" file="C:\Users\Andre\Documents\GitHub\TextVenturer\SoftwareEngineering\TextVenturer\CustomScript.cpp" line="122" col="20" msg="incomplete type &apos;CustomScript::ObjectExpression&apos; named in nested name specifier" />
 <error level="error" id="err_incomplete_nested_name_spec" file="C:\Users\Andre\Documents\GitHub\TextVenturer\SoftwareEngineering\TextVenturer\CustomScript.cpp" line="129" col="20" msg="incomplete type &apos;CustomScript::StringExpression&apos; named in nested name specifier" />
 <error level="error" id="err_incomplete_nested_name_spec" file="C:\Users\Andre\Documents\GitHub\TextVenturer\SoftwareEngineering\TextVenturer\CustomScript.cpp" line="134" col="16" msg="incomplete type &apos;CustomScript::StringExpression&apos; named in nested name specifier" />
 <error level="error" id="err_incomplete_nested_name_spec" file="C:\Users\Andre\Documents\GitHub\TextVenturer\SoftwareEngineering\TextVenturer\CustomScript.cpp" line="139" col="34" msg="incomplete type &apos;CustomScript::StringExpression&apos; named in nested name specifier" />
 <error level="error" id="err_incomplete_nested_name_spec" file="C:\Users\Andre\Documents\GitHub\TextVenturer\SoftwareEngineering\TextVenturer\CustomScript.cpp" line="164" col="20" msg="incomplete type &apos;CustomScript::StringExpression&apos; named in nested name specifier" />
 <error level="error" id="err_incomplete_nested_name_spec" file="C:\Users\Andre\Documents\GitHub\TextVenturer\SoftwareEngineering\TextVenturer\CustomScript.cpp" line="169" col="7" msg="incomplete type &apos;CustomScript::StringExpression&apos; named in nested name specifier" />
 <error level="error" id="err_incomplete_nested_name_spec" file="C:\Users\Andre\Documents\GitHub\TextVenturer\SoftwareEngineering\TextVenturer\CustomScript.cpp" line="169" col="38" msg="incomplete type &apos;CustomScript::StringExpression&apos; named in nested name specifier" />
 <error level="error" id="err_incomplete_nested_name_spec" file="C:\Users\Andre\Documents\GitHub\TextVenturer\SoftwareEngineering\TextVenturer\CustomScript.cpp" line="177" col="7" msg="incomplete type &apos;CustomScript::BoolExpression&apos; named in nested name specifier" />
 <error level="error" id="err_incomplete_nested_name_spec" file="C:\Users\Andre\Documents\GitHub\TextVenturer\SoftwareEngineering\TextVenturer\CustomScript.cpp" line="177" col="36" msg="incomplete type &apos;CustomScript::BoolExpression&apos; named in nested name specifier" />
 <error level="error" id="err_incomplete_nested_name_spec" file="C:\Users\Andre\Documents\GitHub\TextVenturer\SoftwareEngineering\TextVenturer\CustomScript.cpp" line="189" col="18" msg="incomplete type &apos;CustomScript::BoolExpression&apos; named in nested name specifier" />
 <error level="error" id="err_incomplete_nested_name_spec" file="C:\Users\Andre\Documents\GitHub\TextVenturer\SoftwareEngineering\TextVenturer\CustomScript.cpp" line="216" col="16" msg="incomplete type &apos;CustomScript::BoolExpression&apos; named in nested name specifier" />
 <error level="error" id="err_incomplete_nested_name_spec" file="C:\Users\Andre\Documents\GitHub\TextVenturer\SoftwareEngineering\TextVenturer\CustomScript.cpp" line="221" col="32" msg="incomplete type &apos;CustomScript::BoolExpression&apos; named in nested name specifier" />
 <error level="error" id="err_incomplete_nested_name_spec" file="C:\Users\Andre\Documents\GitHub\TextVenturer\SoftwareEngineering\TextVenturer\CustomScript.cpp" line="258" col="20" msg="incomplete type &apos;CustomScript::BoolExpression&apos; named in nested name specifier" />
 <error level="error" id="err_incomplete_nested_name_spec" file="C:\Users\Andre\Documents\GitHub\TextVenturer\SoftwareEngineering\TextVenturer\CustomScript.cpp" line="265" col="1" msg="incomplete type &apos;CustomScript::ObjectExpression&apos; named in nested name specifier" />
 <error level="error" id="err_undeclared_var_use" file="C:\Users\Andre\Documents\GitHub\TextVenturer\SoftwareEngineering\TextVenturer\CustomScript.cpp" line="272" col="12" msg="use of undeclared identifier &apos;getAction&apos;" />
 <error level="error" id="err_incomplete_nested_name_spec" file="C:\Users\Andre\Documents\GitHub\TextVenturer\SoftwareEngineering\TextVenturer\CustomScript.cpp" line="298" col="5" msg="incomplete type &apos;CustomScript::ObjectExpression&apos; named in nested name specifier" />
 <error level="note" id="note_previous_declaration" file="C:\Users\Andre\Documents\GitHub\TextVenturer\SoftwareEngineering\TextVenturer\CustomScript.cpp" line="296" col="55" msg="previous declaration is here" />
 <error level="warning" id="warn_unused_parameter" file="C:\Users\Andre\Documents\GitHub\TextVenturer\SoftwareEngineering\TextVenturer\CustomScript.cpp" line="302" col="72" msg="unused parameter &apos;script&apos;" />
 <error level="error" id="err_incomplete_nested_name_spec" file="C:\Users\Andre\Documents\GitHub\TextVenturer\SoftwareEngineering\TextVenturer\CustomScript.cpp" line="309" col="1" msg="incomplete type &apos;CustomScript::StringExpression&apos; named in nested name specifier" />
 <error level="error" id="err_undeclared_var_use" file="C:\Users\Andre\Documents\GitHub\TextVenturer\SoftwareEngineering\TextVenturer\CustomScript.cpp" line="311" col="12" msg="use of undeclared identifier &apos;etObjectToString&apos;" />
 <error level="error" id="err_not_direct_base_or_virtual" file="C:\Users\Andre\Documents\GitHub\TextVenturer\SoftwareEngineering\TextVenturer\CustomScript.cpp" line="315" col="7" msg="type &apos;CustomScript::StringExpression&apos; is not a direct or virtual base of &apos;CustomScript::ObjectToStringExpression&apos;" />
 <error level="warning" id="ext_mismatched_exception_spec" file="C:\Users\Andre\Documents\GitHub\TextVenturer\SoftwareEngineering\TextVenturer\CustomScript.cpp" line="320" col="27" msg="exception specification in declaration does not match previous declaration" />
 <error level="warning" id="warn_delete_incomplete" file="C:\Users\Andre\Documents\GitHub\TextVenturer\SoftwareEngineering\TextVenturer\CustomScript.cpp" line="322" col="5" msg="deleting pointer to incomplete type &apos;CustomScript::ObjectExpression&apos; may cause undefined behavior" />
 <error level="error" id="err_incomplete_member_access" file="C:\Users\Andre\Documents\GitHub\TextVenturer\SoftwareEngineering\TextVenturer\CustomScript.cpp" line="327" col="37" msg="member access into incomplete type &apos;CustomScript::ObjectExpression&apos;" />
 <error level="error" id="err_incomplete_member_access" file="C:\Users\Andre\Documents\GitHub\TextVenturer\SoftwareEngineering\TextVenturer\CustomScript.cpp" line="334" col="19" msg="member access into incomplete type &apos;AdventureObject&apos;" />
 <error level="error" id="err_incomplete_member_access" file="C:\Users\Andre\Documents\GitHub\TextVenturer\SoftwareEngineering\TextVenturer\CustomScript.cpp" line="337" col="19" msg="member access into incomplete type &apos;AdventureObject&apos;" />
 <error level="error" id="err_incomplete_member_access" file="C:\Users\Andre\Documents\GitHub\TextVenturer\SoftwareEngineering\TextVenturer\CustomScript.cpp" line="340" col="19" msg="member access into incomplete type &apos;AdventureObject&apos;" />
 <error level="error" id="err_incomplete_member_access" file="C:\Users\Andre\Documents\GitHub\TextVenturer\SoftwareEngineering\TextVenturer\CustomScript.cpp" line="343" col="19" msg="member access into incomplete type &apos;AdventureObject&apos;" />
 <error level="warning" id="warn_unreachable_default" file="C:\Users\Andre\Documents\GitHub\TextVenturer\SoftwareEngineering\TextVenturer\CustomScript.cpp" line="345" col="5" msg="default label in switch which covers all enumeration values" />
 <error level="error" id="err_incomplete_nested_name_spec" file="C:\Users\Andre\Documents\GitHub\TextVenturer\SoftwareEngineering\TextVenturer\CustomScript.cpp" line="357" col="24" msg="incomplete type &apos;CustomScript::ObjectExpression&apos; named in nested name specifier" />
 <error level="error" id="err_incomplete_nested_name_spec" file="C:\Users\Andre\Documents\GitHub\TextVenturer\SoftwareEngineering\TextVenturer\CustomScript.cpp" line="426" col="5" msg="incomplete type &apos;CustomScript::StringExpression&apos; named in nested name specifier" />
 <error level="note" id="note_previous_declaration" file="C:\Users\Andre\Documents\GitHub\TextVenturer\SoftwareEngineering\TextVenturer\CustomScript.cpp" line="424" col="64" msg="previous declaration is here" />
 <error level="error" id="err_incomplete_member_access" file="C:\Users\Andre\Documents\GitHub\TextVenturer\SoftwareEngineering\TextVenturer\CustomScript.cpp" line="427" col="14" msg="member access into incomplete type &apos;CustomScript::ObjectExpression&apos;" />
 <error level="error" id="err_incomplete_nested_name_spec" file="C:\Users\Andre\Documents\GitHub\TextVenturer\SoftwareEngineering\TextVenturer\CustomScript.cpp" line="434" col="17" msg="incomplete type &apos;CustomScript::ObjectExpression&apos; named in nested name specifier" />
 <error level="error" id="err_incomplete_nested_name_spec" file="C:\Users\Andre\Documents\GitHub\TextVenturer\SoftwareEngineering\TextVenturer\CustomScript.cpp" line="441" col="1" msg="incomplete type &apos;CustomScript::StringExpression&apos; named in nested name specifier" />
 <error level="error" id="err_undeclared_var_use_suggest" file="C:\Users\Andre\Documents\GitHub\TextVenturer\SoftwareEngineering\TextVenturer\CustomScript.cpp" line="443" col="12" msg="use of undeclared identifier &apos;etConstString&apos;; did you mean &apos;eeptAnsiString&apos;?" />
 <error level="error" id="err_incomplete_nested_name_spec" file="C:\Users\Andre\Documents\GitHub\TextVenturer\SoftwareEngineering\TextVenturer\CustomScript.cpp" line="469" col="5" msg="incomplete type &apos;CustomScript::StringExpression&apos; named in nested name specifier" />
 <error level="note" id="note_previous_declaration" file="C:\Users\Andre\Documents\GitHub\TextVenturer\SoftwareEngineering\TextVenturer\CustomScript.cpp" line="467" col="61" msg="previous declaration is here" />
 <error level="warning" id="warn_unused_parameter" file="C:\Users\Andre\Documents\GitHub\TextVenturer\SoftwareEngineering\TextVenturer\CustomScript.cpp" line="473" col="78" msg="unused parameter &apos;script&apos;" />
 <error level="error" id="err_incomplete_nested_name_spec" file="C:\Users\Andre\Documents\GitHub\TextVenturer\SoftwareEngineering\TextVenturer\CustomScript.cpp" line="480" col="1" msg="incomplete type &apos;CustomScript::StringExpression&apos; named in nested name specifier" />
 <error level="error" id="err_undeclared_var_use" file="C:\Users\Andre\Documents\GitHub\TextVenturer\SoftwareEngineering\TextVenturer\CustomScript.cpp" line="482" col="12" msg="use of undeclared identifier &apos;etStringConcat&apos;" />
 <error level="warning" id="ext_mismatched_exception_spec" file="C:\Users\Andre\Documents\GitHub\TextVenturer\SoftwareEngineering\TextVenturer\CustomScript.cpp" line="485" col="25" msg="exception specification in declaration does not match previous declaration" />
 <error level="warning" id="warn_delete_incomplete" file="C:\Users\Andre\Documents\GitHub\TextVenturer\SoftwareEngineering\TextVenturer\CustomScript.cpp" line="488" col="9" msg="deleting pointer to incomplete type &apos;CustomScript::StringExpression&apos; may cause undefined behavior" />
 <error level="error" id="err_incomplete_member_access" file="C:\Users\Andre\Documents\GitHub\TextVenturer\SoftwareEngineering\TextVenturer\CustomScript.cpp" line="495" col="22" msg="member access into incomplete type &apos;CustomScript::StringExpression&apos;" />
 <error level="error" id="err_incomplete_nested_name_spec" file="C:\Users\Andre\Documents\GitHub\TextVenturer\SoftwareEngineering\TextVenturer\CustomScript.cpp" line="542" col="5" msg="incomplete type &apos;CustomScript::StringExpression&apos; named in nested name specifier" />
 <error level="note" id="note_previous_declaration" file="C:\Users\Andre\Documents\GitHub\TextVenturer\SoftwareEngineering\TextVenturer\CustomScript.cpp" line="540" col="62" msg="previous declaration is here" />
 <error level="error" id="err_incomplete_member_access" file="C:\Users\Andre\Documents\GitHub\TextVenturer\SoftwareEngineering\TextVenturer\CustomScript.cpp" line="545" col="19" msg="member access into incomplete type &apos;CustomScript::StringExpression&apos;" />
 <error level="error" id="err_incomplete_nested_name_spec" file="C:\Users\Andre\Documents\GitHub\TextVenturer\SoftwareEngineering\TextVenturer\CustomScript.cpp" line="552" col="33" msg="incomplete type &apos;CustomScript::StringExpression&apos; named in nested name specifier" />
 <error level="error" id="err_incomplete_nested_name_spec" file="C:\Users\Andre\Documents\GitHub\TextVenturer\SoftwareEngineering\TextVenturer\CustomScript.cpp" line="557" col="1" msg="incomplete type &apos;CustomScript::StringExpression&apos; named in nested name specifier" />
 <error level="error" id="err_undeclared_var_use_suggest" file="C:\Users\Andre\Documents\GitHub\TextVenturer\SoftwareEngineering\TextVenturer\CustomScript.cpp" line="559" col="12" msg="use of undeclared identifier &apos;etParam&apos;; did you mean &apos;param&apos;?" />
 <error level="error" id="err_undeclared_var_use" file="C:\Users\Andre\Documents\GitHub\TextVenturer\SoftwareEngineering\TextVenturer\CustomScript.cpp" line="564" col="9" msg="use of undeclared identifier &apos;getParams&apos;" />
 <error level="error" id="err_undeclared_var_use" file="C:\Users\Andre\Documents\GitHub\TextVenturer\SoftwareEngineering\TextVenturer\CustomScript.cpp" line="565" col="16" msg="use of undeclared identifier &apos;getParams&apos;" />
 <error level="error" id="err_incomplete_nested_name_spec" file="C:\Users\Andre\Documents\GitHub\TextVenturer\SoftwareEngineering\TextVenturer\CustomScript.cpp" line="602" col="5" msg="incomplete type &apos;CustomScript::StringExpression&apos; named in nested name specifier" />
 <error level="note" id="note_previous_declaration" file="C:\Users\Andre\Documents\GitHub\TextVenturer\SoftwareEngineering\TextVenturer\CustomScript.cpp" line="600" col="55" msg="previous declaration is here" />
 <error level="warning" id="warn_unused_parameter" file="C:\Users\Andre\Documents\GitHub\TextVenturer\SoftwareEngineering\TextVenturer\CustomScript.cpp" line="606" col="72" msg="unused parameter &apos;script&apos;" />
 <error level="error" id="err_incomplete_nested_name_spec" file="C:\Users\Andre\Documents\GitHub\TextVenturer\SoftwareEngineering\TextVenturer\CustomScript.cpp" line="613" col="1" msg="incomplete type &apos;CustomScript::StringExpression&apos; named in nested name specifier" />
 <error level="error" id="err_undeclared_var_use_suggest" file="C:\Users\Andre\Documents\GitHub\TextVenturer\SoftwareEngineering\TextVenturer\CustomScript.cpp" line="615" col="12" msg="use of undeclared identifier &apos;etIdentAsString&apos;; did you mean &apos;identString&apos;?" />
 <error level="error" id="err_incomplete_nested_name_spec" file="C:\Users\Andre\Documents\GitHub\TextVenturer\SoftwareEngineering\TextVenturer\CustomScript.cpp" line="638" col="5" msg="incomplete type &apos;CustomScript::StringExpression&apos; named in nested name specifier" />
 <error level="note" id="note_previous_declaration" file="C:\Users\Andre\Documents\GitHub\TextVenturer\SoftwareEngineering\TextVenturer\CustomScript.cpp" line="636" col="63" msg="previous declaration is here" />
 <error level="warning" id="warn_unused_parameter" file="C:\Users\Andre\Documents\GitHub\TextVenturer\SoftwareEngineering\TextVenturer\CustomScript.cpp" line="642" col="80" msg="unused parameter &apos;script&apos;" />
 <error level="error" id="err_incomplete_nested_name_spec" file="C:\Users\Andre\Documents\GitHub\TextVenturer\SoftwareEngineering\TextVenturer\CustomScript.cpp" line="649" col="1" msg="incomplete type &apos;CustomScript::BoolExpression&apos; named in nested name specifier" />
 <error level="error" id="err_undeclared_var_use" file="C:\Users\Andre\Documents\GitHub\TextVenturer\SoftwareEngineering\TextVenturer\CustomScript.cpp" line="651" col="12" msg="use of undeclared identifier &apos;etParamIsIdent&apos;" />
 <error level="error" id="err_not_direct_base_or_virtual" file="C:\Users\Andre\Documents\GitHub\TextVenturer\SoftwareEngineering\TextVenturer\CustomScript.cpp" line="655" col="7" msg="type &apos;CustomScript::BoolExpression&apos; is not a direct or virtual base of &apos;CustomScript::ParamIsIdentExpression&apos;" />
 <error level="warning" id="ext_mismatched_exception_spec" file="C:\Users\Andre\Documents\GitHub\TextVenturer\SoftwareEngineering\TextVenturer\CustomScript.cpp" line="661" col="25" msg="exception specification in declaration does not match previous declaration" />
 <error level="error" id="err_undeclared_var_use" file="C:\Users\Andre\Documents\GitHub\TextVenturer\SoftwareEngineering\TextVenturer\CustomScript.cpp" line="669" col="12" msg="use of undeclared identifier &apos;getAction&apos;" />
 <error level="error" id="err_incomplete_nested_name_spec" file="C:\Users\Andre\Documents\GitHub\TextVenturer\SoftwareEngineering\TextVenturer\CustomScript.cpp" line="715" col="5" msg="incomplete type &apos;CustomScript::BoolExpression&apos; named in nested name specifier" />
 <error level="note" id="note_previous_declaration" file="C:\Users\Andre\Documents\GitHub\TextVenturer\SoftwareEngineering\TextVenturer\CustomScript.cpp" line="713" col="62" msg="previous declaration is here" />
 <error level="error" id="err_incomplete_nested_name_spec" file="C:\Users\Andre\Documents\GitHub\TextVenturer\SoftwareEngineering\TextVenturer\CustomScript.cpp" line="722" col="46" msg="incomplete type &apos;CustomScript::StringExpression&apos; named in nested name specifier" />
 <error level="error" id="err_incomplete_nested_name_spec" file="C:\Users\Andre\Documents\GitHub\TextVenturer\SoftwareEngineering\TextVenturer\CustomScript.cpp" line="723" col="46" msg="incomplete type &apos;CustomScript::ObjectExpression&apos; named in nested name specifier" />
 <error level="error" id="err_incomplete_nested_name_spec" file="C:\Users\Andre\Documents\GitHub\TextVenturer\SoftwareEngineering\TextVenturer\CustomScript.cpp" line="728" col="1" msg="incomplete type &apos;CustomScript::BoolExpression&apos; named in nested name specifier" />
 <error level="error" id="err_undeclared_var_use" file="C:\Users\Andre\Documents\GitHub\TextVenturer\SoftwareEngineering\TextVenturer\CustomScript.cpp" line="730" col="12" msg="use of undeclared identifier &apos;etConstBool&apos;" />
 <error level="error" id="err_incomplete_nested_name_spec" file="C:\Users\Andre\Documents\GitHub\TextVenturer\SoftwareEngineering\TextVenturer\CustomScript.cpp" line="763" col="5" msg="incomplete type &apos;CustomScript::BoolExpression&apos; named in nested name specifier" />
 <error level="note" id="note_previous_declaration" file="C:\Users\Andre\Documents\GitHub\TextVenturer\SoftwareEngineering\TextVenturer\CustomScript.cpp" line="761" col="59" msg="previous declaration is here" />
 <error level="warning" id="warn_unused_parameter" file="C:\Users\Andre\Documents\GitHub\TextVenturer\SoftwareEngineering\TextVenturer\CustomScript.cpp" line="767" col="76" msg="unused parameter &apos;script&apos;" />
 <error level="error" id="err_incomplete_nested_name_spec" file="C:\Users\Andre\Documents\GitHub\TextVenturer\SoftwareEngineering\TextVenturer\CustomScript.cpp" line="774" col="1" msg="incomplete type &apos;CustomScript::BoolExpression&apos; named in nested name specifier" />
 <error level="error" id="err_undeclared_var_use" file="C:\Users\Andre\Documents\GitHub\TextVenturer\SoftwareEngineering\TextVenturer\CustomScript.cpp" line="776" col="12" msg="use of undeclared identifier &apos;etPlayerHasItem&apos;" />
 <error level="error" id="err_not_direct_base_or_virtual" file="C:\Users\Andre\Documents\GitHub\TextVenturer\SoftwareEngineering\TextVenturer\CustomScript.cpp" line="780" col="7" msg="type &apos;CustomScript::BoolExpression&apos; is not a direct or virtual base of &apos;CustomScript::PlayerHasItemExpression&apos;" />
 <error level="warning" id="ext_mismatched_exception_spec" file="C:\Users\Andre\Documents\GitHub\TextVenturer\SoftwareEngineering\TextVenturer\CustomScript.cpp" line="785" col="26" msg="exception specification in declaration does not match previous declaration" />
 <error level="warning" id="warn_delete_incomplete" file="C:\Users\Andre\Documents\GitHub\TextVenturer\SoftwareEngineering\TextVenturer\CustomScript.cpp" line="787" col="5" msg="deleting pointer to incomplete type &apos;CustomScript::ObjectExpression&apos; may cause undefined behavior" />
 <error level="error" id="err_incomplete_member_access" file="C:\Users\Andre\Documents\GitHub\TextVenturer\SoftwareEngineering\TextVenturer\CustomScript.cpp" line="792" col="45" msg="member access into incomplete type &apos;CustomScript::ObjectExpression&apos;" />
 <error level="error" id="err_expected" file="C:\Users\Andre\Documents\GitHub\TextVenturer\SoftwareEngineering\TextVenturer\CustomScript.cpp" line="792" col="47" msg="expected &apos;)&apos;" />
 <error level="note" id="note_matching" file="C:\Users\Andre\Documents\GitHub\TextVenturer\SoftwareEngineering\TextVenturer\CustomScript.cpp" line="792" col="37" msg="to match this &apos;(&apos;" />
 <error level="error" id="err_undeclared_var_use" file="C:\Users\Andre\Documents\GitHub\TextVenturer\SoftwareEngineering\TextVenturer\CustomScript.cpp" line="798" col="12" msg="use of undeclared identifier &apos;getAction&apos;" />
 <error level="error" id="err_incomplete_nested_name_spec" file="C:\Users\Andre\Documents\GitHub\TextVenturer\SoftwareEngineering\TextVenturer\CustomScript.cpp" line="814" col="22" msg="incomplete type &apos;CustomScript::ObjectExpression&apos; named in nested name specifier" />
 <error level="error" id="err_incomplete_nested_name_spec" file="C:\Users\Andre\Documents\GitHub\TextVenturer\SoftwareEngineering\TextVenturer\CustomScript.cpp" line="827" col="5" msg="incomplete type &apos;CustomScript::BoolExpression&apos; named in nested name specifier" />
 <error level="note" id="note_previous_declaration" file="C:\Users\Andre\Documents\GitHub\TextVenturer\SoftwareEngineering\TextVenturer\CustomScript.cpp" line="825" col="63" msg="previous declaration is here" />
 <error level="error" id="err_incomplete_member_access" file="C:\Users\Andre\Documents\GitHub\TextVenturer\SoftwareEngineering\TextVenturer\CustomScript.cpp" line="828" col="12" msg="member access into incomplete type &apos;CustomScript::ObjectExpression&apos;" />
 <error level="warning" id="warn_unused_parameter" file="C:\Users\Andre\Documents\GitHub\TextVenturer\SoftwareEngineering\TextVenturer\CustomScript.cpp" line="825" col="63" msg="unused parameter &apos;stream&apos;" />
 <error level="error" id="err_incomplete_nested_name_spec" file="C:\Users\Andre\Documents\GitHub\TextVenturer\SoftwareEngineering\TextVenturer\CustomScript.cpp" line="833" col="15" msg="incomplete type &apos;CustomScript::ObjectExpression&apos; named in nested name specifier" />
 <error level="error" id="err_incomplete_nested_name_spec" file="C:\Users\Andre\Documents\GitHub\TextVenturer\SoftwareEngineering\TextVenturer\CustomScript.cpp" line="838" col="1" msg="incomplete type &apos;CustomScript::BoolExpression&apos; named in nested name specifier" />
 <error level="error" id="err_undeclared_var_use" file="C:\Users\Andre\Documents\GitHub\TextVenturer\SoftwareEngineering\TextVenturer\CustomScript.cpp" line="840" col="12" msg="use of undeclared identifier &apos;etBracket&apos;" />
 <error level="error" id="err_not_direct_base_or_virtual" file="C:\Users\Andre\Documents\GitHub\TextVenturer\SoftwareEngineering\TextVenturer\CustomScript.cpp" line="844" col="7" msg="type &apos;CustomScript::BoolExpression&apos; is not a direct or virtual base of &apos;CustomScript::BracketExpression&apos;" />
 <error level="warning" id="ext_mismatched_exception_spec" file="C:\Users\Andre\Documents\GitHub\TextVenturer\SoftwareEngineering\TextVenturer\CustomScript.cpp" line="849" col="20" msg="exception specification in declaration does not match previous declaration" />
 <error level="warning" id="warn_delete_incomplete" file="C:\Users\Andre\Documents\GitHub\TextVenturer\SoftwareEngineering\TextVenturer\CustomScript.cpp" line="851" col="5" msg="deleting pointer to incomplete type &apos;CustomScript::BoolExpression&apos; may cause undefined behavior" />
 <error level="error" id="err_incomplete_member_access" file="C:\Users\Andre\Documents\GitHub\TextVenturer\SoftwareEngineering\TextVenturer\CustomScript.cpp" line="856" col="19" msg="member access into incomplete type &apos;CustomScript::BoolExpression&apos;" />
 <error level="error" id="err_incomplete_nested_name_spec" file="C:\Users\Andre\Documents\GitHub\TextVenturer\SoftwareEngineering\TextVenturer\CustomScript.cpp" line="867" col="12" msg="incomplete type &apos;CustomScript::BoolExpression&apos; named in nested name specifier" />
 <error level="warning" id="warn_delete_incomplete" file="C:\Users\Andre\Documents\GitHub\TextVenturer\SoftwareEngineering\TextVenturer\CustomScript.cpp" line="873" col="9" msg="deleting pointer to incomplete type &apos;CustomScript::BoolExpression&apos; may cause undefined behavior" />
 <error level="error" id="err_incomplete_nested_name_spec" file="C:\Users\Andre\Documents\GitHub\TextVenturer\SoftwareEngineering\TextVenturer\CustomScript.cpp" line="883" col="5" msg="incomplete type &apos;CustomScript::BoolExpression&apos; named in nested name specifier" />
 <error level="note" id="note_previous_declaration" file="C:\Users\Andre\Documents\GitHub\TextVenturer\SoftwareEngineering\TextVenturer\CustomScript.cpp" line="881" col="57" msg="previous declaration is here" />
 <error level="error" id="err_incomplete_member_access" file="C:\Users\Andre\Documents\GitHub\TextVenturer\SoftwareEngineering\TextVenturer\CustomScript.cpp" line="884" col="12" msg="member access into incomplete type &apos;CustomScript::BoolExpression&apos;" />
 <error level="warning" id="warn_unused_parameter" file="C:\Users\Andre\Documents\GitHub\TextVenturer\SoftwareEngineering\TextVenturer\CustomScript.cpp" line="881" col="57" msg="unused parameter &apos;stream&apos;" />
 <error level="error" id="err_incomplete_nested_name_spec" file="C:\Users\Andre\Documents\GitHub\TextVenturer\SoftwareEngineering\TextVenturer\CustomScript.cpp" line="889" col="15" msg="incomplete type &apos;CustomScript::BoolExpression&apos; named in nested name specifier" />
 <error level="error" id="err_incomplete_nested_name_spec" file="C:\Users\Andre\Documents\GitHub\TextVenturer\SoftwareEngineering\TextVenturer\CustomScript.cpp" line="894" col="1" msg="incomplete type &apos;CustomScript::BoolExpression&apos; named in nested name specifier" />
 <error level="error" id="err_undeclared_var_use" file="C:\Users\Andre\Documents\GitHub\TextVenturer\SoftwareEngineering\TextVenturer\CustomScript.cpp" line="896" col="12" msg="use of undeclared identifier &apos;etLogicNot&apos;" />
 <error level="error" id="err_not_direct_base_or_virtual" file="C:\Users\Andre\Documents\GitHub\TextVenturer\SoftwareEngineering\TextVenturer\CustomScript.cpp" line="900" col="7" msg="type &apos;CustomScript::BoolExpression&apos; is not a direct or virtual base of &apos;CustomScript::LogicNotExpression&apos;" />
 <error level="warning" id="ext_mismatched_exception_spec" file="C:\Users\Andre\Documents\GitHub\TextVenturer\SoftwareEngineering\TextVenturer\CustomScript.cpp" line="905" col="35" msg="exception specification in declaration does not match previous declaration" />
 <error level="warning" id="warn_delete_incomplete" file="C:\Users\Andre\Documents\GitHub\TextVenturer\SoftwareEngineering\TextVenturer\CustomScript.cpp" line="907" col="5" msg="deleting pointer to incomplete type &apos;CustomScript::BoolExpression&apos; may cause undefined behavior" />
 <error level="error" id="err_incomplete_member_access" file="C:\Users\Andre\Documents\GitHub\TextVenturer\SoftwareEngineering\TextVenturer\CustomScript.cpp" line="912" col="20" msg="member access into incomplete type &apos;CustomScript::BoolExpression&apos;" />
 <error level="error" id="err_incomplete_nested_name_spec" file="C:\Users\Andre\Documents\GitHub\TextVenturer\SoftwareEngineering\TextVenturer\CustomScript.cpp" line="928" col="22" msg="incomplete type &apos;CustomScript::BoolExpression&apos; named in nested name specifier" />
 <error level="error" id="err_incomplete_nested_name_spec" file="C:\Users\Andre\Documents\GitHub\TextVenturer\SoftwareEngineering\TextVenturer\CustomScript.cpp" line="941" col="5" msg="incomplete type &apos;CustomScript::BoolExpression&apos; named in nested name specifier" />
 <error level="note" id="note_previous_declaration" file="C:\Users\Andre\Documents\GitHub\TextVenturer\SoftwareEngineering\TextVenturer\CustomScript.cpp" line="939" col="58" msg="previous declaration is here" />
 <error level="error" id="err_incomplete_member_access" file="C:\Users\Andre\Documents\GitHub\TextVenturer\SoftwareEngineering\TextVenturer\CustomScript.cpp" line="942" col="12" msg="member access into incomplete type &apos;CustomScript::BoolExpression&apos;" />
 <error level="warning" id="warn_unused_parameter" file="C:\Users\Andre\Documents\GitHub\TextVenturer\SoftwareEngineering\TextVenturer\CustomScript.cpp" line="939" col="58" msg="unused parameter &apos;stream&apos;" />
 <error level="error" id="err_incomplete_nested_name_spec" file="C:\Users\Andre\Documents\GitHub\TextVenturer\SoftwareEngineering\TextVenturer\CustomScript.cpp" line="947" col="15" msg="incomplete type &apos;CustomScript::BoolExpression&apos; named in nested name specifier" />
 <error level="error" id="err_incomplete_nested_name_spec" file="C:\Users\Andre\Documents\GitHub\TextVenturer\SoftwareEngineering\TextVenturer\CustomScript.cpp" line="952" col="1" msg="incomplete type &apos;CustomScript::BoolExpression&apos; named in nested name specifier" />
 <error level="error" id="err_undeclared_var_use_suggest" file="C:\Users\Andre\Documents\GitHub\TextVenturer\SoftwareEngineering\TextVenturer\CustomScript.cpp" line="954" col="12" msg="use of undeclared identifier &apos;etLogicOp&apos;; did you mean &apos;glLogicOp&apos;?" />
 <error level="error" id="err_not_direct_base_or_virtual" file="C:\Users\Andre\Documents\GitHub\TextVenturer\SoftwareEngineering\TextVenturer\CustomScript.cpp" line="958" col="7" msg="type &apos;CustomScript::BoolExpression&apos; is not a direct or virtual base of &apos;CustomScript::LogicOpExpression&apos;" />
 <error level="warning" id="ext_mismatched_exception_spec" file="C:\Users\Andre\Documents\GitHub\TextVenturer\SoftwareEngineering\TextVenturer\CustomScript.cpp" line="964" col="20" msg="exception specification in declaration does not match previous declaration" />
 <error level="warning" id="warn_delete_incomplete" file="C:\Users\Andre\Documents\GitHub\TextVenturer\SoftwareEngineering\TextVenturer\CustomScript.cpp" line="966" col="5" msg="deleting pointer to incomplete type &apos;CustomScript::BoolExpression&apos; may cause undefined behavior" />
 <error level="warning" id="warn_delete_incomplete" file="C:\Users\Andre\Documents\GitHub\TextVenturer\SoftwareEngineering\TextVenturer\CustomScript.cpp" line="967" col="5" msg="deleting pointer to incomplete type &apos;CustomScript::BoolExpression&apos; may cause undefined behavior" />
 <error level="error" id="err_incomplete_member_access" file="C:\Users\Andre\Documents\GitHub\TextVenturer\SoftwareEngineering\TextVenturer\CustomScript.cpp" line="975" col="24" msg="member access into incomplete type &apos;CustomScript::BoolExpression&apos;" />
 <error level="error" id="err_incomplete_member_access" file="C:\Users\Andre\Documents\GitHub\TextVenturer\SoftwareEngineering\TextVenturer\CustomScript.cpp" line="977" col="24" msg="member access into incomplete type &apos;CustomScript::BoolExpression&apos;" />
 <error level="error" id="err_incomplete_member_access" file="C:\Users\Andre\Documents\GitHub\TextVenturer\SoftwareEngineering\TextVenturer\CustomScript.cpp" line="979" col="24" msg="member access into incomplete type &apos;CustomScript::BoolExpression&apos;" />
 <error level="error" id="err_incomplete_nested_name_spec" file="C:\Users\Andre\Documents\GitHub\TextVenturer\SoftwareEngineering\TextVenturer\CustomScript.cpp" line="994" col="23" msg="incomplete type &apos;CustomScript::BoolExpression&apos; named in nested name specifier" />
 <error level="error" id="err_incomplete_nested_name_spec" file="C:\Users\Andre\Documents\GitHub\TextVenturer\SoftwareEngineering\TextVenturer\CustomScript.cpp" line="1022" col="23" msg="incomplete type &apos;CustomScript::BoolExpression&apos; named in nested name specifier" />
 <error level="error" id="err_incomplete_nested_name_spec" file="C:\Users\Andre\Documents\GitHub\TextVenturer\SoftwareEngineering\TextVenturer\CustomScript.cpp" line="1061" col="5" msg="incomplete type &apos;CustomScript::BoolExpression&apos; named in nested name specifier" />
 <error level="note" id="note_previous_declaration" file="C:\Users\Andre\Documents\GitHub\TextVenturer\SoftwareEngineering\TextVenturer\CustomScript.cpp" line="1059" col="57" msg="previous declaration is here" />
 <error level="error" id="err_incomplete_member_access" file="C:\Users\Andre\Documents\GitHub\TextVenturer\SoftwareEngineering\TextVenturer\CustomScript.cpp" line="1062" col="13" msg="member access into incomplete type &apos;CustomScript::BoolExpression&apos;" />
 <error level="error" id="err_incomplete_member_access" file="C:\Users\Andre\Documents\GitHub\TextVenturer\SoftwareEngineering\TextVenturer\CustomScript.cpp" line="1063" col="13" msg="member access into incomplete type &apos;CustomScript::BoolExpression&apos;" />
 <error level="error" id="err_incomplete_nested_name_spec" file="C:\Users\Andre\Documents\GitHub\TextVenturer\SoftwareEngineering\TextVenturer\CustomScript.cpp" line="1069" col="16" msg="incomplete type &apos;CustomScript::BoolExpression&apos; named in nested name specifier" />
 <error level="error" id="err_incomplete_nested_name_spec" file="C:\Users\Andre\Documents\GitHub\TextVenturer\SoftwareEngineering\TextVenturer\CustomScript.cpp" line="1070" col="16" msg="incomplete type &apos;CustomScript::BoolExpression&apos; named in nested name specifier" />
 <error level="error" id="err_incomplete_nested_name_spec" file="C:\Users\Andre\Documents\GitHub\TextVenturer\SoftwareEngineering\TextVenturer\CustomScript.cpp" line="1076" col="1" msg="incomplete type &apos;CustomScript::BoolExpression&apos; named in nested name specifier" />
 <error level="error" id="err_undeclared_var_use" file="C:\Users\Andre\Documents\GitHub\TextVenturer\SoftwareEngineering\TextVenturer\CustomScript.cpp" line="1078" col="12" msg="use of undeclared identifier &apos;etLocationHasItem&apos;" />
 <error level="error" id="err_not_direct_base_or_virtual" file="C:\Users\Andre\Documents\GitHub\TextVenturer\SoftwareEngineering\TextVenturer\CustomScript.cpp" line="1082" col="7" msg="type &apos;CustomScript::BoolExpression&apos; is not a direct or virtual base of &apos;CustomScript::LocationHasItemExpression&apos;" />
 <error level="warning" id="ext_mismatched_exception_spec" file="C:\Users\Andre\Documents\GitHub\TextVenturer\SoftwareEngineering\TextVenturer\CustomScript.cpp" line="1089" col="28" msg="exception specification in declaration does not match previous declaration" />
 <error level="warning" id="warn_delete_incomplete" file="C:\Users\Andre\Documents\GitHub\TextVenturer\SoftwareEngineering\TextVenturer\CustomScript.cpp" line="1091" col="5" msg="deleting pointer to incomplete type &apos;CustomScript::ObjectExpression&apos; may cause undefined behavior" />
 <error level="warning" id="warn_delete_incomplete" file="C:\Users\Andre\Documents\GitHub\TextVenturer\SoftwareEngineering\TextVenturer\CustomScript.cpp" line="1092" col="5" msg="deleting pointer to incomplete type &apos;CustomScript::ObjectExpression&apos; may cause undefined behavior" />
 <error level="error" id="err_incomplete_member_access" file="C:\Users\Andre\Documents\GitHub\TextVenturer\SoftwareEngineering\TextVenturer\CustomScript.cpp" line="1098" col="61" msg="member access into incomplete type &apos;CustomScript::ObjectExpression&apos;" />
 <error level="error" id="err_expected" file="C:\Users\Andre\Documents\GitHub\TextVenturer\SoftwareEngineering\TextVenturer\CustomScript.cpp" line="1098" col="63" msg="expected &apos;)&apos;" />
 <error level="note" id="note_matching" file="C:\Users\Andre\Documents\GitHub\TextVenturer\SoftwareEngineering\TextVenturer\CustomScript.cpp" line="1098" col="49" msg="to match this &apos;(&apos;" />
 <error level="error" id="err_incomplete_member_access" file="C:\Users\Andre\Documents\GitHub\TextVenturer\SoftwareEngineering\TextVenturer\CustomScript.cpp" line="1104" col="45" msg="member access into incomplete type &apos;CustomScript::ObjectExpression&apos;" />
 <error level="error" id="err_expected" file="C:\Users\Andre\Documents\GitHub\TextVenturer\SoftwareEngineering\TextVenturer\CustomScript.cpp" line="1104" col="47" msg="expected &apos;)&apos;" />
 <error level="note" id="note_matching" file="C:\Users\Andre\Documents\GitHub\TextVenturer\SoftwareEngineering\TextVenturer\CustomScript.cpp" line="1104" col="37" msg="to match this &apos;(&apos;" />
 <error level="error" id="err_incomplete_nested_name_spec" file="C:\Users\Andre\Documents\GitHub\TextVenturer\SoftwareEngineering\TextVenturer\CustomScript.cpp" line="1126" col="22" msg="incomplete type &apos;CustomScript::ObjectExpression&apos; named in nested name specifier" />
 <error level="error" id="err_incomplete_nested_name_spec" file="C:\Users\Andre\Documents\GitHub\TextVenturer\SoftwareEngineering\TextVenturer\CustomScript.cpp" line="1140" col="26" msg="incomplete type &apos;CustomScript::ObjectExpression&apos; named in nested name specifier" />
 <error level="error" id="err_incomplete_nested_name_spec" file="C:\Users\Andre\Documents\GitHub\TextVenturer\SoftwareEngineering\TextVenturer\CustomScript.cpp" line="1153" col="5" msg="incomplete type &apos;CustomScript::BoolExpression&apos; named in nested name specifier" />
 <error level="note" id="note_previous_declaration" file="C:\Users\Andre\Documents\GitHub\TextVenturer\SoftwareEngineering\TextVenturer\CustomScript.cpp" line="1151" col="65" msg="previous declaration is here" />
 <error level="error" id="err_incomplete_member_access" file="C:\Users\Andre\Documents\GitHub\TextVenturer\SoftwareEngineering\TextVenturer\CustomScript.cpp" line="1154" col="16" msg="member access into incomplete type &apos;CustomScript::ObjectExpression&apos;" />
 <error level="error" id="err_incomplete_member_access" file="C:\Users\Andre\Documents\GitHub\TextVenturer\SoftwareEngineering\TextVenturer\CustomScript.cpp" line="1155" col="12" msg="member access into incomplete type &apos;CustomScript::ObjectExpression&apos;" />
 <error level="error" id="err_incomplete_nested_name_spec" file="C:\Users\Andre\Documents\GitHub\TextVenturer\SoftwareEngineering\TextVenturer\CustomScript.cpp" line="1161" col="19" msg="incomplete type &apos;CustomScript::ObjectExpression&apos; named in nested name specifier" />
 <error level="error" id="err_incomplete_nested_name_spec" file="C:\Users\Andre\Documents\GitHub\TextVenturer\SoftwareEngineering\TextVenturer\CustomScript.cpp" line="1162" col="15" msg="incomplete type &apos;CustomScript::ObjectExpression&apos; named in nested name specifier" />
 <error level="error" id="err_incomplete_nested_name_spec" file="C:\Users\Andre\Documents\GitHub\TextVenturer\SoftwareEngineering\TextVenturer\CustomScript.cpp" line="1163" col="60" msg="incomplete type &apos;CustomScript::StringExpression&apos; named in nested name specifier" />
 <error level="error" id="err_incomplete_nested_name_spec" file="C:\Users\Andre\Documents\GitHub\TextVenturer\SoftwareEngineering\TextVenturer\CustomScript.cpp" line="1168" col="1" msg="incomplete type &apos;CustomScript::BoolExpression&apos; named in nested name specifier" />
 <error level="error" id="err_undeclared_var_use" file="C:\Users\Andre\Documents\GitHub\TextVenturer\SoftwareEngineering\TextVenturer\CustomScript.cpp" line="1170" col="12" msg="use of undeclared identifier &apos;etObjectFlagTest&apos;" />
 <error level="error" id="err_not_direct_base_or_virtual" file="C:\Users\Andre\Documents\GitHub\TextVenturer\SoftwareEngineering\TextVenturer\CustomScript.cpp" line="1174" col="7" msg="type &apos;CustomScript::BoolExpression&apos; is not a direct or virtual base of &apos;CustomScript::ObjectFlagTestExpression&apos;" />
 <error level="warning" id="ext_mismatched_exception_spec" file="C:\Users\Andre\Documents\GitHub\TextVenturer\SoftwareEngineering\TextVenturer\CustomScript.cpp" line="1180" col="41" msg="exception specification in declaration does not match previous declaration" />
 <error level="warning" id="warn_delete_incomplete" file="C:\Users\Andre\Documents\GitHub\TextVenturer\SoftwareEngineering\TextVenturer\CustomScript.cpp" line="1182" col="5" msg="deleting pointer to incomplete type &apos;CustomScript::ObjectExpression&apos; may cause undefined behavior" />
 <error level="error" id="err_incomplete_member_access" file="C:\Users\Andre\Documents\GitHub\TextVenturer\SoftwareEngineering\TextVenturer\CustomScript.cpp" line="1188" col="21" msg="member access into incomplete type &apos;CustomScript::ObjectExpression&apos;" />
 <error level="error" id="err_incomplete_nested_name_spec" file="C:\Users\Andre\Documents\GitHub\TextVenturer\SoftwareEngineering\TextVenturer\CustomScript.cpp" line="1195" col="24" msg="incomplete type &apos;CustomScript::ObjectExpression&apos; named in nested name specifier" />
 <error level="error" id="err_incomplete_nested_name_spec" file="C:\Users\Andre\Documents\GitHub\TextVenturer\SoftwareEngineering\TextVenturer\CustomScript.cpp" line="1215" col="5" msg="incomplete type &apos;CustomScript::BoolExpression&apos; named in nested name specifier" />
 <error level="note" id="note_previous_declaration" file="C:\Users\Andre\Documents\GitHub\TextVenturer\SoftwareEngineering\TextVenturer\CustomScript.cpp" line="1213" col="64" msg="previous declaration is here" />
 <error level="error" id="err_incomplete_member_access" file="C:\Users\Andre\Documents\GitHub\TextVenturer\SoftwareEngineering\TextVenturer\CustomScript.cpp" line="1216" col="14" msg="member access into incomplete type &apos;CustomScript::ObjectExpression&apos;" />
 <error level="error" id="err_incomplete_nested_name_spec" file="C:\Users\Andre\Documents\GitHub\TextVenturer\SoftwareEngineering\TextVenturer\CustomScript.cpp" line="1222" col="17" msg="incomplete type &apos;CustomScript::ObjectExpression&apos; named in nested name specifier" />
 <error level="error" id="err_incomplete_nested_name_spec" file="C:\Users\Andre\Documents\GitHub\TextVenturer\SoftwareEngineering\TextVenturer\CustomScript.cpp" line="1223" col="53" msg="incomplete type &apos;CustomScript::StringExpression&apos; named in nested name specifier" />
 <error level="error" id="err_incomplete_nested_name_spec" file="C:\Users\Andre\Documents\GitHub\TextVenturer\SoftwareEngineering\TextVenturer\CustomScript.cpp" line="1228" col="1" msg="incomplete type &apos;CustomScript::BoolExpression&apos; named in nested name specifier" />
 <error level="error" id="err_undeclared_var_use_suggest" file="C:\Users\Andre\Documents\GitHub\TextVenturer\SoftwareEngineering\TextVenturer\CustomScript.cpp" line="1230" col="12" msg="use of undeclared identifier &apos;etGlobalFlagTest&apos;; did you mean &apos;GlobalFlags&apos;?" />
 <error level="error" id="err_not_direct_base_or_virtual" file="C:\Users\Andre\Documents\GitHub\TextVenturer\SoftwareEngineering\TextVenturer\CustomScript.cpp" line="1234" col="7" msg="type &apos;CustomScript::BoolExpression&apos; is not a direct or virtual base of &apos;CustomScript::GlobalFlagTestExpression&apos;" />
 <error level="warning" id="ext_mismatched_exception_spec" file="C:\Users\Andre\Documents\GitHub\TextVenturer\SoftwareEngineering\TextVenturer\CustomScript.cpp" line="1239" col="41" msg="exception specification in declaration does not match previous declaration" />
 <error level="error" id="err_undeclared_var_use" file="C:\Users\Andre\Documents\GitHub\TextVenturer\SoftwareEngineering\TextVenturer\CustomScript.cpp" line="1246" col="12" msg="use of undeclared identifier &apos;getAction&apos;" />
 <error level="error" id="err_incomplete_nested_name_spec" file="C:\Users\Andre\Documents\GitHub\TextVenturer\SoftwareEngineering\TextVenturer\CustomScript.cpp" line="1266" col="5" msg="incomplete type &apos;CustomScript::BoolExpression&apos; named in nested name specifier" />
 <error level="note" id="note_previous_declaration" file="C:\Users\Andre\Documents\GitHub\TextVenturer\SoftwareEngineering\TextVenturer\CustomScript.cpp" line="1264" col="64" msg="previous declaration is here" />
 <error level="error" id="err_incomplete_nested_name_spec" file="C:\Users\Andre\Documents\GitHub\TextVenturer\SoftwareEngineering\TextVenturer\CustomScript.cpp" line="1272" col="53" msg="incomplete type &apos;CustomScript::StringExpression&apos; named in nested name specifier" />
 <error level="error" id="err_incomplete_member_access" file="C:\Users\Andre\Documents\GitHub\TextVenturer\SoftwareEngineering\TextVenturer\CustomScript.cpp" line="1327" col="14" msg="member access into incomplete type &apos;CustomScript::ControlStatement&apos;" />
 <error level="error" id="err_incomplete_member_access" file="C:\Users\Andre\Documents\GitHub\TextVenturer\SoftwareEngineering\TextVenturer\CustomScript.cpp" line="1328" col="14" msg="member access into incomplete type &apos;CustomScript::ControlStatement&apos;" />
 <error level="error" id="err_incomplete_nested_name_spec" file="C:\Users\Andre\Documents\GitHub\TextVenturer\SoftwareEngineering\TextVenturer\CustomScript.cpp" line="1441" col="20" msg="incomplete type &apos;CustomScript::ControlStatement&apos; named in nested name specifier" />
 <error level="error" id="err_incomplete_nested_name_spec" file="C:\Users\Andre\Documents\GitHub\TextVenturer\SoftwareEngineering\TextVenturer\CustomScript.cpp" line="1446" col="20" msg="incomplete type &apos;CustomScript::ControlStatement&apos; named in nested name specifier" />
 <error level="error" id="err_incomplete_nested_name_spec" file="C:\Users\Andre\Documents\GitHub\TextVenturer\SoftwareEngineering\TextVenturer\CustomScript.cpp" line="1451" col="20" msg="incomplete type &apos;CustomScript::ControlStatement&apos; named in nested name specifier" />
 <error level="error" id="err_incomplete_nested_name_spec" file="C:\Users\Andre\Documents\GitHub\TextVenturer\SoftwareEngineering\TextVenturer\CustomScript.cpp" line="1456" col="20" msg="incomplete type &apos;CustomScript::ControlStatement&apos; named in nested name specifier" />
 <error level="error" id="err_incomplete_nested_name_spec" file="C:\Users\Andre\Documents\GitHub\TextVenturer\SoftwareEngineering\TextVenturer\CustomScript.cpp" line="1463" col="6" msg="incomplete type &apos;CustomScript::ConditionalStatement&apos; named in nested name specifier" />
 <error level="error" id="err_incomplete_nested_name_spec" file="C:\Users\Andre\Documents\GitHub\TextVenturer\SoftwareEngineering\TextVenturer\CustomScript.cpp" line="1468" col="1" msg="incomplete type &apos;CustomScript::ConditionalStatement&apos; named in nested name specifier" />
 <error level="error" id="err_incomplete_nested_name_spec" file="C:\Users\Andre\Documents\GitHub\TextVenturer\SoftwareEngineering\TextVenturer\CustomScript.cpp" line="1473" col="1" msg="incomplete type &apos;CustomScript::ConditionalStatement&apos; named in nested name specifier" />
 <error level="error" id="err_incomplete_nested_name_spec" file="C:\Users\Andre\Documents\GitHub\TextVenturer\SoftwareEngineering\TextVenturer\CustomScript.cpp" line="1478" col="20" msg="incomplete type &apos;CustomScript::ConditionalStatement&apos; named in nested name specifier" />
 <error level="error" id="err_incomplete_nested_name_spec" file="C:\Users\Andre\Documents\GitHub\TextVenturer\SoftwareEngineering\TextVenturer\CustomScript.cpp" line="1484" col="20" msg="incomplete type &apos;CustomScript::ConditionalStatement&apos; named in nested name specifier" />
 <error level="warning" id="ext_mismatched_exception_spec" file="C:\Users\Andre\Documents\GitHub\TextVenturer\SoftwareEngineering\TextVenturer\CustomScript.cpp" line="1498" col="14" msg="exception specification in declaration does not match previous declaration" />
 <error level="error" id="err_undeclared_var_use_suggest" file="C:\Users\Andre\Documents\GitHub\TextVenturer\SoftwareEngineering\TextVenturer\CustomScript.cpp" line="1506" col="5" msg="use of undeclared identifier &apos;preExecute&apos;; did you mean &apos;execute&apos;?" />
 <error level="note" id="note_previous_decl" file="C:\Users\Andre\Documents\GitHub\TextVenturer\SoftwareEngineering\TextVenturer\CustomScript.cpp" line="1504" col="19" msg="&apos;execute&apos; declared here" />
 <error level="error" id="err_undeclared_var_use" file="C:\Users\Andre\Documents\GitHub\TextVenturer\SoftwareEngineering\TextVenturer\CustomScript.cpp" line="1508" col="9" msg="use of undeclared identifier &apos;evaluateCondition&apos;" />
 <error level="error" id="err_incomplete_nested_name_spec" file="C:\Users\Andre\Documents\GitHub\TextVenturer\SoftwareEngineering\TextVenturer\CustomScript.cpp" line="1518" col="23" msg="incomplete type &apos;CustomScript::ControlStatement&apos; named in nested name specifier" />
 <error level="error" id="err_incomplete_nested_name_spec" file="C:\Users\Andre\Documents\GitHub\TextVenturer\SoftwareEngineering\TextVenturer\CustomScript.cpp" line="1534" col="33" msg="incomplete type &apos;CustomScript::BoolExpression&apos; named in nested name specifier" />
 <error level="warning" id="warn_delete_incomplete" file="C:\Users\Andre\Documents\GitHub\TextVenturer\SoftwareEngineering\TextVenturer\CustomScript.cpp" line="1544" col="9" msg="deleting pointer to incomplete type &apos;CustomScript::BoolExpression&apos; may cause undefined behavior" />
 <error level="error" id="err_no_member" file="C:\Users\Andre\Documents\GitHub\TextVenturer\SoftwareEngineering\TextVenturer\CustomScript.cpp" line="1552" col="12" msg="no member named &apos;setScript&apos; in &apos;CustomScript::IfStatement&apos;" />
 <error level="error" id="err_no_member" file="C:\Users\Andre\Documents\GitHub\TextVenturer\SoftwareEngineering\TextVenturer\CustomScript.cpp" line="1553" col="12" msg="no member named &apos;setParent&apos; in &apos;CustomScript::IfStatement&apos;" />
 <error level="error" id="err_no_member" file="C:\Users\Andre\Documents\GitHub\TextVenturer\SoftwareEngineering\TextVenturer\CustomScript.cpp" line="1554" col="12" msg="no member named &apos;condition&apos; in &apos;CustomScript::IfStatement&apos;" />
 <error level="note" id="note_parameter_named_here" file="C:\Users\Andre\Documents\GitHub\TextVenturer\SoftwareEngineering\TextVenturer\CustomScript.cpp" line="1351" col="76" msg="passing argument to parameter &apos;parent&apos; here" />
 <error level="error" id="err_undeclared_var_use_suggest" file="C:\Users\Andre\Documents\GitHub\TextVenturer\SoftwareEngineering\TextVenturer\CustomScript.cpp" line="1558" col="41" msg="use of undeclared identifier &apos;prError&apos;; did you mean &apos;BreakStatement::prError&apos;?" />
 <error level="error" id="err_no_member" file="C:\Users\Andre\Documents\GitHub\TextVenturer\SoftwareEngineering\TextVenturer\CustomScript.cpp" line="1566" col="15" msg="no member named &apos;setScript&apos; in &apos;CustomScript::IfStatement&apos;" />
 <error level="error" id="err_no_member" file="C:\Users\Andre\Documents\GitHub\TextVenturer\SoftwareEngineering\TextVenturer\CustomScript.cpp" line="1567" col="15" msg="no member named &apos;setParent&apos; in &apos;CustomScript::IfStatement&apos;" />
 <error level="error" id="err_no_member" file="C:\Users\Andre\Documents\GitHub\TextVenturer\SoftwareEngineering\TextVenturer\CustomScript.cpp" line="1568" col="15" msg="no member named &apos;condition&apos; in &apos;CustomScript::IfStatement&apos;" />
 <error level="error" id="err_incomplete_nested_name_spec" file="C:\Users\Andre\Documents\GitHub\TextVenturer\SoftwareEngineering\TextVenturer\CustomScript.cpp" line="1568" col="27" msg="incomplete type &apos;CustomScript::BoolExpression&apos; named in nested name specifier" />
 <error level="error" id="err_no_member" file="C:\Users\Andre\Documents\GitHub\TextVenturer\SoftwareEngineering\TextVenturer\CustomScript.cpp" line="1570" col="20" msg="no member named &apos;condition&apos; in &apos;CustomScript::IfStatement&apos;" />
 <error level="warning" id="warn_delete_incomplete" file="C:\Users\Andre\Documents\GitHub\TextVenturer\SoftwareEngineering\TextVenturer\CustomScript.cpp" line="1579" col="13" msg="deleting pointer to incomplete type &apos;CustomScript::BoolExpression&apos; may cause undefined behavior" />
 <error level="note" id="note_parameter_named_here" file="C:\Users\Andre\Documents\GitHub\TextVenturer\SoftwareEngineering\TextVenturer\CustomScript.cpp" line="1351" col="76" msg="passing argument to parameter &apos;parent&apos; here" />
 <error level="error" id="err_undeclared_var_use_suggest" file="C:\Users\Andre\Documents\GitHub\TextVenturer\SoftwareEngineering\TextVenturer\CustomScript.cpp" line="1588" col="51" msg="use of undeclared identifier &apos;prError&apos;; did you mean &apos;BreakStatement::prError&apos;?" />
 <error level="note" id="note_parameter_named_here" file="C:\Users\Andre\Documents\GitHub\TextVenturer\SoftwareEngineering\TextVenturer\CustomScript.cpp" line="1351" col="76" msg="passing argument to parameter &apos;parent&apos; here" />
 <error level="error" id="err_undeclared_var_use_suggest" file="C:\Users\Andre\Documents\GitHub\TextVenturer\SoftwareEngineering\TextVenturer\CustomScript.cpp" line="1597" col="45" msg="use of undeclared identifier &apos;prError&apos;; did you mean &apos;BreakStatement::prError&apos;?" />
 <error level="error" id="err_undeclared_var_use_suggest" file="C:\Users\Andre\Documents\GitHub\TextVenturer\SoftwareEngineering\TextVenturer\CustomScript.cpp" line="1613" col="12" msg="use of undeclared identifier &apos;stIf&apos;; did you mean &apos;BreakStatement::stIf&apos;?" />
 <error level="error" id="err_incomplete_nested_name_spec" file="C:\Users\Andre\Documents\GitHub\TextVenturer\SoftwareEngineering\TextVenturer\CustomScript.cpp" line="1618" col="5" msg="incomplete type &apos;CustomScript::ConditionalStatement&apos; named in nested name specifier" />
 <error level="note" id="note_previous_declaration" file="C:\Users\Andre\Documents\GitHub\TextVenturer\SoftwareEngineering\TextVenturer\CustomScript.cpp" line="1616" col="51" msg="previous declaration is here" />
 <error level="error" id="err_incomplete_nested_name_spec" file="C:\Users\Andre\Documents\GitHub\TextVenturer\SoftwareEngineering\TextVenturer\CustomScript.cpp" line="1627" col="5" msg="incomplete type &apos;CustomScript::ConditionalStatement&apos; named in nested name specifier" />
 <error level="error" id="err_undeclared_var_use_suggest" file="C:\Users\Andre\Documents\GitHub\TextVenturer\SoftwareEngineering\TextVenturer\CustomScript.cpp" line="1628" col="16" msg="use of undeclared identifier &apos;loadTyped&apos;; did you mean &apos;BreakStatement::loadTyped&apos;?" />
 <error level="note" id="note_previous_decl" file="C:\Users\Andre\Documents\GitHub\TextVenturer\SoftwareEngineering\TextVenturer\CustomScript.cpp" line="1380" col="38" msg="&apos;BreakStatement::loadTyped&apos; declared here" />
 <error level="error" id="err_undeclared_var_use_suggest" file="C:\Users\Andre\Documents\GitHub\TextVenturer\SoftwareEngineering\TextVenturer\CustomScript.cpp" line="1630" col="20" msg="use of undeclared identifier &apos;loadTyped&apos;; did you mean &apos;BreakStatement::loadTyped&apos;?" />
 <error level="note" id="note_previous_decl" file="C:\Users\Andre\Documents\GitHub\TextVenturer\SoftwareEngineering\TextVenturer\CustomScript.cpp" line="1380" col="38" msg="&apos;BreakStatement::loadTyped&apos; declared here" />
 <error level="warning" id="ext_mismatched_exception_spec" file="C:\Users\Andre\Documents\GitHub\TextVenturer\SoftwareEngineering\TextVenturer\CustomScript.cpp" line="1647" col="18" msg="exception specification in declaration does not match previous declaration" />
 <error level="error" id="err_undeclared_var_use_suggest" file="C:\Users\Andre\Documents\GitHub\TextVenturer\SoftwareEngineering\TextVenturer\CustomScript.cpp" line="1660" col="5" msg="use of undeclared identifier &apos;preExecute&apos;; did you mean &apos;execute&apos;?" />
 <error level="note" id="note_previous_decl" file="C:\Users\Andre\Documents\GitHub\TextVenturer\SoftwareEngineering\TextVenturer\CustomScript.cpp" line="1658" col="23" msg="&apos;execute&apos; declared here" />
 <error level="error" id="err_undeclared_var_use" file="C:\Users\Andre\Documents\GitHub\TextVenturer\SoftwareEngineering\TextVenturer\CustomScript.cpp" line="1661" col="31" msg="use of undeclared identifier &apos;getAction&apos;" />
 <error level="error" id="err_incomplete_nested_name_spec" file="C:\Users\Andre\Documents\GitHub\TextVenturer\SoftwareEngineering\TextVenturer\CustomScript.cpp" line="1678" col="23" msg="incomplete type &apos;CustomScript::ControlStatement&apos; named in nested name specifier" />
 <error level="error" id="err_no_member" file="C:\Users\Andre\Documents\GitHub\TextVenturer\SoftwareEngineering\TextVenturer\CustomScript.cpp" line="1711" col="12" msg="no member named &apos;setScript&apos; in &apos;CustomScript::SwitchStatement&apos;" />
 <error level="error" id="err_no_member" file="C:\Users\Andre\Documents\GitHub\TextVenturer\SoftwareEngineering\TextVenturer\CustomScript.cpp" line="1712" col="12" msg="no member named &apos;setParent&apos; in &apos;CustomScript::SwitchStatement&apos;" />
 <error level="note" id="note_parameter_named_here" file="C:\Users\Andre\Documents\GitHub\TextVenturer\SoftwareEngineering\TextVenturer\CustomScript.cpp" line="1351" col="76" msg="passing argument to parameter &apos;parent&apos; here" />
 <error level="error" id="err_undeclared_var_use" file="C:\Users\Andre\Documents\GitHub\TextVenturer\SoftwareEngineering\TextVenturer\CustomScript.cpp" line="1731" col="45" msg="use of undeclared identifier &apos;prError&apos;" />
 <error level="note" id="note_parameter_named_here" file="C:\Users\Andre\Documents\GitHub\TextVenturer\SoftwareEngineering\TextVenturer\CustomScript.cpp" line="1351" col="76" msg="passing argument to parameter &apos;parent&apos; here" />
 <error level="error" id="err_undeclared_var_use" file="C:\Users\Andre\Documents\GitHub\TextVenturer\SoftwareEngineering\TextVenturer\CustomScript.cpp" line="1743" col="50" msg="use of undeclared identifier &apos;prError&apos;" />
 <error level="error" id="err_undeclared_var_use" file="C:\Users\Andre\Documents\GitHub\TextVenturer\SoftwareEngineering\TextVenturer\CustomScript.cpp" line="1764" col="12" msg="use of undeclared identifier &apos;stSwitch&apos;" />
 <error level="warning" id="err_member_call_without_object" file="C:\Users\Andre\Documents\GitHub\TextVenturer\SoftwareEngineering\TextVenturer\CustomScript.cpp" line="1769" col="16" msg="call to non-static member function without an object argument" />
 <error level="warning" id="err_member_call_without_object" file="C:\Users\Andre\Documents\GitHub\TextVenturer\SoftwareEngineering\TextVenturer\CustomScript.cpp" line="1783" col="16" msg="call to non-static member function without an object argument" />
 <error level="error" id="err_incomplete_nested_name_spec" file="C:\Users\Andre\Documents\GitHub\TextVenturer\SoftwareEngineering\TextVenturer\CustomScript.cpp" line="1784" col="48" msg="incomplete type &apos;CustomScript::StringExpression&apos; named in nested name specifier" />
 <error level="error" id="err_incomplete_nested_name_spec" file="C:\Users\Andre\Documents\GitHub\TextVenturer\SoftwareEngineering\TextVenturer\CustomScript.cpp" line="1788" col="67" msg="incomplete type &apos;CustomScript::ObjectExpression&apos; named in nested name specifier" />
 <error level="error" id="err_undeclared_var_use" file="C:\Users\Andre\Documents\GitHub\TextVenturer\SoftwareEngineering\TextVenturer\CustomScript.cpp" line="1789" col="27" msg="use of undeclared identifier &apos;loadTyped&apos;" />
 <error level="error" id="err_undeclared_var_use" file="C:\Users\Andre\Documents\GitHub\TextVenturer\SoftwareEngineering\TextVenturer\CustomScript.cpp" line="1793" col="20" msg="use of undeclared identifier &apos;loadTyped&apos;" />
 <error level="error" id="err_incomplete_nested_name_spec" file="C:\Users\Andre\Documents\GitHub\TextVenturer\SoftwareEngineering\TextVenturer\CustomScript.cpp" line="1798" col="20" msg="incomplete type &apos;CustomScript::LoopStatement&apos; named in nested name specifier" />
 <error level="error" id="err_incomplete_nested_name_spec" file="C:\Users\Andre\Documents\GitHub\TextVenturer\SoftwareEngineering\TextVenturer\CustomScript.cpp" line="1803" col="6" msg="incomplete type &apos;CustomScript::LoopStatement&apos; named in nested name specifier" />
 <error level="error" id="err_incomplete_nested_name_spec" file="C:\Users\Andre\Documents\GitHub\TextVenturer\SoftwareEngineering\TextVenturer\CustomScript.cpp" line="1808" col="6" msg="incomplete type &apos;CustomScript::LoopStatement&apos; named in nested name specifier" />
 <error level="error" id="err_incomplete_nested_name_spec" file="C:\Users\Andre\Documents\GitHub\TextVenturer\SoftwareEngineering\TextVenturer\CustomScript.cpp" line="1813" col="20" msg="incomplete type &apos;CustomScript::LoopStatement&apos; named in nested name specifier" />
 <error level="error" id="err_incomplete_nested_name_spec" file="C:\Users\Andre\Documents\GitHub\TextVenturer\SoftwareEngineering\TextVenturer\CustomScript.cpp" line="1818" col="6" msg="incomplete type &apos;CustomScript::LoopStatement&apos; named in nested name specifier" />
 <error level="error" id="err_incomplete_nested_name_spec" file="C:\Users\Andre\Documents\GitHub\TextVenturer\SoftwareEngineering\TextVenturer\CustomScript.cpp" line="1824" col="1" msg="incomplete type &apos;CustomScript::LoopStatement&apos; named in nested name specifier" />
 <error level="error" id="err_incomplete_nested_name_spec" file="C:\Users\Andre\Documents\GitHub\TextVenturer\SoftwareEngineering\TextVenturer\CustomScript.cpp" line="1829" col="1" msg="incomplete type &apos;CustomScript::LoopStatement&apos; named in nested name specifier" />
 <error level="error" id="err_incomplete_nested_name_spec" file="C:\Users\Andre\Documents\GitHub\TextVenturer\SoftwareEngineering\TextVenturer\CustomScript.cpp" line="1834" col="6" msg="incomplete type &apos;CustomScript::LoopStatement&apos; named in nested name specifier" />
 <error level="error" id="err_incomplete_nested_name_spec" file="C:\Users\Andre\Documents\GitHub\TextVenturer\SoftwareEngineering\TextVenturer\CustomScript.cpp" line="1839" col="20" msg="incomplete type &apos;CustomScript::LoopStatement&apos; named in nested name specifier" />
 <error level="error" id="err_incomplete_nested_name_spec" file="C:\Users\Andre\Documents\GitHub\TextVenturer\SoftwareEngineering\TextVenturer\CustomScript.cpp" line="1844" col="20" msg="incomplete type &apos;CustomScript::LoopStatement&apos; named in nested name specifier" />
 <error level="error" id="err_incomplete_nested_name_spec" file="C:\Users\Andre\Documents\GitHub\TextVenturer\SoftwareEngineering\TextVenturer\CustomScript.cpp" line="1850" col="20" msg="incomplete type &apos;CustomScript::LoopStatement&apos; named in nested name specifier" />
 <error level="error" id="err_undeclared_var_use" file="C:\Users\Andre\Documents\GitHub\TextVenturer\SoftwareEngineering\TextVenturer\CustomScript.cpp" line="1860" col="5" msg="use of undeclared identifier &apos;preExecute&apos;" />
 <error level="error" id="err_undeclared_var_use" file="C:\Users\Andre\Documents\GitHub\TextVenturer\SoftwareEngineering\TextVenturer\CustomScript.cpp" line="1862" col="13" msg="use of undeclared identifier &apos;breakOccured&apos;" />
 <error level="error" id="err_undeclared_var_use" file="C:\Users\Andre\Documents\GitHub\TextVenturer\SoftwareEngineering\TextVenturer\CustomScript.cpp" line="1862" col="42" msg="use of undeclared identifier &apos;evaluateCondition&apos;" />
 <error level="error" id="err_undeclared_var_use" file="C:\Users\Andre\Documents\GitHub\TextVenturer\SoftwareEngineering\TextVenturer\CustomScript.cpp" line="1863" col="19" msg="use of undeclared identifier &apos;executeLoopPart&apos;" />
 <error level="error" id="err_incomplete_nested_name_spec" file="C:\Users\Andre\Documents\GitHub\TextVenturer\SoftwareEngineering\TextVenturer\CustomScript.cpp" line="1864" col="23" msg="incomplete type &apos;CustomScript::ConditionalStatement&apos; named in nested name specifier" />
 <error level="error" id="err_incomplete_nested_name_spec" file="C:\Users\Andre\Documents\GitHub\TextVenturer\SoftwareEngineering\TextVenturer\CustomScript.cpp" line="1878" col="33" msg="incomplete type &apos;CustomScript::BoolExpression&apos; named in nested name specifier" />
 <error level="warning" id="warn_delete_incomplete" file="C:\Users\Andre\Documents\GitHub\TextVenturer\SoftwareEngineering\TextVenturer\CustomScript.cpp" line="1888" col="9" msg="deleting pointer to incomplete type &apos;CustomScript::BoolExpression&apos; may cause undefined behavior" />
 <error level="error" id="err_no_member" file="C:\Users\Andre\Documents\GitHub\TextVenturer\SoftwareEngineering\TextVenturer\CustomScript.cpp" line="1895" col="12" msg="no member named &apos;setScript&apos; in &apos;CustomScript::WhileStatement&apos;" />
 <error level="error" id="err_no_member" file="C:\Users\Andre\Documents\GitHub\TextVenturer\SoftwareEngineering\TextVenturer\CustomScript.cpp" line="1896" col="12" msg="no member named &apos;setParent&apos; in &apos;CustomScript::WhileStatement&apos;" />
 <error level="error" id="err_no_member" file="C:\Users\Andre\Documents\GitHub\TextVenturer\SoftwareEngineering\TextVenturer\CustomScript.cpp" line="1897" col="12" msg="no member named &apos;condition&apos; in &apos;CustomScript::WhileStatement&apos;" />
 <error level="error" id="err_no_member" file="C:\Users\Andre\Documents\GitHub\TextVenturer\SoftwareEngineering\TextVenturer\CustomScript.cpp" line="1900" col="12" msg="no member named &apos;setLoopPart&apos; in &apos;CustomScript::WhileStatement&apos;" />
 <error level="note" id="note_parameter_named_here" file="C:\Users\Andre\Documents\GitHub\TextVenturer\SoftwareEngineering\TextVenturer\CustomScript.cpp" line="1351" col="76" msg="passing argument to parameter &apos;parent&apos; here" />
 <error level="error" id="err_undeclared_var_use" file="C:\Users\Andre\Documents\GitHub\TextVenturer\SoftwareEngineering\TextVenturer\CustomScript.cpp" line="1901" col="41" msg="use of undeclared identifier &apos;prError&apos;" />
 <error level="error" id="err_undeclared_var_use" file="C:\Users\Andre\Documents\GitHub\TextVenturer\SoftwareEngineering\TextVenturer\CustomScript.cpp" line="1922" col="12" msg="use of undeclared identifier &apos;stWhile&apos;" />
 <error level="error" id="err_undeclared_var_use" file="C:\Users\Andre\Documents\GitHub\TextVenturer\SoftwareEngineering\TextVenturer\CustomScript.cpp" line="1929" col="5" msg="use of undeclared identifier &apos;preExecute&apos;" />
 <error level="error" id="err_undeclared_var_use" file="C:\Users\Andre\Documents\GitHub\TextVenturer\SoftwareEngineering\TextVenturer\CustomScript.cpp" line="1933" col="19" msg="use of undeclared identifier &apos;executeLoopPart&apos;" />
 <error level="error" id="err_undeclared_var_use" file="C:\Users\Andre\Documents\GitHub\TextVenturer\SoftwareEngineering\TextVenturer\CustomScript.cpp" line="1934" col="15" msg="use of undeclared identifier &apos;breakOccured&apos;" />
 <error level="error" id="err_undeclared_var_use" file="C:\Users\Andre\Documents\GitHub\TextVenturer\SoftwareEngineering\TextVenturer\CustomScript.cpp" line="1934" col="45" msg="use of undeclared identifier &apos;continueOccured&apos;" />
 <error level="error" id="err_undeclared_var_use" file="C:\Users\Andre\Documents\GitHub\TextVenturer\SoftwareEngineering\TextVenturer\CustomScript.cpp" line="1934" col="68" msg="use of undeclared identifier &apos;evaluateCondition&apos;" />
 <error level="error" id="err_incomplete_nested_name_spec" file="C:\Users\Andre\Documents\GitHub\TextVenturer\SoftwareEngineering\TextVenturer\CustomScript.cpp" line="1935" col="23" msg="incomplete type &apos;CustomScript::ConditionalStatement&apos; named in nested name specifier" />
 <error level="error" id="err_no_member" file="C:\Users\Andre\Documents\GitHub\TextVenturer\SoftwareEngineering\TextVenturer\CustomScript.cpp" line="1950" col="12" msg="no member named &apos;setScript&apos; in &apos;CustomScript::RepeatUntilStatement&apos;" />
 <error level="error" id="err_no_member" file="C:\Users\Andre\Documents\GitHub\TextVenturer\SoftwareEngineering\TextVenturer\CustomScript.cpp" line="1951" col="12" msg="no member named &apos;setParent&apos; in &apos;CustomScript::RepeatUntilStatement&apos;" />
 <error level="error" id="err_no_member" file="C:\Users\Andre\Documents\GitHub\TextVenturer\SoftwareEngineering\TextVenturer\CustomScript.cpp" line="1954" col="12" msg="no member named &apos;setLoopPart&apos; in &apos;CustomScript::RepeatUntilStatement&apos;" />
 <error level="note" id="note_parameter_named_here" file="C:\Users\Andre\Documents\GitHub\TextVenturer\SoftwareEngineering\TextVenturer\CustomScript.cpp" line="1351" col="76" msg="passing argument to parameter &apos;parent&apos; here" />
 <error level="error" id="err_undeclared_var_use" file="C:\Users\Andre\Documents\GitHub\TextVenturer\SoftwareEngineering\TextVenturer\CustomScript.cpp" line="1955" col="41" msg="use of undeclared identifier &apos;prError&apos;" />
 <error level="error" id="err_incomplete_nested_name_spec" file="C:\Users\Andre\Documents\GitHub\TextVenturer\SoftwareEngineering\TextVenturer\CustomScript.cpp" line="1966" col="33" msg="incomplete type &apos;CustomScript::BoolExpression&apos; named in nested name specifier" />
 <error level="error" id="err_no_member" file="C:\Users\Andre\Documents\GitHub\TextVenturer\SoftwareEngineering\TextVenturer\CustomScript.cpp" line="1973" col="12" msg="no member named &apos;condition&apos; in &apos;CustomScript::RepeatUntilStatement&apos;" />
 <error level="error" id="err_undeclared_var_use" file="C:\Users\Andre\Documents\GitHub\TextVenturer\SoftwareEngineering\TextVenturer\CustomScript.cpp" line="1982" col="12" msg="use of undeclared identifier &apos;stDoWhile&apos;" />
 <error level="error" id="err_incomplete_member_access" file="C:\Users\Andre\Documents\GitHub\TextVenturer\SoftwareEngineering\TextVenturer\CustomScript.cpp" line="1990" col="13" msg="member access into incomplete type &apos;CustomScript::LoopStatement&apos;" />
 <error level="error" id="err_incomplete_member_access" file="C:\Users\Andre\Documents\GitHub\TextVenturer\SoftwareEngineering\TextVenturer\CustomScript.cpp" line="2025" col="13" msg="member access into incomplete type &apos;CustomScript::LoopStatement&apos;" />
 <error level="warning" id="warn_delete_incomplete" file="C:\Users\Andre\Documents\GitHub\TextVenturer\SoftwareEngineering\TextVenturer\CustomScript.cpp" line="2137" col="9" msg="deleting pointer to incomplete type &apos;CustomScript::Expression&apos; may cause undefined behavior" />
 <error level="error" id="err_incomplete_member_access" file="C:\Users\Andre\Documents\GitHub\TextVenturer\SoftwareEngineering\TextVenturer\CustomScript.cpp" line="2155" col="58" msg="member access into incomplete type &apos;CustomScript::StringExpression&apos;" />
 <error level="error" id="err_incomplete_member_access" file="C:\Users\Andre\Documents\GitHub\TextVenturer\SoftwareEngineering\TextVenturer\CustomScript.cpp" line="2165" col="72" msg="member access into incomplete type &apos;CustomScript::ObjectExpression&apos;" />
 <error level="error" id="err_expected" file="C:\Users\Andre\Documents\GitHub\TextVenturer\SoftwareEngineering\TextVenturer\CustomScript.cpp" line="2165" col="74" msg="expected &apos;)&apos;" />
 <error level="note" id="note_matching" file="C:\Users\Andre\Documents\GitHub\TextVenturer\SoftwareEngineering\TextVenturer\CustomScript.cpp" line="2165" col="41" msg="to match this &apos;(&apos;" />
 <error level="error" id="err_incomplete_member_access" file="C:\Users\Andre\Documents\GitHub\TextVenturer\SoftwareEngineering\TextVenturer\CustomScript.cpp" line="2173" col="84" msg="member access into incomplete type &apos;CustomScript::ObjectExpression&apos;" />
 <error level="error" id="err_expected" file="C:\Users\Andre\Documents\GitHub\TextVenturer\SoftwareEngineering\TextVenturer\CustomScript.cpp" line="2173" col="86" msg="expected &apos;)&apos;" />
 <error level="note" id="note_matching" file="C:\Users\Andre\Documents\GitHub\TextVenturer\SoftwareEngineering\TextVenturer\CustomScript.cpp" line="2173" col="53" msg="to match this &apos;(&apos;" />
 <error level="error" id="err_no_member" file="C:\Users\Andre\Documents\GitHub\TextVenturer\SoftwareEngineering\TextVenturer\CustomScript.cpp" line="2178" col="69" msg="no member named &apos;getNameOnly&apos; in &apos;Location&apos;" />
 <error level="error" id="err_incomplete_member_access" file="C:\Users\Andre\Documents\GitHub\TextVenturer\SoftwareEngineering\TextVenturer\CustomScript.cpp" line="2186" col="72" msg="member access into incomplete type &apos;CustomScript::ObjectExpression&apos;" />
 <error level="error" id="err_expected" file="C:\Users\Andre\Documents\GitHub\TextVenturer\SoftwareEngineering\TextVenturer\CustomScript.cpp" line="2186" col="74" msg="expected &apos;)&apos;" />
 <error level="note" id="note_matching" file="C:\Users\Andre\Documents\GitHub\TextVenturer\SoftwareEngineering\TextVenturer\CustomScript.cpp" line="2186" col="41" msg="to match this &apos;(&apos;" />
 <error level="error" id="err_incomplete_member_access" file="C:\Users\Andre\Documents\GitHub\TextVenturer\SoftwareEngineering\TextVenturer\CustomScript.cpp" line="2194" col="72" msg="member access into incomplete type &apos;CustomScript::ObjectExpression&apos;" />
 <error level="error" id="err_expected" file="C:\Users\Andre\Documents\GitHub\TextVenturer\SoftwareEngineering\TextVenturer\CustomScript.cpp" line="2194" col="74" msg="expected &apos;)&apos;" />
 <error level="note" id="note_matching" file="C:\Users\Andre\Documents\GitHub\TextVenturer\SoftwareEngineering\TextVenturer\CustomScript.cpp" line="2194" col="41" msg="to match this &apos;(&apos;" />
 <error level="error" id="err_incomplete_member_access" file="C:\Users\Andre\Documents\GitHub\TextVenturer\SoftwareEngineering\TextVenturer\CustomScript.cpp" line="2202" col="72" msg="member access into incomplete type &apos;CustomScript::ObjectExpression&apos;" />
 <error level="error" id="err_expected" file="C:\Users\Andre\Documents\GitHub\TextVenturer\SoftwareEngineering\TextVenturer\CustomScript.cpp" line="2202" col="74" msg="expected &apos;)&apos;" />
 <error level="note" id="note_matching" file="C:\Users\Andre\Documents\GitHub\TextVenturer\SoftwareEngineering\TextVenturer\CustomScript.cpp" line="2202" col="41" msg="to match this &apos;(&apos;" />
 <error level="error" id="err_incomplete_member_access" file="C:\Users\Andre\Documents\GitHub\TextVenturer\SoftwareEngineering\TextVenturer\CustomScript.cpp" line="2203" col="65" msg="member access into incomplete type &apos;CustomScript::StringExpression&apos;" />
 <error level="error" id="err_incomplete_member_access" file="C:\Users\Andre\Documents\GitHub\TextVenturer\SoftwareEngineering\TextVenturer\CustomScript.cpp" line="2204" col="84" msg="member access into incomplete type &apos;CustomScript::ObjectExpression&apos;" />
 <error level="error" id="err_expected" file="C:\Users\Andre\Documents\GitHub\TextVenturer\SoftwareEngineering\TextVenturer\CustomScript.cpp" line="2204" col="86" msg="expected &apos;)&apos;" />
 <error level="note" id="note_matching" file="C:\Users\Andre\Documents\GitHub\TextVenturer\SoftwareEngineering\TextVenturer\CustomScript.cpp" line="2204" col="53" msg="to match this &apos;(&apos;" />
 <error level="error" id="err_incomplete_member_access" file="C:\Users\Andre\Documents\GitHub\TextVenturer\SoftwareEngineering\TextVenturer\CustomScript.cpp" line="2217" col="72" msg="member access into incomplete type &apos;CustomScript::ObjectExpression&apos;" />
 <error level="error" id="err_expected" file="C:\Users\Andre\Documents\GitHub\TextVenturer\SoftwareEngineering\TextVenturer\CustomScript.cpp" line="2217" col="74" msg="expected &apos;)&apos;" />
 <error level="note" id="note_matching" file="C:\Users\Andre\Documents\GitHub\TextVenturer\SoftwareEngineering\TextVenturer\CustomScript.cpp" line="2217" col="41" msg="to match this &apos;(&apos;" />
 <error level="error" id="err_incomplete_member_access" file="C:\Users\Andre\Documents\GitHub\TextVenturer\SoftwareEngineering\TextVenturer\CustomScript.cpp" line="2218" col="65" msg="member access into incomplete type &apos;CustomScript::StringExpression&apos;" />
 <error level="error" id="err_incomplete_member_access" file="C:\Users\Andre\Documents\GitHub\TextVenturer\SoftwareEngineering\TextVenturer\CustomScript.cpp" line="2219" col="84" msg="member access into incomplete type &apos;CustomScript::ObjectExpression&apos;" />
 <error level="error" id="err_expected" file="C:\Users\Andre\Documents\GitHub\TextVenturer\SoftwareEngineering\TextVenturer\CustomScript.cpp" line="2219" col="86" msg="expected &apos;)&apos;" />
 <error level="note" id="note_matching" file="C:\Users\Andre\Documents\GitHub\TextVenturer\SoftwareEngineering\TextVenturer\CustomScript.cpp" line="2219" col="53" msg="to match this &apos;(&apos;" />
 <error level="error" id="err_incomplete_member_access" file="C:\Users\Andre\Documents\GitHub\TextVenturer\SoftwareEngineering\TextVenturer\CustomScript.cpp" line="2236" col="72" msg="member access into incomplete type &apos;CustomScript::ObjectExpression&apos;" />
 <error level="error" id="err_expected" file="C:\Users\Andre\Documents\GitHub\TextVenturer\SoftwareEngineering\TextVenturer\CustomScript.cpp" line="2236" col="74" msg="expected &apos;)&apos;" />
 <error level="note" id="note_matching" file="C:\Users\Andre\Documents\GitHub\TextVenturer\SoftwareEngineering\TextVenturer\CustomScript.cpp" line="2236" col="41" msg="to match this &apos;(&apos;" />
 <error level="error" id="err_incomplete_member_access" file="C:\Users\Andre\Documents\GitHub\TextVenturer\SoftwareEngineering\TextVenturer\CustomScript.cpp" line="2237" col="65" msg="member access into incomplete type &apos;CustomScript::StringExpression&apos;" />
 <error level="error" id="err_incomplete_member_access" file="C:\Users\Andre\Documents\GitHub\TextVenturer\SoftwareEngineering\TextVenturer\CustomScript.cpp" line="2238" col="84" msg="member access into incomplete type &apos;CustomScript::ObjectExpression&apos;" />
 <error level="error" id="err_expected" file="C:\Users\Andre\Documents\GitHub\TextVenturer\SoftwareEngineering\TextVenturer\CustomScript.cpp" line="2238" col="86" msg="expected &apos;)&apos;" />
 <error level="note" id="note_matching" file="C:\Users\Andre\Documents\GitHub\TextVenturer\SoftwareEngineering\TextVenturer\CustomScript.cpp" line="2238" col="53" msg="to match this &apos;(&apos;" />
 <error level="error" id="err_incomplete_member_access" file="C:\Users\Andre\Documents\GitHub\TextVenturer\SoftwareEngineering\TextVenturer\CustomScript.cpp" line="2251" col="72" msg="member access into incomplete type &apos;CustomScript::ObjectExpression&apos;" />
 <error level="error" id="err_expected" file="C:\Users\Andre\Documents\GitHub\TextVenturer\SoftwareEngineering\TextVenturer\CustomScript.cpp" line="2251" col="74" msg="expected &apos;)&apos;" />
 <error level="note" id="note_matching" file="C:\Users\Andre\Documents\GitHub\TextVenturer\SoftwareEngineering\TextVenturer\CustomScript.cpp" line="2251" col="41" msg="to match this &apos;(&apos;" />
 <error level="error" id="err_incomplete_member_access" file="C:\Users\Andre\Documents\GitHub\TextVenturer\SoftwareEngineering\TextVenturer\CustomScript.cpp" line="2252" col="65" msg="member access into incomplete type &apos;CustomScript::StringExpression&apos;" />
 <error level="error" id="err_incomplete_member_access" file="C:\Users\Andre\Documents\GitHub\TextVenturer\SoftwareEngineering\TextVenturer\CustomScript.cpp" line="2253" col="84" msg="member access into incomplete type &apos;CustomScript::ObjectExpression&apos;" />
 <error level="error" id="err_expected" file="C:\Users\Andre\Documents\GitHub\TextVenturer\SoftwareEngineering\TextVenturer\CustomScript.cpp" line="2253" col="86" msg="expected &apos;)&apos;" />
 <error level="note" id="note_matching" file="C:\Users\Andre\Documents\GitHub\TextVenturer\SoftwareEngineering\TextVenturer\CustomScript.cpp" line="2253" col="53" msg="to match this &apos;(&apos;" />
 <error level="error" id="err_incomplete_member_access" file="C:\Users\Andre\Documents\GitHub\TextVenturer\SoftwareEngineering\TextVenturer\CustomScript.cpp" line="2269" col="65" msg="member access into incomplete type &apos;CustomScript::StringExpression&apos;" />
 <error level="error" id="err_incomplete_member_access" file="C:\Users\Andre\Documents\GitHub\TextVenturer\SoftwareEngineering\TextVenturer\CustomScript.cpp" line="2270" col="84" msg="member access into incomplete type &apos;CustomScript::ObjectExpression&apos;" />
 <error level="error" id="err_expected" file="C:\Users\Andre\Documents\GitHub\TextVenturer\SoftwareEngineering\TextVenturer\CustomScript.cpp" line="2270" col="86" msg="expected &apos;)&apos;" />
 <error level="note" id="note_matching" file="C:\Users\Andre\Documents\GitHub\TextVenturer\SoftwareEngineering\TextVenturer\CustomScript.cpp" line="2270" col="53" msg="to match this &apos;(&apos;" />
 <error level="error" id="err_incomplete_member_access" file="C:\Users\Andre\Documents\GitHub\TextVenturer\SoftwareEngineering\TextVenturer\CustomScript.cpp" line="2281" col="65" msg="member access into incomplete type &apos;CustomScript::StringExpression&apos;" />
 <error level="error" id="err_incomplete_member_access" file="C:\Users\Andre\Documents\GitHub\TextVenturer\SoftwareEngineering\TextVenturer\CustomScript.cpp" line="2282" col="84" msg="member access into incomplete type &apos;CustomScript::ObjectExpression&apos;" />
 <error level="error" id="err_expected" file="C:\Users\Andre\Documents\GitHub\TextVenturer\SoftwareEngineering\TextVenturer\CustomScript.cpp" line="2282" col="86" msg="expected &apos;)&apos;" />
 <error level="note" id="note_matching" file="C:\Users\Andre\Documents\GitHub\TextVenturer\SoftwareEngineering\TextVenturer\CustomScript.cpp" line="2282" col="53" msg="to match this &apos;(&apos;" />
 <error level="error" id="err_incomplete_member_access" file="C:\Users\Andre\Documents\GitHub\TextVenturer\SoftwareEngineering\TextVenturer\CustomScript.cpp" line="2293" col="65" msg="member access into incomplete type &apos;CustomScript::StringExpression&apos;" />
 <error level="error" id="err_incomplete_member_access" file="C:\Users\Andre\Documents\GitHub\TextVenturer\SoftwareEngineering\TextVenturer\CustomScript.cpp" line="2294" col="84" msg="member access into incomplete type &apos;CustomScript::ObjectExpression&apos;" />
 <error level="error" id="err_expected" file="C:\Users\Andre\Documents\GitHub\TextVenturer\SoftwareEngineering\TextVenturer\CustomScript.cpp" line="2294" col="86" msg="expected &apos;)&apos;" />
 <error level="note" id="note_matching" file="C:\Users\Andre\Documents\GitHub\TextVenturer\SoftwareEngineering\TextVenturer\CustomScript.cpp" line="2294" col="53" msg="to match this &apos;(&apos;" />
 <error level="error" id="err_incomplete_member_access" file="C:\Users\Andre\Documents\GitHub\TextVenturer\SoftwareEngineering\TextVenturer\CustomScript.cpp" line="2306" col="96" msg="member access into incomplete type &apos;CustomScript::ObjectExpression&apos;" />
 <error level="error" id="err_expected" file="C:\Users\Andre\Documents\GitHub\TextVenturer\SoftwareEngineering\TextVenturer\CustomScript.cpp" line="2306" col="98" msg="expected &apos;)&apos;" />
 <error level="note" id="note_matching" file="C:\Users\Andre\Documents\GitHub\TextVenturer\SoftwareEngineering\TextVenturer\CustomScript.cpp" line="2306" col="65" msg="to match this &apos;(&apos;" />
 <error level="error" id="err_incomplete_member_access" file="C:\Users\Andre\Documents\GitHub\TextVenturer\SoftwareEngineering\TextVenturer\CustomScript.cpp" line="2307" col="65" msg="member access into incomplete type &apos;CustomScript::StringExpression&apos;" />
 <error level="error" id="err_incomplete_member_access" file="C:\Users\Andre\Documents\GitHub\TextVenturer\SoftwareEngineering\TextVenturer\CustomScript.cpp" line="2312" col="19" msg="member access into incomplete type &apos;AdventureObject&apos;" />
 <error level="error" id="err_incomplete_member_access" file="C:\Users\Andre\Documents\GitHub\TextVenturer\SoftwareEngineering\TextVenturer\CustomScript.cpp" line="2316" col="96" msg="member access into incomplete type &apos;CustomScript::ObjectExpression&apos;" />
 <error level="error" id="err_expected" file="C:\Users\Andre\Documents\GitHub\TextVenturer\SoftwareEngineering\TextVenturer\CustomScript.cpp" line="2316" col="98" msg="expected &apos;)&apos;" />
 <error level="note" id="note_matching" file="C:\Users\Andre\Documents\GitHub\TextVenturer\SoftwareEngineering\TextVenturer\CustomScript.cpp" line="2316" col="65" msg="to match this &apos;(&apos;" />
 <error level="error" id="err_incomplete_member_access" file="C:\Users\Andre\Documents\GitHub\TextVenturer\SoftwareEngineering\TextVenturer\CustomScript.cpp" line="2317" col="59" msg="member access into incomplete type &apos;CustomScript::StringExpression&apos;" />
 <error level="error" id="err_incomplete_member_access" file="C:\Users\Andre\Documents\GitHub\TextVenturer\SoftwareEngineering\TextVenturer\CustomScript.cpp" line="2322" col="19" msg="member access into incomplete type &apos;AdventureObject&apos;" />
 <error level="error" id="err_incomplete_member_access" file="C:\Users\Andre\Documents\GitHub\TextVenturer\SoftwareEngineering\TextVenturer\CustomScript.cpp" line="2326" col="96" msg="member access into incomplete type &apos;CustomScript::ObjectExpression&apos;" />
 <error level="error" id="err_expected" file="C:\Users\Andre\Documents\GitHub\TextVenturer\SoftwareEngineering\TextVenturer\CustomScript.cpp" line="2326" col="98" msg="expected &apos;)&apos;" />
 <error level="note" id="note_matching" file="C:\Users\Andre\Documents\GitHub\TextVenturer\SoftwareEngineering\TextVenturer\CustomScript.cpp" line="2326" col="65" msg="to match this &apos;(&apos;" />
 <error level="error" id="err_incomplete_member_access" file="C:\Users\Andre\Documents\GitHub\TextVenturer\SoftwareEngineering\TextVenturer\CustomScript.cpp" line="2327" col="59" msg="member access into incomplete type &apos;CustomScript::StringExpression&apos;" />
 <error level="error" id="err_incomplete_member_access" file="C:\Users\Andre\Documents\GitHub\TextVenturer\SoftwareEngineering\TextVenturer\CustomScript.cpp" line="2331" col="25" msg="member access into incomplete type &apos;AdventureObject&apos;" />
 <error level="error" id="err_incomplete_member_access" file="C:\Users\Andre\Documents\GitHub\TextVenturer\SoftwareEngineering\TextVenturer\CustomScript.cpp" line="2337" col="96" msg="member access into incomplete type &apos;CustomScript::ObjectExpression&apos;" />
 <error level="error" id="err_expected" file="C:\Users\Andre\Documents\GitHub\TextVenturer\SoftwareEngineering\TextVenturer\CustomScript.cpp" line="2337" col="98" msg="expected &apos;)&apos;" />
 <error level="note" id="note_matching" file="C:\Users\Andre\Documents\GitHub\TextVenturer\SoftwareEngineering\TextVenturer\CustomScript.cpp" line="2337" col="65" msg="to match this &apos;(&apos;" />
 <error level="error" id="err_incomplete_member_access" file="C:\Users\Andre\Documents\GitHub\TextVenturer\SoftwareEngineering\TextVenturer\CustomScript.cpp" line="2346" col="96" msg="member access into incomplete type &apos;CustomScript::ObjectExpression&apos;" />
 <error level="error" id="err_expected" file="C:\Users\Andre\Documents\GitHub\TextVenturer\SoftwareEngineering\TextVenturer\CustomScript.cpp" line="2346" col="98" msg="expected &apos;)&apos;" />
 <error level="note" id="note_matching" file="C:\Users\Andre\Documents\GitHub\TextVenturer\SoftwareEngineering\TextVenturer\CustomScript.cpp" line="2346" col="65" msg="to match this &apos;(&apos;" />
 <error level="error" id="err_incomplete_member_access" file="C:\Users\Andre\Documents\GitHub\TextVenturer\SoftwareEngineering\TextVenturer\CustomScript.cpp" line="2356" col="98" msg="member access into incomplete type &apos;CustomScript::ObjectExpression&apos;" />
 <error level="error" id="err_expected" file="C:\Users\Andre\Documents\GitHub\TextVenturer\SoftwareEngineering\TextVenturer\CustomScript.cpp" line="2356" col="100" msg="expected &apos;)&apos;" />
 <error level="note" id="note_matching" file="C:\Users\Andre\Documents\GitHub\TextVenturer\SoftwareEngineering\TextVenturer\CustomScript.cpp" line="2356" col="67" msg="to match this &apos;(&apos;" />
 <error level="error" id="err_incomplete_member_access" file="C:\Users\Andre\Documents\GitHub\TextVenturer\SoftwareEngineering\TextVenturer\CustomScript.cpp" line="2365" col="98" msg="member access into incomplete type &apos;CustomScript::ObjectExpression&apos;" />
 <error level="error" id="err_expected" file="C:\Users\Andre\Documents\GitHub\TextVenturer\SoftwareEngineering\TextVenturer\CustomScript.cpp" line="2365" col="100" msg="expected &apos;)&apos;" />
 <error level="note" id="note_matching" file="C:\Users\Andre\Documents\GitHub\TextVenturer\SoftwareEngineering\TextVenturer\CustomScript.cpp" line="2365" col="67" msg="to match this &apos;(&apos;" />
 <error level="error" id="err_incomplete_member_access" file="C:\Users\Andre\Documents\GitHub\TextVenturer\SoftwareEngineering\TextVenturer\CustomScript.cpp" line="2375" col="73" msg="member access into incomplete type &apos;CustomScript::ObjectExpression&apos;" />
 <error level="error" id="err_expected" file="C:\Users\Andre\Documents\GitHub\TextVenturer\SoftwareEngineering\TextVenturer\CustomScript.cpp" line="2375" col="75" msg="expected &apos;)&apos;" />
 <error level="note" id="note_matching" file="C:\Users\Andre\Documents\GitHub\TextVenturer\SoftwareEngineering\TextVenturer\CustomScript.cpp" line="2375" col="42" msg="to match this &apos;(&apos;" />
 <error level="error" id="err_incomplete_member_access" file="C:\Users\Andre\Documents\GitHub\TextVenturer\SoftwareEngineering\TextVenturer\CustomScript.cpp" line="2376" col="73" msg="member access into incomplete type &apos;CustomScript::ObjectExpression&apos;" />
 <error level="error" id="err_expected" file="C:\Users\Andre\Documents\GitHub\TextVenturer\SoftwareEngineering\TextVenturer\CustomScript.cpp" line="2376" col="75" msg="expected &apos;)&apos;" />
 <error level="note" id="note_matching" file="C:\Users\Andre\Documents\GitHub\TextVenturer\SoftwareEngineering\TextVenturer\CustomScript.cpp" line="2376" col="42" msg="to match this &apos;(&apos;" />
 <error level="error" id="err_incomplete_member_access" file="C:\Users\Andre\Documents\GitHub\TextVenturer\SoftwareEngineering\TextVenturer\CustomScript.cpp" line="2377" col="76" msg="member access into incomplete type &apos;CustomScript::ObjectExpression&apos;" />
 <error level="error" id="err_expected" file="C:\Users\Andre\Documents\GitHub\TextVenturer\SoftwareEngineering\TextVenturer\CustomScript.cpp" line="2377" col="78" msg="expected &apos;)&apos;" />
 <error level="note" id="note_matching" file="C:\Users\Andre\Documents\GitHub\TextVenturer\SoftwareEngineering\TextVenturer\CustomScript.cpp" line="2377" col="45" msg="to match this &apos;(&apos;" />
 <error level="error" id="err_incomplete_member_access" file="C:\Users\Andre\Documents\GitHub\TextVenturer\SoftwareEngineering\TextVenturer\CustomScript.cpp" line="2386" col="73" msg="member access into incomplete type &apos;CustomScript::ObjectExpression&apos;" />
 <error level="error" id="err_expected" file="C:\Users\Andre\Documents\GitHub\TextVenturer\SoftwareEngineering\TextVenturer\CustomScript.cpp" line="2386" col="75" msg="expected &apos;)&apos;" />
 <error level="note" id="note_matching" file="C:\Users\Andre\Documents\GitHub\TextVenturer\SoftwareEngineering\TextVenturer\CustomScript.cpp" line="2386" col="42" msg="to match this &apos;(&apos;" />
 <error level="error" id="err_incomplete_member_access" file="C:\Users\Andre\Documents\GitHub\TextVenturer\SoftwareEngineering\TextVenturer\CustomScript.cpp" line="2387" col="73" msg="member access into incomplete type &apos;CustomScript::ObjectExpression&apos;" />
 <error level="error" id="err_expected" file="C:\Users\Andre\Documents\GitHub\TextVenturer\SoftwareEngineering\TextVenturer\CustomScript.cpp" line="2387" col="75" msg="expected &apos;)&apos;" />
 <error level="note" id="note_matching" file="C:\Users\Andre\Documents\GitHub\TextVenturer\SoftwareEngineering\TextVenturer\CustomScript.cpp" line="2387" col="42" msg="to match this &apos;(&apos;" />
 <error level="error" id="err_incomplete_member_access" file="C:\Users\Andre\Documents\GitHub\TextVenturer\SoftwareEngineering\TextVenturer\CustomScript.cpp" line="2397" col="96" msg="member access into incomplete type &apos;CustomScript::ObjectExpression&apos;" />
 <error level="error" id="err_expected" file="C:\Users\Andre\Documents\GitHub\TextVenturer\SoftwareEngineering\TextVenturer\CustomScript.cpp" line="2397" col="98" msg="expected &apos;)&apos;" />
 <error level="note" id="note_matching" file="C:\Users\Andre\Documents\GitHub\TextVenturer\SoftwareEngineering\TextVenturer\CustomScript.cpp" line="2397" col="65" msg="to match this &apos;(&apos;" />
 <error level="error" id="err_incomplete_member_access" file="C:\Users\Andre\Documents\GitHub\TextVenturer\SoftwareEngineering\TextVenturer\CustomScript.cpp" line="2398" col="58" msg="member access into incomplete type &apos;CustomScript::StringExpression&apos;" />
 <error level="error" id="err_incomplete_member_access" file="C:\Users\Andre\Documents\GitHub\TextVenturer\SoftwareEngineering\TextVenturer\CustomScript.cpp" line="2403" col="19" msg="member access into incomplete type &apos;AdventureObject&apos;" />
 <error level="error" id="err_incomplete_member_access" file="C:\Users\Andre\Documents\GitHub\TextVenturer\SoftwareEngineering\TextVenturer\CustomScript.cpp" line="2407" col="96" msg="member access into incomplete type &apos;CustomScript::ObjectExpression&apos;" />
 <error level="error" id="err_expected" file="C:\Users\Andre\Documents\GitHub\TextVenturer\SoftwareEngineering\TextVenturer\CustomScript.cpp" line="2407" col="98" msg="expected &apos;)&apos;" />
 <error level="note" id="note_matching" file="C:\Users\Andre\Documents\GitHub\TextVenturer\SoftwareEngineering\TextVenturer\CustomScript.cpp" line="2407" col="65" msg="to match this &apos;(&apos;" />
 <error level="error" id="err_incomplete_member_access" file="C:\Users\Andre\Documents\GitHub\TextVenturer\SoftwareEngineering\TextVenturer\CustomScript.cpp" line="2408" col="58" msg="member access into incomplete type &apos;CustomScript::StringExpression&apos;" />
 <error level="error" id="err_incomplete_member_access" file="C:\Users\Andre\Documents\GitHub\TextVenturer\SoftwareEngineering\TextVenturer\CustomScript.cpp" line="2413" col="19" msg="member access into incomplete type &apos;AdventureObject&apos;" />
 <error level="error" id="err_incomplete_member_access" file="C:\Users\Andre\Documents\GitHub\TextVenturer\SoftwareEngineering\TextVenturer\CustomScript.cpp" line="2417" col="96" msg="member access into incomplete type &apos;CustomScript::ObjectExpression&apos;" />
 <error level="error" id="err_expected" file="C:\Users\Andre\Documents\GitHub\TextVenturer\SoftwareEngineering\TextVenturer\CustomScript.cpp" line="2417" col="98" msg="expected &apos;)&apos;" />
 <error level="note" id="note_matching" file="C:\Users\Andre\Documents\GitHub\TextVenturer\SoftwareEngineering\TextVenturer\CustomScript.cpp" line="2417" col="65" msg="to match this &apos;(&apos;" />
 <error level="error" id="err_incomplete_member_access" file="C:\Users\Andre\Documents\GitHub\TextVenturer\SoftwareEngineering\TextVenturer\CustomScript.cpp" line="2418" col="58" msg="member access into incomplete type &apos;CustomScript::StringExpression&apos;" />
 <error level="error" id="err_incomplete_member_access" file="C:\Users\Andre\Documents\GitHub\TextVenturer\SoftwareEngineering\TextVenturer\CustomScript.cpp" line="2424" col="23" msg="member access into incomplete type &apos;AdventureObject&apos;" />
 <error level="error" id="err_incomplete_member_access" file="C:\Users\Andre\Documents\GitHub\TextVenturer\SoftwareEngineering\TextVenturer\CustomScript.cpp" line="2425" col="23" msg="member access into incomplete type &apos;AdventureObject&apos;" />
 <error level="error" id="err_incomplete_member_access" file="C:\Users\Andre\Documents\GitHub\TextVenturer\SoftwareEngineering\TextVenturer\CustomScript.cpp" line="2427" col="23" msg="member access into incomplete type &apos;AdventureObject&apos;" />
 <error level="error" id="err_incomplete_member_access" file="C:\Users\Andre\Documents\GitHub\TextVenturer\SoftwareEngineering\TextVenturer\CustomScript.cpp" line="2432" col="58" msg="member access into incomplete type &apos;CustomScript::StringExpression&apos;" />
 <error level="error" id="err_incomplete_member_access" file="C:\Users\Andre\Documents\GitHub\TextVenturer\SoftwareEngineering\TextVenturer\CustomScript.cpp" line="2438" col="58" msg="member access into incomplete type &apos;CustomScript::StringExpression&apos;" />
 <error level="error" id="err_incomplete_member_access" file="C:\Users\Andre\Documents\GitHub\TextVenturer\SoftwareEngineering\TextVenturer\CustomScript.cpp" line="2444" col="58" msg="member access into incomplete type &apos;CustomScript::StringExpression&apos;" />
 <error level="error" id="err_incomplete_member_access" file="C:\Users\Andre\Documents\GitHub\TextVenturer\SoftwareEngineering\TextVenturer\CustomScript.cpp" line="2455" col="96" msg="member access into incomplete type &apos;CustomScript::ObjectExpression&apos;" />
 <error level="error" id="err_expected" file="C:\Users\Andre\Documents\GitHub\TextVenturer\SoftwareEngineering\TextVenturer\CustomScript.cpp" line="2455" col="98" msg="expected &apos;)&apos;" />
 <error level="note" id="note_matching" file="C:\Users\Andre\Documents\GitHub\TextVenturer\SoftwareEngineering\TextVenturer\CustomScript.cpp" line="2455" col="65" msg="to match this &apos;(&apos;" />
 <error level="error" id="err_incomplete_member_access" file="C:\Users\Andre\Documents\GitHub\TextVenturer\SoftwareEngineering\TextVenturer\CustomScript.cpp" line="2456" col="61" msg="member access into incomplete type &apos;CustomScript::StringExpression&apos;" />
 <error level="warning" id="warn_missing_case" file="C:\Users\Andre\Documents\GitHub\TextVenturer\SoftwareEngineering\TextVenturer\CustomScript.cpp" line="2152" col="13" msg="enumeration value &apos;PROCEDURE_COUNT&apos; not handled in switch" />
 <error level="error" id="err_incomplete_nested_name_spec" file="C:\Users\Andre\Documents\GitHub\TextVenturer\SoftwareEngineering\TextVenturer\CustomScript.cpp" line="2514" col="20" msg="incomplete type &apos;CustomScript::ObjectExpression&apos; named in nested name specifier" />
 <error level="error" id="err_incomplete_nested_name_spec" file="C:\Users\Andre\Documents\GitHub\TextVenturer\SoftwareEngineering\TextVenturer\CustomScript.cpp" line="2519" col="20" msg="incomplete type &apos;CustomScript::BoolExpression&apos; named in nested name specifier" />
 <error level="error" id="err_incomplete_nested_name_spec" file="C:\Users\Andre\Documents\GitHub\TextVenturer\SoftwareEngineering\TextVenturer\CustomScript.cpp" line="2524" col="20" msg="incomplete type &apos;CustomScript::StringExpression&apos; named in nested name specifier" />
 <error level="warning" id="warn_missing_case" file="C:\Users\Andre\Documents\GitHub\TextVenturer\SoftwareEngineering\TextVenturer\CustomScript.cpp" line="2511" col="17" msg="enumeration value &apos;EXPRESSION_TYPE_COUNT&apos; not handled in switch" />
 <error level="error" id="err_incomplete_member_access" file="C:\Users\Andre\Documents\GitHub\TextVenturer\SoftwareEngineering\TextVenturer\CustomScript.cpp" line="2553" col="14" msg="member access into incomplete type &apos;CustomScript::Expression&apos;" />
 <error level="error" id="err_incomplete_nested_name_spec" file="C:\Users\Andre\Documents\GitHub\TextVenturer\SoftwareEngineering\TextVenturer\CustomScript.cpp" line="2562" col="26" msg="incomplete type &apos;CustomScript::Expression&apos; named in nested name specifier" />
 <error level="warning" id="warn_logical_and_in_logical_or" file="C:\Users\Andre\Documents\GitHub\TextVenturer\SoftwareEngineering\TextVenturer\CustomScript.cpp" line="2679" col="34" msg="&apos;&amp;&amp;&apos; within &apos;||&apos;" />
 <error level="note" id="note_precedence_silence" file="C:\Users\Andre\Documents\GitHub\TextVenturer\SoftwareEngineering\TextVenturer\CustomScript.cpp" line="2679" col="34" msg="place parentheses around the &apos;&amp;&amp;&apos; expression to silence this warning" />
 <error level="warning" id="warn_logical_and_in_logical_or" file="C:\Users\Andre\Documents\GitHub\TextVenturer\SoftwareEngineering\TextVenturer\CustomScript.cpp" line="2680" col="31" msg="&apos;&amp;&amp;&apos; within &apos;||&apos;" />
 <error level="note" id="note_precedence_silence" file="C:\Users\Andre\Documents\GitHub\TextVenturer\SoftwareEngineering\TextVenturer\CustomScript.cpp" line="2680" col="31" msg="place parentheses around the &apos;&amp;&amp;&apos; expression to silence this warning" />
 <error level="warning" id="warn_logical_and_in_logical_or" file="C:\Users\Andre\Documents\GitHub\TextVenturer\SoftwareEngineering\TextVenturer\CustomScript.cpp" line="2681" col="31" msg="&apos;&amp;&amp;&apos; within &apos;||&apos;" />
 <error level="note" id="note_precedence_silence" file="C:\Users\Andre\Documents\GitHub\TextVenturer\SoftwareEngineering\TextVenturer\CustomScript.cpp" line="2681" col="31" msg="place parentheses around the &apos;&amp;&amp;&apos; expression to silence this warning" />
 <error level="note" id="note_template_member_function_here" file="C:\Users\Andre\Documents\GitHub\TextVenturer\SoftwareEngineering\TextVenturer\CustomScript.cpp" line="402" col="70" msg="in instantiation of member function &apos;std::match_results&lt;std::_String_const_iterator&lt;std::_String_val&lt;std::_Simple_types&lt;char&gt; &gt; &gt;, std::allocator&lt;std::sub_match&lt;std::_String_const_iterator&lt;std::_String_val&lt;std::_Simple_types&lt;char&gt; &gt; &gt; &gt; &gt; &gt;::operator[]&apos; requested here" />
 <error level="note" id="note_template_member_function_here" file="C:\Users\Andre\Documents\GitHub\TextVenturer\SoftwareEngineering\TextVenturer\CustomScript.cpp" line="402" col="74" msg="in instantiation of member function &apos;std::sub_match&lt;std::_String_const_iterator&lt;std::_String_val&lt;std::_Simple_types&lt;char&gt; &gt; &gt; &gt;::str&apos; requested here" />
 <error level="note" id="note_template_member_function_here" file="C:\Users\Andre\Documents\GitHub\TextVenturer\SoftwareEngineering\TextVenturer\CustomScript.cpp" line="402" col="74" msg="in instantiation of member function &apos;std::sub_match&lt;std::_String_const_iterator&lt;std::_String_val&lt;std::_Simple_types&lt;char&gt; &gt; &gt; &gt;::str&apos; requested here" />
 <error level="note" id="note_function_template_spec_here" file="C:\Users\Andre\Documents\GitHub\TextVenturer\SoftwareEngineering\TextVenturer\CustomScript.cpp" line="402" col="61" msg="in instantiation of function template specialization &apos;std::operator+&lt;char, std::char_traits&lt;char&gt;, std::allocator&lt;char&gt; &gt;&apos; requested here" />
 <error level="note" id="note_template_member_function_here" file="C:\Users\Andre\Documents\GitHub\TextVenturer\SoftwareEngineering\TextVenturer\CustomScript.cpp" line="487" col="33" msg="in instantiation of member function &apos;std::_Vector_iterator&lt;std::_Vector_val&lt;std::_Simple_types&lt;CustomScript::StringExpression *&gt; &gt; &gt;::operator++&apos; requested here" />
 <error level="note" id="note_template_member_function_here" file="C:\Users\Andre\Documents\GitHub\TextVenturer\SoftwareEngineering\TextVenturer\CustomScript.cpp" line="485" col="25" msg="in instantiation of member function &apos;std::vector&lt;CustomScript::StringExpression *, std::allocator&lt;CustomScript::StringExpression *&gt; &gt;::~vector&apos; requested here" />
 <error level="note" id="note_template_member_function_here" file="C:\Users\Andre\Documents\GitHub\TextVenturer\SoftwareEngineering\TextVenturer\CustomScript.cpp" line="515" col="43" msg="in instantiation of member function &apos;std::vector&lt;CustomScript::StringExpression *, std::allocator&lt;CustomScript::StringExpression *&gt; &gt;::push_back&apos; requested here" />
 <error level="note" id="note_template_member_function_here" file="C:\Users\Andre\Documents\GitHub\TextVenturer\SoftwareEngineering\TextVenturer\CustomScript.cpp" line="515" col="43" msg="in instantiation of member function &apos;std::vector&lt;CustomScript::StringExpression *, std::allocator&lt;CustomScript::StringExpression *&gt; &gt;::push_back&apos; requested here" />
 <error level="note" id="note_template_member_function_here" file="C:\Users\Andre\Documents\GitHub\TextVenturer\SoftwareEngineering\TextVenturer\CustomScript.cpp" line="515" col="43" msg="in instantiation of member function &apos;std::vector&lt;CustomScript::StringExpression *, std::allocator&lt;CustomScript::StringExpression *&gt; &gt;::push_back&apos; requested here" />
 <error level="note" id="note_template_member_function_here" file="C:\Users\Andre\Documents\GitHub\TextVenturer\SoftwareEngineering\TextVenturer\CustomScript.cpp" line="515" col="43" msg="in instantiation of member function &apos;std::vector&lt;CustomScript::StringExpression *, std::allocator&lt;CustomScript::StringExpression *&gt; &gt;::push_back&apos; requested here" />
 <error level="note" id="note_template_member_function_here" file="C:\Users\Andre\Documents\GitHub\TextVenturer\SoftwareEngineering\TextVenturer\CustomScript.cpp" line="515" col="43" msg="in instantiation of member function &apos;std::vector&lt;CustomScript::StringExpression *, std::allocator&lt;CustomScript::StringExpression *&gt; &gt;::push_back&apos; requested here" />
 <error level="note" id="note_template_member_function_here" file="C:\Users\Andre\Documents\GitHub\TextVenturer\SoftwareEngineering\TextVenturer\CustomScript.cpp" line="515" col="43" msg="in instantiation of member function &apos;std::vector&lt;CustomScript::StringExpression *, std::allocator&lt;CustomScript::StringExpression *&gt; &gt;::push_back&apos; requested here" />
 <error level="note" id="note_template_member_function_here" file="C:\Users\Andre\Documents\GitHub\TextVenturer\SoftwareEngineering\TextVenturer\CustomScript.cpp" line="543" col="50" msg="in instantiation of member function &apos;std::vector&lt;CustomScript::StringExpression *, std::allocator&lt;CustomScript::StringExpression *&gt; &gt;::size&apos; requested here" />
 <error level="note" id="note_template_member_function_here" file="C:\Users\Andre\Documents\GitHub\TextVenturer\SoftwareEngineering\TextVenturer\CustomScript.cpp" line="584" col="35" msg="in instantiation of member function &apos;std::basic_string&lt;char, std::char_traits&lt;char&gt;, std::allocator&lt;char&gt; &gt;::find&apos; requested here" />
 <error level="note" id="note_template_member_function_here" file="C:\Users\Andre\Documents\GitHub\TextVenturer\SoftwareEngineering\TextVenturer\CustomScript.cpp" line="591" col="18" msg="in instantiation of member function &apos;std::basic_string&lt;char, std::char_traits&lt;char&gt;, std::allocator&lt;char&gt; &gt;::operator=&apos; requested here" />
 <error level="note" id="note_template_member_function_here" file="C:\Users\Andre\Documents\GitHub\TextVenturer\SoftwareEngineering\TextVenturer\CustomScript.cpp" line="591" col="18" msg="in instantiation of member function &apos;std::basic_string&lt;char, std::char_traits&lt;char&gt;, std::allocator&lt;char&gt; &gt;::operator=&apos; requested here" />
 <error level="note" id="note_template_member_function_here" file="C:\Users\Andre\Documents\GitHub\TextVenturer\SoftwareEngineering\TextVenturer\CustomScript.cpp" line="591" col="18" msg="in instantiation of member function &apos;std::basic_string&lt;char, std::char_traits&lt;char&gt;, std::allocator&lt;char&gt; &gt;::operator=&apos; requested here" />
 <error level="note" id="note_function_template_spec_here" file="C:\Users\Andre\Documents\GitHub\TextVenturer\SoftwareEngineering\TextVenturer\CustomScript.cpp" line="592" col="38" msg="in instantiation of function template specialization &apos;std::_Hash&lt;std::_Uset_traits&lt;std::basic_string&lt;char, std::char_traits&lt;char&gt;, std::allocator&lt;char&gt; &gt;, std::_Uhash_compare&lt;std::basic_string&lt;char, std::char_traits&lt;char&gt;, std::allocator&lt;char&gt; &gt;, std::hash&lt;std::basic_string&lt;char, std::char_traits&lt;char&gt;, std::allocator&lt;char&gt; &gt; &gt;, std::equal_to&lt;std::basic_string&lt;char, std::char_traits&lt;char&gt;, std::allocator&lt;char&gt; &gt; &gt; &gt;, std::allocator&lt;std::basic_string&lt;char, std::char_traits&lt;char&gt;, std::allocator&lt;char&gt; &gt; &gt;, false&gt; &gt;::insert&lt;false, 0&gt;&apos; requested here" />
 <error level="note" id="note_function_template_spec_here" file="C:\Users\Andre\Documents\GitHub\TextVenturer\SoftwareEngineering\TextVenturer\CustomScript.cpp" line="592" col="38" msg="in instantiation of function template specialization &apos;std::_Hash&lt;std::_Uset_traits&lt;std::basic_string&lt;char, std::char_traits&lt;char&gt;, std::allocator&lt;char&gt; &gt;, std::_Uhash_compare&lt;std::basic_string&lt;char, std::char_traits&lt;char&gt;, std::allocator&lt;char&gt; &gt;, std::hash&lt;std::basic_string&lt;char, std::char_traits&lt;char&gt;, std::allocator&lt;char&gt; &gt; &gt;, std::equal_to&lt;std::basic_string&lt;char, std::char_traits&lt;char&gt;, std::allocator&lt;char&gt; &gt; &gt; &gt;, std::allocator&lt;std::basic_string&lt;char, std::char_traits&lt;char&gt;, std::allocator&lt;char&gt; &gt; &gt;, false&gt; &gt;::insert&lt;false, 0&gt;&apos; requested here" />
 <error level="note" id="note_template_member_function_here" file="C:\Users\Andre\Documents\GitHub\TextVenturer\SoftwareEngineering\TextVenturer\CustomScript.cpp" line="1641" col="18" msg="in instantiation of member function &apos;std::vector&lt;CustomScript::SwitchStatement::CaseSection, std::allocator&lt;CustomScript::SwitchStatement::CaseSection&gt; &gt;::~vector&apos; requested here" />
 <error level="note" id="note_template_member_function_here" file="C:\Users\Andre\Documents\GitHub\TextVenturer\SoftwareEngineering\TextVenturer\CustomScript.cpp" line="1651" col="30" msg="in instantiation of member function &apos;std::_Vector_iterator&lt;std::_Vector_val&lt;std::_Simple_types&lt;CustomScript::SwitchStatement::CaseSection&gt; &gt; &gt;::operator++&apos; requested here" />
 <error level="note" id="note_template_member_function_here" file="C:\Users\Andre\Documents\GitHub\TextVenturer\SoftwareEngineering\TextVenturer\CustomScript.cpp" line="1730" col="26" msg="in instantiation of member function &apos;std::vector&lt;CustomScript::SwitchStatement::CaseSection, std::allocator&lt;CustomScript::SwitchStatement::CaseSection&gt; &gt;::push_back&apos; requested here" />
 <error level="note" id="note_template_member_function_here" file="C:\Users\Andre\Documents\GitHub\TextVenturer\SoftwareEngineering\TextVenturer\CustomScript.cpp" line="1730" col="26" msg="in instantiation of member function &apos;std::vector&lt;CustomScript::SwitchStatement::CaseSection, std::allocator&lt;CustomScript::SwitchStatement::CaseSection&gt; &gt;::push_back&apos; requested here" />
 <error level="note" id="note_template_member_function_here" file="C:\Users\Andre\Documents\GitHub\TextVenturer\SoftwareEngineering\TextVenturer\CustomScript.cpp" line="1730" col="26" msg="in instantiation of member function &apos;std::vector&lt;CustomScript::SwitchStatement::CaseSection, std::allocator&lt;CustomScript::SwitchStatement::CaseSection&gt; &gt;::push_back&apos; requested here" />
 <error level="note" id="note_template_member_function_here" file="C:\Users\Andre\Documents\GitHub\TextVenturer\SoftwareEngineering\TextVenturer\CustomScript.cpp" line="1730" col="26" msg="in instantiation of member function &apos;std::vector&lt;CustomScript::SwitchStatement::CaseSection, std::allocator&lt;CustomScript::SwitchStatement::CaseSection&gt; &gt;::push_back&apos; requested here" />
 <error level="note" id="note_template_member_function_here" file="C:\Users\Andre\Documents\GitHub\TextVenturer\SoftwareEngineering\TextVenturer\CustomScript.cpp" line="1730" col="26" msg="in instantiation of member function &apos;std::vector&lt;CustomScript::SwitchStatement::CaseSection, std::allocator&lt;CustomScript::SwitchStatement::CaseSection&gt; &gt;::push_back&apos; requested here" />
 <error level="note" id="note_template_member_function_here" file="C:\Users\Andre\Documents\GitHub\TextVenturer\SoftwareEngineering\TextVenturer\CustomScript.cpp" line="1771" col="46" msg="in instantiation of member function &apos;std::vector&lt;CustomScript::SwitchStatement::CaseSection, std::allocator&lt;CustomScript::SwitchStatement::CaseSection&gt; &gt;::size&apos; requested here" />
 <error level="note" id="note_template_member_function_here" file="C:\Users\Andre\Documents\GitHub\TextVenturer\SoftwareEngineering\TextVenturer\CustomScript.cpp" line="2083" col="96" msg="in instantiation of member function &apos;std::vector&lt;CustomScript::ExpressionType, std::allocator&lt;CustomScript::ExpressionType&gt; &gt;::~vector&apos; requested here" />
 <error level="note" id="note_template_member_function_here" file="C:\Users\Andre\Documents\GitHub\TextVenturer\SoftwareEngineering\TextVenturer\CustomScript.cpp" line="2086" col="18" msg="in instantiation of member function &apos;std::vector&lt;CustomScript::ExpressionType, std::allocator&lt;CustomScript::ExpressionType&gt; &gt;::operator=&apos; requested here" />
 <error level="note" id="note_template_member_function_here" file="C:\Users\Andre\Documents\GitHub\TextVenturer\SoftwareEngineering\TextVenturer\CustomScript.cpp" line="2086" col="18" msg="in instantiation of member function &apos;std::vector&lt;CustomScript::ExpressionType, std::allocator&lt;CustomScript::ExpressionType&gt; &gt;::operator=&apos; requested here" />
 <error level="note" id="note_template_member_function_here" file="C:\Users\Andre\Documents\GitHub\TextVenturer\SoftwareEngineering\TextVenturer\CustomScript.cpp" line="2086" col="18" msg="in instantiation of member function &apos;std::vector&lt;CustomScript::ExpressionType, std::allocator&lt;CustomScript::ExpressionType&gt; &gt;::operator=&apos; requested here" />
 <error level="note" id="note_template_member_function_here" file="C:\Users\Andre\Documents\GitHub\TextVenturer\SoftwareEngineering\TextVenturer\CustomScript.cpp" line="2086" col="18" msg="in instantiation of member function &apos;std::vector&lt;CustomScript::ExpressionType, std::allocator&lt;CustomScript::ExpressionType&gt; &gt;::operator=&apos; requested here" />
 <error level="note" id="note_template_member_function_here" file="C:\Users\Andre\Documents\GitHub\TextVenturer\SoftwareEngineering\TextVenturer\CustomScript.cpp" line="2086" col="18" msg="in instantiation of member function &apos;std::vector&lt;CustomScript::ExpressionType, std::allocator&lt;CustomScript::ExpressionType&gt; &gt;::operator=&apos; requested here" />
 <error level="note" id="note_template_member_function_here" file="C:\Users\Andre\Documents\GitHub\TextVenturer\SoftwareEngineering\TextVenturer\CustomScript.cpp" line="2090" col="27" msg="in instantiation of member function &apos;std::vector&lt;CustomScript::ExpressionType, std::allocator&lt;CustomScript::ExpressionType&gt; &gt;::vector&apos; requested here" />
 <error level="note" id="note_template_member_function_here" file="C:\Users\Andre\Documents\GitHub\TextVenturer\SoftwareEngineering\TextVenturer\CustomScript.cpp" line="2090" col="27" msg="in instantiation of member function &apos;std::vector&lt;CustomScript::ExpressionType, std::allocator&lt;CustomScript::ExpressionType&gt; &gt;::vector&apos; requested here" />
 <error level="note" id="note_template_member_function_here" file="C:\Users\Andre\Documents\GitHub\TextVenturer\SoftwareEngineering\TextVenturer\CustomScript.cpp" line="2090" col="27" msg="in instantiation of member function &apos;std::vector&lt;CustomScript::ExpressionType, std::allocator&lt;CustomScript::ExpressionType&gt; &gt;::vector&apos; requested here" />
 <error level="note" id="note_template_member_function_here" file="C:\Users\Andre\Documents\GitHub\TextVenturer\SoftwareEngineering\TextVenturer\CustomScript.cpp" line="2130" col="21" msg="in instantiation of member function &apos;std::vector&lt;CustomScript::Expression *, std::allocator&lt;CustomScript::Expression *&gt; &gt;::~vector&apos; requested here" />
 <error level="note" id="note_template_member_function_here" file="C:\Users\Andre\Documents\GitHub\TextVenturer\SoftwareEngineering\TextVenturer\CustomScript.cpp" line="2136" col="27" msg="in instantiation of member function &apos;std::_Vector_iterator&lt;std::_Vector_val&lt;std::_Simple_types&lt;CustomScript::Expression *&gt; &gt; &gt;::operator++&apos; requested here" />
 <error level="note" id="note_template_member_function_here" file="C:\Users\Andre\Documents\GitHub\TextVenturer\SoftwareEngineering\TextVenturer\CustomScript.cpp" line="2155" col="54" msg="in instantiation of member function &apos;std::vector&lt;CustomScript::Expression *, std::allocator&lt;CustomScript::Expression *&gt; &gt;::operator[]&apos; requested here" />
 <error level="note" id="note_template_member_function_here" file="C:\Users\Andre\Documents\GitHub\TextVenturer\SoftwareEngineering\TextVenturer\CustomScript.cpp" line="2508" col="34" msg="in instantiation of member function &apos;std::_Vector_const_iterator&lt;std::_Vector_val&lt;std::_Simple_types&lt;CustomScript::ExpressionType&gt; &gt; &gt;::operator++&apos; requested here" />
 <error level="note" id="note_template_member_function_here" file="C:\Users\Andre\Documents\GitHub\TextVenturer\SoftwareEngineering\TextVenturer\CustomScript.cpp" line="2537" col="23" msg="in instantiation of member function &apos;std::vector&lt;CustomScript::Expression *, std::allocator&lt;CustomScript::Expression *&gt; &gt;::push_back&apos; requested here" />
 <error level="note" id="note_template_member_function_here" file="C:\Users\Andre\Documents\GitHub\TextVenturer\SoftwareEngineering\TextVenturer\CustomScript.cpp" line="2537" col="23" msg="in instantiation of member function &apos;std::vector&lt;CustomScript::Expression *, std::allocator&lt;CustomScript::Expression *&gt; &gt;::push_back&apos; requested here" />
 <error level="note" id="note_template_member_function_here" file="C:\Users\Andre\Documents\GitHub\TextVenturer\SoftwareEngineering\TextVenturer\CustomScript.cpp" line="2537" col="23" msg="in instantiation of member function &apos;std::vector&lt;CustomScript::Expression *, std::allocator&lt;CustomScript::Expression *&gt; &gt;::push_back&apos; requested here" />
 <error level="note" id="note_template_member_function_here" file="C:\Users\Andre\Documents\GitHub\TextVenturer\SoftwareEngineering\TextVenturer\CustomScript.cpp" line="2537" col="23" msg="in instantiation of member function &apos;std::vector&lt;CustomScript::Expression *, std::allocator&lt;CustomScript::Expression *&gt; &gt;::push_back&apos; requested here" />
 <error level="note" id="note_template_member_function_here" file="C:\Users\Andre\Documents\GitHub\TextVenturer\SoftwareEngineering\TextVenturer\CustomScript.cpp" line="2537" col="23" msg="in instantiation of member function &apos;std::vector&lt;CustomScript::Expression *, std::allocator&lt;CustomScript::Expression *&gt; &gt;::push_back&apos; requested here" />
 <error level="note" id="note_template_member_function_here" file="C:\Users\Andre\Documents\GitHub\TextVenturer\SoftwareEngineering\TextVenturer\CustomScript.cpp" line="2537" col="23" msg="in instantiation of member function &apos;std::vector&lt;CustomScript::Expression *, std::allocator&lt;CustomScript::Expression *&gt; &gt;::push_back&apos; requested here" />
 <error level="note" id="note_template_member_function_here" file="C:\Users\Andre\Documents\GitHub\TextVenturer\SoftwareEngineering\TextVenturer\CustomScript.cpp" line="2643" col="95" msg="in instantiation of member function &apos;std::_String_const_iterator&lt;std::_String_val&lt;std::_Simple_types&lt;char&gt; &gt; &gt;::operator+&apos; requested here" />
</log>