<log>
 <error level="error" id="err_pp_macro_not_identifier" file="&lt;command line&gt;" line="6" col="9" msg="macro name must be an identifier" />
 <error level="error" id="err_ref_non_value" file="c:\program files (x86)\microsoft visual studio 14.0\vc\include\type_traits" line="524" col="45" msg="&apos;_To&apos; does not refer to a value" />
 <error level="error" id="err_ref_non_value" file="c:\program files (x86)\microsoft visual studio 14.0\vc\include\type_traits" line="524" col="50" msg="&apos;_From&apos; does not refer to a value" />
 <error level="error" id="err_expected_class_name" file="c:\program files (x86)\microsoft visual studio 14.0\vc\include\type_traits" line="525" col="2" msg="expected class name" />
 <error level="error" id="err_expected_after" file="c:\program files (x86)\microsoft visual studio 14.0\vc\include\type_traits" line="1245" col="50" msg="expected &apos;;&apos; after alias declaration" />
 <error level="error" id="err_no_template_suggest" file="c:\program files (x86)\microsoft visual studio 14.0\vc\include\type_traits" line="1252" col="30" msg="no template named &apos;make_integer_sequence&apos;; did you mean &apos;integer_sequence&apos;?" />
 <error level="error" id="err_unexpected_typedef" file="c:\program files (x86)\microsoft visual studio 14.0\vc\include\tuple" line="368" col="26" msg="unexpected type name &apos;size_t&apos;: expected expression" />
 <error level="error" id="err_init_list_bin_op" file="c:\program files (x86)\microsoft visual studio 14.0\vc\include\tuple" line="368" col="77" msg="initializer list cannot be used on the right hand side of operator &apos;&gt;&apos;" />
 <error level="error" id="err_no_template_suggest" file="c:\program files (x86)\microsoft visual studio 14.0\vc\include\tuple" line="1096" col="5" msg="no template named &apos;make_integer_sequence&apos;; did you mean &apos;make_index_sequence&apos;?" />
 <error level="error" id="err_template_arg_must_be_expr" file="c:\program files (x86)\microsoft visual studio 14.0\vc\include\tuple" line="1096" col="27" msg="template argument for non-type template parameter must be an expression" />
 <error level="error" id="err_expected_class_name" file="c:\program files (x86)\microsoft visual studio 14.0\vc\include\tuple" line="1098" col="35" msg="expected class name" />
 <error level="error" id="err_expected_class_name" file="c:\program files (x86)\microsoft visual studio 14.0\vc\include\tuple" line="1099" col="4" msg="expected class name" />
 <error level="error" id="err_expected_lbrace_after_base_specifiers" file="c:\program files (x86)\microsoft visual studio 14.0\vc\include\tuple" line="1100" col="12" msg="expected &apos;{&apos; after base class list" />
 <error level="error" id="err_expected_after" file="c:\program files (x86)\microsoft visual studio 14.0\vc\include\tuple" line="1100" col="12" msg="expected &apos;;&apos; after struct" />
 <error level="error" id="err_expected_unqualified_id" file="c:\program files (x86)\microsoft visual studio 14.0\vc\include\tuple" line="1100" col="12" msg="expected unqualified-id" />
 <error level="error" id="err_no_template_suggest" file="c:\program files (x86)\microsoft visual studio 14.0\vc\include\tuple" line="1161" col="3" msg="no template named &apos;make_integer_sequence&apos;; did you mean &apos;make_index_sequence&apos;?" />
 <error level="error" id="err_template_arg_must_be_expr" file="c:\program files (x86)\microsoft visual studio 14.0\vc\include\tuple" line="1161" col="25" msg="template argument for non-type template parameter must be an expression" />
 <error level="error" id="err_undeclared_var_use" file="c:\program files (x86)\microsoft visual studio 14.0\vc\include\tuple" line="1194" col="4" msg="use of undeclared identifier &apos;make_integer_sequence&apos;" />
 <error level="error" id="err_unexpected_typedef" file="c:\program files (x86)\microsoft visual studio 14.0\vc\include\tuple" line="1194" col="26" msg="unexpected type name &apos;size_t&apos;: expected expression" />
 <error level="error" id="err_expected_expression" file="c:\program files (x86)\microsoft visual studio 14.0\vc\include\tuple" line="1194" col="54" msg="expected expression" />
 <error level="error" id="err_undeclared_var_use" file="c:\program files (x86)\microsoft visual studio 14.0\vc\include\tuple" line="1195" col="4" msg="use of undeclared identifier &apos;make_integer_sequence&apos;" />
 <error level="error" id="err_unexpected_typedef" file="c:\program files (x86)\microsoft visual studio 14.0\vc\include\tuple" line="1195" col="26" msg="unexpected type name &apos;size_t&apos;: expected expression" />
 <error level="error" id="err_expected_expression" file="c:\program files (x86)\microsoft visual studio 14.0\vc\include\tuple" line="1195" col="54" msg="expected expression" />
 <error level="error" id="err_no_template_suggest" file="c:\program files (x86)\microsoft visual studio 14.0\vc\include\functional" line="773" col="4" msg="no template named &apos;make_integer_sequence&apos;; did you mean &apos;make_index_sequence&apos;?" />
 <error level="error" id="err_template_arg_must_be_expr" file="c:\program files (x86)\microsoft visual studio 14.0\vc\include\functional" line="773" col="26" msg="template argument for non-type template parameter must be an expression" />
 <error level="error" id="err_undeclared_var_use" file="c:\program files (x86)\microsoft visual studio 14.0\vc\include\functional" line="776" col="4" msg="use of undeclared identifier &apos;make_integer_sequence&apos;" />
 <error level="error" id="err_unexpected_typedef" file="c:\program files (x86)\microsoft visual studio 14.0\vc\include\functional" line="776" col="26" msg="unexpected type name &apos;size_t&apos;: expected expression" />
 <error level="error" id="err_expected_expression" file="c:\program files (x86)\microsoft visual studio 14.0\vc\include\functional" line="776" col="63" msg="expected expression" />
 <error level="error" id="err_no_template_suggest" file="c:\program files (x86)\microsoft visual studio 14.0\vc\include\functional" line="856" col="10" msg="no template named &apos;make_integer_sequence&apos;; did you mean &apos;make_index_sequence&apos;?" />
 <error level="error" id="err_template_arg_must_be_expr" file="c:\program files (x86)\microsoft visual studio 14.0\vc\include\functional" line="856" col="32" msg="template argument for non-type template parameter must be an expression" />
 <error level="error" id="err_undeclared_var_use" file="c:\program files (x86)\microsoft visual studio 14.0\vc\include\thr/xthread" line="248" col="4" msg="use of undeclared identifier &apos;make_integer_sequence&apos;" />
 <error level="error" id="err_unexpected_typedef" file="c:\program files (x86)\microsoft visual studio 14.0\vc\include\thr/xthread" line="248" col="26" msg="unexpected type name &apos;size_t&apos;: expected expression" />
 <error level="error" id="err_expected_expression" file="c:\program files (x86)\microsoft visual studio 14.0\vc\include\thr/xthread" line="249" col="56" msg="expected expression" />
 <error level="error" id="err_no_template_suggest" file="c:\program files (x86)\microsoft visual studio 14.0\vc\include\mutex" line="476" col="58" msg="no template named &apos;make_integer_sequence&apos;; did you mean &apos;make_index_sequence&apos;?" />
 <error level="error" id="err_template_arg_must_be_expr" file="c:\program files (x86)\microsoft visual studio 14.0\vc\include\mutex" line="476" col="80" msg="template argument for non-type template parameter must be an expression" />
 <error level="error" id="err_no_template_suggest" file="c:\program files (x86)\microsoft visual studio 14.0\vc\include\mutex" line="478" col="53" msg="no template named &apos;make_integer_sequence&apos;; did you mean &apos;make_index_sequence&apos;?" />
 <error level="error" id="err_template_arg_must_be_expr" file="c:\program files (x86)\microsoft visual studio 14.0\vc\include\mutex" line="478" col="75" msg="template argument for non-type template parameter must be an expression" />
 <error level="error" id="err_no_template_suggest" file="c:\program files (x86)\microsoft visual studio 14.0\vc\include\mutex" line="512" col="10" msg="no template named &apos;make_integer_sequence&apos;; did you mean &apos;make_index_sequence&apos;?" />
 <error level="error" id="err_template_arg_must_be_expr" file="c:\program files (x86)\microsoft visual studio 14.0\vc\include\mutex" line="512" col="32" msg="template argument for non-type template parameter must be an expression" />
 <error level="error" id="err_expected_expression" file="C:\Users\Andre\Documents\GitHub\TextVenturer\SoftwareEngineering\TextVenturer/Texture.h" line="5" col="1" msg="expected expression" />
 <error level="error" id="err_typecheck_decl_incomplete_type" file="C:\Users\Andre\Documents\GitHub\TextVenturer\SoftwareEngineering\TextVenturer/Texture.h" line="3" col="15" msg="variable has incomplete type &apos;class Texture&apos;" />
 <error level="error" id="err_incomplete_base_class" file="C:\Users\Andre\Documents\GitHub\TextVenturer\SoftwareEngineering\TextVenturer/Texture.h" line="25" col="30" msg="base class has incomplete type" />
 <error level="error" id="err_expected_expression" file="C:\Users\Andre\Documents\GitHub\TextVenturer\SoftwareEngineering\TextVenturer/Registry.h" line="109" col="5" msg="expected expression" />
 <error level="error" id="err_typecheck_decl_incomplete_type" file="C:\Users\Andre\Documents\GitHub\TextVenturer\SoftwareEngineering\TextVenturer/Registry.h" line="107" col="17" msg="variable has incomplete type &apos;class Value&apos;" />
 <error level="error" id="err_incomplete_base_class" file="C:\Users\Andre\Documents\GitHub\TextVenturer\SoftwareEngineering\TextVenturer/Registry.h" line="133" col="32" msg="base class has incomplete type" />
 <error level="error" id="err_incomplete_base_class" file="C:\Users\Andre\Documents\GitHub\TextVenturer\SoftwareEngineering\TextVenturer/Registry.h" line="144" col="37" msg="base class has incomplete type" />
 <error level="error" id="err_incomplete_base_class" file="C:\Users\Andre\Documents\GitHub\TextVenturer\SoftwareEngineering\TextVenturer/Registry.h" line="155" col="31" msg="base class has incomplete type" />
 <error level="error" id="err_incomplete_base_class" file="C:\Users\Andre\Documents\GitHub\TextVenturer\SoftwareEngineering\TextVenturer/Registry.h" line="166" col="31" msg="base class has incomplete type" />
 <error level="warning" id="warn_unreachable_default" file="C:\Users\Andre\Documents\GitHub\TextVenturer\SoftwareEngineering\TextVenturer\Registry.cpp" line="36" col="5" msg="default label in switch which covers all enumeration values" />
 <error level="warning" id="warn_delete_incomplete" file="C:\Users\Andre\Documents\GitHub\TextVenturer\SoftwareEngineering\TextVenturer\Registry.cpp" line="68" col="9" msg="deleting pointer to incomplete type &apos;Registry::Value&apos; may cause undefined behavior" />
 <error level="warning" id="warn_missing_case" file="C:\Users\Andre\Documents\GitHub\TextVenturer\SoftwareEngineering\TextVenturer\Registry.cpp" line="110" col="13" msg="8 enumeration values not handled in switch: &apos;vtNone&apos;, &apos;vtExpandedString&apos;, &apos;vtBinary&apos;..." />
 <error level="error" id="err_incomplete_nested_name_spec" file="C:\Users\Andre\Documents\GitHub\TextVenturer\SoftwareEngineering\TextVenturer\Registry.cpp" line="155" col="27" msg="incomplete type &apos;Registry::Value&apos; named in nested name specifier" />
 <error level="error" id="err_incomplete_nested_name_spec" file="C:\Users\Andre\Documents\GitHub\TextVenturer\SoftwareEngineering\TextVenturer\Registry.cpp" line="160" col="32" msg="incomplete type &apos;Registry::Value&apos; named in nested name specifier" />
 <error level="error" id="err_incomplete_nested_name_spec" file="C:\Users\Andre\Documents\GitHub\TextVenturer\SoftwareEngineering\TextVenturer\Registry.cpp" line="165" col="11" msg="incomplete type &apos;Registry::Value&apos; named in nested name specifier" />
 <error level="error" id="err_incomplete_nested_name_spec" file="C:\Users\Andre\Documents\GitHub\TextVenturer\SoftwareEngineering\TextVenturer\Registry.cpp" line="165" col="11" msg="incomplete type &apos;Registry::Value&apos; named in nested name specifier" />
 <error level="error" id="err_incomplete_nested_name_spec" file="C:\Users\Andre\Documents\GitHub\TextVenturer\SoftwareEngineering\TextVenturer\Registry.cpp" line="172" col="11" msg="incomplete type &apos;Registry::Value&apos; named in nested name specifier" />
 <error level="error" id="err_incomplete_nested_name_spec" file="C:\Users\Andre\Documents\GitHub\TextVenturer\SoftwareEngineering\TextVenturer\Registry.cpp" line="177" col="19" msg="incomplete type &apos;Registry::Value&apos; named in nested name specifier" />
 <error level="error" id="err_incomplete_nested_name_spec" file="C:\Users\Andre\Documents\GitHub\TextVenturer\SoftwareEngineering\TextVenturer\Registry.cpp" line="182" col="11" msg="incomplete type &apos;Registry::Value&apos; named in nested name specifier" />
 <error level="error" id="err_incomplete_nested_name_spec" file="C:\Users\Andre\Documents\GitHub\TextVenturer\SoftwareEngineering\TextVenturer\Registry.cpp" line="187" col="11" msg="incomplete type &apos;Registry::Value&apos; named in nested name specifier" />
 <error level="error" id="err_incomplete_nested_name_spec" file="C:\Users\Andre\Documents\GitHub\TextVenturer\SoftwareEngineering\TextVenturer\Registry.cpp" line="192" col="11" msg="incomplete type &apos;Registry::Value&apos; named in nested name specifier" />
 <error level="error" id="err_incomplete_nested_name_spec" file="C:\Users\Andre\Documents\GitHub\TextVenturer\SoftwareEngineering\TextVenturer\Registry.cpp" line="197" col="11" msg="incomplete type &apos;Registry::Value&apos; named in nested name specifier" />
 <error level="error" id="err_not_direct_base_or_virtual" file="C:\Users\Andre\Documents\GitHub\TextVenturer\SoftwareEngineering\TextVenturer\Registry.cpp" line="208" col="7" msg="type &apos;Registry::Value&apos; is not a direct or virtual base of &apos;Registry::StringValue&apos;" />
 <error level="error" id="err_undeclared_var_use" file="C:\Users\Andre\Documents\GitHub\TextVenturer\SoftwareEngineering\TextVenturer\Registry.cpp" line="216" col="5" msg="use of undeclared identifier &apos;lastError&apos;" />
 <error level="error" id="err_undeclared_var_use" file="C:\Users\Andre\Documents\GitHub\TextVenturer\SoftwareEngineering\TextVenturer\Registry.cpp" line="216" col="30" msg="use of undeclared identifier &apos;getKey&apos;" />
 <error level="error" id="err_undeclared_var_use" file="C:\Users\Andre\Documents\GitHub\TextVenturer\SoftwareEngineering\TextVenturer\Registry.cpp" line="216" col="56" msg="use of undeclared identifier &apos;getName&apos;" />
 <error level="error" id="err_undeclared_var_use_suggest" file="C:\Users\Andre\Documents\GitHub\TextVenturer\SoftwareEngineering\TextVenturer\Registry.cpp" line="217" col="9" msg="use of undeclared identifier &apos;lastError&apos;; did you mean &apos;glGetError&apos;?" />
 <error level="warning" id="warn_impcast_pointer_to_bool" file="C:\Users\Andre\Documents\GitHub\TextVenturer\SoftwareEngineering\TextVenturer\Registry.cpp" line="217" col="9" msg="address of function &apos;glGetError&apos; will always evaluate to &apos;true&apos;" />
 <error level="note" id="note_function_warning_silence" file="C:\Users\Andre\Documents\GitHub\TextVenturer\SoftwareEngineering\TextVenturer\Registry.cpp" line="217" col="9" msg="prefix with the address-of operator to silence this warning" />
 <error level="error" id="err_undeclared_var_use" file="C:\Users\Andre\Documents\GitHub\TextVenturer\SoftwareEngineering\TextVenturer\Registry.cpp" line="220" col="5" msg="use of undeclared identifier &apos;lastError&apos;" />
 <error level="error" id="err_undeclared_var_use" file="C:\Users\Andre\Documents\GitHub\TextVenturer\SoftwareEngineering\TextVenturer\Registry.cpp" line="220" col="30" msg="use of undeclared identifier &apos;getKey&apos;" />
 <error level="error" id="err_undeclared_var_use" file="C:\Users\Andre\Documents\GitHub\TextVenturer\SoftwareEngineering\TextVenturer\Registry.cpp" line="220" col="56" msg="use of undeclared identifier &apos;getName&apos;" />
 <error level="error" id="err_undeclared_var_use_suggest" file="C:\Users\Andre\Documents\GitHub\TextVenturer\SoftwareEngineering\TextVenturer\Registry.cpp" line="221" col="9" msg="use of undeclared identifier &apos;lastError&apos;; did you mean &apos;glGetError&apos;?" />
 <error level="warning" id="warn_impcast_pointer_to_bool" file="C:\Users\Andre\Documents\GitHub\TextVenturer\SoftwareEngineering\TextVenturer\Registry.cpp" line="221" col="9" msg="address of function &apos;glGetError&apos; will always evaluate to &apos;true&apos;" />
 <error level="note" id="note_function_warning_silence" file="C:\Users\Andre\Documents\GitHub\TextVenturer\SoftwareEngineering\TextVenturer\Registry.cpp" line="221" col="9" msg="prefix with the address-of operator to silence this warning" />
 <error level="error" id="err_undeclared_var_use" file="C:\Users\Andre\Documents\GitHub\TextVenturer\SoftwareEngineering\TextVenturer\Registry.cpp" line="228" col="5" msg="use of undeclared identifier &apos;lastError&apos;" />
 <error level="error" id="err_undeclared_var_use" file="C:\Users\Andre\Documents\GitHub\TextVenturer\SoftwareEngineering\TextVenturer\Registry.cpp" line="228" col="32" msg="use of undeclared identifier &apos;getKey&apos;" />
 <error level="error" id="err_undeclared_var_use" file="C:\Users\Andre\Documents\GitHub\TextVenturer\SoftwareEngineering\TextVenturer\Registry.cpp" line="228" col="52" msg="use of undeclared identifier &apos;getName&apos;" />
 <error level="error" id="err_undeclared_var_use" file="C:\Users\Andre\Documents\GitHub\TextVenturer\SoftwareEngineering\TextVenturer\Registry.cpp" line="229" col="12" msg="use of undeclared identifier &apos;lastError&apos;" />
 <error level="error" id="err_not_direct_base_or_virtual" file="C:\Users\Andre\Documents\GitHub\TextVenturer\SoftwareEngineering\TextVenturer\Registry.cpp" line="233" col="7" msg="type &apos;Registry::Value&apos; is not a direct or virtual base of &apos;Registry::MultiStringValue&apos;" />
 <error level="error" id="err_undeclared_var_use" file="C:\Users\Andre\Documents\GitHub\TextVenturer\SoftwareEngineering\TextVenturer\Registry.cpp" line="242" col="5" msg="use of undeclared identifier &apos;lastError&apos;" />
 <error level="error" id="err_undeclared_var_use" file="C:\Users\Andre\Documents\GitHub\TextVenturer\SoftwareEngineering\TextVenturer\Registry.cpp" line="242" col="30" msg="use of undeclared identifier &apos;getKey&apos;" />
 <error level="error" id="err_undeclared_var_use" file="C:\Users\Andre\Documents\GitHub\TextVenturer\SoftwareEngineering\TextVenturer\Registry.cpp" line="242" col="56" msg="use of undeclared identifier &apos;getName&apos;" />
 <error level="error" id="err_undeclared_var_use_suggest" file="C:\Users\Andre\Documents\GitHub\TextVenturer\SoftwareEngineering\TextVenturer\Registry.cpp" line="243" col="9" msg="use of undeclared identifier &apos;lastError&apos;; did you mean &apos;glGetError&apos;?" />
 <error level="warning" id="warn_impcast_pointer_to_bool" file="C:\Users\Andre\Documents\GitHub\TextVenturer\SoftwareEngineering\TextVenturer\Registry.cpp" line="243" col="9" msg="address of function &apos;glGetError&apos; will always evaluate to &apos;true&apos;" />
 <error level="note" id="note_function_warning_silence" file="C:\Users\Andre\Documents\GitHub\TextVenturer\SoftwareEngineering\TextVenturer\Registry.cpp" line="243" col="9" msg="prefix with the address-of operator to silence this warning" />
 <error level="error" id="err_undeclared_var_use" file="C:\Users\Andre\Documents\GitHub\TextVenturer\SoftwareEngineering\TextVenturer\Registry.cpp" line="247" col="5" msg="use of undeclared identifier &apos;lastError&apos;" />
 <error level="error" id="err_undeclared_var_use" file="C:\Users\Andre\Documents\GitHub\TextVenturer\SoftwareEngineering\TextVenturer\Registry.cpp" line="247" col="30" msg="use of undeclared identifier &apos;getKey&apos;" />
 <error level="error" id="err_undeclared_var_use" file="C:\Users\Andre\Documents\GitHub\TextVenturer\SoftwareEngineering\TextVenturer\Registry.cpp" line="247" col="56" msg="use of undeclared identifier &apos;getName&apos;" />
 <error level="error" id="err_undeclared_var_use_suggest" file="C:\Users\Andre\Documents\GitHub\TextVenturer\SoftwareEngineering\TextVenturer\Registry.cpp" line="248" col="9" msg="use of undeclared identifier &apos;lastError&apos;; did you mean &apos;glGetError&apos;?" />
 <error level="warning" id="warn_impcast_pointer_to_bool" file="C:\Users\Andre\Documents\GitHub\TextVenturer\SoftwareEngineering\TextVenturer\Registry.cpp" line="248" col="9" msg="address of function &apos;glGetError&apos; will always evaluate to &apos;true&apos;" />
 <error level="note" id="note_function_warning_silence" file="C:\Users\Andre\Documents\GitHub\TextVenturer\SoftwareEngineering\TextVenturer\Registry.cpp" line="248" col="9" msg="prefix with the address-of operator to silence this warning" />
 <error level="error" id="err_undeclared_var_use" file="C:\Users\Andre\Documents\GitHub\TextVenturer\SoftwareEngineering\TextVenturer\Registry.cpp" line="277" col="5" msg="use of undeclared identifier &apos;lastError&apos;" />
 <error level="error" id="err_undeclared_var_use" file="C:\Users\Andre\Documents\GitHub\TextVenturer\SoftwareEngineering\TextVenturer\Registry.cpp" line="277" col="32" msg="use of undeclared identifier &apos;getKey&apos;" />
 <error level="error" id="err_undeclared_var_use" file="C:\Users\Andre\Documents\GitHub\TextVenturer\SoftwareEngineering\TextVenturer\Registry.cpp" line="277" col="52" msg="use of undeclared identifier &apos;getName&apos;" />
 <error level="error" id="err_undeclared_var_use" file="C:\Users\Andre\Documents\GitHub\TextVenturer\SoftwareEngineering\TextVenturer\Registry.cpp" line="279" col="12" msg="use of undeclared identifier &apos;lastError&apos;" />
 <error level="error" id="err_not_direct_base_or_virtual" file="C:\Users\Andre\Documents\GitHub\TextVenturer\SoftwareEngineering\TextVenturer\Registry.cpp" line="288" col="7" msg="type &apos;Registry::Value&apos; is not a direct or virtual base of &apos;Registry::DWORDValue&apos;" />
 <error level="error" id="err_undeclared_var_use" file="C:\Users\Andre\Documents\GitHub\TextVenturer\SoftwareEngineering\TextVenturer\Registry.cpp" line="296" col="5" msg="use of undeclared identifier &apos;lastError&apos;" />
 <error level="error" id="err_undeclared_var_use" file="C:\Users\Andre\Documents\GitHub\TextVenturer\SoftwareEngineering\TextVenturer\Registry.cpp" line="296" col="30" msg="use of undeclared identifier &apos;getKey&apos;" />
 <error level="error" id="err_undeclared_var_use" file="C:\Users\Andre\Documents\GitHub\TextVenturer\SoftwareEngineering\TextVenturer\Registry.cpp" line="296" col="56" msg="use of undeclared identifier &apos;getName&apos;" />
 <error level="error" id="err_undeclared_var_use_suggest" file="C:\Users\Andre\Documents\GitHub\TextVenturer\SoftwareEngineering\TextVenturer\Registry.cpp" line="297" col="9" msg="use of undeclared identifier &apos;lastError&apos;; did you mean &apos;glGetError&apos;?" />
 <error level="warning" id="warn_impcast_pointer_to_bool" file="C:\Users\Andre\Documents\GitHub\TextVenturer\SoftwareEngineering\TextVenturer\Registry.cpp" line="297" col="9" msg="address of function &apos;glGetError&apos; will always evaluate to &apos;true&apos;" />
 <error level="note" id="note_function_warning_silence" file="C:\Users\Andre\Documents\GitHub\TextVenturer\SoftwareEngineering\TextVenturer\Registry.cpp" line="297" col="9" msg="prefix with the address-of operator to silence this warning" />
 <error level="error" id="err_undeclared_var_use" file="C:\Users\Andre\Documents\GitHub\TextVenturer\SoftwareEngineering\TextVenturer\Registry.cpp" line="304" col="5" msg="use of undeclared identifier &apos;lastError&apos;" />
 <error level="error" id="err_undeclared_var_use" file="C:\Users\Andre\Documents\GitHub\TextVenturer\SoftwareEngineering\TextVenturer\Registry.cpp" line="304" col="32" msg="use of undeclared identifier &apos;getKey&apos;" />
 <error level="error" id="err_undeclared_var_use" file="C:\Users\Andre\Documents\GitHub\TextVenturer\SoftwareEngineering\TextVenturer\Registry.cpp" line="304" col="52" msg="use of undeclared identifier &apos;getName&apos;" />
 <error level="error" id="err_undeclared_var_use" file="C:\Users\Andre\Documents\GitHub\TextVenturer\SoftwareEngineering\TextVenturer\Registry.cpp" line="305" col="12" msg="use of undeclared identifier &apos;lastError&apos;" />
 <error level="error" id="err_not_direct_base_or_virtual" file="C:\Users\Andre\Documents\GitHub\TextVenturer\SoftwareEngineering\TextVenturer\Registry.cpp" line="314" col="7" msg="type &apos;Registry::Value&apos; is not a direct or virtual base of &apos;Registry::QWORDValue&apos;" />
 <error level="error" id="err_undeclared_var_use" file="C:\Users\Andre\Documents\GitHub\TextVenturer\SoftwareEngineering\TextVenturer\Registry.cpp" line="322" col="5" msg="use of undeclared identifier &apos;lastError&apos;" />
 <error level="error" id="err_undeclared_var_use" file="C:\Users\Andre\Documents\GitHub\TextVenturer\SoftwareEngineering\TextVenturer\Registry.cpp" line="322" col="30" msg="use of undeclared identifier &apos;getKey&apos;" />
 <error level="error" id="err_undeclared_var_use" file="C:\Users\Andre\Documents\GitHub\TextVenturer\SoftwareEngineering\TextVenturer\Registry.cpp" line="322" col="56" msg="use of undeclared identifier &apos;getName&apos;" />
 <error level="error" id="err_undeclared_var_use_suggest" file="C:\Users\Andre\Documents\GitHub\TextVenturer\SoftwareEngineering\TextVenturer\Registry.cpp" line="323" col="9" msg="use of undeclared identifier &apos;lastError&apos;; did you mean &apos;glGetError&apos;?" />
 <error level="warning" id="warn_impcast_pointer_to_bool" file="C:\Users\Andre\Documents\GitHub\TextVenturer\SoftwareEngineering\TextVenturer\Registry.cpp" line="323" col="9" msg="address of function &apos;glGetError&apos; will always evaluate to &apos;true&apos;" />
 <error level="note" id="note_function_warning_silence" file="C:\Users\Andre\Documents\GitHub\TextVenturer\SoftwareEngineering\TextVenturer\Registry.cpp" line="323" col="9" msg="prefix with the address-of operator to silence this warning" />
 <error level="error" id="err_undeclared_var_use" file="C:\Users\Andre\Documents\GitHub\TextVenturer\SoftwareEngineering\TextVenturer\Registry.cpp" line="330" col="5" msg="use of undeclared identifier &apos;lastError&apos;" />
 <error level="error" id="err_undeclared_var_use" file="C:\Users\Andre\Documents\GitHub\TextVenturer\SoftwareEngineering\TextVenturer\Registry.cpp" line="330" col="32" msg="use of undeclared identifier &apos;getKey&apos;" />
 <error level="error" id="err_undeclared_var_use" file="C:\Users\Andre\Documents\GitHub\TextVenturer\SoftwareEngineering\TextVenturer\Registry.cpp" line="330" col="52" msg="use of undeclared identifier &apos;getName&apos;" />
 <error level="error" id="err_undeclared_var_use" file="C:\Users\Andre\Documents\GitHub\TextVenturer\SoftwareEngineering\TextVenturer\Registry.cpp" line="331" col="12" msg="use of undeclared identifier &apos;lastError&apos;" />
 <error level="note" id="note_template_member_function_here" file="C:\Users\Andre\Documents\GitHub\TextVenturer\SoftwareEngineering\TextVenturer\Registry.cpp" line="48" col="16" msg="in instantiation of member function &apos;std::vector&lt;Registry::Value *, std::allocator&lt;Registry::Value *&gt; &gt;::~vector&apos; requested here" />
 <error level="note" id="note_template_member_function_here" file="C:\Users\Andre\Documents\GitHub\TextVenturer\SoftwareEngineering\TextVenturer\Registry.cpp" line="239" col="31" msg="in instantiation of member function &apos;std::vector&lt;std::basic_string&lt;wchar_t, std::char_traits&lt;wchar_t&gt;, std::allocator&lt;wchar_t&gt; &gt;, std::allocator&lt;std::basic_string&lt;wchar_t, std::char_traits&lt;wchar_t&gt;, std::allocator&lt;wchar_t&gt; &gt; &gt; &gt;::~vector&apos; requested here" />
 <error level="note" id="note_template_member_function_here" file="C:\Users\Andre\Documents\GitHub\TextVenturer\SoftwareEngineering\TextVenturer\Registry.cpp" line="253" col="16" msg="in instantiation of member function &apos;std::vector&lt;std::basic_string&lt;wchar_t, std::char_traits&lt;wchar_t&gt;, std::allocator&lt;wchar_t&gt; &gt;, std::allocator&lt;std::basic_string&lt;wchar_t, std::char_traits&lt;wchar_t&gt;, std::allocator&lt;wchar_t&gt; &gt; &gt; &gt;::push_back&apos; requested here" />
 <error level="note" id="note_template_member_function_here" file="C:\Users\Andre\Documents\GitHub\TextVenturer\SoftwareEngineering\TextVenturer\Registry.cpp" line="253" col="16" msg="in instantiation of member function &apos;std::vector&lt;std::basic_string&lt;wchar_t, std::char_traits&lt;wchar_t&gt;, std::allocator&lt;wchar_t&gt; &gt;, std::allocator&lt;std::basic_string&lt;wchar_t, std::char_traits&lt;wchar_t&gt;, std::allocator&lt;wchar_t&gt; &gt; &gt; &gt;::push_back&apos; requested here" />
 <error level="note" id="note_template_member_function_here" file="C:\Users\Andre\Documents\GitHub\TextVenturer\SoftwareEngineering\TextVenturer\Registry.cpp" line="253" col="16" msg="in instantiation of member function &apos;std::vector&lt;std::basic_string&lt;wchar_t, std::char_traits&lt;wchar_t&gt;, std::allocator&lt;wchar_t&gt; &gt;, std::allocator&lt;std::basic_string&lt;wchar_t, std::char_traits&lt;wchar_t&gt;, std::allocator&lt;wchar_t&gt; &gt; &gt; &gt;::push_back&apos; requested here" />
 <error level="note" id="note_template_member_function_here" file="C:\Users\Andre\Documents\GitHub\TextVenturer\SoftwareEngineering\TextVenturer\Registry.cpp" line="253" col="16" msg="in instantiation of member function &apos;std::vector&lt;std::basic_string&lt;wchar_t, std::char_traits&lt;wchar_t&gt;, std::allocator&lt;wchar_t&gt; &gt;, std::allocator&lt;std::basic_string&lt;wchar_t, std::char_traits&lt;wchar_t&gt;, std::allocator&lt;wchar_t&gt; &gt; &gt; &gt;::push_back&apos; requested here" />
 <error level="note" id="note_template_member_function_here" file="C:\Users\Andre\Documents\GitHub\TextVenturer\SoftwareEngineering\TextVenturer\Registry.cpp" line="253" col="16" msg="in instantiation of member function &apos;std::vector&lt;std::basic_string&lt;wchar_t, std::char_traits&lt;wchar_t&gt;, std::allocator&lt;wchar_t&gt; &gt;, std::allocator&lt;std::basic_string&lt;wchar_t, std::char_traits&lt;wchar_t&gt;, std::allocator&lt;wchar_t&gt; &gt; &gt; &gt;::push_back&apos; requested here" />
 <error level="note" id="note_template_member_function_here" file="C:\Users\Andre\Documents\GitHub\TextVenturer\SoftwareEngineering\TextVenturer\Registry.cpp" line="265" col="27" msg="in instantiation of member function &apos;std::_Vector_iterator&lt;std::_Vector_val&lt;std::_Simple_types&lt;std::basic_string&lt;wchar_t, std::char_traits&lt;wchar_t&gt;, std::allocator&lt;wchar_t&gt; &gt; &gt; &gt; &gt;::operator++&apos; requested here" />
</log>