<log>
 <error level="error" id="err_pp_macro_not_identifier" file="&lt;command line&gt;" line="6" col="9" msg="macro name must be an identifier" />
 <error level="error" id="err_ref_non_value" file="c:\program files (x86)\microsoft visual studio 14.0\vc\include\type_traits" line="524" col="45" msg="&apos;_To&apos; does not refer to a value" />
 <error level="error" id="err_ref_non_value" file="c:\program files (x86)\microsoft visual studio 14.0\vc\include\type_traits" line="524" col="50" msg="&apos;_From&apos; does not refer to a value" />
 <error level="error" id="err_expected_class_name" file="c:\program files (x86)\microsoft visual studio 14.0\vc\include\type_traits" line="525" col="2" msg="expected class name" />
 <error level="error" id="err_expected_after" file="c:\program files (x86)\microsoft visual studio 14.0\vc\include\type_traits" line="1245" col="50" msg="expected &apos;;&apos; after alias declaration" />
 <error level="error" id="err_no_template_suggest" file="c:\program files (x86)\microsoft visual studio 14.0\vc\include\type_traits" line="1252" col="30" msg="no template named &apos;make_integer_sequence&apos;; did you mean &apos;integer_sequence&apos;?" />
 <error level="error" id="err_unexpected_typedef" file="c:\program files (x86)\microsoft visual studio 14.0\vc\include\tuple" line="368" col="26" msg="unexpected type name &apos;size_t&apos;: expected expression" />
 <error level="error" id="err_init_list_bin_op" file="c:\program files (x86)\microsoft visual studio 14.0\vc\include\tuple" line="368" col="77" msg="initializer list cannot be used on the right hand side of operator &apos;&gt;&apos;" />
 <error level="error" id="err_no_template_suggest" file="c:\program files (x86)\microsoft visual studio 14.0\vc\include\tuple" line="1096" col="5" msg="no template named &apos;make_integer_sequence&apos;; did you mean &apos;make_index_sequence&apos;?" />
 <error level="error" id="err_template_arg_must_be_expr" file="c:\program files (x86)\microsoft visual studio 14.0\vc\include\tuple" line="1096" col="27" msg="template argument for non-type template parameter must be an expression" />
 <error level="error" id="err_expected_class_name" file="c:\program files (x86)\microsoft visual studio 14.0\vc\include\tuple" line="1098" col="35" msg="expected class name" />
 <error level="error" id="err_expected_class_name" file="c:\program files (x86)\microsoft visual studio 14.0\vc\include\tuple" line="1099" col="4" msg="expected class name" />
 <error level="error" id="err_expected_lbrace_after_base_specifiers" file="c:\program files (x86)\microsoft visual studio 14.0\vc\include\tuple" line="1100" col="12" msg="expected &apos;{&apos; after base class list" />
 <error level="error" id="err_expected_after" file="c:\program files (x86)\microsoft visual studio 14.0\vc\include\tuple" line="1100" col="12" msg="expected &apos;;&apos; after struct" />
 <error level="error" id="err_expected_unqualified_id" file="c:\program files (x86)\microsoft visual studio 14.0\vc\include\tuple" line="1100" col="12" msg="expected unqualified-id" />
 <error level="error" id="err_no_template_suggest" file="c:\program files (x86)\microsoft visual studio 14.0\vc\include\tuple" line="1161" col="3" msg="no template named &apos;make_integer_sequence&apos;; did you mean &apos;make_index_sequence&apos;?" />
 <error level="error" id="err_template_arg_must_be_expr" file="c:\program files (x86)\microsoft visual studio 14.0\vc\include\tuple" line="1161" col="25" msg="template argument for non-type template parameter must be an expression" />
 <error level="error" id="err_undeclared_var_use" file="c:\program files (x86)\microsoft visual studio 14.0\vc\include\tuple" line="1194" col="4" msg="use of undeclared identifier &apos;make_integer_sequence&apos;" />
 <error level="error" id="err_unexpected_typedef" file="c:\program files (x86)\microsoft visual studio 14.0\vc\include\tuple" line="1194" col="26" msg="unexpected type name &apos;size_t&apos;: expected expression" />
 <error level="error" id="err_expected_expression" file="c:\program files (x86)\microsoft visual studio 14.0\vc\include\tuple" line="1194" col="54" msg="expected expression" />
 <error level="error" id="err_undeclared_var_use" file="c:\program files (x86)\microsoft visual studio 14.0\vc\include\tuple" line="1195" col="4" msg="use of undeclared identifier &apos;make_integer_sequence&apos;" />
 <error level="error" id="err_unexpected_typedef" file="c:\program files (x86)\microsoft visual studio 14.0\vc\include\tuple" line="1195" col="26" msg="unexpected type name &apos;size_t&apos;: expected expression" />
 <error level="error" id="err_expected_expression" file="c:\program files (x86)\microsoft visual studio 14.0\vc\include\tuple" line="1195" col="54" msg="expected expression" />
 <error level="error" id="err_no_template_suggest" file="c:\program files (x86)\microsoft visual studio 14.0\vc\include\functional" line="773" col="4" msg="no template named &apos;make_integer_sequence&apos;; did you mean &apos;make_index_sequence&apos;?" />
 <error level="error" id="err_template_arg_must_be_expr" file="c:\program files (x86)\microsoft visual studio 14.0\vc\include\functional" line="773" col="26" msg="template argument for non-type template parameter must be an expression" />
 <error level="error" id="err_undeclared_var_use" file="c:\program files (x86)\microsoft visual studio 14.0\vc\include\functional" line="776" col="4" msg="use of undeclared identifier &apos;make_integer_sequence&apos;" />
 <error level="error" id="err_unexpected_typedef" file="c:\program files (x86)\microsoft visual studio 14.0\vc\include\functional" line="776" col="26" msg="unexpected type name &apos;size_t&apos;: expected expression" />
 <error level="error" id="err_expected_expression" file="c:\program files (x86)\microsoft visual studio 14.0\vc\include\functional" line="776" col="63" msg="expected expression" />
 <error level="error" id="err_no_template_suggest" file="c:\program files (x86)\microsoft visual studio 14.0\vc\include\functional" line="856" col="10" msg="no template named &apos;make_integer_sequence&apos;; did you mean &apos;make_index_sequence&apos;?" />
 <error level="error" id="err_template_arg_must_be_expr" file="c:\program files (x86)\microsoft visual studio 14.0\vc\include\functional" line="856" col="32" msg="template argument for non-type template parameter must be an expression" />
 <error level="error" id="err_undeclared_var_use" file="c:\program files (x86)\microsoft visual studio 14.0\vc\include\thr/xthread" line="248" col="4" msg="use of undeclared identifier &apos;make_integer_sequence&apos;" />
 <error level="error" id="err_unexpected_typedef" file="c:\program files (x86)\microsoft visual studio 14.0\vc\include\thr/xthread" line="248" col="26" msg="unexpected type name &apos;size_t&apos;: expected expression" />
 <error level="error" id="err_expected_expression" file="c:\program files (x86)\microsoft visual studio 14.0\vc\include\thr/xthread" line="249" col="56" msg="expected expression" />
 <error level="error" id="err_no_template_suggest" file="c:\program files (x86)\microsoft visual studio 14.0\vc\include\mutex" line="476" col="58" msg="no template named &apos;make_integer_sequence&apos;; did you mean &apos;make_index_sequence&apos;?" />
 <error level="error" id="err_template_arg_must_be_expr" file="c:\program files (x86)\microsoft visual studio 14.0\vc\include\mutex" line="476" col="80" msg="template argument for non-type template parameter must be an expression" />
 <error level="error" id="err_no_template_suggest" file="c:\program files (x86)\microsoft visual studio 14.0\vc\include\mutex" line="478" col="53" msg="no template named &apos;make_integer_sequence&apos;; did you mean &apos;make_index_sequence&apos;?" />
 <error level="error" id="err_template_arg_must_be_expr" file="c:\program files (x86)\microsoft visual studio 14.0\vc\include\mutex" line="478" col="75" msg="template argument for non-type template parameter must be an expression" />
 <error level="error" id="err_no_template_suggest" file="c:\program files (x86)\microsoft visual studio 14.0\vc\include\mutex" line="512" col="10" msg="no template named &apos;make_integer_sequence&apos;; did you mean &apos;make_index_sequence&apos;?" />
 <error level="error" id="err_template_arg_must_be_expr" file="c:\program files (x86)\microsoft visual studio 14.0\vc\include\mutex" line="512" col="32" msg="template argument for non-type template parameter must be an expression" />
 <error level="error" id="err_expected_expression" file="C:\Users\Andre\Documents\GitHub\TextVenturer\SoftwareEngineering\TextVenturer/Texture.h" line="5" col="1" msg="expected expression" />
 <error level="error" id="err_typecheck_decl_incomplete_type" file="C:\Users\Andre\Documents\GitHub\TextVenturer\SoftwareEngineering\TextVenturer/Texture.h" line="3" col="15" msg="variable has incomplete type &apos;class Texture&apos;" />
 <error level="error" id="err_incomplete_base_class" file="C:\Users\Andre\Documents\GitHub\TextVenturer\SoftwareEngineering\TextVenturer/Texture.h" line="25" col="30" msg="base class has incomplete type" />
 <error level="error" id="err_redefinition" file="C:\Users\Andre\Documents\GitHub\TextVenturer\SoftwareEngineering\TextVenturer/GameDisplayer.h" line="6" col="21" msg="redefinition of &apos;abstract&apos;" />
 <error level="error" id="err_expected_expression" file="C:\Users\Andre\Documents\GitHub\TextVenturer\SoftwareEngineering\TextVenturer/GameDisplayer.h" line="8" col="1" msg="expected expression" />
 <error level="error" id="err_incomplete_base_class" file="C:\Users\Andre\Documents\GitHub\TextVenturer\SoftwareEngineering\TextVenturer/CmdLine.h" line="9" col="24" msg="base class has incomplete type" />
 <error level="error" id="err_redefinition" file="C:\Users\Andre\Documents\GitHub\TextVenturer\SoftwareEngineering\TextVenturer/AdventureObject.h" line="10" col="23" msg="redefinition of &apos;abstract&apos;" />
 <error level="error" id="err_expected_expression" file="C:\Users\Andre\Documents\GitHub\TextVenturer\SoftwareEngineering\TextVenturer/AdventureObject.h" line="12" col="1" msg="expected expression" />
 <error level="error" id="err_incomplete_base_class" file="C:\Users\Andre\Documents\GitHub\TextVenturer\SoftwareEngineering\TextVenturer/Location.h" line="13" col="25" msg="base class has incomplete type" />
 <error level="error" id="err_incomplete_base_class" file="C:\Users\Andre\Documents\GitHub\TextVenturer\SoftwareEngineering\TextVenturer/Room.h" line="11" col="21" msg="base class has incomplete type" />
 <error level="error" id="err_incomplete_base_class" file="C:\Users\Andre\Documents\GitHub\TextVenturer\SoftwareEngineering\TextVenturer/Item.h" line="7" col="21" msg="base class has incomplete type" />
 <error level="error" id="err_expected_expression" file="C:\Users\Andre\Documents\GitHub\TextVenturer\SoftwareEngineering\TextVenturer/AdventureStructure.h" line="14" col="5" msg="expected expression" />
 <error level="error" id="err_typecheck_decl_incomplete_type" file="C:\Users\Andre\Documents\GitHub\TextVenturer\SoftwareEngineering\TextVenturer/AdventureStructure.h" line="12" col="20" msg="variable has incomplete type &apos;class BaseNode&apos;" />
 <error level="error" id="err_incomplete_base_class" file="C:\Users\Andre\Documents\GitHub\TextVenturer\SoftwareEngineering\TextVenturer/AdventureStructure.h" line="36" col="34" msg="base class has incomplete type" />
 <error level="error" id="err_incomplete_base_class" file="C:\Users\Andre\Documents\GitHub\TextVenturer\SoftwareEngineering\TextVenturer/AdventureStructure.h" line="45" col="29" msg="base class has incomplete type" />
 <error level="error" id="err_incomplete_base_class" file="C:\Users\Andre\Documents\GitHub\TextVenturer\SoftwareEngineering\TextVenturer/AdventureStructure.h" line="68" col="31" msg="base class has incomplete type" />
 <error level="error" id="err_incomplete_base_class" file="C:\Users\Andre\Documents\GitHub\TextVenturer\SoftwareEngineering\TextVenturer/AdventureStructure.h" line="92" col="35" msg="base class has incomplete type" />
 <error level="error" id="err_expected_expression" file="C:\Users\Andre\Documents\GitHub\TextVenturer\SoftwareEngineering\TextVenturer/CustomScript.h" line="46" col="5" msg="expected expression" />
 <error level="error" id="err_typecheck_decl_incomplete_type" file="C:\Users\Andre\Documents\GitHub\TextVenturer\SoftwareEngineering\TextVenturer/CustomScript.h" line="44" col="22" msg="variable has incomplete type &apos;class Expression&apos;" />
 <error level="error" id="err_redefinition_different_kind" file="C:\Users\Andre\Documents\GitHub\TextVenturer\SoftwareEngineering\TextVenturer/CustomScript.h" line="61" col="27" msg="redefinition of &apos;abstract&apos; as different kind of symbol" />
 <error level="error" id="err_expected_semi_declaration" file="C:\Users\Andre\Documents\GitHub\TextVenturer\SoftwareEngineering\TextVenturer/CustomScript.h" line="61" col="36" msg="expected &apos;;&apos; at end of declaration" />
 <error level="error" id="err_expected_unqualified_id" file="C:\Users\Andre\Documents\GitHub\TextVenturer\SoftwareEngineering\TextVenturer/CustomScript.h" line="61" col="38" msg="expected unqualified-id" />
 <error level="error" id="err_redefinition" file="C:\Users\Andre\Documents\GitHub\TextVenturer\SoftwareEngineering\TextVenturer/CustomScript.h" line="70" col="28" msg="redefinition of &apos;abstract&apos;" />
 <error level="error" id="err_invalid_token_after_toplevel_declarator" file="C:\Users\Andre\Documents\GitHub\TextVenturer\SoftwareEngineering\TextVenturer/CustomScript.h" line="70" col="37" msg="expected &apos;;&apos; after top level declarator" />
 <error level="error" id="err_expected_unqualified_id" file="C:\Users\Andre\Documents\GitHub\TextVenturer\SoftwareEngineering\TextVenturer/CustomScript.h" line="70" col="39" msg="expected unqualified-id" />
 <error level="error" id="err_redefinition" file="C:\Users\Andre\Documents\GitHub\TextVenturer\SoftwareEngineering\TextVenturer/CustomScript.h" line="92" col="28" msg="redefinition of &apos;abstract&apos;" />
 <error level="error" id="err_invalid_token_after_toplevel_declarator" file="C:\Users\Andre\Documents\GitHub\TextVenturer\SoftwareEngineering\TextVenturer/CustomScript.h" line="92" col="37" msg="expected &apos;;&apos; after top level declarator" />
 <error level="error" id="err_expected_unqualified_id" file="C:\Users\Andre\Documents\GitHub\TextVenturer\SoftwareEngineering\TextVenturer/CustomScript.h" line="92" col="39" msg="expected unqualified-id" />
 <error level="error" id="err_redefinition" file="C:\Users\Andre\Documents\GitHub\TextVenturer\SoftwareEngineering\TextVenturer/CustomScript.h" line="118" col="26" msg="redefinition of &apos;abstract&apos;" />
 <error level="error" id="err_invalid_token_after_toplevel_declarator" file="C:\Users\Andre\Documents\GitHub\TextVenturer\SoftwareEngineering\TextVenturer/CustomScript.h" line="118" col="35" msg="expected &apos;;&apos; after top level declarator" />
 <error level="error" id="err_expected_unqualified_id" file="C:\Users\Andre\Documents\GitHub\TextVenturer\SoftwareEngineering\TextVenturer/CustomScript.h" line="118" col="37" msg="expected unqualified-id" />
 <error level="error" id="err_incomplete_base_class" file="C:\Users\Andre\Documents\GitHub\TextVenturer\SoftwareEngineering\TextVenturer/CustomScript.h" line="149" col="36" msg="base class has incomplete type" />
 <error level="error" id="err_not_direct_base_or_virtual" file="C:\Users\Andre\Documents\GitHub\TextVenturer\SoftwareEngineering\TextVenturer/CustomScript.h" line="158" col="43" msg="type &apos;CustomScript::ObjectExpression&apos; is not a direct or virtual base of &apos;CustomScript::IdentExpression&apos;" />
 <error level="error" id="err_incomplete_base_class" file="C:\Users\Andre\Documents\GitHub\TextVenturer\SoftwareEngineering\TextVenturer/CustomScript.h" line="168" col="45" msg="base class has incomplete type" />
 <error level="error" id="err_incomplete_base_class" file="C:\Users\Andre\Documents\GitHub\TextVenturer\SoftwareEngineering\TextVenturer/CustomScript.h" line="197" col="42" msg="base class has incomplete type" />
 <error level="error" id="err_not_direct_base_or_virtual" file="C:\Users\Andre\Documents\GitHub\TextVenturer\SoftwareEngineering\TextVenturer/CustomScript.h" line="206" col="49" msg="type &apos;CustomScript::StringExpression&apos; is not a direct or virtual base of &apos;CustomScript::ConstStringExpression&apos;" />
 <error level="error" id="err_incomplete_base_class" file="C:\Users\Andre\Documents\GitHub\TextVenturer\SoftwareEngineering\TextVenturer/CustomScript.h" line="215" col="43" msg="base class has incomplete type" />
 <error level="error" id="err_not_direct_base_or_virtual" file="C:\Users\Andre\Documents\GitHub\TextVenturer\SoftwareEngineering\TextVenturer/CustomScript.h" line="224" col="50" msg="type &apos;CustomScript::StringExpression&apos; is not a direct or virtual base of &apos;CustomScript::StringConcatExpression&apos;" />
 <error level="error" id="err_incomplete_base_class" file="C:\Users\Andre\Documents\GitHub\TextVenturer\SoftwareEngineering\TextVenturer/CustomScript.h" line="234" col="36" msg="base class has incomplete type" />
 <error level="error" id="err_not_direct_base_or_virtual" file="C:\Users\Andre\Documents\GitHub\TextVenturer\SoftwareEngineering\TextVenturer/CustomScript.h" line="243" col="43" msg="type &apos;CustomScript::StringExpression&apos; is not a direct or virtual base of &apos;CustomScript::ParamExpression&apos;" />
 <error level="error" id="err_incomplete_base_class" file="C:\Users\Andre\Documents\GitHub\TextVenturer\SoftwareEngineering\TextVenturer/CustomScript.h" line="252" col="44" msg="base class has incomplete type" />
 <error level="error" id="err_not_direct_base_or_virtual" file="C:\Users\Andre\Documents\GitHub\TextVenturer\SoftwareEngineering\TextVenturer/CustomScript.h" line="261" col="51" msg="type &apos;CustomScript::StringExpression&apos; is not a direct or virtual base of &apos;CustomScript::IdentAsStringExpression&apos;" />
 <error level="error" id="err_incomplete_base_class" file="C:\Users\Andre\Documents\GitHub\TextVenturer\SoftwareEngineering\TextVenturer/CustomScript.h" line="271" col="43" msg="base class has incomplete type" />
 <error level="error" id="err_incomplete_base_class" file="C:\Users\Andre\Documents\GitHub\TextVenturer\SoftwareEngineering\TextVenturer/CustomScript.h" line="291" col="40" msg="base class has incomplete type" />
 <error level="error" id="err_not_direct_base_or_virtual" file="C:\Users\Andre\Documents\GitHub\TextVenturer\SoftwareEngineering\TextVenturer/CustomScript.h" line="300" col="47" msg="type &apos;CustomScript::BoolExpression&apos; is not a direct or virtual base of &apos;CustomScript::ConstBoolExpression&apos;" />
 <error level="error" id="err_incomplete_base_class" file="C:\Users\Andre\Documents\GitHub\TextVenturer\SoftwareEngineering\TextVenturer/CustomScript.h" line="309" col="44" msg="base class has incomplete type" />
 <error level="error" id="err_incomplete_base_class" file="C:\Users\Andre\Documents\GitHub\TextVenturer\SoftwareEngineering\TextVenturer/CustomScript.h" line="328" col="38" msg="base class has incomplete type" />
 <error level="error" id="err_incomplete_base_class" file="C:\Users\Andre\Documents\GitHub\TextVenturer\SoftwareEngineering\TextVenturer/CustomScript.h" line="347" col="39" msg="base class has incomplete type" />
 <error level="error" id="err_incomplete_base_class" file="C:\Users\Andre\Documents\GitHub\TextVenturer\SoftwareEngineering\TextVenturer/CustomScript.h" line="366" col="38" msg="base class has incomplete type" />
 <error level="error" id="err_incomplete_base_class" file="C:\Users\Andre\Documents\GitHub\TextVenturer\SoftwareEngineering\TextVenturer/CustomScript.h" line="394" col="46" msg="base class has incomplete type" />
 <error level="error" id="err_incomplete_base_class" file="C:\Users\Andre\Documents\GitHub\TextVenturer\SoftwareEngineering\TextVenturer/CustomScript.h" line="415" col="45" msg="base class has incomplete type" />
 <error level="error" id="err_incomplete_base_class" file="C:\Users\Andre\Documents\GitHub\TextVenturer\SoftwareEngineering\TextVenturer/CustomScript.h" line="435" col="45" msg="base class has incomplete type" />
 <error level="error" id="err_redefinition" file="C:\Users\Andre\Documents\GitHub\TextVenturer\SoftwareEngineering\TextVenturer/CustomScript.h" line="507" col="28" msg="redefinition of &apos;abstract&apos;" />
 <error level="error" id="err_invalid_token_after_toplevel_declarator" file="C:\Users\Andre\Documents\GitHub\TextVenturer\SoftwareEngineering\TextVenturer/CustomScript.h" line="507" col="37" msg="expected &apos;;&apos; after top level declarator" />
 <error level="error" id="err_expected_unqualified_id" file="C:\Users\Andre\Documents\GitHub\TextVenturer\SoftwareEngineering\TextVenturer/CustomScript.h" line="507" col="39" msg="expected unqualified-id" />
 <error level="error" id="err_redefinition" file="C:\Users\Andre\Documents\GitHub\TextVenturer\SoftwareEngineering\TextVenturer/CustomScript.h" line="521" col="32" msg="redefinition of &apos;abstract&apos;" />
 <error level="error" id="err_invalid_token_after_toplevel_declarator" file="C:\Users\Andre\Documents\GitHub\TextVenturer\SoftwareEngineering\TextVenturer/CustomScript.h" line="521" col="41" msg="expected &apos;;&apos; after top level declarator" />
 <error level="error" id="err_expected_unqualified_id" file="C:\Users\Andre\Documents\GitHub\TextVenturer\SoftwareEngineering\TextVenturer/CustomScript.h" line="521" col="43" msg="expected unqualified-id" />
 <error level="error" id="err_incomplete_base_class" file="C:\Users\Andre\Documents\GitHub\TextVenturer\SoftwareEngineering\TextVenturer/CustomScript.h" line="535" col="32" msg="base class has incomplete type" />
 <error level="error" id="err_incomplete_base_class" file="C:\Users\Andre\Documents\GitHub\TextVenturer\SoftwareEngineering\TextVenturer/CustomScript.h" line="552" col="36" msg="base class has incomplete type" />
 <error level="error" id="err_redefinition" file="C:\Users\Andre\Documents\GitHub\TextVenturer\SoftwareEngineering\TextVenturer/CustomScript.h" line="578" col="25" msg="redefinition of &apos;abstract&apos;" />
 <error level="error" id="err_invalid_token_after_toplevel_declarator" file="C:\Users\Andre\Documents\GitHub\TextVenturer\SoftwareEngineering\TextVenturer/CustomScript.h" line="578" col="34" msg="expected &apos;;&apos; after top level declarator" />
 <error level="error" id="err_expected_unqualified_id" file="C:\Users\Andre\Documents\GitHub\TextVenturer\SoftwareEngineering\TextVenturer/CustomScript.h" line="578" col="36" msg="expected unqualified-id" />
 <error level="error" id="err_incomplete_base_class" file="C:\Users\Andre\Documents\GitHub\TextVenturer\SoftwareEngineering\TextVenturer/CustomScript.h" line="600" col="35" msg="base class has incomplete type" />
 <error level="error" id="err_incomplete_base_class" file="C:\Users\Andre\Documents\GitHub\TextVenturer\SoftwareEngineering\TextVenturer/CustomScript.h" line="609" col="41" msg="base class has incomplete type" />
 <error level="warning" id="warn_delete_incomplete" file="C:\Users\Andre\Documents\GitHub\TextVenturer\SoftwareEngineering\TextVenturer\Adventure.cpp" line="174" col="9" msg="deleting pointer to incomplete type &apos;AdventureObject&apos; may cause undefined behavior" />
 <error level="error" id="err_no_member" file="C:\Users\Andre\Documents\GitHub\TextVenturer\SoftwareEngineering\TextVenturer\Adventure.cpp" line="205" col="28" msg="no member named &apos;getFullPath&apos; in &apos;AdventureStructure::ListNode&apos;" />
 <error level="error" id="err_incomplete_member_access" file="C:\Users\Andre\Documents\GitHub\TextVenturer\SoftwareEngineering\TextVenturer\Adventure.cpp" line="212" col="30" msg="member access into incomplete type &apos;AS::BaseNode&apos;" />
 <error level="error" id="err_incomplete_member_access" file="C:\Users\Andre\Documents\GitHub\TextVenturer\SoftwareEngineering\TextVenturer\Adventure.cpp" line="214" col="30" msg="member access into incomplete type &apos;AS::BaseNode&apos;" />
 <error level="warning" id="warn_unused_parameter" file="C:\Users\Andre\Documents\GitHub\TextVenturer\SoftwareEngineering\TextVenturer\Adventure.cpp" line="209" col="63" msg="unused parameter &apos;reqType&apos;" />
 <error level="error" id="err_incomplete_member_access" file="C:\Users\Andre\Documents\GitHub\TextVenturer\SoftwareEngineering\TextVenturer\Adventure.cpp" line="220" col="26" msg="member access into incomplete type &apos;AS::BaseNode&apos;" />
 <error level="warning" id="warn_unused_parameter" file="C:\Users\Andre\Documents\GitHub\TextVenturer\SoftwareEngineering\TextVenturer\Adventure.cpp" line="218" col="63" msg="unused parameter &apos;reqContent&apos;" />
 <error level="error" id="err_incomplete_member_access" file="C:\Users\Andre\Documents\GitHub\TextVenturer\SoftwareEngineering\TextVenturer\Adventure.cpp" line="231" col="44" msg="member access into incomplete type &apos;AS::BaseNode&apos;" />
 <error level="error" id="err_incomplete_member_access" file="C:\Users\Andre\Documents\GitHub\TextVenturer\SoftwareEngineering\TextVenturer\Adventure.cpp" line="246" col="46" msg="member access into incomplete type &apos;AdventureStructure::BaseNode&apos;" />
 <error level="error" id="err_no_member" file="C:\Users\Andre\Documents\GitHub\TextVenturer\SoftwareEngineering\TextVenturer\Adventure.cpp" line="250" col="40" msg="no member named &apos;getFullPath&apos; in &apos;AdventureStructure::ListNode&apos;" />
 <error level="error" id="err_incomplete_member_access" file="C:\Users\Andre\Documents\GitHub\TextVenturer\SoftwareEngineering\TextVenturer\Adventure.cpp" line="253" col="42" msg="member access into incomplete type &apos;AS::BaseNode&apos;" />
 <error level="warning" id="err_typecheck_nonviable_condition" file="C:\Users\Andre\Documents\GitHub\TextVenturer\SoftwareEngineering\TextVenturer\Adventure.cpp" line="265" col="33" msg="no viable conversion from &apos;AS::BaseNode&apos; to &apos;AS::StringNode *&apos;" />
 <error level="warning" id="err_typecheck_nonviable_condition" file="C:\Users\Andre\Documents\GitHub\TextVenturer\SoftwareEngineering\TextVenturer\Adventure.cpp" line="296" col="33" msg="no viable conversion from &apos;AS::BaseNode&apos; to &apos;AS::StringNode *&apos;" />
 <error level="error" id="err_incomplete_member_access" file="C:\Users\Andre\Documents\GitHub\TextVenturer\SoftwareEngineering\TextVenturer\Adventure.cpp" line="317" col="58" msg="member access into incomplete type &apos;AS::BaseNode&apos;" />
 <error level="warning" id="warn_delete_incomplete" file="C:\Users\Andre\Documents\GitHub\TextVenturer\SoftwareEngineering\TextVenturer\Adventure.cpp" line="319" col="13" msg="deleting pointer to incomplete type &apos;AS::BaseNode&apos; may cause undefined behavior" />
 <error level="warning" id="warn_delete_incomplete" file="C:\Users\Andre\Documents\GitHub\TextVenturer\SoftwareEngineering\TextVenturer\Adventure.cpp" line="345" col="17" msg="deleting pointer to incomplete type &apos;AS::BaseNode&apos; may cause undefined behavior" />
 <error level="warning" id="err_typecheck_nonviable_condition" file="C:\Users\Andre\Documents\GitHub\TextVenturer\SoftwareEngineering\TextVenturer\Adventure.cpp" line="364" col="37" msg="no viable conversion from &apos;AS::BaseNode&apos; to &apos;AS::StringListNode *&apos;" />
 <error level="warning" id="warn_delete_incomplete" file="C:\Users\Andre\Documents\GitHub\TextVenturer\SoftwareEngineering\TextVenturer\Adventure.cpp" line="370" col="21" msg="deleting pointer to incomplete type &apos;AS::BaseNode&apos; may cause undefined behavior" />
 <error level="warning" id="err_typecheck_nonviable_condition" file="C:\Users\Andre\Documents\GitHub\TextVenturer\SoftwareEngineering\TextVenturer\Adventure.cpp" line="375" col="41" msg="no viable conversion from &apos;AS::BaseNode&apos; to &apos;AS::EmptyListNode *&apos;" />
 <error level="warning" id="warn_delete_incomplete" file="C:\Users\Andre\Documents\GitHub\TextVenturer\SoftwareEngineering\TextVenturer\Adventure.cpp" line="383" col="13" msg="deleting pointer to incomplete type &apos;AS::BaseNode&apos; may cause undefined behavior" />
 <error level="warning" id="err_typecheck_nonviable_condition" file="C:\Users\Andre\Documents\GitHub\TextVenturer\SoftwareEngineering\TextVenturer\Adventure.cpp" line="422" col="35" msg="no viable conversion from &apos;AS::BaseNode&apos; to &apos;AS::ListNode *&apos;" />
 <error level="warning" id="err_typecheck_nonviable_condition" file="C:\Users\Andre\Documents\GitHub\TextVenturer\SoftwareEngineering\TextVenturer\Adventure.cpp" line="520" col="35" msg="no viable conversion from &apos;AS::BaseNode&apos; to &apos;AS::ListNode *&apos;" />
 <error level="warning" id="err_typecheck_nonviable_condition" file="C:\Users\Andre\Documents\GitHub\TextVenturer\SoftwareEngineering\TextVenturer\Adventure.cpp" line="538" col="45" msg="no viable conversion from &apos;AS::ListNode&apos; to &apos;AS::EmptyListNode *&apos;" />
 <error level="error" id="err_ovl_no_viable_object_call" file="C:\Users\Andre\Documents\GitHub\TextVenturer\SoftwareEngineering\TextVenturer\Adventure.cpp" line="544" col="21" msg="no matching function for call to object of type &apos;(lambda at C:\Users\Andre\Documents\GitHub\TextVenturer\SoftwareEngineering\TextVenturer\Adventure.cpp:209:27)&apos;" />
 <error level="note" id="note_ovl_candidate_bad_conv" file="C:\Users\Andre\Documents\GitHub\TextVenturer\SoftwareEngineering\TextVenturer\Adventure.cpp" line="209" col="27" msg="candidate function not viable: no known conversion from &apos;AS::ListNode *&apos; to &apos;AS::BaseNode *&apos; for 1st argument" />
 <error level="warning" id="err_typecheck_nonviable_condition" file="C:\Users\Andre\Documents\GitHub\TextVenturer\SoftwareEngineering\TextVenturer\Adventure.cpp" line="555" col="27" msg="no viable conversion from &apos;AS::BaseNode&apos; to &apos;AS::ListNode *&apos;" />
 <error level="warning" id="warn_delete_incomplete" file="C:\Users\Andre\Documents\GitHub\TextVenturer\SoftwareEngineering\TextVenturer\Adventure.cpp" line="566" col="13" msg="deleting pointer to incomplete type &apos;AS::BaseNode&apos; may cause undefined behavior" />
 <error level="warning" id="err_typecheck_nonviable_condition" file="C:\Users\Andre\Documents\GitHub\TextVenturer\SoftwareEngineering\TextVenturer\Adventure.cpp" line="569" col="37" msg="no viable conversion from &apos;AS::BaseNode&apos; to &apos;AS::EmptyListNode *&apos;" />
 <error level="warning" id="warn_delete_incomplete" file="C:\Users\Andre\Documents\GitHub\TextVenturer\SoftwareEngineering\TextVenturer\Adventure.cpp" line="577" col="9" msg="deleting pointer to incomplete type &apos;AS::BaseNode&apos; may cause undefined behavior" />
 <error level="error" id="err_ovl_no_viable_object_call" file="C:\Users\Andre\Documents\GitHub\TextVenturer\SoftwareEngineering\TextVenturer\Adventure.cpp" line="583" col="5" msg="no matching function for call to object of type &apos;(lambda at C:\Users\Andre\Documents\GitHub\TextVenturer\SoftwareEngineering\TextVenturer\Adventure.cpp:261:22)&apos;" />
 <error level="note" id="note_ovl_candidate_bad_conv" file="C:\Users\Andre\Documents\GitHub\TextVenturer\SoftwareEngineering\TextVenturer\Adventure.cpp" line="261" col="22" msg="candidate function not viable: no known conversion from &apos;AS::RootNode *&apos; to &apos;AS::ListNode *&apos; for 1st argument" />
 <error level="error" id="err_ovl_no_viable_object_call" file="C:\Users\Andre\Documents\GitHub\TextVenturer\SoftwareEngineering\TextVenturer\Adventure.cpp" line="584" col="5" msg="no matching function for call to object of type &apos;(lambda at C:\Users\Andre\Documents\GitHub\TextVenturer\SoftwareEngineering\TextVenturer\Adventure.cpp:261:22)&apos;" />
 <error level="note" id="note_ovl_candidate_bad_conv" file="C:\Users\Andre\Documents\GitHub\TextVenturer\SoftwareEngineering\TextVenturer\Adventure.cpp" line="261" col="22" msg="candidate function not viable: no known conversion from &apos;AS::RootNode *&apos; to &apos;AS::ListNode *&apos; for 1st argument" />
 <error level="error" id="err_ovl_no_viable_object_call" file="C:\Users\Andre\Documents\GitHub\TextVenturer\SoftwareEngineering\TextVenturer\Adventure.cpp" line="587" col="9" msg="no matching function for call to object of type &apos;(lambda at C:\Users\Andre\Documents\GitHub\TextVenturer\SoftwareEngineering\TextVenturer\Adventure.cpp:334:20)&apos;" />
 <error level="note" id="note_ovl_candidate_bad_conv" file="C:\Users\Andre\Documents\GitHub\TextVenturer\SoftwareEngineering\TextVenturer\Adventure.cpp" line="334" col="20" msg="candidate function not viable: no known conversion from &apos;AS::RootNode *&apos; to &apos;AS::ListNode *&apos; for 1st argument" />
 <error level="warning" id="err_typecheck_nonviable_condition" file="C:\Users\Andre\Documents\GitHub\TextVenturer\SoftwareEngineering\TextVenturer\Adventure.cpp" line="591" col="31" msg="no viable conversion from &apos;AS::BaseNode&apos; to &apos;AS::ListNode *&apos;" />
 <error level="error" id="err_no_member" file="C:\Users\Andre\Documents\GitHub\TextVenturer\SoftwareEngineering\TextVenturer\Adventure.cpp" line="602" col="44" msg="no member named &apos;getAliases&apos; in &apos;Item&apos;" />
 <error level="error" id="err_no_member" file="C:\Users\Andre\Documents\GitHub\TextVenturer\SoftwareEngineering\TextVenturer\Adventure.cpp" line="607" col="23" msg="no member named &apos;setDescription&apos; in &apos;Item&apos;" />
 <error level="error" id="err_no_member" file="C:\Users\Andre\Documents\GitHub\TextVenturer\SoftwareEngineering\TextVenturer\Adventure.cpp" line="616" col="27" msg="no member named &apos;setOnInspect&apos; in &apos;Item&apos;" />
 <error level="warning" id="err_typecheck_nonviable_condition" file="C:\Users\Andre\Documents\GitHub\TextVenturer\SoftwareEngineering\TextVenturer\Adventure.cpp" line="626" col="41" msg="no viable conversion from &apos;AS::BaseNode&apos; to &apos;AS::EmptyListNode *&apos;" />
 <error level="error" id="err_ovl_no_viable_object_call" file="C:\Users\Andre\Documents\GitHub\TextVenturer\SoftwareEngineering\TextVenturer\Adventure.cpp" line="638" col="9" msg="no matching function for call to object of type &apos;(lambda at C:\Users\Andre\Documents\GitHub\TextVenturer\SoftwareEngineering\TextVenturer\Adventure.cpp:334:20)&apos;" />
 <error level="note" id="note_ovl_candidate_bad_conv" file="C:\Users\Andre\Documents\GitHub\TextVenturer\SoftwareEngineering\TextVenturer\Adventure.cpp" line="334" col="20" msg="candidate function not viable: no known conversion from &apos;AS::RootNode *&apos; to &apos;AS::ListNode *&apos; for 1st argument" />
 <error level="warning" id="err_typecheck_nonviable_condition" file="C:\Users\Andre\Documents\GitHub\TextVenturer\SoftwareEngineering\TextVenturer\Adventure.cpp" line="642" col="31" msg="no viable conversion from &apos;AS::BaseNode&apos; to &apos;AS::ListNode *&apos;" />
 <error level="error" id="err_no_member" file="C:\Users\Andre\Documents\GitHub\TextVenturer\SoftwareEngineering\TextVenturer\Adventure.cpp" line="653" col="52" msg="no member named &apos;getAliases&apos; in &apos;Location&apos;" />
 <error level="error" id="err_no_member" file="C:\Users\Andre\Documents\GitHub\TextVenturer\SoftwareEngineering\TextVenturer\Adventure.cpp" line="658" col="27" msg="no member named &apos;setDescription&apos; in &apos;Location&apos;" />
 <error level="error" id="err_no_member" file="C:\Users\Andre\Documents\GitHub\TextVenturer\SoftwareEngineering\TextVenturer\Adventure.cpp" line="670" col="31" msg="no member named &apos;setOnInspect&apos; in &apos;Location&apos;" />
 <error level="warning" id="err_typecheck_nonviable_condition" file="C:\Users\Andre\Documents\GitHub\TextVenturer\SoftwareEngineering\TextVenturer\Adventure.cpp" line="680" col="41" msg="no viable conversion from &apos;AS::BaseNode&apos; to &apos;AS::EmptyListNode *&apos;" />
 <error level="error" id="err_ovl_no_viable_object_call" file="C:\Users\Andre\Documents\GitHub\TextVenturer\SoftwareEngineering\TextVenturer\Adventure.cpp" line="692" col="9" msg="no matching function for call to object of type &apos;(lambda at C:\Users\Andre\Documents\GitHub\TextVenturer\SoftwareEngineering\TextVenturer\Adventure.cpp:334:20)&apos;" />
 <error level="note" id="note_ovl_candidate_bad_conv" file="C:\Users\Andre\Documents\GitHub\TextVenturer\SoftwareEngineering\TextVenturer\Adventure.cpp" line="334" col="20" msg="candidate function not viable: no known conversion from &apos;AS::RootNode *&apos; to &apos;AS::ListNode *&apos; for 1st argument" />
 <error level="warning" id="err_typecheck_nonviable_condition" file="C:\Users\Andre\Documents\GitHub\TextVenturer\SoftwareEngineering\TextVenturer\Adventure.cpp" line="696" col="31" msg="no viable conversion from &apos;AS::BaseNode&apos; to &apos;AS::ListNode *&apos;" />
 <error level="error" id="err_no_member" file="C:\Users\Andre\Documents\GitHub\TextVenturer\SoftwareEngineering\TextVenturer\Adventure.cpp" line="707" col="44" msg="no member named &apos;getAliases&apos; in &apos;Room&apos;" />
 <error level="error" id="err_no_member" file="C:\Users\Andre\Documents\GitHub\TextVenturer\SoftwareEngineering\TextVenturer\Adventure.cpp" line="712" col="23" msg="no member named &apos;setDescription&apos; in &apos;Room&apos;" />
 <error level="error" id="err_no_member" file="C:\Users\Andre\Documents\GitHub\TextVenturer\SoftwareEngineering\TextVenturer\Adventure.cpp" line="736" col="27" msg="no member named &apos;setOnInspect&apos; in &apos;Room&apos;" />
 <error level="warning" id="err_typecheck_nonviable_condition" file="C:\Users\Andre\Documents\GitHub\TextVenturer\SoftwareEngineering\TextVenturer\Adventure.cpp" line="746" col="41" msg="no viable conversion from &apos;AS::BaseNode&apos; to &apos;AS::EmptyListNode *&apos;" />
 <error level="error" id="err_ovl_no_viable_object_call" file="C:\Users\Andre\Documents\GitHub\TextVenturer\SoftwareEngineering\TextVenturer\Adventure.cpp" line="758" col="9" msg="no matching function for call to object of type &apos;(lambda at C:\Users\Andre\Documents\GitHub\TextVenturer\SoftwareEngineering\TextVenturer\Adventure.cpp:334:20)&apos;" />
 <error level="note" id="note_ovl_candidate_bad_conv" file="C:\Users\Andre\Documents\GitHub\TextVenturer\SoftwareEngineering\TextVenturer\Adventure.cpp" line="334" col="20" msg="candidate function not viable: no known conversion from &apos;AS::RootNode *&apos; to &apos;AS::ListNode *&apos; for 1st argument" />
 <error level="warning" id="err_typecheck_nonviable_condition" file="C:\Users\Andre\Documents\GitHub\TextVenturer\SoftwareEngineering\TextVenturer\Adventure.cpp" line="762" col="31" msg="no viable conversion from &apos;AS::BaseNode&apos; to &apos;AS::ListNode *&apos;" />
 <error level="error" id="err_no_member" file="C:\Users\Andre\Documents\GitHub\TextVenturer\SoftwareEngineering\TextVenturer\Adventure.cpp" line="803" col="33" msg="no member named &apos;getAliases&apos; in &apos;RoomConnection&apos;" />
 <error level="error" id="err_no_member" file="C:\Users\Andre\Documents\GitHub\TextVenturer\SoftwareEngineering\TextVenturer\Adventure.cpp" line="804" col="33" msg="no member named &apos;setDescription&apos; in &apos;RoomConnection&apos;" />
 <error level="error" id="err_implicit_object_parameter_init" file="C:\Users\Andre\Documents\GitHub\TextVenturer\SoftwareEngineering\TextVenturer\Adventure.cpp" line="815" col="55" msg="cannot initialize object parameter of type &apos;Location&apos; with an expression of type &apos;RoomConnection&apos;" />
 <error level="error" id="err_no_member" file="C:\Users\Andre\Documents\GitHub\TextVenturer\SoftwareEngineering\TextVenturer\Adventure.cpp" line="821" col="37" msg="no member named &apos;setOnInspect&apos; in &apos;RoomConnection&apos;" />
 <error level="warning" id="err_typecheck_nonviable_condition" file="C:\Users\Andre\Documents\GitHub\TextVenturer\SoftwareEngineering\TextVenturer\Adventure.cpp" line="829" col="41" msg="no viable conversion from &apos;AS::BaseNode&apos; to &apos;AS::EmptyListNode *&apos;" />
 <error level="error" id="err_ovl_no_viable_object_call" file="C:\Users\Andre\Documents\GitHub\TextVenturer\SoftwareEngineering\TextVenturer\Adventure.cpp" line="841" col="9" msg="no matching function for call to object of type &apos;(lambda at C:\Users\Andre\Documents\GitHub\TextVenturer\SoftwareEngineering\TextVenturer\Adventure.cpp:334:20)&apos;" />
 <error level="note" id="note_ovl_candidate_bad_conv" file="C:\Users\Andre\Documents\GitHub\TextVenturer\SoftwareEngineering\TextVenturer\Adventure.cpp" line="334" col="20" msg="candidate function not viable: no known conversion from &apos;AS::RootNode *&apos; to &apos;AS::ListNode *&apos; for 1st argument" />
 <error level="warning" id="err_typecheck_nonviable_condition" file="C:\Users\Andre\Documents\GitHub\TextVenturer\SoftwareEngineering\TextVenturer\Adventure.cpp" line="845" col="31" msg="no viable conversion from &apos;AS::BaseNode&apos; to &apos;AS::ListNode *&apos;" />
 <error level="warning" id="err_typecheck_nonviable_condition" file="C:\Users\Andre\Documents\GitHub\TextVenturer\SoftwareEngineering\TextVenturer\Adventure.cpp" line="880" col="41" msg="no viable conversion from &apos;AS::BaseNode&apos; to &apos;AS::EmptyListNode *&apos;" />
 <error level="error" id="err_ovl_no_viable_object_call" file="C:\Users\Andre\Documents\GitHub\TextVenturer\SoftwareEngineering\TextVenturer\Adventure.cpp" line="894" col="5" msg="no matching function for call to object of type &apos;(lambda at C:\Users\Andre\Documents\GitHub\TextVenturer\SoftwareEngineering\TextVenturer\Adventure.cpp:261:22)&apos;" />
 <error level="note" id="note_ovl_candidate_bad_conv" file="C:\Users\Andre\Documents\GitHub\TextVenturer\SoftwareEngineering\TextVenturer\Adventure.cpp" line="261" col="22" msg="candidate function not viable: no known conversion from &apos;AS::RootNode&apos; to &apos;AS::ListNode *&apos; for 1st argument" />
 <error level="error" id="err_ovl_no_viable_object_call" file="C:\Users\Andre\Documents\GitHub\TextVenturer\SoftwareEngineering\TextVenturer\Adventure.cpp" line="905" col="5" msg="no matching function for call to object of type &apos;(lambda at C:\Users\Andre\Documents\GitHub\TextVenturer\SoftwareEngineering\TextVenturer\Adventure.cpp:552:28)&apos;" />
 <error level="note" id="note_ovl_candidate_bad_conv" file="C:\Users\Andre\Documents\GitHub\TextVenturer\SoftwareEngineering\TextVenturer\Adventure.cpp" line="552" col="28" msg="candidate function not viable: no known conversion from &apos;AS::RootNode *&apos; to &apos;AS::ListNode *&apos; for 1st argument" />
 <error level="error" id="err_ovl_no_viable_object_call" file="C:\Users\Andre\Documents\GitHub\TextVenturer\SoftwareEngineering\TextVenturer\Adventure.cpp" line="913" col="5" msg="no matching function for call to object of type &apos;(lambda at C:\Users\Andre\Documents\GitHub\TextVenturer\SoftwareEngineering\TextVenturer\Adventure.cpp:237:23)&apos;" />
 <error level="note" id="note_ovl_candidate_bad_conv" file="C:\Users\Andre\Documents\GitHub\TextVenturer\SoftwareEngineering\TextVenturer\Adventure.cpp" line="237" col="23" msg="candidate function not viable: no known conversion from &apos;AS::RootNode&apos; to &apos;AS::ListNode *&apos; for 1st argument" />
 <error level="error" id="err_incomplete_nested_name_spec" file="C:\Users\Andre\Documents\GitHub\TextVenturer\SoftwareEngineering\TextVenturer\Adventure.cpp" line="949" col="17" msg="incomplete type &apos;AdventureObject&apos; named in nested name specifier" />
 <error level="error" id="err_incomplete_member_access" file="C:\Users\Andre\Documents\GitHub\TextVenturer\SoftwareEngineering\TextVenturer\Adventure.cpp" line="970" col="14" msg="member access into incomplete type &apos;AdventureObject&apos;" />
 <error level="error" id="err_incomplete_member_access" file="C:\Users\Andre\Documents\GitHub\TextVenturer\SoftwareEngineering\TextVenturer\Adventure.cpp" line="1007" col="52" msg="member access into incomplete type &apos;AdventureObject&apos;" />
 <error level="error" id="err_expected" file="C:\Users\Andre\Documents\GitHub\TextVenturer\SoftwareEngineering\TextVenturer\Adventure.cpp" line="1007" col="54" msg="expected &apos;)&apos;" />
 <error level="note" id="note_matching" file="C:\Users\Andre\Documents\GitHub\TextVenturer\SoftwareEngineering\TextVenturer\Adventure.cpp" line="1007" col="39" msg="to match this &apos;(&apos;" />
 <error level="error" id="err_incomplete_member_access" file="C:\Users\Andre\Documents\GitHub\TextVenturer\SoftwareEngineering\TextVenturer\Adventure.cpp" line="1013" col="21" msg="member access into incomplete type &apos;AdventureObject&apos;" />
 <error level="error" id="err_incomplete_member_access" file="C:\Users\Andre\Documents\GitHub\TextVenturer\SoftwareEngineering\TextVenturer\Adventure.cpp" line="1053" col="25" msg="member access into incomplete type &apos;AdventureObject&apos;" />
 <error level="warning" id="warn_unused_parameter" file="C:\Users\Andre\Documents\GitHub\TextVenturer\SoftwareEngineering\TextVenturer\Adventure.cpp" line="1050" col="60" msg="unused parameter &apos;name&apos;" />
 <error level="note" id="note_template_member_function_here" file="C:\Users\Andre\Documents\GitHub\TextVenturer\SoftwareEngineering\TextVenturer\Adventure.cpp" line="151" col="12" msg="in instantiation of member function &apos;std::unordered_map&lt;std::basic_string&lt;char, std::char_traits&lt;char&gt;, std::allocator&lt;char&gt; &gt;, AdventureObject *, std::hash&lt;std::basic_string&lt;char, std::char_traits&lt;char&gt;, std::allocator&lt;char&gt; &gt; &gt;, std::equal_to&lt;std::basic_string&lt;char, std::char_traits&lt;char&gt;, std::allocator&lt;char&gt; &gt; &gt;, std::allocator&lt;std::pair&lt;const std::basic_string&lt;char, std::char_traits&lt;char&gt;, std::allocator&lt;char&gt; &gt;, AdventureObject *&gt; &gt; &gt;::unordered_map&apos; requested here" />
 <error level="note" id="note_template_member_function_here" file="C:\Users\Andre\Documents\GitHub\TextVenturer\SoftwareEngineering\TextVenturer\Adventure.cpp" line="151" col="12" msg="in instantiation of member function &apos;std::unordered_map&lt;std::basic_string&lt;char, std::char_traits&lt;char&gt;, std::allocator&lt;char&gt; &gt;, AdventureObject *, std::hash&lt;std::basic_string&lt;char, std::char_traits&lt;char&gt;, std::allocator&lt;char&gt; &gt; &gt;, std::equal_to&lt;std::basic_string&lt;char, std::char_traits&lt;char&gt;, std::allocator&lt;char&gt; &gt; &gt;, std::allocator&lt;std::pair&lt;const std::basic_string&lt;char, std::char_traits&lt;char&gt;, std::allocator&lt;char&gt; &gt;, AdventureObject *&gt; &gt; &gt;::unordered_map&apos; requested here" />
 <error level="note" id="note_template_member_function_here" file="C:\Users\Andre\Documents\GitHub\TextVenturer\SoftwareEngineering\TextVenturer\Adventure.cpp" line="151" col="12" msg="in instantiation of member function &apos;std::unordered_map&lt;std::basic_string&lt;char, std::char_traits&lt;char&gt;, std::allocator&lt;char&gt; &gt;, AdventureObject *, std::hash&lt;std::basic_string&lt;char, std::char_traits&lt;char&gt;, std::allocator&lt;char&gt; &gt; &gt;, std::equal_to&lt;std::basic_string&lt;char, std::char_traits&lt;char&gt;, std::allocator&lt;char&gt; &gt; &gt;, std::allocator&lt;std::pair&lt;const std::basic_string&lt;char, std::char_traits&lt;char&gt;, std::allocator&lt;char&gt; &gt;, AdventureObject *&gt; &gt; &gt;::unordered_map&apos; requested here" />
 <error level="note" id="note_template_member_function_here" file="C:\Users\Andre\Documents\GitHub\TextVenturer\SoftwareEngineering\TextVenturer\Adventure.cpp" line="151" col="12" msg="in instantiation of member function &apos;std::unordered_map&lt;std::basic_string&lt;char, std::char_traits&lt;char&gt;, std::allocator&lt;char&gt; &gt;, AdventureObject *, std::hash&lt;std::basic_string&lt;char, std::char_traits&lt;char&gt;, std::allocator&lt;char&gt; &gt; &gt;, std::equal_to&lt;std::basic_string&lt;char, std::char_traits&lt;char&gt;, std::allocator&lt;char&gt; &gt; &gt;, std::allocator&lt;std::pair&lt;const std::basic_string&lt;char, std::char_traits&lt;char&gt;, std::allocator&lt;char&gt; &gt;, AdventureObject *&gt; &gt; &gt;::unordered_map&apos; requested here" />
 <error level="note" id="note_template_member_function_here" file="C:\Users\Andre\Documents\GitHub\TextVenturer\SoftwareEngineering\TextVenturer\Adventure.cpp" line="151" col="12" msg="in instantiation of member function &apos;std::unordered_map&lt;std::basic_string&lt;char, std::char_traits&lt;char&gt;, std::allocator&lt;char&gt; &gt;, AdventureObject *, std::hash&lt;std::basic_string&lt;char, std::char_traits&lt;char&gt;, std::allocator&lt;char&gt; &gt; &gt;, std::equal_to&lt;std::basic_string&lt;char, std::char_traits&lt;char&gt;, std::allocator&lt;char&gt; &gt; &gt;, std::allocator&lt;std::pair&lt;const std::basic_string&lt;char, std::char_traits&lt;char&gt;, std::allocator&lt;char&gt; &gt;, AdventureObject *&gt; &gt; &gt;::unordered_map&apos; requested here" />
 <error level="note" id="note_template_member_function_here" file="C:\Users\Andre\Documents\GitHub\TextVenturer\SoftwareEngineering\TextVenturer\Adventure.cpp" line="151" col="12" msg="in instantiation of member function &apos;std::unordered_map&lt;std::basic_string&lt;char, std::char_traits&lt;char&gt;, std::allocator&lt;char&gt; &gt;, AdventureObject *, std::hash&lt;std::basic_string&lt;char, std::char_traits&lt;char&gt;, std::allocator&lt;char&gt; &gt; &gt;, std::equal_to&lt;std::basic_string&lt;char, std::char_traits&lt;char&gt;, std::allocator&lt;char&gt; &gt; &gt;, std::allocator&lt;std::pair&lt;const std::basic_string&lt;char, std::char_traits&lt;char&gt;, std::allocator&lt;char&gt; &gt;, AdventureObject *&gt; &gt; &gt;::unordered_map&apos; requested here" />
 <error level="note" id="note_template_member_function_here" file="C:\Users\Andre\Documents\GitHub\TextVenturer\SoftwareEngineering\TextVenturer\Adventure.cpp" line="151" col="12" msg="in instantiation of member function &apos;std::unordered_map&lt;std::basic_string&lt;char, std::char_traits&lt;char&gt;, std::allocator&lt;char&gt; &gt;, AdventureObject *, std::hash&lt;std::basic_string&lt;char, std::char_traits&lt;char&gt;, std::allocator&lt;char&gt; &gt; &gt;, std::equal_to&lt;std::basic_string&lt;char, std::char_traits&lt;char&gt;, std::allocator&lt;char&gt; &gt; &gt;, std::allocator&lt;std::pair&lt;const std::basic_string&lt;char, std::char_traits&lt;char&gt;, std::allocator&lt;char&gt; &gt;, AdventureObject *&gt; &gt; &gt;::unordered_map&apos; requested here" />
 <error level="note" id="note_template_member_function_here" file="C:\Users\Andre\Documents\GitHub\TextVenturer\SoftwareEngineering\TextVenturer\Adventure.cpp" line="151" col="12" msg="in instantiation of member function &apos;std::unordered_map&lt;std::basic_string&lt;char, std::char_traits&lt;char&gt;, std::allocator&lt;char&gt; &gt;, AdventureObject *, std::hash&lt;std::basic_string&lt;char, std::char_traits&lt;char&gt;, std::allocator&lt;char&gt; &gt; &gt;, std::equal_to&lt;std::basic_string&lt;char, std::char_traits&lt;char&gt;, std::allocator&lt;char&gt; &gt; &gt;, std::allocator&lt;std::pair&lt;const std::basic_string&lt;char, std::char_traits&lt;char&gt;, std::allocator&lt;char&gt; &gt;, AdventureObject *&gt; &gt; &gt;::unordered_map&apos; requested here" />
 <error level="note" id="note_template_member_function_here" file="C:\Users\Andre\Documents\GitHub\TextVenturer\SoftwareEngineering\TextVenturer\Adventure.cpp" line="151" col="12" msg="in instantiation of member function &apos;std::unordered_map&lt;std::basic_string&lt;char, std::char_traits&lt;char&gt;, std::allocator&lt;char&gt; &gt;, AdventureObject *, std::hash&lt;std::basic_string&lt;char, std::char_traits&lt;char&gt;, std::allocator&lt;char&gt; &gt; &gt;, std::equal_to&lt;std::basic_string&lt;char, std::char_traits&lt;char&gt;, std::allocator&lt;char&gt; &gt; &gt;, std::allocator&lt;std::pair&lt;const std::basic_string&lt;char, std::char_traits&lt;char&gt;, std::allocator&lt;char&gt; &gt;, AdventureObject *&gt; &gt; &gt;::unordered_map&apos; requested here" />
 <error level="note" id="note_template_member_function_here" file="C:\Users\Andre\Documents\GitHub\TextVenturer\SoftwareEngineering\TextVenturer\Adventure.cpp" line="151" col="12" msg="in instantiation of member function &apos;std::unordered_map&lt;std::basic_string&lt;char, std::char_traits&lt;char&gt;, std::allocator&lt;char&gt; &gt;, AdventureObject *, std::hash&lt;std::basic_string&lt;char, std::char_traits&lt;char&gt;, std::allocator&lt;char&gt; &gt; &gt;, std::equal_to&lt;std::basic_string&lt;char, std::char_traits&lt;char&gt;, std::allocator&lt;char&gt; &gt; &gt;, std::allocator&lt;std::pair&lt;const std::basic_string&lt;char, std::char_traits&lt;char&gt;, std::allocator&lt;char&gt; &gt;, AdventureObject *&gt; &gt; &gt;::unordered_map&apos; requested here" />
 <error level="note" id="note_template_member_function_here" file="C:\Users\Andre\Documents\GitHub\TextVenturer\SoftwareEngineering\TextVenturer\Adventure.cpp" line="151" col="12" msg="in instantiation of member function &apos;std::unordered_map&lt;std::basic_string&lt;char, std::char_traits&lt;char&gt;, std::allocator&lt;char&gt; &gt;, AdventureObject *, std::hash&lt;std::basic_string&lt;char, std::char_traits&lt;char&gt;, std::allocator&lt;char&gt; &gt; &gt;, std::equal_to&lt;std::basic_string&lt;char, std::char_traits&lt;char&gt;, std::allocator&lt;char&gt; &gt; &gt;, std::allocator&lt;std::pair&lt;const std::basic_string&lt;char, std::char_traits&lt;char&gt;, std::allocator&lt;char&gt; &gt;, AdventureObject *&gt; &gt; &gt;::unordered_map&apos; requested here" />
 <error level="note" id="note_template_member_function_here" file="C:\Users\Andre\Documents\GitHub\TextVenturer\SoftwareEngineering\TextVenturer\Adventure.cpp" line="251" col="37" msg="in instantiation of member function &apos;std::_Vector_iterator&lt;std::_Vector_val&lt;std::_Simple_types&lt;AdventureStructure::BaseNode *&gt; &gt; &gt;::operator++&apos; requested here" />
 <error level="note" id="note_template_member_function_here" file="C:\Users\Andre\Documents\GitHub\TextVenturer\SoftwareEngineering\TextVenturer\Adventure.cpp" line="395" col="17" msg="in instantiation of member function &apos;std::vector&lt;std::basic_string&lt;char, std::char_traits&lt;char&gt;, std::allocator&lt;char&gt; &gt;, std::allocator&lt;std::basic_string&lt;char, std::char_traits&lt;char&gt;, std::allocator&lt;char&gt; &gt; &gt; &gt;::~vector&apos; requested here" />
 <error level="note" id="note_template_member_function_here" file="C:\Users\Andre\Documents\GitHub\TextVenturer\SoftwareEngineering\TextVenturer\Adventure.cpp" line="399" col="36" msg="in instantiation of member function &apos;std::_Vector_iterator&lt;std::_Vector_val&lt;std::_Simple_types&lt;std::basic_string&lt;char, std::char_traits&lt;char&gt;, std::allocator&lt;char&gt; &gt; &gt; &gt; &gt;::operator++&apos; requested here" />
 <error level="note" id="note_function_template_spec_here" file="C:\Users\Andre\Documents\GitHub\TextVenturer\SoftwareEngineering\TextVenturer\Adventure.cpp" line="769" col="58" msg="in instantiation of function template specialization &apos;std::operator+&lt;char, std::char_traits&lt;char&gt;, std::allocator&lt;char&gt; &gt;&apos; requested here" />
 <error level="note" id="note_template_member_function_here" file="C:\Users\Andre\Documents\GitHub\TextVenturer\SoftwareEngineering\TextVenturer\Adventure.cpp" line="939" col="35" msg="in instantiation of member function &apos;std::vector&lt;AdventureObject *, std::allocator&lt;AdventureObject *&gt; &gt;::~vector&apos; requested here" />
 <error level="note" id="note_template_member_function_here" file="C:\Users\Andre\Documents\GitHub\TextVenturer\SoftwareEngineering\TextVenturer\Adventure.cpp" line="940" col="32" msg="in instantiation of member function &apos;std::vector&lt;CommandArray *, std::allocator&lt;CommandArray *&gt; &gt;::~vector&apos; requested here" />
 <error level="note" id="note_template_member_function_here" file="C:\Users\Andre\Documents\GitHub\TextVenturer\SoftwareEngineering\TextVenturer\Adventure.cpp" line="964" col="20" msg="in instantiation of member function &apos;std::vector&lt;AdventureObject *, std::allocator&lt;AdventureObject *&gt; &gt;::push_back&apos; requested here" />
 <error level="note" id="note_template_member_function_here" file="C:\Users\Andre\Documents\GitHub\TextVenturer\SoftwareEngineering\TextVenturer\Adventure.cpp" line="964" col="20" msg="in instantiation of member function &apos;std::vector&lt;AdventureObject *, std::allocator&lt;AdventureObject *&gt; &gt;::push_back&apos; requested here" />
 <error level="note" id="note_template_member_function_here" file="C:\Users\Andre\Documents\GitHub\TextVenturer\SoftwareEngineering\TextVenturer\Adventure.cpp" line="964" col="20" msg="in instantiation of member function &apos;std::vector&lt;AdventureObject *, std::allocator&lt;AdventureObject *&gt; &gt;::push_back&apos; requested here" />
 <error level="note" id="note_template_member_function_here" file="C:\Users\Andre\Documents\GitHub\TextVenturer\SoftwareEngineering\TextVenturer\Adventure.cpp" line="964" col="20" msg="in instantiation of member function &apos;std::vector&lt;AdventureObject *, std::allocator&lt;AdventureObject *&gt; &gt;::push_back&apos; requested here" />
 <error level="note" id="note_template_member_function_here" file="C:\Users\Andre\Documents\GitHub\TextVenturer\SoftwareEngineering\TextVenturer\Adventure.cpp" line="964" col="20" msg="in instantiation of member function &apos;std::vector&lt;AdventureObject *, std::allocator&lt;AdventureObject *&gt; &gt;::push_back&apos; requested here" />
 <error level="note" id="note_template_member_function_here" file="C:\Users\Andre\Documents\GitHub\TextVenturer\SoftwareEngineering\TextVenturer\Adventure.cpp" line="964" col="20" msg="in instantiation of member function &apos;std::vector&lt;AdventureObject *, std::allocator&lt;AdventureObject *&gt; &gt;::push_back&apos; requested here" />
 <error level="note" id="note_template_member_function_here" file="C:\Users\Andre\Documents\GitHub\TextVenturer\SoftwareEngineering\TextVenturer\Adventure.cpp" line="964" col="20" msg="in instantiation of member function &apos;std::vector&lt;AdventureObject *, std::allocator&lt;AdventureObject *&gt; &gt;::push_back&apos; requested here" />
 <error level="note" id="note_template_member_function_here" file="C:\Users\Andre\Documents\GitHub\TextVenturer\SoftwareEngineering\TextVenturer\Adventure.cpp" line="968" col="21" msg="in instantiation of member function &apos;std::_Vector_iterator&lt;std::_Vector_val&lt;std::_Simple_types&lt;AdventureObject *&gt; &gt; &gt;::operator++&apos; requested here" />
 <error level="note" id="note_template_member_function_here" file="C:\Users\Andre\Documents\GitHub\TextVenturer\SoftwareEngineering\TextVenturer\Adventure.cpp" line="974" col="48" msg="in instantiation of member function &apos;std::vector&lt;AdventureObject *, std::allocator&lt;AdventureObject *&gt; &gt;::vector&apos; requested here" />
 <error level="note" id="note_template_member_function_here" file="C:\Users\Andre\Documents\GitHub\TextVenturer\SoftwareEngineering\TextVenturer\Adventure.cpp" line="974" col="48" msg="in instantiation of member function &apos;std::vector&lt;AdventureObject *, std::allocator&lt;AdventureObject *&gt; &gt;::vector&apos; requested here" />
 <error level="note" id="note_template_member_function_here" file="C:\Users\Andre\Documents\GitHub\TextVenturer\SoftwareEngineering\TextVenturer\Adventure.cpp" line="1000" col="30" msg="in instantiation of member function &apos;std::unordered_map&lt;AdventureObject *, unsigned int, std::hash&lt;AdventureObject *&gt;, std::equal_to&lt;AdventureObject *&gt;, std::allocator&lt;std::pair&lt;AdventureObject *const, unsigned int&gt; &gt; &gt;::unordered_map&apos; requested here" />
 <error level="note" id="note_template_member_function_here" file="C:\Users\Andre\Documents\GitHub\TextVenturer\SoftwareEngineering\TextVenturer\Adventure.cpp" line="1000" col="30" msg="in instantiation of member function &apos;std::unordered_map&lt;AdventureObject *, unsigned int, std::hash&lt;AdventureObject *&gt;, std::equal_to&lt;AdventureObject *&gt;, std::allocator&lt;std::pair&lt;AdventureObject *const, unsigned int&gt; &gt; &gt;::unordered_map&apos; requested here" />
 <error level="note" id="note_template_member_function_here" file="C:\Users\Andre\Documents\GitHub\TextVenturer\SoftwareEngineering\TextVenturer\Adventure.cpp" line="1000" col="30" msg="in instantiation of member function &apos;std::unordered_map&lt;AdventureObject *, unsigned int, std::hash&lt;AdventureObject *&gt;, std::equal_to&lt;AdventureObject *&gt;, std::allocator&lt;std::pair&lt;AdventureObject *const, unsigned int&gt; &gt; &gt;::unordered_map&apos; requested here" />
 <error level="note" id="note_template_member_function_here" file="C:\Users\Andre\Documents\GitHub\TextVenturer\SoftwareEngineering\TextVenturer\Adventure.cpp" line="1000" col="30" msg="in instantiation of member function &apos;std::unordered_map&lt;AdventureObject *, unsigned int, std::hash&lt;AdventureObject *&gt;, std::equal_to&lt;AdventureObject *&gt;, std::allocator&lt;std::pair&lt;AdventureObject *const, unsigned int&gt; &gt; &gt;::unordered_map&apos; requested here" />
 <error level="note" id="note_template_member_function_here" file="C:\Users\Andre\Documents\GitHub\TextVenturer\SoftwareEngineering\TextVenturer\Adventure.cpp" line="1000" col="30" msg="in instantiation of member function &apos;std::unordered_map&lt;AdventureObject *, unsigned int, std::hash&lt;AdventureObject *&gt;, std::equal_to&lt;AdventureObject *&gt;, std::allocator&lt;std::pair&lt;AdventureObject *const, unsigned int&gt; &gt; &gt;::unordered_map&apos; requested here" />
 <error level="note" id="note_template_member_function_here" file="C:\Users\Andre\Documents\GitHub\TextVenturer\SoftwareEngineering\TextVenturer\Adventure.cpp" line="1000" col="30" msg="in instantiation of member function &apos;std::unordered_map&lt;AdventureObject *, unsigned int, std::hash&lt;AdventureObject *&gt;, std::equal_to&lt;AdventureObject *&gt;, std::allocator&lt;std::pair&lt;AdventureObject *const, unsigned int&gt; &gt; &gt;::unordered_map&apos; requested here" />
 <error level="note" id="note_template_member_function_here" file="C:\Users\Andre\Documents\GitHub\TextVenturer\SoftwareEngineering\TextVenturer\Adventure.cpp" line="1000" col="30" msg="in instantiation of member function &apos;std::unordered_map&lt;AdventureObject *, unsigned int, std::hash&lt;AdventureObject *&gt;, std::equal_to&lt;AdventureObject *&gt;, std::allocator&lt;std::pair&lt;AdventureObject *const, unsigned int&gt; &gt; &gt;::unordered_map&apos; requested here" />
 <error level="note" id="note_template_member_function_here" file="C:\Users\Andre\Documents\GitHub\TextVenturer\SoftwareEngineering\TextVenturer\Adventure.cpp" line="1000" col="30" msg="in instantiation of member function &apos;std::unordered_map&lt;AdventureObject *, unsigned int, std::hash&lt;AdventureObject *&gt;, std::equal_to&lt;AdventureObject *&gt;, std::allocator&lt;std::pair&lt;AdventureObject *const, unsigned int&gt; &gt; &gt;::unordered_map&apos; requested here" />
 <error level="note" id="note_template_member_function_here" file="C:\Users\Andre\Documents\GitHub\TextVenturer\SoftwareEngineering\TextVenturer\Adventure.cpp" line="1000" col="30" msg="in instantiation of member function &apos;std::unordered_map&lt;AdventureObject *, unsigned int, std::hash&lt;AdventureObject *&gt;, std::equal_to&lt;AdventureObject *&gt;, std::allocator&lt;std::pair&lt;AdventureObject *const, unsigned int&gt; &gt; &gt;::unordered_map&apos; requested here" />
 <error level="note" id="note_template_member_function_here" file="C:\Users\Andre\Documents\GitHub\TextVenturer\SoftwareEngineering\TextVenturer\Adventure.cpp" line="1000" col="30" msg="in instantiation of member function &apos;std::unordered_map&lt;AdventureObject *, unsigned int, std::hash&lt;AdventureObject *&gt;, std::equal_to&lt;AdventureObject *&gt;, std::allocator&lt;std::pair&lt;AdventureObject *const, unsigned int&gt; &gt; &gt;::unordered_map&apos; requested here" />
 <error level="note" id="note_template_member_function_here" file="C:\Users\Andre\Documents\GitHub\TextVenturer\SoftwareEngineering\TextVenturer\Adventure.cpp" line="1000" col="30" msg="in instantiation of member function &apos;std::unordered_map&lt;AdventureObject *, unsigned int, std::hash&lt;AdventureObject *&gt;, std::equal_to&lt;AdventureObject *&gt;, std::allocator&lt;std::pair&lt;AdventureObject *const, unsigned int&gt; &gt; &gt;::unordered_map&apos; requested here" />
 <error level="note" id="note_template_member_function_here" file="C:\Users\Andre\Documents\GitHub\TextVenturer\SoftwareEngineering\TextVenturer\Adventure.cpp" line="1001" col="27" msg="in instantiation of member function &apos;std::unordered_map&lt;CommandArray *, unsigned int, std::hash&lt;CommandArray *&gt;, std::equal_to&lt;CommandArray *&gt;, std::allocator&lt;std::pair&lt;CommandArray *const, unsigned int&gt; &gt; &gt;::unordered_map&apos; requested here" />
 <error level="note" id="note_template_member_function_here" file="C:\Users\Andre\Documents\GitHub\TextVenturer\SoftwareEngineering\TextVenturer\Adventure.cpp" line="1001" col="27" msg="in instantiation of member function &apos;std::unordered_map&lt;CommandArray *, unsigned int, std::hash&lt;CommandArray *&gt;, std::equal_to&lt;CommandArray *&gt;, std::allocator&lt;std::pair&lt;CommandArray *const, unsigned int&gt; &gt; &gt;::unordered_map&apos; requested here" />
 <error level="note" id="note_template_member_function_here" file="C:\Users\Andre\Documents\GitHub\TextVenturer\SoftwareEngineering\TextVenturer\Adventure.cpp" line="1001" col="27" msg="in instantiation of member function &apos;std::unordered_map&lt;CommandArray *, unsigned int, std::hash&lt;CommandArray *&gt;, std::equal_to&lt;CommandArray *&gt;, std::allocator&lt;std::pair&lt;CommandArray *const, unsigned int&gt; &gt; &gt;::unordered_map&apos; requested here" />
 <error level="note" id="note_template_member_function_here" file="C:\Users\Andre\Documents\GitHub\TextVenturer\SoftwareEngineering\TextVenturer\Adventure.cpp" line="1001" col="27" msg="in instantiation of member function &apos;std::unordered_map&lt;CommandArray *, unsigned int, std::hash&lt;CommandArray *&gt;, std::equal_to&lt;CommandArray *&gt;, std::allocator&lt;std::pair&lt;CommandArray *const, unsigned int&gt; &gt; &gt;::unordered_map&apos; requested here" />
 <error level="note" id="note_template_member_function_here" file="C:\Users\Andre\Documents\GitHub\TextVenturer\SoftwareEngineering\TextVenturer\Adventure.cpp" line="1001" col="27" msg="in instantiation of member function &apos;std::unordered_map&lt;CommandArray *, unsigned int, std::hash&lt;CommandArray *&gt;, std::equal_to&lt;CommandArray *&gt;, std::allocator&lt;std::pair&lt;CommandArray *const, unsigned int&gt; &gt; &gt;::unordered_map&apos; requested here" />
 <error level="note" id="note_template_member_function_here" file="C:\Users\Andre\Documents\GitHub\TextVenturer\SoftwareEngineering\TextVenturer\Adventure.cpp" line="1001" col="27" msg="in instantiation of member function &apos;std::unordered_map&lt;CommandArray *, unsigned int, std::hash&lt;CommandArray *&gt;, std::equal_to&lt;CommandArray *&gt;, std::allocator&lt;std::pair&lt;CommandArray *const, unsigned int&gt; &gt; &gt;::unordered_map&apos; requested here" />
 <error level="note" id="note_template_member_function_here" file="C:\Users\Andre\Documents\GitHub\TextVenturer\SoftwareEngineering\TextVenturer\Adventure.cpp" line="1001" col="27" msg="in instantiation of member function &apos;std::unordered_map&lt;CommandArray *, unsigned int, std::hash&lt;CommandArray *&gt;, std::equal_to&lt;CommandArray *&gt;, std::allocator&lt;std::pair&lt;CommandArray *const, unsigned int&gt; &gt; &gt;::unordered_map&apos; requested here" />
 <error level="note" id="note_template_member_function_here" file="C:\Users\Andre\Documents\GitHub\TextVenturer\SoftwareEngineering\TextVenturer\Adventure.cpp" line="1001" col="27" msg="in instantiation of member function &apos;std::unordered_map&lt;CommandArray *, unsigned int, std::hash&lt;CommandArray *&gt;, std::equal_to&lt;CommandArray *&gt;, std::allocator&lt;std::pair&lt;CommandArray *const, unsigned int&gt; &gt; &gt;::unordered_map&apos; requested here" />
 <error level="note" id="note_template_member_function_here" file="C:\Users\Andre\Documents\GitHub\TextVenturer\SoftwareEngineering\TextVenturer\Adventure.cpp" line="1001" col="27" msg="in instantiation of member function &apos;std::unordered_map&lt;CommandArray *, unsigned int, std::hash&lt;CommandArray *&gt;, std::equal_to&lt;CommandArray *&gt;, std::allocator&lt;std::pair&lt;CommandArray *const, unsigned int&gt; &gt; &gt;::unordered_map&apos; requested here" />
 <error level="note" id="note_template_member_function_here" file="C:\Users\Andre\Documents\GitHub\TextVenturer\SoftwareEngineering\TextVenturer\Adventure.cpp" line="1001" col="27" msg="in instantiation of member function &apos;std::unordered_map&lt;CommandArray *, unsigned int, std::hash&lt;CommandArray *&gt;, std::equal_to&lt;CommandArray *&gt;, std::allocator&lt;std::pair&lt;CommandArray *const, unsigned int&gt; &gt; &gt;::unordered_map&apos; requested here" />
 <error level="note" id="note_template_member_function_here" file="C:\Users\Andre\Documents\GitHub\TextVenturer\SoftwareEngineering\TextVenturer\Adventure.cpp" line="1001" col="27" msg="in instantiation of member function &apos;std::unordered_map&lt;CommandArray *, unsigned int, std::hash&lt;CommandArray *&gt;, std::equal_to&lt;CommandArray *&gt;, std::allocator&lt;std::pair&lt;CommandArray *const, unsigned int&gt; &gt; &gt;::unordered_map&apos; requested here" />
 <error level="note" id="note_template_member_function_here" file="C:\Users\Andre\Documents\GitHub\TextVenturer\SoftwareEngineering\TextVenturer\Adventure.cpp" line="1008" col="18" msg="in instantiation of member function &apos;std::unordered_map&lt;AdventureObject *, unsigned int, std::hash&lt;AdventureObject *&gt;, std::equal_to&lt;AdventureObject *&gt;, std::allocator&lt;std::pair&lt;AdventureObject *const, unsigned int&gt; &gt; &gt;::operator[]&apos; requested here" />
 <error level="note" id="note_template_member_function_here" file="C:\Users\Andre\Documents\GitHub\TextVenturer\SoftwareEngineering\TextVenturer\Adventure.cpp" line="1008" col="18" msg="in instantiation of member function &apos;std::unordered_map&lt;AdventureObject *, unsigned int, std::hash&lt;AdventureObject *&gt;, std::equal_to&lt;AdventureObject *&gt;, std::allocator&lt;std::pair&lt;AdventureObject *const, unsigned int&gt; &gt; &gt;::operator[]&apos; requested here" />
 <error level="note" id="note_template_member_function_here" file="C:\Users\Andre\Documents\GitHub\TextVenturer\SoftwareEngineering\TextVenturer\Adventure.cpp" line="1052" col="21" msg="in instantiation of member function &apos;std::_List_const_iterator&lt;std::_List_val&lt;std::_List_simple_types&lt;std::pair&lt;const std::basic_string&lt;char, std::char_traits&lt;char&gt;, std::allocator&lt;char&gt; &gt;, AdventureObject *&gt; &gt; &gt; &gt;::operator++&apos; requested here" />
 <error level="note" id="note_template_member_function_here" file="C:\Users\Andre\Documents\GitHub\TextVenturer\SoftwareEngineering\TextVenturer\Adventure.cpp" line="1052" col="21" msg="in instantiation of member function &apos;std::_List_const_iterator&lt;std::_List_val&lt;std::_List_simple_types&lt;std::pair&lt;const std::basic_string&lt;char, std::char_traits&lt;char&gt;, std::allocator&lt;char&gt; &gt;, AdventureObject *&gt; &gt; &gt; &gt;::operator*&apos; requested here" />
 <error level="note" id="note_template_member_function_here" file="C:\Users\Andre\Documents\GitHub\TextVenturer\SoftwareEngineering\TextVenturer\Adventure.cpp" line="1073" col="17" msg="in instantiation of member function &apos;std::_Hash&lt;std::_Uset_traits&lt;std::basic_string&lt;char, std::char_traits&lt;char&gt;, std::allocator&lt;char&gt; &gt;, std::_Uhash_compare&lt;std::basic_string&lt;char, std::char_traits&lt;char&gt;, std::allocator&lt;char&gt; &gt;, std::hash&lt;std::basic_string&lt;char, std::char_traits&lt;char&gt;, std::allocator&lt;char&gt; &gt; &gt;, std::equal_to&lt;std::basic_string&lt;char, std::char_traits&lt;char&gt;, std::allocator&lt;char&gt; &gt; &gt; &gt;, std::allocator&lt;std::basic_string&lt;char, std::char_traits&lt;char&gt;, std::allocator&lt;char&gt; &gt; &gt;, false&gt; &gt;::erase&apos; requested here" />
</log>