<log>
 <error level="error" id="err_pp_macro_not_identifier" file="&lt;command line&gt;" line="6" col="9" msg="macro name must be an identifier" />
 <error level="error" id="err_ref_non_value" file="c:\program files (x86)\microsoft visual studio 14.0\vc\include\type_traits" line="524" col="45" msg="&apos;_To&apos; does not refer to a value" />
 <error level="error" id="err_ref_non_value" file="c:\program files (x86)\microsoft visual studio 14.0\vc\include\type_traits" line="524" col="50" msg="&apos;_From&apos; does not refer to a value" />
 <error level="error" id="err_expected_class_name" file="c:\program files (x86)\microsoft visual studio 14.0\vc\include\type_traits" line="525" col="2" msg="expected class name" />
 <error level="error" id="err_expected_after" file="c:\program files (x86)\microsoft visual studio 14.0\vc\include\type_traits" line="1245" col="50" msg="expected &apos;;&apos; after alias declaration" />
 <error level="error" id="err_no_template_suggest" file="c:\program files (x86)\microsoft visual studio 14.0\vc\include\type_traits" line="1252" col="30" msg="no template named &apos;make_integer_sequence&apos;; did you mean &apos;integer_sequence&apos;?" />
 <error level="error" id="err_unexpected_typedef" file="c:\program files (x86)\microsoft visual studio 14.0\vc\include\tuple" line="368" col="26" msg="unexpected type name &apos;size_t&apos;: expected expression" />
 <error level="error" id="err_init_list_bin_op" file="c:\program files (x86)\microsoft visual studio 14.0\vc\include\tuple" line="368" col="77" msg="initializer list cannot be used on the right hand side of operator &apos;&gt;&apos;" />
 <error level="error" id="err_no_template_suggest" file="c:\program files (x86)\microsoft visual studio 14.0\vc\include\tuple" line="1096" col="5" msg="no template named &apos;make_integer_sequence&apos;; did you mean &apos;make_index_sequence&apos;?" />
 <error level="error" id="err_template_arg_must_be_expr" file="c:\program files (x86)\microsoft visual studio 14.0\vc\include\tuple" line="1096" col="27" msg="template argument for non-type template parameter must be an expression" />
 <error level="error" id="err_expected_class_name" file="c:\program files (x86)\microsoft visual studio 14.0\vc\include\tuple" line="1098" col="35" msg="expected class name" />
 <error level="error" id="err_expected_class_name" file="c:\program files (x86)\microsoft visual studio 14.0\vc\include\tuple" line="1099" col="4" msg="expected class name" />
 <error level="error" id="err_expected_lbrace_after_base_specifiers" file="c:\program files (x86)\microsoft visual studio 14.0\vc\include\tuple" line="1100" col="12" msg="expected &apos;{&apos; after base class list" />
 <error level="error" id="err_expected_after" file="c:\program files (x86)\microsoft visual studio 14.0\vc\include\tuple" line="1100" col="12" msg="expected &apos;;&apos; after struct" />
 <error level="error" id="err_expected_unqualified_id" file="c:\program files (x86)\microsoft visual studio 14.0\vc\include\tuple" line="1100" col="12" msg="expected unqualified-id" />
 <error level="error" id="err_no_template_suggest" file="c:\program files (x86)\microsoft visual studio 14.0\vc\include\tuple" line="1161" col="3" msg="no template named &apos;make_integer_sequence&apos;; did you mean &apos;make_index_sequence&apos;?" />
 <error level="error" id="err_template_arg_must_be_expr" file="c:\program files (x86)\microsoft visual studio 14.0\vc\include\tuple" line="1161" col="25" msg="template argument for non-type template parameter must be an expression" />
 <error level="error" id="err_undeclared_var_use" file="c:\program files (x86)\microsoft visual studio 14.0\vc\include\tuple" line="1194" col="4" msg="use of undeclared identifier &apos;make_integer_sequence&apos;" />
 <error level="error" id="err_unexpected_typedef" file="c:\program files (x86)\microsoft visual studio 14.0\vc\include\tuple" line="1194" col="26" msg="unexpected type name &apos;size_t&apos;: expected expression" />
 <error level="error" id="err_expected_expression" file="c:\program files (x86)\microsoft visual studio 14.0\vc\include\tuple" line="1194" col="54" msg="expected expression" />
 <error level="error" id="err_undeclared_var_use" file="c:\program files (x86)\microsoft visual studio 14.0\vc\include\tuple" line="1195" col="4" msg="use of undeclared identifier &apos;make_integer_sequence&apos;" />
 <error level="error" id="err_unexpected_typedef" file="c:\program files (x86)\microsoft visual studio 14.0\vc\include\tuple" line="1195" col="26" msg="unexpected type name &apos;size_t&apos;: expected expression" />
 <error level="error" id="err_expected_expression" file="c:\program files (x86)\microsoft visual studio 14.0\vc\include\tuple" line="1195" col="54" msg="expected expression" />
 <error level="error" id="err_no_template_suggest" file="c:\program files (x86)\microsoft visual studio 14.0\vc\include\functional" line="773" col="4" msg="no template named &apos;make_integer_sequence&apos;; did you mean &apos;make_index_sequence&apos;?" />
 <error level="error" id="err_template_arg_must_be_expr" file="c:\program files (x86)\microsoft visual studio 14.0\vc\include\functional" line="773" col="26" msg="template argument for non-type template parameter must be an expression" />
 <error level="error" id="err_undeclared_var_use" file="c:\program files (x86)\microsoft visual studio 14.0\vc\include\functional" line="776" col="4" msg="use of undeclared identifier &apos;make_integer_sequence&apos;" />
 <error level="error" id="err_unexpected_typedef" file="c:\program files (x86)\microsoft visual studio 14.0\vc\include\functional" line="776" col="26" msg="unexpected type name &apos;size_t&apos;: expected expression" />
 <error level="error" id="err_expected_expression" file="c:\program files (x86)\microsoft visual studio 14.0\vc\include\functional" line="776" col="63" msg="expected expression" />
 <error level="error" id="err_no_template_suggest" file="c:\program files (x86)\microsoft visual studio 14.0\vc\include\functional" line="856" col="10" msg="no template named &apos;make_integer_sequence&apos;; did you mean &apos;make_index_sequence&apos;?" />
 <error level="error" id="err_template_arg_must_be_expr" file="c:\program files (x86)\microsoft visual studio 14.0\vc\include\functional" line="856" col="32" msg="template argument for non-type template parameter must be an expression" />
 <error level="error" id="err_undeclared_var_use" file="c:\program files (x86)\microsoft visual studio 14.0\vc\include\thr/xthread" line="248" col="4" msg="use of undeclared identifier &apos;make_integer_sequence&apos;" />
 <error level="error" id="err_unexpected_typedef" file="c:\program files (x86)\microsoft visual studio 14.0\vc\include\thr/xthread" line="248" col="26" msg="unexpected type name &apos;size_t&apos;: expected expression" />
 <error level="error" id="err_expected_expression" file="c:\program files (x86)\microsoft visual studio 14.0\vc\include\thr/xthread" line="249" col="56" msg="expected expression" />
 <error level="error" id="err_no_template_suggest" file="c:\program files (x86)\microsoft visual studio 14.0\vc\include\mutex" line="476" col="58" msg="no template named &apos;make_integer_sequence&apos;; did you mean &apos;make_index_sequence&apos;?" />
 <error level="error" id="err_template_arg_must_be_expr" file="c:\program files (x86)\microsoft visual studio 14.0\vc\include\mutex" line="476" col="80" msg="template argument for non-type template parameter must be an expression" />
 <error level="error" id="err_no_template_suggest" file="c:\program files (x86)\microsoft visual studio 14.0\vc\include\mutex" line="478" col="53" msg="no template named &apos;make_integer_sequence&apos;; did you mean &apos;make_index_sequence&apos;?" />
 <error level="error" id="err_template_arg_must_be_expr" file="c:\program files (x86)\microsoft visual studio 14.0\vc\include\mutex" line="478" col="75" msg="template argument for non-type template parameter must be an expression" />
 <error level="error" id="err_no_template_suggest" file="c:\program files (x86)\microsoft visual studio 14.0\vc\include\mutex" line="512" col="10" msg="no template named &apos;make_integer_sequence&apos;; did you mean &apos;make_index_sequence&apos;?" />
 <error level="error" id="err_template_arg_must_be_expr" file="c:\program files (x86)\microsoft visual studio 14.0\vc\include\mutex" line="512" col="32" msg="template argument for non-type template parameter must be an expression" />
 <error level="error" id="err_expected_expression" file="C:\Users\Andre\Documents\GitHub\TextVenturer\SoftwareEngineering\TextVenturer/Texture.h" line="5" col="1" msg="expected expression" />
 <error level="error" id="err_typecheck_decl_incomplete_type" file="C:\Users\Andre\Documents\GitHub\TextVenturer\SoftwareEngineering\TextVenturer/Texture.h" line="3" col="15" msg="variable has incomplete type &apos;class Texture&apos;" />
 <error level="error" id="err_incomplete_base_class" file="C:\Users\Andre\Documents\GitHub\TextVenturer\SoftwareEngineering\TextVenturer/Texture.h" line="25" col="30" msg="base class has incomplete type" />
 <error level="error" id="err_redefinition" file="C:\Users\Andre\Documents\GitHub\TextVenturer\SoftwareEngineering\TextVenturer/GUIBase.h" line="5" col="15" msg="redefinition of &apos;abstract&apos;" />
 <error level="error" id="err_expected_expression" file="C:\Users\Andre\Documents\GitHub\TextVenturer\SoftwareEngineering\TextVenturer/GUIBase.h" line="7" col="1" msg="expected expression" />
 <error level="error" id="err_redefinition" file="C:\Users\Andre\Documents\GitHub\TextVenturer\SoftwareEngineering\TextVenturer/DynamicGUIBase.h" line="5" col="22" msg="redefinition of &apos;abstract&apos;" />
 <error level="error" id="err_invalid_token_after_toplevel_declarator" file="C:\Users\Andre\Documents\GitHub\TextVenturer\SoftwareEngineering\TextVenturer/DynamicGUIBase.h" line="5" col="31" msg="expected &apos;;&apos; after top level declarator" />
 <error level="error" id="err_expected_unqualified_id" file="C:\Users\Andre\Documents\GitHub\TextVenturer\SoftwareEngineering\TextVenturer/DynamicGUIBase.h" line="5" col="33" msg="expected unqualified-id" />
 <error level="error" id="err_incomplete_base_class" file="C:\Users\Andre\Documents\GitHub\TextVenturer\SoftwareEngineering\TextVenturer/LineInput.h" line="5" col="26" msg="base class has incomplete type" />
 <error level="error" id="err_incomplete_base_class" file="C:\Users\Andre\Documents\GitHub\TextVenturer\SoftwareEngineering\TextVenturer/ListSelection.h" line="5" col="30" msg="base class has incomplete type" />
 <error level="error" id="err_redefinition" file="C:\Users\Andre\Documents\GitHub\TextVenturer\SoftwareEngineering\TextVenturer/TextBox.h" line="6" col="15" msg="redefinition of &apos;abstract&apos;" />
 <error level="error" id="err_invalid_token_after_toplevel_declarator" file="C:\Users\Andre\Documents\GitHub\TextVenturer\SoftwareEngineering\TextVenturer/TextBox.h" line="6" col="24" msg="expected &apos;;&apos; after top level declarator" />
 <error level="error" id="err_expected_unqualified_id" file="C:\Users\Andre\Documents\GitHub\TextVenturer\SoftwareEngineering\TextVenturer/TextBox.h" line="6" col="26" msg="expected unqualified-id" />
 <error level="error" id="err_incomplete_base_class" file="C:\Users\Andre\Documents\GitHub\TextVenturer\SoftwareEngineering\TextVenturer/TextBox.h" line="30" col="33" msg="base class has incomplete type" />
 <error level="error" id="err_incomplete_base_class" file="C:\Users\Andre\Documents\GitHub\TextVenturer\SoftwareEngineering\TextVenturer/TextBox.h" line="42" col="31" msg="base class has incomplete type" />
 <error level="error" id="err_redefinition" file="C:\Users\Andre\Documents\GitHub\TextVenturer\SoftwareEngineering\TextVenturer/GameDisplayer.h" line="6" col="21" msg="redefinition of &apos;abstract&apos;" />
 <error level="error" id="err_expected_expression" file="C:\Users\Andre\Documents\GitHub\TextVenturer\SoftwareEngineering\TextVenturer/GameDisplayer.h" line="8" col="1" msg="expected expression" />
 <error level="error" id="err_incomplete_base_class" file="C:\Users\Andre\Documents\GitHub\TextVenturer\SoftwareEngineering\TextVenturer/CmdLine.h" line="9" col="24" msg="base class has incomplete type" />
 <error level="error" id="err_incomplete_base_class" file="C:\Users\Andre\Documents\GitHub\TextVenturer\SoftwareEngineering\TextVenturer/AdventureSelection.h" line="10" col="35" msg="base class has incomplete type" />
 <error level="error" id="err_field_incomplete" file="C:\Users\Andre\Documents\GitHub\TextVenturer\SoftwareEngineering\TextVenturer/AdventureSelection.h" line="67" col="22" msg="field has incomplete type &apos;class ActionBase&apos;" />
 <error level="error" id="err_expected" file="C:\Users\Andre\Documents\GitHub\TextVenturer\SoftwareEngineering\TextVenturer/AdventureSelection.h" line="73" col="38" msg="expected &apos;)&apos;" />
 <error level="error" id="err_field_incomplete" file="C:\Users\Andre\Documents\GitHub\TextVenturer\SoftwareEngineering\TextVenturer/AdventureSelection.h" line="73" col="20" msg="field has incomplete type &apos;ActionBase&apos;" />
 <error level="error" id="err_incomplete_base_class" file="C:\Users\Andre\Documents\GitHub\TextVenturer\SoftwareEngineering\TextVenturer/AdventureSelection.h" line="82" col="31" msg="base class has incomplete type" />
 <error level="error" id="err_not_direct_base_or_virtual" file="C:\Users\Andre\Documents\GitHub\TextVenturer\SoftwareEngineering\TextVenturer/AdventureSelection.h" line="85" col="62" msg="type &apos;ActionBase&apos; is not a direct or virtual base of &apos;ActionPlay&apos;" />
 <error level="error" id="err_incomplete_base_class" file="C:\Users\Andre\Documents\GitHub\TextVenturer\SoftwareEngineering\TextVenturer/AdventureSelection.h" line="91" col="35" msg="base class has incomplete type" />
 <error level="error" id="err_not_direct_base_or_virtual" file="C:\Users\Andre\Documents\GitHub\TextVenturer\SoftwareEngineering\TextVenturer/AdventureSelection.h" line="94" col="66" msg="type &apos;ActionBase&apos; is not a direct or virtual base of &apos;ActionErrorLog&apos;" />
 <error level="error" id="err_incomplete_base_class" file="C:\Users\Andre\Documents\GitHub\TextVenturer\SoftwareEngineering\TextVenturer/AdventureSelection.h" line="100" col="34" msg="base class has incomplete type" />
 <error level="error" id="err_not_direct_base_or_virtual" file="C:\Users\Andre\Documents\GitHub\TextVenturer\SoftwareEngineering\TextVenturer/AdventureSelection.h" line="103" col="65" msg="type &apos;ActionBase&apos; is not a direct or virtual base of &apos;ActionCompile&apos;" />
 <error level="error" id="err_incomplete_base_class" file="C:\Users\Andre\Documents\GitHub\TextVenturer\SoftwareEngineering\TextVenturer/AdventureSelection.h" line="109" col="33" msg="base class has incomplete type" />
 <error level="error" id="err_not_direct_base_or_virtual" file="C:\Users\Andre\Documents\GitHub\TextVenturer\SoftwareEngineering\TextVenturer/AdventureSelection.h" line="112" col="64" msg="type &apos;ActionBase&apos; is not a direct or virtual base of &apos;ActionRename&apos;" />
 <error level="error" id="err_incomplete_base_class" file="C:\Users\Andre\Documents\GitHub\TextVenturer\SoftwareEngineering\TextVenturer/AdventureSelection.h" line="118" col="37" msg="base class has incomplete type" />
 <error level="error" id="err_not_direct_base_or_virtual" file="C:\Users\Andre\Documents\GitHub\TextVenturer\SoftwareEngineering\TextVenturer/AdventureSelection.h" line="121" col="68" msg="type &apos;ActionBase&apos; is not a direct or virtual base of &apos;ActionTextEditor&apos;" />
 <error level="error" id="err_incomplete_base_class" file="C:\Users\Andre\Documents\GitHub\TextVenturer\SoftwareEngineering\TextVenturer/AdventureSelection.h" line="127" col="38" msg="base class has incomplete type" />
 <error level="error" id="err_not_direct_base_or_virtual" file="C:\Users\Andre\Documents\GitHub\TextVenturer\SoftwareEngineering\TextVenturer/AdventureSelection.h" line="130" col="69" msg="type &apos;ActionBase&apos; is not a direct or virtual base of &apos;ActionWinExplorer&apos;" />
 <error level="error" id="err_incomplete_base_class" file="C:\Users\Andre\Documents\GitHub\TextVenturer\SoftwareEngineering\TextVenturer/AdventureSelection.h" line="136" col="33" msg="base class has incomplete type" />
 <error level="error" id="err_not_direct_base_or_virtual" file="C:\Users\Andre\Documents\GitHub\TextVenturer\SoftwareEngineering\TextVenturer/AdventureSelection.h" line="139" col="64" msg="type &apos;ActionBase&apos; is not a direct or virtual base of &apos;ActionDelete&apos;" />
 <error level="error" id="err_undeclared_var_use" file="C:\Users\Andre\Documents\GitHub\TextVenturer\SoftwareEngineering\TextVenturer/AdventureSelection.h" line="145" col="17" msg="use of undeclared identifier &apos;NamedAdventure&apos;" />
 <error level="error" id="err_expected_expression" file="C:\Users\Andre\Documents\GitHub\TextVenturer\SoftwareEngineering\TextVenturer/AdventureSelection.h" line="145" col="32" msg="expected expression" />
 <error level="error" id="err_friend_invalid_in_context" file="C:\Users\Andre\Documents\GitHub\TextVenturer\SoftwareEngineering\TextVenturer/AdventureSelection.h" line="164" col="5" msg="&apos;friend&apos; used outside of class" />
 <error level="error" id="err_friend_invalid_in_context" file="C:\Users\Andre\Documents\GitHub\TextVenturer\SoftwareEngineering\TextVenturer/AdventureSelection.h" line="165" col="5" msg="&apos;friend&apos; used outside of class" />
 <error level="error" id="err_friend_invalid_in_context" file="C:\Users\Andre\Documents\GitHub\TextVenturer\SoftwareEngineering\TextVenturer/AdventureSelection.h" line="166" col="5" msg="&apos;friend&apos; used outside of class" />
 <error level="error" id="err_friend_invalid_in_context" file="C:\Users\Andre\Documents\GitHub\TextVenturer\SoftwareEngineering\TextVenturer/AdventureSelection.h" line="167" col="5" msg="&apos;friend&apos; used outside of class" />
 <error level="error" id="err_friend_invalid_in_context" file="C:\Users\Andre\Documents\GitHub\TextVenturer\SoftwareEngineering\TextVenturer/AdventureSelection.h" line="168" col="5" msg="&apos;friend&apos; used outside of class" />
 <error level="error" id="err_expected_unqualified_id" file="C:\Users\Andre\Documents\GitHub\TextVenturer\SoftwareEngineering\TextVenturer/AdventureSelection.h" line="177" col="1" msg="expected unqualified-id" />
 <error level="error" id="err_extraneous_closing_brace" file="C:\Users\Andre\Documents\GitHub\TextVenturer\SoftwareEngineering\TextVenturer/AdventureSelection.h" line="188" col="1" msg="extraneous closing brace (&apos;}&apos;)" />
 <error level="warning" id="warn_missing_case" file="C:\Users\Andre\Documents\GitHub\TextVenturer\SoftwareEngineering\TextVenturer\AdventureSelection.cpp" line="27" col="13" msg="enumeration value &apos;ftUnknown&apos; not handled in switch" />
 <error level="warning" id="warn_missing_case" file="C:\Users\Andre\Documents\GitHub\TextVenturer\SoftwareEngineering\TextVenturer\AdventureSelection.cpp" line="98" col="17" msg="enumeration value &apos;ftUnknown&apos; not handled in switch" />
 <error level="note" id="note_function_template_deduction_instantiation_here" file="C:\Users\Andre\Documents\GitHub\TextVenturer\SoftwareEngineering\TextVenturer\AdventureSelection.cpp" line="90" col="5" msg="while substituting deduced template arguments into function template &apos;thread&apos; [with _Fn = (lambda at C:\Users\Andre\Documents\GitHub\TextVenturer\SoftwareEngineering\TextVenturer\AdventureSelection.cpp:90:17), _Args = &lt;&gt;, $2 = (no value)]" />
 <error level="note" id="note_function_template_deduction_instantiation_here" file="C:\Users\Andre\Documents\GitHub\TextVenturer\SoftwareEngineering\TextVenturer\AdventureSelection.cpp" line="90" col="5" msg="while substituting deduced template arguments into function template &apos;thread&apos; [with _Fn = (lambda at C:\Users\Andre\Documents\GitHub\TextVenturer\SoftwareEngineering\TextVenturer\AdventureSelection.cpp:90:17), _Args = &lt;&gt;, $2 = (no value)]" />
 <error level="note" id="note_function_template_deduction_instantiation_here" file="C:\Users\Andre\Documents\GitHub\TextVenturer\SoftwareEngineering\TextVenturer\AdventureSelection.cpp" line="90" col="5" msg="while substituting deduced template arguments into function template &apos;thread&apos; [with _Fn = (lambda at C:\Users\Andre\Documents\GitHub\TextVenturer\SoftwareEngineering\TextVenturer\AdventureSelection.cpp:90:17), _Args = &lt;&gt;, $2 = (no value)]" />
 <error level="note" id="note_function_template_deduction_instantiation_here" file="C:\Users\Andre\Documents\GitHub\TextVenturer\SoftwareEngineering\TextVenturer\AdventureSelection.cpp" line="90" col="5" msg="while substituting deduced template arguments into function template &apos;thread&apos; [with _Fn = (lambda at C:\Users\Andre\Documents\GitHub\TextVenturer\SoftwareEngineering\TextVenturer\AdventureSelection.cpp:90:17), _Args = &lt;&gt;, $2 = (no value)]" />
 <error level="note" id="note_function_template_deduction_instantiation_here" file="C:\Users\Andre\Documents\GitHub\TextVenturer\SoftwareEngineering\TextVenturer\AdventureSelection.cpp" line="90" col="5" msg="while substituting deduced template arguments into function template &apos;thread&apos; [with _Fn = (lambda at C:\Users\Andre\Documents\GitHub\TextVenturer\SoftwareEngineering\TextVenturer\AdventureSelection.cpp:90:17), _Args = &lt;&gt;, $2 = (no value)]" />
 <error level="note" id="note_function_template_deduction_instantiation_here" file="C:\Users\Andre\Documents\GitHub\TextVenturer\SoftwareEngineering\TextVenturer\AdventureSelection.cpp" line="90" col="5" msg="while substituting deduced template arguments into function template &apos;thread&apos; [with _Fn = (lambda at C:\Users\Andre\Documents\GitHub\TextVenturer\SoftwareEngineering\TextVenturer\AdventureSelection.cpp:90:17), _Args = &lt;&gt;, $2 = (no value)]" />
 <error level="note" id="note_function_template_deduction_instantiation_here" file="C:\Users\Andre\Documents\GitHub\TextVenturer\SoftwareEngineering\TextVenturer\AdventureSelection.cpp" line="90" col="5" msg="while substituting deduced template arguments into function template &apos;thread&apos; [with _Fn = (lambda at C:\Users\Andre\Documents\GitHub\TextVenturer\SoftwareEngineering\TextVenturer\AdventureSelection.cpp:90:17), _Args = &lt;&gt;, $2 = (no value)]" />
 <error level="note" id="note_function_template_deduction_instantiation_here" file="C:\Users\Andre\Documents\GitHub\TextVenturer\SoftwareEngineering\TextVenturer\AdventureSelection.cpp" line="90" col="5" msg="while substituting deduced template arguments into function template &apos;thread&apos; [with _Fn = (lambda at C:\Users\Andre\Documents\GitHub\TextVenturer\SoftwareEngineering\TextVenturer\AdventureSelection.cpp:90:17), _Args = &lt;&gt;, $2 = (no value)]" />
 <error level="note" id="note_function_template_deduction_instantiation_here" file="C:\Users\Andre\Documents\GitHub\TextVenturer\SoftwareEngineering\TextVenturer\AdventureSelection.cpp" line="90" col="5" msg="while substituting deduced template arguments into function template &apos;thread&apos; [with _Fn = (lambda at C:\Users\Andre\Documents\GitHub\TextVenturer\SoftwareEngineering\TextVenturer\AdventureSelection.cpp:90:17), _Args = &lt;&gt;, $2 = (no value)]" />
 <error level="error" id="err_member_decl_does_not_match" file="C:\Users\Andre\Documents\GitHub\TextVenturer\SoftwareEngineering\TextVenturer\AdventureSelection.cpp" line="167" col="26" msg="out-of-line definition of &apos;loadAdventures&apos; does not match any declaration in &apos;AdventureSelection&apos;" />
 <error level="error" id="err_member_decl_does_not_match" file="C:\Users\Andre\Documents\GitHub\TextVenturer\SoftwareEngineering\TextVenturer\AdventureSelection.cpp" line="191" col="26" msg="out-of-line definition of &apos;unloadAdventures&apos; does not match any declaration in &apos;AdventureSelection&apos;" />
 <error level="error" id="err_member_decl_does_not_match" file="C:\Users\Andre\Documents\GitHub\TextVenturer\SoftwareEngineering\TextVenturer\AdventureSelection.cpp" line="198" col="26" msg="out-of-line definition of &apos;generateList&apos; does not match any declaration in &apos;AdventureSelection&apos;" />
 <error level="error" id="err_member_decl_does_not_match" file="C:\Users\Andre\Documents\GitHub\TextVenturer\SoftwareEngineering\TextVenturer\AdventureSelection.cpp" line="228" col="26" msg="out-of-line definition of &apos;infoBoxLoading&apos; does not match any declaration in &apos;AdventureSelection&apos;" />
 <error level="error" id="err_incomplete_member_access" file="C:\Users\Andre\Documents\GitHub\TextVenturer\SoftwareEngineering\TextVenturer\AdventureSelection.cpp" line="231" col="12" msg="member access into incomplete type &apos;TextBox&apos;" />
 <error level="error" id="err_incomplete_member_access" file="C:\Users\Andre\Documents\GitHub\TextVenturer\SoftwareEngineering\TextVenturer\AdventureSelection.cpp" line="232" col="12" msg="member access into incomplete type &apos;TextBox&apos;" />
 <error level="error" id="err_member_decl_does_not_match" file="C:\Users\Andre\Documents\GitHub\TextVenturer\SoftwareEngineering\TextVenturer\AdventureSelection.cpp" line="236" col="26" msg="out-of-line definition of &apos;infoBoxError&apos; does not match any declaration in &apos;AdventureSelection&apos;" />
 <error level="error" id="err_incomplete_member_access" file="C:\Users\Andre\Documents\GitHub\TextVenturer\SoftwareEngineering\TextVenturer\AdventureSelection.cpp" line="239" col="12" msg="member access into incomplete type &apos;TextBox&apos;" />
 <error level="error" id="err_incomplete_member_access" file="C:\Users\Andre\Documents\GitHub\TextVenturer\SoftwareEngineering\TextVenturer\AdventureSelection.cpp" line="240" col="12" msg="member access into incomplete type &apos;TextBox&apos;" />
 <error level="error" id="err_member_decl_does_not_match" file="C:\Users\Andre\Documents\GitHub\TextVenturer\SoftwareEngineering\TextVenturer\AdventureSelection.cpp" line="244" col="26" msg="out-of-line definition of &apos;infoBoxDescription&apos; does not match any declaration in &apos;AdventureSelection&apos;" />
 <error level="error" id="err_incomplete_member_access" file="C:\Users\Andre\Documents\GitHub\TextVenturer\SoftwareEngineering\TextVenturer\AdventureSelection.cpp" line="248" col="12" msg="member access into incomplete type &apos;TextBox&apos;" />
 <error level="error" id="err_incomplete_member_access" file="C:\Users\Andre\Documents\GitHub\TextVenturer\SoftwareEngineering\TextVenturer\AdventureSelection.cpp" line="249" col="12" msg="member access into incomplete type &apos;TextBox&apos;" />
 <error level="error" id="err_incomplete_member_access" file="C:\Users\Andre\Documents\GitHub\TextVenturer\SoftwareEngineering\TextVenturer\AdventureSelection.cpp" line="250" col="12" msg="member access into incomplete type &apos;TextBox&apos;" />
 <error level="error" id="err_incomplete_member_access" file="C:\Users\Andre\Documents\GitHub\TextVenturer\SoftwareEngineering\TextVenturer\AdventureSelection.cpp" line="251" col="12" msg="member access into incomplete type &apos;TextBox&apos;" />
 <error level="error" id="err_member_decl_does_not_match" file="C:\Users\Andre\Documents\GitHub\TextVenturer\SoftwareEngineering\TextVenturer\AdventureSelection.cpp" line="255" col="26" msg="out-of-line definition of &apos;infoBoxNoAdventure&apos; does not match any declaration in &apos;AdventureSelection&apos;" />
 <error level="error" id="err_incomplete_member_access" file="C:\Users\Andre\Documents\GitHub\TextVenturer\SoftwareEngineering\TextVenturer\AdventureSelection.cpp" line="258" col="12" msg="member access into incomplete type &apos;TextBox&apos;" />
 <error level="error" id="err_incomplete_member_access" file="C:\Users\Andre\Documents\GitHub\TextVenturer\SoftwareEngineering\TextVenturer\AdventureSelection.cpp" line="259" col="12" msg="member access into incomplete type &apos;TextBox&apos;" />
 <error level="error" id="err_member_decl_does_not_match" file="C:\Users\Andre\Documents\GitHub\TextVenturer\SoftwareEngineering\TextVenturer\AdventureSelection.cpp" line="263" col="26" msg="out-of-line definition of &apos;updateSelectedAdventure&apos; does not match any declaration in &apos;AdventureSelection&apos;" />
 <error level="error" id="err_member_decl_does_not_match" file="C:\Users\Andre\Documents\GitHub\TextVenturer\SoftwareEngineering\TextVenturer\AdventureSelection.cpp" line="283" col="21" msg="out-of-line definition of &apos;AdventureSelection&apos; does not match any declaration in &apos;AdventureSelection&apos;" />
 <error level="error" id="err_not_direct_base_or_virtual" file="C:\Users\Andre\Documents\GitHub\TextVenturer\SoftwareEngineering\TextVenturer\AdventureSelection.cpp" line="284" col="7" msg="type &apos;GameDisplayer&apos; is not a direct or virtual base of &apos;AdventureSelection&apos;" />
 <error level="error" id="err_definition_of_implicitly_declared_member" file="C:\Users\Andre\Documents\GitHub\TextVenturer\SoftwareEngineering\TextVenturer\AdventureSelection.cpp" line="288" col="21" msg="definition of implicitly declared destructor" />
 <error level="error" id="err_member_decl_does_not_match" file="C:\Users\Andre\Documents\GitHub\TextVenturer\SoftwareEngineering\TextVenturer\AdventureSelection.cpp" line="293" col="26" msg="out-of-line definition of &apos;notifyLoad&apos; does not match any declaration in &apos;AdventureSelection&apos;" />
 <error level="error" id="err_incomplete_nested_name_spec" file="C:\Users\Andre\Documents\GitHub\TextVenturer\SoftwareEngineering\TextVenturer\AdventureSelection.cpp" line="295" col="5" msg="incomplete type &apos;GameDisplayer&apos; named in nested name specifier" />
 <error level="error" id="err_undeclared_var_use" file="C:\Users\Andre\Documents\GitHub\TextVenturer\SoftwareEngineering\TextVenturer\AdventureSelection.cpp" line="302" col="26" msg="use of undeclared identifier &apos;getTextDisplay&apos;" />
 <error level="error" id="err_undeclared_var_use" file="C:\Users\Andre\Documents\GitHub\TextVenturer\SoftwareEngineering\TextVenturer\AdventureSelection.cpp" line="308" col="5" msg="use of undeclared identifier &apos;getTextDisplay&apos;" />
 <error level="error" id="err_undeclared_var_use" file="C:\Users\Andre\Documents\GitHub\TextVenturer\SoftwareEngineering\TextVenturer\AdventureSelection.cpp" line="309" col="5" msg="use of undeclared identifier &apos;getTextDisplay&apos;" />
 <error level="error" id="err_undeclared_var_use" file="C:\Users\Andre\Documents\GitHub\TextVenturer\SoftwareEngineering\TextVenturer\AdventureSelection.cpp" line="310" col="5" msg="use of undeclared identifier &apos;getTextDisplay&apos;" />
 <error level="error" id="err_undeclared_var_use" file="C:\Users\Andre\Documents\GitHub\TextVenturer\SoftwareEngineering\TextVenturer\AdventureSelection.cpp" line="311" col="5" msg="use of undeclared identifier &apos;getTextDisplay&apos;" />
 <error level="error" id="err_undeclared_var_use" file="C:\Users\Andre\Documents\GitHub\TextVenturer\SoftwareEngineering\TextVenturer\AdventureSelection.cpp" line="313" col="31" msg="use of undeclared identifier &apos;getTextDisplay&apos;" />
 <error level="error" id="err_undeclared_var_use" file="C:\Users\Andre\Documents\GitHub\TextVenturer\SoftwareEngineering\TextVenturer\AdventureSelection.cpp" line="313" col="62" msg="use of undeclared identifier &apos;getTextDisplay&apos;" />
 <error level="error" id="err_undeclared_var_use" file="C:\Users\Andre\Documents\GitHub\TextVenturer\SoftwareEngineering\TextVenturer\AdventureSelection.cpp" line="317" col="44" msg="use of undeclared identifier &apos;getTextDisplay&apos;" />
 <error level="error" id="err_undeclared_var_use" file="C:\Users\Andre\Documents\GitHub\TextVenturer\SoftwareEngineering\TextVenturer\AdventureSelection.cpp" line="317" col="76" msg="use of undeclared identifier &apos;getTextDisplay&apos;" />
 <error level="error" id="err_undeclared_var_use" file="C:\Users\Andre\Documents\GitHub\TextVenturer\SoftwareEngineering\TextVenturer\AdventureSelection.cpp" line="322" col="41" msg="use of undeclared identifier &apos;getTextDisplay&apos;" />
 <error level="error" id="err_undeclared_var_use" file="C:\Users\Andre\Documents\GitHub\TextVenturer\SoftwareEngineering\TextVenturer\AdventureSelection.cpp" line="322" col="65" msg="use of undeclared identifier &apos;getTextDisplay&apos;" />
 <error level="error" id="err_ovl_no_viable_member_function_in_call" file="C:\Users\Andre\Documents\GitHub\TextVenturer\SoftwareEngineering\TextVenturer\AdventureSelection.cpp" line="324" col="13" msg="no matching member function for call to &apos;push_back&apos;" />
 <error level="error" id="err_ovl_no_viable_member_function_in_call" file="C:\Users\Andre\Documents\GitHub\TextVenturer\SoftwareEngineering\TextVenturer\AdventureSelection.cpp" line="325" col="13" msg="no matching member function for call to &apos;push_back&apos;" />
 <error level="error" id="err_ovl_no_viable_member_function_in_call" file="C:\Users\Andre\Documents\GitHub\TextVenturer\SoftwareEngineering\TextVenturer\AdventureSelection.cpp" line="326" col="13" msg="no matching member function for call to &apos;push_back&apos;" />
 <error level="error" id="err_ovl_no_viable_member_function_in_call" file="C:\Users\Andre\Documents\GitHub\TextVenturer\SoftwareEngineering\TextVenturer\AdventureSelection.cpp" line="327" col="13" msg="no matching member function for call to &apos;push_back&apos;" />
 <error level="error" id="err_ovl_no_viable_member_function_in_call" file="C:\Users\Andre\Documents\GitHub\TextVenturer\SoftwareEngineering\TextVenturer\AdventureSelection.cpp" line="328" col="13" msg="no matching member function for call to &apos;push_back&apos;" />
 <error level="error" id="err_ovl_no_viable_member_function_in_call" file="C:\Users\Andre\Documents\GitHub\TextVenturer\SoftwareEngineering\TextVenturer\AdventureSelection.cpp" line="329" col="13" msg="no matching member function for call to &apos;push_back&apos;" />
 <error level="error" id="err_ovl_no_viable_member_function_in_call" file="C:\Users\Andre\Documents\GitHub\TextVenturer\SoftwareEngineering\TextVenturer\AdventureSelection.cpp" line="330" col="13" msg="no matching member function for call to &apos;push_back&apos;" />
 <error level="error" id="err_undeclared_var_use" file="C:\Users\Andre\Documents\GitHub\TextVenturer\SoftwareEngineering\TextVenturer\AdventureSelection.cpp" line="332" col="34" msg="use of undeclared identifier &apos;getTextDisplay&apos;" />
 <error level="error" id="err_undeclared_var_use" file="C:\Users\Andre\Documents\GitHub\TextVenturer\SoftwareEngineering\TextVenturer\AdventureSelection.cpp" line="332" col="66" msg="use of undeclared identifier &apos;getTextDisplay&apos;" />
 <error level="error" id="err_member_decl_does_not_match" file="C:\Users\Andre\Documents\GitHub\TextVenturer\SoftwareEngineering\TextVenturer\AdventureSelection.cpp" line="340" col="26" msg="out-of-line definition of &apos;notifyUnload&apos; does not match any declaration in &apos;AdventureSelection&apos;" />
 <error level="error" id="err_incomplete_nested_name_spec" file="C:\Users\Andre\Documents\GitHub\TextVenturer\SoftwareEngineering\TextVenturer\AdventureSelection.cpp" line="342" col="5" msg="incomplete type &apos;GameDisplayer&apos; named in nested name specifier" />
 <error level="warning" id="warn_delete_incomplete" file="C:\Users\Andre\Documents\GitHub\TextVenturer\SoftwareEngineering\TextVenturer\AdventureSelection.cpp" line="345" col="9" msg="deleting pointer to incomplete type &apos;ActionBase&apos; may cause undefined behavior" />
 <error level="warning" id="warn_delete_non_virtual_dtor" file="C:\Users\Andre\Documents\GitHub\TextVenturer\SoftwareEngineering\TextVenturer\AdventureSelection.cpp" line="347" col="5" msg="delete called on &apos;LineInput&apos; that has virtual functions but non-virtual destructor" />
 <error level="warning" id="warn_delete_incomplete" file="C:\Users\Andre\Documents\GitHub\TextVenturer\SoftwareEngineering\TextVenturer\AdventureSelection.cpp" line="350" col="5" msg="deleting pointer to incomplete type &apos;TextBox&apos; may cause undefined behavior" />
 <error level="error" id="err_member_decl_does_not_match" file="C:\Users\Andre\Documents\GitHub\TextVenturer\SoftwareEngineering\TextVenturer\AdventureSelection.cpp" line="353" col="26" msg="out-of-line definition of &apos;update&apos; does not match any declaration in &apos;AdventureSelection&apos;" />
 <error level="error" id="err_no_member" file="C:\Users\Andre\Documents\GitHub\TextVenturer\SoftwareEngineering\TextVenturer\AdventureSelection.cpp" line="366" col="34" msg="no member named &apos;getPos&apos; in &apos;ListSelection&apos;" />
 <error level="error" id="err_undeclared_var_use" file="C:\Users\Andre\Documents\GitHub\TextVenturer\SoftwareEngineering\TextVenturer\AdventureSelection.cpp" line="366" col="64" msg="use of undeclared identifier &apos;getTextDisplay&apos;" />
 <error level="error" id="err_no_member" file="C:\Users\Andre\Documents\GitHub\TextVenturer\SoftwareEngineering\TextVenturer\AdventureSelection.cpp" line="368" col="34" msg="no member named &apos;setVisible&apos; in &apos;ListSelection&apos;" />
 <error level="error" id="err_no_member" file="C:\Users\Andre\Documents\GitHub\TextVenturer\SoftwareEngineering\TextVenturer\AdventureSelection.cpp" line="369" col="34" msg="no member named &apos;setPos&apos; in &apos;ListSelection&apos;" />
 <error level="error" id="err_no_member" file="C:\Users\Andre\Documents\GitHub\TextVenturer\SoftwareEngineering\TextVenturer\AdventureSelection.cpp" line="369" col="64" msg="no member named &apos;getPos&apos; in &apos;ListSelection&apos;" />
 <error level="error" id="err_no_member" file="C:\Users\Andre\Documents\GitHub\TextVenturer\SoftwareEngineering\TextVenturer\AdventureSelection.cpp" line="369" col="97" msg="no member named &apos;getPos&apos; in &apos;ListSelection&apos;" />
 <error level="error" id="err_no_member" file="C:\Users\Andre\Documents\GitHub\TextVenturer\SoftwareEngineering\TextVenturer\AdventureSelection.cpp" line="375" col="34" msg="no member named &apos;getPos&apos; in &apos;ListSelection&apos;" />
 <error level="error" id="err_undeclared_var_use" file="C:\Users\Andre\Documents\GitHub\TextVenturer\SoftwareEngineering\TextVenturer\AdventureSelection.cpp" line="375" col="64" msg="use of undeclared identifier &apos;getTextDisplay&apos;" />
 <error level="error" id="err_no_member" file="C:\Users\Andre\Documents\GitHub\TextVenturer\SoftwareEngineering\TextVenturer\AdventureSelection.cpp" line="377" col="34" msg="no member named &apos;setPos&apos; in &apos;ListSelection&apos;" />
 <error level="error" id="err_no_member" file="C:\Users\Andre\Documents\GitHub\TextVenturer\SoftwareEngineering\TextVenturer\AdventureSelection.cpp" line="377" col="64" msg="no member named &apos;getPos&apos; in &apos;ListSelection&apos;" />
 <error level="error" id="err_no_member" file="C:\Users\Andre\Documents\GitHub\TextVenturer\SoftwareEngineering\TextVenturer\AdventureSelection.cpp" line="377" col="97" msg="no member named &apos;getPos&apos; in &apos;ListSelection&apos;" />
 <error level="error" id="err_no_member" file="C:\Users\Andre\Documents\GitHub\TextVenturer\SoftwareEngineering\TextVenturer\AdventureSelection.cpp" line="382" col="34" msg="no member named &apos;setVisible&apos; in &apos;ListSelection&apos;" />
 <error level="error" id="err_incomplete_member_access" file="C:\Users\Andre\Documents\GitHub\TextVenturer\SoftwareEngineering\TextVenturer\AdventureSelection.cpp" line="391" col="12" msg="member access into incomplete type &apos;TextBox&apos;" />
 <error level="error" id="err_member_decl_does_not_match" file="C:\Users\Andre\Documents\GitHub\TextVenturer\SoftwareEngineering\TextVenturer\AdventureSelection.cpp" line="395" col="26" msg="out-of-line definition of &apos;pressChar&apos; does not match any declaration in &apos;AdventureSelection&apos;" />
 <error level="error" id="err_member_decl_does_not_match" file="C:\Users\Andre\Documents\GitHub\TextVenturer\SoftwareEngineering\TextVenturer\AdventureSelection.cpp" line="400" col="26" msg="out-of-line definition of &apos;pressKey&apos; does not match any declaration in &apos;AdventureSelection&apos;" />
 <error level="error" id="err_undeclared_var_use" file="C:\Users\Andre\Documents\GitHub\TextVenturer\SoftwareEngineering\TextVenturer\AdventureSelection.cpp" line="423" col="13" msg="use of undeclared identifier &apos;getControler&apos;" />
 <error level="error" id="err_no_member" file="C:\Users\Andre\Documents\GitHub\TextVenturer\SoftwareEngineering\TextVenturer\AdventureSelection.cpp" line="432" col="8" msg="no member named &apos;regenList&apos; in &apos;AdventureSelection&apos;" />
 <error level="warning" id="warn_unused_parameter" file="C:\Users\Andre\Documents\GitHub\TextVenturer\SoftwareEngineering\TextVenturer\AdventureSelection.cpp" line="429" col="45" msg="unused parameter &apos;sender&apos;" />
 <error level="error" id="err_no_member" file="C:\Users\Andre\Documents\GitHub\TextVenturer\SoftwareEngineering\TextVenturer\AdventureSelection.cpp" line="438" col="66" msg="no member named &apos;adventureSelection&apos; in &apos;AdventureSelection&apos;" />
 <error level="error" id="err_access" file="C:\Users\Andre\Documents\GitHub\TextVenturer\SoftwareEngineering\TextVenturer\AdventureSelection.cpp" line="438" col="46" msg="&apos;NamedAdventure&apos; is a private member of &apos;AdventureSelection&apos;" />
 <error level="error" id="err_access" file="C:\Users\Andre\Documents\GitHub\TextVenturer\SoftwareEngineering\TextVenturer\AdventureSelection.cpp" line="440" col="46" msg="&apos;NamedAdventure&apos; is a private member of &apos;AdventureSelection&apos;" />
 <error level="error" id="err_no_member" file="C:\Users\Andre\Documents\GitHub\TextVenturer\SoftwareEngineering\TextVenturer\AdventureSelection.cpp" line="442" col="12" msg="no member named &apos;adventureSelection&apos; in &apos;AdventureSelection&apos;" />
 <error level="error" id="err_no_member" file="C:\Users\Andre\Documents\GitHub\TextVenturer\SoftwareEngineering\TextVenturer\AdventureSelection.cpp" line="445" col="8" msg="no member named &apos;actionSelection&apos; in &apos;AdventureSelection&apos;" />
 <error level="error" id="err_no_member" file="C:\Users\Andre\Documents\GitHub\TextVenturer\SoftwareEngineering\TextVenturer\AdventureSelection.cpp" line="447" col="54" msg="no member named &apos;actions&apos; in &apos;AdventureSelection&apos;" />
 <error level="error" id="err_no_member" file="C:\Users\Andre\Documents\GitHub\TextVenturer\SoftwareEngineering\TextVenturer\AdventureSelection.cpp" line="449" col="16" msg="no member named &apos;actionSelection&apos; in &apos;AdventureSelection&apos;" />
 <error level="error" id="err_no_member" file="C:\Users\Andre\Documents\GitHub\TextVenturer\SoftwareEngineering\TextVenturer\AdventureSelection.cpp" line="451" col="8" msg="no member named &apos;searchBar&apos; in &apos;AdventureSelection&apos;" />
 <error level="error" id="err_no_member" file="C:\Users\Andre\Documents\GitHub\TextVenturer\SoftwareEngineering\TextVenturer\AdventureSelection.cpp" line="452" col="8" msg="no member named &apos;actionSelection&apos; in &apos;AdventureSelection&apos;" />
 <error level="error" id="err_no_member" file="C:\Users\Andre\Documents\GitHub\TextVenturer\SoftwareEngineering\TextVenturer\AdventureSelection.cpp" line="453" col="8" msg="no member named &apos;actionsVisible&apos; in &apos;AdventureSelection&apos;" />
 <error level="warning" id="warn_unused_parameter" file="C:\Users\Andre\Documents\GitHub\TextVenturer\SoftwareEngineering\TextVenturer\AdventureSelection.cpp" line="435" col="44" msg="unused parameter &apos;sender&apos;" />
 <error level="error" id="err_no_member" file="C:\Users\Andre\Documents\GitHub\TextVenturer\SoftwareEngineering\TextVenturer\AdventureSelection.cpp" line="459" col="12" msg="no member named &apos;adventureSelection&apos; in &apos;AdventureSelection&apos;" />
 <error level="warning" id="warn_unused_parameter" file="C:\Users\Andre\Documents\GitHub\TextVenturer\SoftwareEngineering\TextVenturer\AdventureSelection.cpp" line="456" col="53" msg="unused parameter &apos;sender&apos;" />
 <error level="error" id="err_no_member" file="C:\Users\Andre\Documents\GitHub\TextVenturer\SoftwareEngineering\TextVenturer\AdventureSelection.cpp" line="466" col="67" msg="no member named &apos;actionSelection&apos; in &apos;AdventureSelection&apos;" />
 <error level="error" id="err_access" file="C:\Users\Andre\Documents\GitHub\TextVenturer\SoftwareEngineering\TextVenturer\AdventureSelection.cpp" line="467" col="53" msg="&apos;NamedAdventure&apos; is a private member of &apos;AdventureSelection&apos;" />
 <error level="error" id="err_no_member" file="C:\Users\Andre\Documents\GitHub\TextVenturer\SoftwareEngineering\TextVenturer\AdventureSelection.cpp" line="467" col="73" msg="no member named &apos;adventureSelection&apos; in &apos;AdventureSelection&apos;" />
 <error level="warning" id="warn_unused_parameter" file="C:\Users\Andre\Documents\GitHub\TextVenturer\SoftwareEngineering\TextVenturer\AdventureSelection.cpp" line="463" col="41" msg="unused parameter &apos;sender&apos;" />
 <error level="error" id="err_access" file="C:\Users\Andre\Documents\GitHub\TextVenturer\SoftwareEngineering\TextVenturer\AdventureSelection.cpp" line="473" col="46" msg="&apos;NamedAdventure&apos; is a private member of &apos;AdventureSelection&apos;" />
 <error level="error" id="err_no_member" file="C:\Users\Andre\Documents\GitHub\TextVenturer\SoftwareEngineering\TextVenturer\AdventureSelection.cpp" line="474" col="12" msg="no member named &apos;adventureSelection&apos; in &apos;AdventureSelection&apos;" />
 <error level="error" id="err_no_member" file="C:\Users\Andre\Documents\GitHub\TextVenturer\SoftwareEngineering\TextVenturer\AdventureSelection.cpp" line="476" col="78" msg="no member named &apos;adventureSelection&apos; in &apos;AdventureSelection&apos;" />
 <error level="error" id="err_access" file="C:\Users\Andre\Documents\GitHub\TextVenturer\SoftwareEngineering\TextVenturer\AdventureSelection.cpp" line="476" col="58" msg="&apos;NamedAdventure&apos; is a private member of &apos;AdventureSelection&apos;" />
 <error level="error" id="err_expected_class_or_namespace" file="C:\Users\Andre\Documents\GitHub\TextVenturer\SoftwareEngineering\TextVenturer\AdventureSelection.cpp" line="496" col="21" msg="&apos;ActionBase&apos; is not a class, namespace, or enumeration" />
 <error level="error" id="err_expected_class_or_namespace" file="C:\Users\Andre\Documents\GitHub\TextVenturer\SoftwareEngineering\TextVenturer\AdventureSelection.cpp" line="501" col="21" msg="&apos;ActionBase&apos; is not a class, namespace, or enumeration" />
 <error level="error" id="err_expected_class_or_namespace" file="C:\Users\Andre\Documents\GitHub\TextVenturer\SoftwareEngineering\TextVenturer\AdventureSelection.cpp" line="505" col="42" msg="&apos;ActionBase&apos; is not a class, namespace, or enumeration" />
 <error level="error" id="err_expected_class_or_namespace" file="C:\Users\Andre\Documents\GitHub\TextVenturer\SoftwareEngineering\TextVenturer\AdventureSelection.cpp" line="510" col="26" msg="&apos;ActionBase&apos; is not a class, namespace, or enumeration" />
 <error level="error" id="err_expected_class_or_namespace" file="C:\Users\Andre\Documents\GitHub\TextVenturer\SoftwareEngineering\TextVenturer\AdventureSelection.cpp" line="516" col="26" msg="&apos;ActionPlay&apos; is not a class, namespace, or enumeration" />
 <error level="error" id="err_expected_class_or_namespace" file="C:\Users\Andre\Documents\GitHub\TextVenturer\SoftwareEngineering\TextVenturer\AdventureSelection.cpp" line="521" col="26" msg="&apos;ActionPlay&apos; is not a class, namespace, or enumeration" />
 <error level="error" id="err_expected_class_or_namespace" file="C:\Users\Andre\Documents\GitHub\TextVenturer\SoftwareEngineering\TextVenturer\AdventureSelection.cpp" line="528" col="33" msg="&apos;ActionPlay&apos; is not a class, namespace, or enumeration" />
 <error level="error" id="err_expected_class_or_namespace" file="C:\Users\Andre\Documents\GitHub\TextVenturer\SoftwareEngineering\TextVenturer\AdventureSelection.cpp" line="533" col="26" msg="&apos;ActionErrorLog&apos; is not a class, namespace, or enumeration" />
 <error level="error" id="err_expected_class_or_namespace" file="C:\Users\Andre\Documents\GitHub\TextVenturer\SoftwareEngineering\TextVenturer\AdventureSelection.cpp" line="538" col="33" msg="&apos;ActionErrorLog&apos; is not a class, namespace, or enumeration" />
 <error level="error" id="err_expected_class_or_namespace" file="C:\Users\Andre\Documents\GitHub\TextVenturer\SoftwareEngineering\TextVenturer\AdventureSelection.cpp" line="543" col="26" msg="&apos;ActionCompile&apos; is not a class, namespace, or enumeration" />
 <error level="error" id="err_expected_class_or_namespace" file="C:\Users\Andre\Documents\GitHub\TextVenturer\SoftwareEngineering\TextVenturer\AdventureSelection.cpp" line="549" col="33" msg="&apos;ActionCompile&apos; is not a class, namespace, or enumeration" />
 <error level="error" id="err_expected_class_or_namespace" file="C:\Users\Andre\Documents\GitHub\TextVenturer\SoftwareEngineering\TextVenturer\AdventureSelection.cpp" line="554" col="26" msg="&apos;ActionRename&apos; is not a class, namespace, or enumeration" />
 <error level="error" id="err_expected_class_or_namespace" file="C:\Users\Andre\Documents\GitHub\TextVenturer\SoftwareEngineering\TextVenturer\AdventureSelection.cpp" line="559" col="33" msg="&apos;ActionRename&apos; is not a class, namespace, or enumeration" />
 <error level="error" id="err_expected_class_or_namespace" file="C:\Users\Andre\Documents\GitHub\TextVenturer\SoftwareEngineering\TextVenturer\AdventureSelection.cpp" line="564" col="26" msg="&apos;ActionTextEditor&apos; is not a class, namespace, or enumeration" />
 <error level="error" id="err_expected_class_or_namespace" file="C:\Users\Andre\Documents\GitHub\TextVenturer\SoftwareEngineering\TextVenturer\AdventureSelection.cpp" line="569" col="33" msg="&apos;ActionTextEditor&apos; is not a class, namespace, or enumeration" />
 <error level="error" id="err_expected_class_or_namespace" file="C:\Users\Andre\Documents\GitHub\TextVenturer\SoftwareEngineering\TextVenturer\AdventureSelection.cpp" line="574" col="26" msg="&apos;ActionWinExplorer&apos; is not a class, namespace, or enumeration" />
 <error level="error" id="err_expected_class_or_namespace" file="C:\Users\Andre\Documents\GitHub\TextVenturer\SoftwareEngineering\TextVenturer\AdventureSelection.cpp" line="579" col="33" msg="&apos;ActionWinExplorer&apos; is not a class, namespace, or enumeration" />
 <error level="error" id="err_expected_class_or_namespace" file="C:\Users\Andre\Documents\GitHub\TextVenturer\SoftwareEngineering\TextVenturer\AdventureSelection.cpp" line="584" col="26" msg="&apos;ActionDelete&apos; is not a class, namespace, or enumeration" />
 <error level="error" id="err_expected_class_or_namespace" file="C:\Users\Andre\Documents\GitHub\TextVenturer\SoftwareEngineering\TextVenturer\AdventureSelection.cpp" line="589" col="33" msg="&apos;ActionDelete&apos; is not a class, namespace, or enumeration" />
 <error level="note" id="note_template_member_function_here" file="C:\Users\Andre\Documents\GitHub\TextVenturer\SoftwareEngineering\TextVenturer\AdventureSelection.cpp" line="21" col="28" msg="in instantiation of member function &apos;std::basic_string&lt;char, std::char_traits&lt;char&gt;, std::allocator&lt;char&gt; &gt;::rfind&apos; requested here" />
 <error level="note" id="note_template_member_function_here" file="C:\Users\Andre\Documents\GitHub\TextVenturer\SoftwareEngineering\TextVenturer\AdventureSelection.cpp" line="55" col="53" msg="in instantiation of member function &apos;std::_String_iterator&lt;std::_String_val&lt;std::_Simple_types&lt;char&gt; &gt; &gt;::operator+&apos; requested here" />
 <error level="note" id="note_function_template_spec_here" file="C:\Users\Andre\Documents\GitHub\TextVenturer\SoftwareEngineering\TextVenturer\AdventureSelection.cpp" line="101" col="68" msg="in instantiation of function template specialization &apos;std::operator+&lt;wchar_t, std::char_traits&lt;wchar_t&gt;, std::allocator&lt;wchar_t&gt; &gt;&apos; requested here" />
 <error level="note" id="note_function_template_spec_here" file="C:\Users\Andre\Documents\GitHub\TextVenturer\SoftwareEngineering\TextVenturer\AdventureSelection.cpp" line="90" col="5" msg="in instantiation of function template specialization &apos;std::thread::thread&lt;(lambda at C:\Users\Andre\Documents\GitHub\TextVenturer\SoftwareEngineering\TextVenturer\AdventureSelection.cpp:90:17), void&gt;&apos; requested here" />
 <error level="note" id="note_function_template_spec_here" file="C:\Users\Andre\Documents\GitHub\TextVenturer\SoftwareEngineering\TextVenturer\AdventureSelection.cpp" line="90" col="5" msg="in instantiation of function template specialization &apos;std::thread::thread&lt;(lambda at C:\Users\Andre\Documents\GitHub\TextVenturer\SoftwareEngineering\TextVenturer\AdventureSelection.cpp:90:17), void&gt;&apos; requested here" />
 <error level="note" id="note_function_template_spec_here" file="C:\Users\Andre\Documents\GitHub\TextVenturer\SoftwareEngineering\TextVenturer\AdventureSelection.cpp" line="90" col="5" msg="in instantiation of function template specialization &apos;std::thread::thread&lt;(lambda at C:\Users\Andre\Documents\GitHub\TextVenturer\SoftwareEngineering\TextVenturer\AdventureSelection.cpp:90:17), void&gt;&apos; requested here" />
 <error level="note" id="note_function_template_spec_here" file="C:\Users\Andre\Documents\GitHub\TextVenturer\SoftwareEngineering\TextVenturer\AdventureSelection.cpp" line="90" col="5" msg="in instantiation of function template specialization &apos;std::thread::thread&lt;(lambda at C:\Users\Andre\Documents\GitHub\TextVenturer\SoftwareEngineering\TextVenturer\AdventureSelection.cpp:90:17), void&gt;&apos; requested here" />
 <error level="note" id="note_function_template_spec_here" file="C:\Users\Andre\Documents\GitHub\TextVenturer\SoftwareEngineering\TextVenturer\AdventureSelection.cpp" line="90" col="5" msg="in instantiation of function template specialization &apos;std::thread::thread&lt;(lambda at C:\Users\Andre\Documents\GitHub\TextVenturer\SoftwareEngineering\TextVenturer\AdventureSelection.cpp:90:17), void&gt;&apos; requested here" />
 <error level="note" id="note_function_template_spec_here" file="C:\Users\Andre\Documents\GitHub\TextVenturer\SoftwareEngineering\TextVenturer\AdventureSelection.cpp" line="90" col="5" msg="in instantiation of function template specialization &apos;std::thread::thread&lt;(lambda at C:\Users\Andre\Documents\GitHub\TextVenturer\SoftwareEngineering\TextVenturer\AdventureSelection.cpp:90:17), void&gt;&apos; requested here" />
 <error level="note" id="note_function_template_spec_here" file="C:\Users\Andre\Documents\GitHub\TextVenturer\SoftwareEngineering\TextVenturer\AdventureSelection.cpp" line="90" col="5" msg="in instantiation of function template specialization &apos;std::thread::thread&lt;(lambda at C:\Users\Andre\Documents\GitHub\TextVenturer\SoftwareEngineering\TextVenturer\AdventureSelection.cpp:90:17), void&gt;&apos; requested here" />
 <error level="note" id="note_function_template_spec_here" file="C:\Users\Andre\Documents\GitHub\TextVenturer\SoftwareEngineering\TextVenturer\AdventureSelection.cpp" line="90" col="5" msg="in instantiation of function template specialization &apos;std::thread::thread&lt;(lambda at C:\Users\Andre\Documents\GitHub\TextVenturer\SoftwareEngineering\TextVenturer\AdventureSelection.cpp:90:17), void&gt;&apos; requested here" />
 <error level="note" id="note_function_template_spec_here" file="C:\Users\Andre\Documents\GitHub\TextVenturer\SoftwareEngineering\TextVenturer\AdventureSelection.cpp" line="90" col="5" msg="in instantiation of function template specialization &apos;std::thread::thread&lt;(lambda at C:\Users\Andre\Documents\GitHub\TextVenturer\SoftwareEngineering\TextVenturer\AdventureSelection.cpp:90:17), void&gt;&apos; requested here" />
 <error level="note" id="note_function_template_spec_here" file="C:\Users\Andre\Documents\GitHub\TextVenturer\SoftwareEngineering\TextVenturer\AdventureSelection.cpp" line="90" col="5" msg="in instantiation of function template specialization &apos;std::thread::thread&lt;(lambda at C:\Users\Andre\Documents\GitHub\TextVenturer\SoftwareEngineering\TextVenturer\AdventureSelection.cpp:90:17), void&gt;&apos; requested here" />
 <error level="note" id="note_function_template_spec_here" file="C:\Users\Andre\Documents\GitHub\TextVenturer\SoftwareEngineering\TextVenturer\AdventureSelection.cpp" line="90" col="5" msg="in instantiation of function template specialization &apos;std::thread::thread&lt;(lambda at C:\Users\Andre\Documents\GitHub\TextVenturer\SoftwareEngineering\TextVenturer\AdventureSelection.cpp:90:17), void&gt;&apos; requested here" />
 <error level="note" id="note_function_template_spec_here" file="C:\Users\Andre\Documents\GitHub\TextVenturer\SoftwareEngineering\TextVenturer\AdventureSelection.cpp" line="90" col="5" msg="in instantiation of function template specialization &apos;std::thread::thread&lt;(lambda at C:\Users\Andre\Documents\GitHub\TextVenturer\SoftwareEngineering\TextVenturer\AdventureSelection.cpp:90:17), void&gt;&apos; requested here" />
 <error level="note" id="note_function_template_spec_here" file="C:\Users\Andre\Documents\GitHub\TextVenturer\SoftwareEngineering\TextVenturer\AdventureSelection.cpp" line="90" col="5" msg="in instantiation of function template specialization &apos;std::thread::thread&lt;(lambda at C:\Users\Andre\Documents\GitHub\TextVenturer\SoftwareEngineering\TextVenturer\AdventureSelection.cpp:90:17), void&gt;&apos; requested here" />
 <error level="note" id="note_function_template_spec_here" file="C:\Users\Andre\Documents\GitHub\TextVenturer\SoftwareEngineering\TextVenturer\AdventureSelection.cpp" line="90" col="5" msg="in instantiation of function template specialization &apos;std::thread::thread&lt;(lambda at C:\Users\Andre\Documents\GitHub\TextVenturer\SoftwareEngineering\TextVenturer\AdventureSelection.cpp:90:17), void&gt;&apos; requested here" />
 <error level="note" id="note_function_template_spec_here" file="C:\Users\Andre\Documents\GitHub\TextVenturer\SoftwareEngineering\TextVenturer\AdventureSelection.cpp" line="90" col="5" msg="in instantiation of function template specialization &apos;std::thread::thread&lt;(lambda at C:\Users\Andre\Documents\GitHub\TextVenturer\SoftwareEngineering\TextVenturer\AdventureSelection.cpp:90:17), void&gt;&apos; requested here" />
 <error level="note" id="note_function_template_spec_here" file="C:\Users\Andre\Documents\GitHub\TextVenturer\SoftwareEngineering\TextVenturer\AdventureSelection.cpp" line="90" col="5" msg="in instantiation of function template specialization &apos;std::thread::thread&lt;(lambda at C:\Users\Andre\Documents\GitHub\TextVenturer\SoftwareEngineering\TextVenturer\AdventureSelection.cpp:90:17), void&gt;&apos; requested here" />
 <error level="note" id="note_function_template_spec_here" file="C:\Users\Andre\Documents\GitHub\TextVenturer\SoftwareEngineering\TextVenturer\AdventureSelection.cpp" line="90" col="5" msg="in instantiation of function template specialization &apos;std::thread::thread&lt;(lambda at C:\Users\Andre\Documents\GitHub\TextVenturer\SoftwareEngineering\TextVenturer\AdventureSelection.cpp:90:17), void&gt;&apos; requested here" />
 <error level="note" id="note_function_template_spec_here" file="C:\Users\Andre\Documents\GitHub\TextVenturer\SoftwareEngineering\TextVenturer\AdventureSelection.cpp" line="90" col="5" msg="in instantiation of function template specialization &apos;std::thread::thread&lt;(lambda at C:\Users\Andre\Documents\GitHub\TextVenturer\SoftwareEngineering\TextVenturer\AdventureSelection.cpp:90:17), void&gt;&apos; requested here" />
 <error level="note" id="note_function_template_spec_here" file="C:\Users\Andre\Documents\GitHub\TextVenturer\SoftwareEngineering\TextVenturer\AdventureSelection.cpp" line="90" col="5" msg="in instantiation of function template specialization &apos;std::thread::thread&lt;(lambda at C:\Users\Andre\Documents\GitHub\TextVenturer\SoftwareEngineering\TextVenturer\AdventureSelection.cpp:90:17), void&gt;&apos; requested here" />
 <error level="note" id="note_function_template_spec_here" file="C:\Users\Andre\Documents\GitHub\TextVenturer\SoftwareEngineering\TextVenturer\AdventureSelection.cpp" line="90" col="5" msg="in instantiation of function template specialization &apos;std::thread::thread&lt;(lambda at C:\Users\Andre\Documents\GitHub\TextVenturer\SoftwareEngineering\TextVenturer\AdventureSelection.cpp:90:17), void&gt;&apos; requested here" />
 <error level="note" id="note_function_template_spec_here" file="C:\Users\Andre\Documents\GitHub\TextVenturer\SoftwareEngineering\TextVenturer\AdventureSelection.cpp" line="90" col="5" msg="in instantiation of function template specialization &apos;std::thread::thread&lt;(lambda at C:\Users\Andre\Documents\GitHub\TextVenturer\SoftwareEngineering\TextVenturer\AdventureSelection.cpp:90:17), void&gt;&apos; requested here" />
 <error level="note" id="note_function_template_spec_here" file="C:\Users\Andre\Documents\GitHub\TextVenturer\SoftwareEngineering\TextVenturer\AdventureSelection.cpp" line="122" col="20" msg="in instantiation of function template specialization &apos;std::_Hash&lt;std::_Uset_traits&lt;GenericEventFunc&lt;void (*)(void *, void *)&gt;, std::_Uhash_compare&lt;GenericEventFunc&lt;void (*)(void *, void *)&gt;, EventHasher&lt;void (*)(void *, void *)&gt;, std::equal_to&lt;GenericEventFunc&lt;void (*)(void *, void *)&gt; &gt; &gt;, std::allocator&lt;GenericEventFunc&lt;void (*)(void *, void *)&gt; &gt;, false&gt; &gt;::insert&lt;false, 0&gt;&apos; requested here" />
 <error level="note" id="note_function_template_spec_here" file="C:\Users\Andre\Documents\GitHub\TextVenturer\SoftwareEngineering\TextVenturer\AdventureSelection.cpp" line="122" col="20" msg="in instantiation of function template specialization &apos;std::_Hash&lt;std::_Uset_traits&lt;GenericEventFunc&lt;void (*)(void *, void *)&gt;, std::_Uhash_compare&lt;GenericEventFunc&lt;void (*)(void *, void *)&gt;, EventHasher&lt;void (*)(void *, void *)&gt;, std::equal_to&lt;GenericEventFunc&lt;void (*)(void *, void *)&gt; &gt; &gt;, std::allocator&lt;GenericEventFunc&lt;void (*)(void *, void *)&gt; &gt;, false&gt; &gt;::insert&lt;false, 0&gt;&apos; requested here" />
 <error level="note" id="note_function_template_spec_here" file="C:\Users\Andre\Documents\GitHub\TextVenturer\SoftwareEngineering\TextVenturer\AdventureSelection.cpp" line="122" col="20" msg="in instantiation of function template specialization &apos;std::_Hash&lt;std::_Uset_traits&lt;GenericEventFunc&lt;void (*)(void *, void *)&gt;, std::_Uhash_compare&lt;GenericEventFunc&lt;void (*)(void *, void *)&gt;, EventHasher&lt;void (*)(void *, void *)&gt;, std::equal_to&lt;GenericEventFunc&lt;void (*)(void *, void *)&gt; &gt; &gt;, std::allocator&lt;GenericEventFunc&lt;void (*)(void *, void *)&gt; &gt;, false&gt; &gt;::insert&lt;false, 0&gt;&apos; requested here" />
 <error level="note" id="note_function_template_spec_here" file="C:\Users\Andre\Documents\GitHub\TextVenturer\SoftwareEngineering\TextVenturer\AdventureSelection.cpp" line="122" col="20" msg="in instantiation of function template specialization &apos;std::_Hash&lt;std::_Uset_traits&lt;GenericEventFunc&lt;void (*)(void *, void *)&gt;, std::_Uhash_compare&lt;GenericEventFunc&lt;void (*)(void *, void *)&gt;, EventHasher&lt;void (*)(void *, void *)&gt;, std::equal_to&lt;GenericEventFunc&lt;void (*)(void *, void *)&gt; &gt; &gt;, std::allocator&lt;GenericEventFunc&lt;void (*)(void *, void *)&gt; &gt;, false&gt; &gt;::insert&lt;false, 0&gt;&apos; requested here" />
 <error level="note" id="note_function_template_spec_here" file="C:\Users\Andre\Documents\GitHub\TextVenturer\SoftwareEngineering\TextVenturer\AdventureSelection.cpp" line="122" col="20" msg="in instantiation of function template specialization &apos;std::_Hash&lt;std::_Uset_traits&lt;GenericEventFunc&lt;void (*)(void *, void *)&gt;, std::_Uhash_compare&lt;GenericEventFunc&lt;void (*)(void *, void *)&gt;, EventHasher&lt;void (*)(void *, void *)&gt;, std::equal_to&lt;GenericEventFunc&lt;void (*)(void *, void *)&gt; &gt; &gt;, std::allocator&lt;GenericEventFunc&lt;void (*)(void *, void *)&gt; &gt;, false&gt; &gt;::insert&lt;false, 0&gt;&apos; requested here" />
 <error level="note" id="note_function_template_spec_here" file="C:\Users\Andre\Documents\GitHub\TextVenturer\SoftwareEngineering\TextVenturer\AdventureSelection.cpp" line="122" col="20" msg="in instantiation of function template specialization &apos;std::_Hash&lt;std::_Uset_traits&lt;GenericEventFunc&lt;void (*)(void *, void *)&gt;, std::_Uhash_compare&lt;GenericEventFunc&lt;void (*)(void *, void *)&gt;, EventHasher&lt;void (*)(void *, void *)&gt;, std::equal_to&lt;GenericEventFunc&lt;void (*)(void *, void *)&gt; &gt; &gt;, std::allocator&lt;GenericEventFunc&lt;void (*)(void *, void *)&gt; &gt;, false&gt; &gt;::insert&lt;false, 0&gt;&apos; requested here" />
 <error level="note" id="note_function_template_spec_here" file="C:\Users\Andre\Documents\GitHub\TextVenturer\SoftwareEngineering\TextVenturer\AdventureSelection.cpp" line="122" col="20" msg="in instantiation of function template specialization &apos;std::_Hash&lt;std::_Uset_traits&lt;GenericEventFunc&lt;void (*)(void *, void *)&gt;, std::_Uhash_compare&lt;GenericEventFunc&lt;void (*)(void *, void *)&gt;, EventHasher&lt;void (*)(void *, void *)&gt;, std::equal_to&lt;GenericEventFunc&lt;void (*)(void *, void *)&gt; &gt; &gt;, std::allocator&lt;GenericEventFunc&lt;void (*)(void *, void *)&gt; &gt;, false&gt; &gt;::insert&lt;false, 0&gt;&apos; requested here" />
 <error level="note" id="note_function_template_spec_here" file="C:\Users\Andre\Documents\GitHub\TextVenturer\SoftwareEngineering\TextVenturer\AdventureSelection.cpp" line="122" col="20" msg="in instantiation of function template specialization &apos;std::_Hash&lt;std::_Uset_traits&lt;GenericEventFunc&lt;void (*)(void *, void *)&gt;, std::_Uhash_compare&lt;GenericEventFunc&lt;void (*)(void *, void *)&gt;, EventHasher&lt;void (*)(void *, void *)&gt;, std::equal_to&lt;GenericEventFunc&lt;void (*)(void *, void *)&gt; &gt; &gt;, std::allocator&lt;GenericEventFunc&lt;void (*)(void *, void *)&gt; &gt;, false&gt; &gt;::insert&lt;false, 0&gt;&apos; requested here" />
 <error level="note" id="note_function_template_spec_here" file="C:\Users\Andre\Documents\GitHub\TextVenturer\SoftwareEngineering\TextVenturer\AdventureSelection.cpp" line="122" col="20" msg="in instantiation of function template specialization &apos;std::_Hash&lt;std::_Uset_traits&lt;GenericEventFunc&lt;void (*)(void *, void *)&gt;, std::_Uhash_compare&lt;GenericEventFunc&lt;void (*)(void *, void *)&gt;, EventHasher&lt;void (*)(void *, void *)&gt;, std::equal_to&lt;GenericEventFunc&lt;void (*)(void *, void *)&gt; &gt; &gt;, std::allocator&lt;GenericEventFunc&lt;void (*)(void *, void *)&gt; &gt;, false&gt; &gt;::insert&lt;false, 0&gt;&apos; requested here" />
 <error level="note" id="note_function_template_spec_here" file="C:\Users\Andre\Documents\GitHub\TextVenturer\SoftwareEngineering\TextVenturer\AdventureSelection.cpp" line="122" col="20" msg="in instantiation of function template specialization &apos;std::_Hash&lt;std::_Uset_traits&lt;GenericEventFunc&lt;void (*)(void *, void *)&gt;, std::_Uhash_compare&lt;GenericEventFunc&lt;void (*)(void *, void *)&gt;, EventHasher&lt;void (*)(void *, void *)&gt;, std::equal_to&lt;GenericEventFunc&lt;void (*)(void *, void *)&gt; &gt; &gt;, std::allocator&lt;GenericEventFunc&lt;void (*)(void *, void *)&gt; &gt;, false&gt; &gt;::insert&lt;false, 0&gt;&apos; requested here" />
 <error level="note" id="note_template_member_function_here" file="C:\Users\Andre\Documents\GitHub\TextVenturer\SoftwareEngineering\TextVenturer\AdventureSelection.cpp" line="127" col="20" msg="in instantiation of member function &apos;std::_Hash&lt;std::_Uset_traits&lt;GenericEventFunc&lt;void (*)(void *, void *)&gt;, std::_Uhash_compare&lt;GenericEventFunc&lt;void (*)(void *, void *)&gt;, EventHasher&lt;void (*)(void *, void *)&gt;, std::equal_to&lt;GenericEventFunc&lt;void (*)(void *, void *)&gt; &gt; &gt;, std::allocator&lt;GenericEventFunc&lt;void (*)(void *, void *)&gt; &gt;, false&gt; &gt;::erase&apos; requested here" />
 <error level="note" id="note_template_member_function_here" file="C:\Users\Andre\Documents\GitHub\TextVenturer\SoftwareEngineering\TextVenturer\AdventureSelection.cpp" line="133" col="17" msg="in instantiation of member function &apos;std::_List_const_iterator&lt;std::_List_val&lt;std::_List_simple_types&lt;GenericEventFunc&lt;void (*)(void *, void *)&gt; &gt; &gt; &gt;::operator++&apos; requested here" />
 <error level="note" id="note_template_member_function_here" file="C:\Users\Andre\Documents\GitHub\TextVenturer\SoftwareEngineering\TextVenturer\AdventureSelection.cpp" line="133" col="17" msg="in instantiation of member function &apos;std::_List_const_iterator&lt;std::_List_val&lt;std::_List_simple_types&lt;GenericEventFunc&lt;void (*)(void *, void *)&gt; &gt; &gt; &gt;::operator*&apos; requested here" />
 <error level="note" id="note_template_member_function_here" file="C:\Users\Andre\Documents\GitHub\TextVenturer\SoftwareEngineering\TextVenturer\AdventureSelection.cpp" line="137" col="37" msg="in instantiation of member function &apos;std::unordered_set&lt;GenericEventFunc&lt;void (*)(void *, void *)&gt;, EventHasher&lt;void (*)(void *, void *)&gt;, std::equal_to&lt;GenericEventFunc&lt;void (*)(void *, void *)&gt; &gt;, std::allocator&lt;GenericEventFunc&lt;void (*)(void *, void *)&gt; &gt; &gt;::unordered_set&apos; requested here" />
 <error level="note" id="note_template_member_function_here" file="C:\Users\Andre\Documents\GitHub\TextVenturer\SoftwareEngineering\TextVenturer\AdventureSelection.cpp" line="155" col="17" msg="in instantiation of member function &apos;std::_String_const_iterator&lt;std::_String_val&lt;std::_Simple_types&lt;wchar_t&gt; &gt; &gt;::operator++&apos; requested here" />
 <error level="note" id="note_template_member_function_here" file="C:\Users\Andre\Documents\GitHub\TextVenturer\SoftwareEngineering\TextVenturer\AdventureSelection.cpp" line="155" col="17" msg="in instantiation of member function &apos;std::_String_const_iterator&lt;std::_String_val&lt;std::_Simple_types&lt;wchar_t&gt; &gt; &gt;::operator*&apos; requested here" />
 <error level="note" id="note_template_member_function_here" file="C:\Users\Andre\Documents\GitHub\TextVenturer\SoftwareEngineering\TextVenturer\AdventureSelection.cpp" line="171" col="39" msg="in instantiation of member function &apos;std::vector&lt;std::basic_string&lt;wchar_t, std::char_traits&lt;wchar_t&gt;, std::allocator&lt;wchar_t&gt; &gt;, std::allocator&lt;std::basic_string&lt;wchar_t, std::char_traits&lt;wchar_t&gt;, std::allocator&lt;wchar_t&gt; &gt; &gt; &gt;::vector&apos; requested here" />
 <error level="note" id="note_template_member_function_here" file="C:\Users\Andre\Documents\GitHub\TextVenturer\SoftwareEngineering\TextVenturer\AdventureSelection.cpp" line="171" col="39" msg="in instantiation of member function &apos;std::vector&lt;std::basic_string&lt;wchar_t, std::char_traits&lt;wchar_t&gt;, std::allocator&lt;wchar_t&gt; &gt;, std::allocator&lt;std::basic_string&lt;wchar_t, std::char_traits&lt;wchar_t&gt;, std::allocator&lt;wchar_t&gt; &gt; &gt; &gt;::vector&apos; requested here" />
 <error level="note" id="note_template_member_function_here" file="C:\Users\Andre\Documents\GitHub\TextVenturer\SoftwareEngineering\TextVenturer\AdventureSelection.cpp" line="176" col="28" msg="in instantiation of member function &apos;std::_Vector_iterator&lt;std::_Vector_val&lt;std::_Simple_types&lt;std::basic_string&lt;wchar_t, std::char_traits&lt;wchar_t&gt;, std::allocator&lt;wchar_t&gt; &gt; &gt; &gt; &gt;::operator++&apos; requested here" />
 <error level="note" id="note_template_member_function_here" file="C:\Users\Andre\Documents\GitHub\TextVenturer\SoftwareEngineering\TextVenturer\AdventureSelection.cpp" line="177" col="24" msg="in instantiation of member function &apos;std::_Vector_const_iterator&lt;std::_Vector_val&lt;std::_Simple_types&lt;_WIN32_FIND_DATAW&gt; &gt; &gt;::operator++&apos; requested here" />
 <error level="note" id="note_template_member_function_here" file="C:\Users\Andre\Documents\GitHub\TextVenturer\SoftwareEngineering\TextVenturer\AdventureSelection.cpp" line="206" col="17" msg="in instantiation of member function &apos;std::_String_iterator&lt;std::_String_val&lt;std::_Simple_types&lt;char&gt; &gt; &gt;::operator++&apos; requested here" />
 <error level="note" id="note_template_member_function_here" file="C:\Users\Andre\Documents\GitHub\TextVenturer\SoftwareEngineering\TextVenturer\AdventureSelection.cpp" line="206" col="17" msg="in instantiation of member function &apos;std::_String_iterator&lt;std::_String_val&lt;std::_Simple_types&lt;char&gt; &gt; &gt;::operator*&apos; requested here" />
 <error level="note" id="note_function_template_spec_here" file="C:\Users\Andre\Documents\GitHub\TextVenturer\SoftwareEngineering\TextVenturer\AdventureSelection.cpp" line="212" col="9" msg="in instantiation of function template specialization &apos;std::transform&lt;std::_String_iterator&lt;std::_String_val&lt;std::_Simple_types&lt;wchar_t&gt; &gt; &gt;, std::_String_iterator&lt;std::_String_val&lt;std::_Simple_types&lt;wchar_t&gt; &gt; &gt;, int (*)(int)&gt;&apos; requested here" />
 <error level="note" id="note_function_template_spec_here" file="C:\Users\Andre\Documents\GitHub\TextVenturer\SoftwareEngineering\TextVenturer\AdventureSelection.cpp" line="212" col="9" msg="in instantiation of function template specialization &apos;std::transform&lt;std::_String_iterator&lt;std::_String_val&lt;std::_Simple_types&lt;wchar_t&gt; &gt; &gt;, std::_String_iterator&lt;std::_String_val&lt;std::_Simple_types&lt;wchar_t&gt; &gt; &gt;, int (*)(int)&gt;&apos; requested here" />
 <error level="note" id="note_template_member_function_here" file="C:\Users\Andre\Documents\GitHub\TextVenturer\SoftwareEngineering\TextVenturer\AdventureSelection.cpp" line="213" col="38" msg="in instantiation of member function &apos;std::basic_string&lt;wchar_t, std::char_traits&lt;wchar_t&gt;, std::allocator&lt;wchar_t&gt; &gt;::find&apos; requested here" />
 <error level="note" id="note_template_member_function_here" file="C:\Users\Andre\Documents\GitHub\TextVenturer\SoftwareEngineering\TextVenturer\AdventureSelection.cpp" line="344" col="29" msg="in instantiation of member function &apos;std::_Vector_iterator&lt;std::_Vector_val&lt;std::_Simple_types&lt;ActionBase *&gt; &gt; &gt;::operator++&apos; requested here" />
</log>